
===========================================================================
 report_power
============================================================================
======================= Fastest Corner ===================================

Group                  Internal  Switching    Leakage      Total
                          Power      Power      Power      Power (Watts)
----------------------------------------------------------------
Sequential             3.54e-04   1.37e-04   3.37e-07   4.91e-04   9.6%
Combinational          1.68e-03   2.96e-03   3.81e-08   4.64e-03  90.4%
Macro                  0.00e+00   0.00e+00   0.00e+00   0.00e+00   0.0%
Pad                    0.00e+00   0.00e+00   0.00e+00   0.00e+00   0.0%
----------------------------------------------------------------
Total                  2.03e-03   3.10e-03   3.76e-07   5.14e-03 100.0%
                          39.6%      60.4%       0.0%

======================= Slowest Corner ===================================

Group                  Internal  Switching    Leakage      Total
                          Power      Power      Power      Power (Watts)
----------------------------------------------------------------
Sequential             2.35e-04   9.22e-05   1.35e-06   3.28e-04   9.3%
Combinational          1.22e-03   1.96e-03   2.15e-05   3.21e-03  90.7%
Macro                  0.00e+00   0.00e+00   0.00e+00   0.00e+00   0.0%
Pad                    0.00e+00   0.00e+00   0.00e+00   0.00e+00   0.0%
----------------------------------------------------------------
Total                  1.46e-03   2.05e-03   2.29e-05   3.54e-03 100.0%
                          41.3%      58.1%       0.6%

======================= Typical Corner ===================================

Group                  Internal  Switching    Leakage      Total
                          Power      Power      Power      Power (Watts)
----------------------------------------------------------------
Sequential             3.05e-04   1.17e-04   3.37e-07   4.22e-04   9.5%
Combinational          1.51e-03   2.50e-03   2.44e-08   4.01e-03  90.5%
Macro                  0.00e+00   0.00e+00   0.00e+00   0.00e+00   0.0%
Pad                    0.00e+00   0.00e+00   0.00e+00   0.00e+00   0.0%
----------------------------------------------------------------
Total                  1.82e-03   2.62e-03   3.61e-07   4.43e-03 100.0%
                          40.9%      59.1%       0.0%

