
===========================================================================
 report_power
============================================================================
======================= Fastest Corner ===================================

Group                  Internal  Switching    Leakage      Total
                          Power      Power      Power      Power (Watts)
----------------------------------------------------------------
Sequential             8.16e-03   3.29e-03   6.18e-06   1.15e-02   9.5%
Combinational          4.41e-02   6.49e-02   2.14e-07   1.09e-01  90.5%
Macro                  0.00e+00   0.00e+00   0.00e+00   0.00e+00   0.0%
Pad                    0.00e+00   0.00e+00   0.00e+00   0.00e+00   0.0%
----------------------------------------------------------------
Total                  5.23e-02   6.82e-02   6.39e-06   1.20e-01 100.0%
                          43.4%      56.6%       0.0%

======================= Slowest Corner ===================================

Group                  Internal  Switching    Leakage      Total
                          Power      Power      Power      Power (Watts)
----------------------------------------------------------------
Sequential             5.46e-03   2.17e-03   2.47e-05   7.66e-03   9.3%
Combinational          3.15e-02   4.29e-02   1.06e-04   7.45e-02  90.7%
Macro                  0.00e+00   0.00e+00   0.00e+00   0.00e+00   0.0%
Pad                    0.00e+00   0.00e+00   0.00e+00   0.00e+00   0.0%
----------------------------------------------------------------
Total                  3.70e-02   4.51e-02   1.31e-04   8.22e-02 100.0%
                          45.0%      54.8%       0.2%

======================= Typical Corner ===================================

Group                  Internal  Switching    Leakage      Total
                          Power      Power      Power      Power (Watts)
----------------------------------------------------------------
Sequential             7.04e-03   2.77e-03   6.17e-06   9.82e-03   9.4%
Combinational          3.95e-02   5.48e-02   1.23e-07   9.43e-02  90.6%
Macro                  0.00e+00   0.00e+00   0.00e+00   0.00e+00   0.0%
Pad                    0.00e+00   0.00e+00   0.00e+00   0.00e+00   0.0%
----------------------------------------------------------------
Total                  4.66e-02   5.76e-02   6.30e-06   1.04e-01 100.0%
                          44.7%      55.3%       0.0%

