
===========================================================================
 report_power
============================================================================
======================= Fastest Corner ===================================

Group                  Internal  Switching    Leakage      Total
                          Power      Power      Power      Power (Watts)
----------------------------------------------------------------
Sequential             5.04e-03   1.93e-03   3.89e-06   6.97e-03   6.7%
Combinational          3.18e-02   6.55e-02   1.61e-07   9.73e-02  93.3%
Macro                  0.00e+00   0.00e+00   0.00e+00   0.00e+00   0.0%
Pad                    0.00e+00   0.00e+00   0.00e+00   0.00e+00   0.0%
----------------------------------------------------------------
Total                  3.69e-02   6.74e-02   4.05e-06   1.04e-01 100.0%
                          35.4%      64.6%       0.0%

======================= Slowest Corner ===================================

Group                  Internal  Switching    Leakage      Total
                          Power      Power      Power      Power (Watts)
----------------------------------------------------------------
Sequential             3.31e-03   1.29e-03   1.55e-05   4.62e-03   6.5%
Combinational          2.24e-02   4.38e-02   7.03e-05   6.63e-02  93.5%
Macro                  0.00e+00   0.00e+00   0.00e+00   0.00e+00   0.0%
Pad                    0.00e+00   0.00e+00   0.00e+00   0.00e+00   0.0%
----------------------------------------------------------------
Total                  2.57e-02   4.51e-02   8.58e-05   7.09e-02 100.0%
                          36.2%      63.6%       0.1%

======================= Typical Corner ===================================

Group                  Internal  Switching    Leakage      Total
                          Power      Power      Power      Power (Watts)
----------------------------------------------------------------
Sequential             4.30e-03   1.64e-03   3.89e-06   5.94e-03   6.6%
Combinational          2.85e-02   5.56e-02   8.07e-08   8.41e-02  93.4%
Macro                  0.00e+00   0.00e+00   0.00e+00   0.00e+00   0.0%
Pad                    0.00e+00   0.00e+00   0.00e+00   0.00e+00   0.0%
----------------------------------------------------------------
Total                  3.28e-02   5.72e-02   3.97e-06   9.00e-02 100.0%
                          36.4%      63.6%       0.0%

