
===========================================================================
report_checks -unconstrained
===========================================================================
======================= Typical Corner ===================================

Startpoint: partial_products_sum_s1[1] (input port clocked by clk)
Endpoint: Sum_s2[104] (output port clocked by clk)
Path Group: clk
Path Type: max

Fanout     Cap    Slew   Delay    Time   Description
-----------------------------------------------------------------------------
                          0.00    0.00   clock clk (rise edge)
                          0.00    0.00   clock network delay (propagated)
                          2.00    2.00 ^ input external delay
                  0.03    0.02    2.02 ^ partial_products_sum_s1[1] (in)
     1    0.00                           partial_products_sum_s1[1] (net)
                  0.03    0.00    2.02 ^ input343/A (sky130_fd_sc_hd__clkbuf_8)
                  0.13    0.18    2.20 ^ input343/X (sky130_fd_sc_hd__clkbuf_8)
     3    0.07                           net343 (net)
                  0.14    0.03    2.22 ^ _4959_/A (sky130_fd_sc_hd__nor2_1)
                  0.04    0.07    2.30 v _4959_/Y (sky130_fd_sc_hd__nor2_1)
     1    0.00                           _2760_ (net)
                  0.04    0.00    2.30 v _4961_/A2 (sky130_fd_sc_hd__o21a_2)
                  0.08    0.25    2.55 v _4961_/X (sky130_fd_sc_hd__o21a_2)
     3    0.02                           _2781_ (net)
                  0.08    0.00    2.55 v _4965_/A2 (sky130_fd_sc_hd__o31a_1)
                  0.08    0.33    2.88 v _4965_/X (sky130_fd_sc_hd__o31a_1)
     3    0.01                           _2804_ (net)
                  0.08    0.00    2.88 v _4973_/B (sky130_fd_sc_hd__or4_2)
                  0.13    0.74    3.62 v _4973_/X (sky130_fd_sc_hd__or4_2)
     3    0.01                           _2812_ (net)
                  0.13    0.00    3.62 v _5099_/A1 (sky130_fd_sc_hd__a211o_4)
                  0.06    0.38    4.00 v _5099_/X (sky130_fd_sc_hd__a211o_4)
     4    0.01                           _2938_ (net)
                  0.06    0.00    4.00 v _5261_/A1 (sky130_fd_sc_hd__a211o_2)
                  0.09    0.37    4.37 v _5261_/X (sky130_fd_sc_hd__a211o_2)
     6    0.02                           _3100_ (net)
                  0.09    0.00    4.37 v _6768_/A2 (sky130_fd_sc_hd__a211o_4)
                  0.07    0.40    4.77 v _6768_/X (sky130_fd_sc_hd__a211o_4)
     5    0.02                           _1141_ (net)
                  0.07    0.00    4.77 v _3525_/A1 (sky130_fd_sc_hd__a211o_1)
                  0.08    0.32    5.08 v _3525_/X (sky130_fd_sc_hd__a211o_1)
     3    0.01                           _1423_ (net)
                  0.08    0.00    5.08 v _3629_/A3 (sky130_fd_sc_hd__a31o_1)
                  0.06    0.27    5.35 v _3629_/X (sky130_fd_sc_hd__a31o_1)
     3    0.01                           _1527_ (net)
                  0.06    0.00    5.35 v _3668_/A1 (sky130_fd_sc_hd__a2111o_1)
                  0.10    0.43    5.78 v _3668_/X (sky130_fd_sc_hd__a2111o_1)
     2    0.01                           _1566_ (net)
                  0.10    0.00    5.78 v _3673_/A1 (sky130_fd_sc_hd__a21oi_2)
                  0.19    0.22    6.00 ^ _3673_/Y (sky130_fd_sc_hd__a21oi_2)
     5    0.01                           _1571_ (net)
                  0.19    0.00    6.00 ^ _3681_/A2 (sky130_fd_sc_hd__o311a_1)
                  0.09    0.23    6.23 ^ _3681_/X (sky130_fd_sc_hd__o311a_1)
     2    0.01                           _1579_ (net)
                  0.09    0.00    6.23 ^ _3682_/C1 (sky130_fd_sc_hd__a211oi_2)
                  0.07    0.06    6.29 v _3682_/Y (sky130_fd_sc_hd__a211oi_2)
     4    0.01                           _1580_ (net)
                  0.07    0.00    6.29 v _3684_/C (sky130_fd_sc_hd__or4_2)
                  0.13    0.68    6.97 v _3684_/X (sky130_fd_sc_hd__or4_2)
     4    0.01                           _1582_ (net)
                  0.13    0.00    6.97 v _3694_/A3 (sky130_fd_sc_hd__a311o_1)
                  0.06    0.40    7.38 v _3694_/X (sky130_fd_sc_hd__a311o_1)
     2    0.00                           _1592_ (net)
                  0.06    0.00    7.38 v _3695_/A2 (sky130_fd_sc_hd__a211o_1)
                  0.05    0.31    7.69 v _3695_/X (sky130_fd_sc_hd__a211o_1)
     1    0.00                           _1593_ (net)
                  0.05    0.00    7.69 v _3696_/B1 (sky130_fd_sc_hd__o31a_1)
                  0.06    0.12    7.81 v _3696_/X (sky130_fd_sc_hd__o31a_1)
     3    0.01                           _1594_ (net)
                  0.06    0.00    7.81 v _3699_/A1 (sky130_fd_sc_hd__mux2_1)
                  0.09    0.36    8.17 v _3699_/X (sky130_fd_sc_hd__mux2_1)
     4    0.01                           _1597_ (net)
                  0.09    0.00    8.17 v _3704_/A (sky130_fd_sc_hd__or2_1)
                  0.05    0.25    8.43 v _3704_/X (sky130_fd_sc_hd__or2_1)
     1    0.00                           _1602_ (net)
                  0.05    0.00    8.43 v _3713_/A2 (sky130_fd_sc_hd__a32o_1)
                  0.04    0.26    8.68 v _3713_/X (sky130_fd_sc_hd__a32o_1)
     1    0.00                           _1611_ (net)
                  0.04    0.00    8.68 v _3718_/A2 (sky130_fd_sc_hd__o22a_1)
                  0.10    0.26    8.94 v _3718_/X (sky130_fd_sc_hd__o22a_1)
     3    0.01                           _1616_ (net)
                  0.10    0.00    8.94 v _3837_/A (sky130_fd_sc_hd__xnor2_1)
                  0.05    0.15    9.09 v _3837_/Y (sky130_fd_sc_hd__xnor2_1)
     1    0.00                           _1735_ (net)
                  0.05    0.00    9.09 v _3839_/A1 (sky130_fd_sc_hd__mux2_1)
                  0.06    0.31    9.40 v _3839_/X (sky130_fd_sc_hd__mux2_1)
     1    0.00                           _1737_ (net)
                  0.06    0.00    9.40 v _3842_/A1 (sky130_fd_sc_hd__mux2_2)
                  0.05    0.28    9.68 v _3842_/X (sky130_fd_sc_hd__mux2_2)
     1    0.00                           _1740_ (net)
                  0.05    0.00    9.68 v _3843_/A (sky130_fd_sc_hd__buf_6)
                  0.05    0.15    9.83 v _3843_/X (sky130_fd_sc_hd__buf_6)
     1    0.04                           net613 (net)
                  0.05    0.01    9.84 v output613/A (sky130_fd_sc_hd__buf_4)
                  0.06    0.18   10.02 v output613/X (sky130_fd_sc_hd__buf_4)
     1    0.03                           Sum_s2[104] (net)
                  0.06    0.00   10.02 v Sum_s2[104] (out)
                                 10.02   data arrival time

                         10.00   10.00   clock clk (rise edge)
                          0.00   10.00   clock network delay (propagated)
                         -0.25    9.75   clock uncertainty
                          0.00    9.75   clock reconvergence pessimism
                         -2.00    7.75   output external delay
                                  7.75   data required time
-----------------------------------------------------------------------------
                                  7.75   data required time
                                -10.02   data arrival time
-----------------------------------------------------------------------------
                                 -2.27   slack (VIOLATED)




===========================================================================
report_checks --slack_max -0.01
============================================================================
======================= Typical Corner ===================================

Startpoint: partial_products_sum_s1[1] (input port clocked by clk)
Endpoint: Sum_s2[104] (output port clocked by clk)
Path Group: clk
Path Type: max

Fanout     Cap    Slew   Delay    Time   Description
-----------------------------------------------------------------------------
                          0.00    0.00   clock clk (rise edge)
                          0.00    0.00   clock network delay (propagated)
                          2.00    2.00 ^ input external delay
                  0.03    0.02    2.02 ^ partial_products_sum_s1[1] (in)
     1    0.00                           partial_products_sum_s1[1] (net)
                  0.03    0.00    2.02 ^ input343/A (sky130_fd_sc_hd__clkbuf_8)
                  0.13    0.18    2.20 ^ input343/X (sky130_fd_sc_hd__clkbuf_8)
     3    0.07                           net343 (net)
                  0.14    0.03    2.22 ^ _4959_/A (sky130_fd_sc_hd__nor2_1)
                  0.04    0.07    2.30 v _4959_/Y (sky130_fd_sc_hd__nor2_1)
     1    0.00                           _2760_ (net)
                  0.04    0.00    2.30 v _4961_/A2 (sky130_fd_sc_hd__o21a_2)
                  0.08    0.25    2.55 v _4961_/X (sky130_fd_sc_hd__o21a_2)
     3    0.02                           _2781_ (net)
                  0.08    0.00    2.55 v _4965_/A2 (sky130_fd_sc_hd__o31a_1)
                  0.08    0.33    2.88 v _4965_/X (sky130_fd_sc_hd__o31a_1)
     3    0.01                           _2804_ (net)
                  0.08    0.00    2.88 v _4973_/B (sky130_fd_sc_hd__or4_2)
                  0.13    0.74    3.62 v _4973_/X (sky130_fd_sc_hd__or4_2)
     3    0.01                           _2812_ (net)
                  0.13    0.00    3.62 v _5099_/A1 (sky130_fd_sc_hd__a211o_4)
                  0.06    0.38    4.00 v _5099_/X (sky130_fd_sc_hd__a211o_4)
     4    0.01                           _2938_ (net)
                  0.06    0.00    4.00 v _5261_/A1 (sky130_fd_sc_hd__a211o_2)
                  0.09    0.37    4.37 v _5261_/X (sky130_fd_sc_hd__a211o_2)
     6    0.02                           _3100_ (net)
                  0.09    0.00    4.37 v _6768_/A2 (sky130_fd_sc_hd__a211o_4)
                  0.07    0.40    4.77 v _6768_/X (sky130_fd_sc_hd__a211o_4)
     5    0.02                           _1141_ (net)
                  0.07    0.00    4.77 v _3525_/A1 (sky130_fd_sc_hd__a211o_1)
                  0.08    0.32    5.08 v _3525_/X (sky130_fd_sc_hd__a211o_1)
     3    0.01                           _1423_ (net)
                  0.08    0.00    5.08 v _3629_/A3 (sky130_fd_sc_hd__a31o_1)
                  0.06    0.27    5.35 v _3629_/X (sky130_fd_sc_hd__a31o_1)
     3    0.01                           _1527_ (net)
                  0.06    0.00    5.35 v _3668_/A1 (sky130_fd_sc_hd__a2111o_1)
                  0.10    0.43    5.78 v _3668_/X (sky130_fd_sc_hd__a2111o_1)
     2    0.01                           _1566_ (net)
                  0.10    0.00    5.78 v _3673_/A1 (sky130_fd_sc_hd__a21oi_2)
                  0.19    0.22    6.00 ^ _3673_/Y (sky130_fd_sc_hd__a21oi_2)
     5    0.01                           _1571_ (net)
                  0.19    0.00    6.00 ^ _3681_/A2 (sky130_fd_sc_hd__o311a_1)
                  0.09    0.23    6.23 ^ _3681_/X (sky130_fd_sc_hd__o311a_1)
     2    0.01                           _1579_ (net)
                  0.09    0.00    6.23 ^ _3682_/C1 (sky130_fd_sc_hd__a211oi_2)
                  0.07    0.06    6.29 v _3682_/Y (sky130_fd_sc_hd__a211oi_2)
     4    0.01                           _1580_ (net)
                  0.07    0.00    6.29 v _3684_/C (sky130_fd_sc_hd__or4_2)
                  0.13    0.68    6.97 v _3684_/X (sky130_fd_sc_hd__or4_2)
     4    0.01                           _1582_ (net)
                  0.13    0.00    6.97 v _3694_/A3 (sky130_fd_sc_hd__a311o_1)
                  0.06    0.40    7.38 v _3694_/X (sky130_fd_sc_hd__a311o_1)
     2    0.00                           _1592_ (net)
                  0.06    0.00    7.38 v _3695_/A2 (sky130_fd_sc_hd__a211o_1)
                  0.05    0.31    7.69 v _3695_/X (sky130_fd_sc_hd__a211o_1)
     1    0.00                           _1593_ (net)
                  0.05    0.00    7.69 v _3696_/B1 (sky130_fd_sc_hd__o31a_1)
                  0.06    0.12    7.81 v _3696_/X (sky130_fd_sc_hd__o31a_1)
     3    0.01                           _1594_ (net)
                  0.06    0.00    7.81 v _3699_/A1 (sky130_fd_sc_hd__mux2_1)
                  0.09    0.36    8.17 v _3699_/X (sky130_fd_sc_hd__mux2_1)
     4    0.01                           _1597_ (net)
                  0.09    0.00    8.17 v _3704_/A (sky130_fd_sc_hd__or2_1)
                  0.05    0.25    8.43 v _3704_/X (sky130_fd_sc_hd__or2_1)
     1    0.00                           _1602_ (net)
                  0.05    0.00    8.43 v _3713_/A2 (sky130_fd_sc_hd__a32o_1)
                  0.04    0.26    8.68 v _3713_/X (sky130_fd_sc_hd__a32o_1)
     1    0.00                           _1611_ (net)
                  0.04    0.00    8.68 v _3718_/A2 (sky130_fd_sc_hd__o22a_1)
                  0.10    0.26    8.94 v _3718_/X (sky130_fd_sc_hd__o22a_1)
     3    0.01                           _1616_ (net)
                  0.10    0.00    8.94 v _3837_/A (sky130_fd_sc_hd__xnor2_1)
                  0.05    0.15    9.09 v _3837_/Y (sky130_fd_sc_hd__xnor2_1)
     1    0.00                           _1735_ (net)
                  0.05    0.00    9.09 v _3839_/A1 (sky130_fd_sc_hd__mux2_1)
                  0.06    0.31    9.40 v _3839_/X (sky130_fd_sc_hd__mux2_1)
     1    0.00                           _1737_ (net)
                  0.06    0.00    9.40 v _3842_/A1 (sky130_fd_sc_hd__mux2_2)
                  0.05    0.28    9.68 v _3842_/X (sky130_fd_sc_hd__mux2_2)
     1    0.00                           _1740_ (net)
                  0.05    0.00    9.68 v _3843_/A (sky130_fd_sc_hd__buf_6)
                  0.05    0.15    9.83 v _3843_/X (sky130_fd_sc_hd__buf_6)
     1    0.04                           net613 (net)
                  0.05    0.01    9.84 v output613/A (sky130_fd_sc_hd__buf_4)
                  0.06    0.18   10.02 v output613/X (sky130_fd_sc_hd__buf_4)
     1    0.03                           Sum_s2[104] (net)
                  0.06    0.00   10.02 v Sum_s2[104] (out)
                                 10.02   data arrival time

                         10.00   10.00   clock clk (rise edge)
                          0.00   10.00   clock network delay (propagated)
                         -0.25    9.75   clock uncertainty
                          0.00    9.75   clock reconvergence pessimism
                         -2.00    7.75   output external delay
                                  7.75   data required time
-----------------------------------------------------------------------------
                                  7.75   data required time
                                -10.02   data arrival time
-----------------------------------------------------------------------------
                                 -2.27   slack (VIOLATED)




===========================================================================
 report_check_types -max_slew -max_cap -max_fanout -violators
============================================================================
======================= Typical Corner ===================================



===========================================================================
report_parasitic_annotation -report_unannotated
============================================================================
Found 5411 unannotated drivers.
 Aligned_C_s1[0]
 Aligned_C_s1[100]
 Aligned_C_s1[101]
 Aligned_C_s1[102]
 Aligned_C_s1[103]
 Aligned_C_s1[104]
 Aligned_C_s1[105]
 Aligned_C_s1[106]
 Aligned_C_s1[107]
 Aligned_C_s1[108]
 Aligned_C_s1[109]
 Aligned_C_s1[10]
 Aligned_C_s1[110]
 Aligned_C_s1[111]
 Aligned_C_s1[112]
 Aligned_C_s1[113]
 Aligned_C_s1[114]
 Aligned_C_s1[115]
 Aligned_C_s1[116]
 Aligned_C_s1[117]
 Aligned_C_s1[118]
 Aligned_C_s1[119]
 Aligned_C_s1[11]
 Aligned_C_s1[120]
 Aligned_C_s1[121]
 Aligned_C_s1[122]
 Aligned_C_s1[123]
 Aligned_C_s1[124]
 Aligned_C_s1[125]
 Aligned_C_s1[126]
 Aligned_C_s1[127]
 Aligned_C_s1[128]
 Aligned_C_s1[129]
 Aligned_C_s1[12]
 Aligned_C_s1[130]
 Aligned_C_s1[131]
 Aligned_C_s1[132]
 Aligned_C_s1[133]
 Aligned_C_s1[134]
 Aligned_C_s1[135]
 Aligned_C_s1[136]
 Aligned_C_s1[137]
 Aligned_C_s1[138]
 Aligned_C_s1[139]
 Aligned_C_s1[13]
 Aligned_C_s1[140]
 Aligned_C_s1[141]
 Aligned_C_s1[142]
 Aligned_C_s1[143]
 Aligned_C_s1[144]
 Aligned_C_s1[145]
 Aligned_C_s1[146]
 Aligned_C_s1[147]
 Aligned_C_s1[148]
 Aligned_C_s1[149]
 Aligned_C_s1[14]
 Aligned_C_s1[150]
 Aligned_C_s1[151]
 Aligned_C_s1[152]
 Aligned_C_s1[153]
 Aligned_C_s1[154]
 Aligned_C_s1[155]
 Aligned_C_s1[156]
 Aligned_C_s1[157]
 Aligned_C_s1[158]
 Aligned_C_s1[159]
 Aligned_C_s1[15]
 Aligned_C_s1[160]
 Aligned_C_s1[161]
 Aligned_C_s1[162]
 Aligned_C_s1[16]
 Aligned_C_s1[17]
 Aligned_C_s1[18]
 Aligned_C_s1[19]
 Aligned_C_s1[1]
 Aligned_C_s1[20]
 Aligned_C_s1[21]
 Aligned_C_s1[22]
 Aligned_C_s1[23]
 Aligned_C_s1[24]
 Aligned_C_s1[25]
 Aligned_C_s1[26]
 Aligned_C_s1[27]
 Aligned_C_s1[28]
 Aligned_C_s1[29]
 Aligned_C_s1[2]
 Aligned_C_s1[30]
 Aligned_C_s1[31]
 Aligned_C_s1[32]
 Aligned_C_s1[33]
 Aligned_C_s1[34]
 Aligned_C_s1[35]
 Aligned_C_s1[36]
 Aligned_C_s1[37]
 Aligned_C_s1[38]
 Aligned_C_s1[39]
 Aligned_C_s1[3]
 Aligned_C_s1[40]
 Aligned_C_s1[41]
 Aligned_C_s1[42]
 Aligned_C_s1[43]
 Aligned_C_s1[44]
 Aligned_C_s1[45]
 Aligned_C_s1[46]
 Aligned_C_s1[47]
 Aligned_C_s1[48]
 Aligned_C_s1[49]
 Aligned_C_s1[4]
 Aligned_C_s1[50]
 Aligned_C_s1[51]
 Aligned_C_s1[52]
 Aligned_C_s1[53]
 Aligned_C_s1[54]
 Aligned_C_s1[55]
 Aligned_C_s1[56]
 Aligned_C_s1[57]
 Aligned_C_s1[58]
 Aligned_C_s1[59]
 Aligned_C_s1[5]
 Aligned_C_s1[60]
 Aligned_C_s1[61]
 Aligned_C_s1[62]
 Aligned_C_s1[63]
 Aligned_C_s1[64]
 Aligned_C_s1[65]
 Aligned_C_s1[66]
 Aligned_C_s1[67]
 Aligned_C_s1[68]
 Aligned_C_s1[69]
 Aligned_C_s1[6]
 Aligned_C_s1[70]
 Aligned_C_s1[71]
 Aligned_C_s1[72]
 Aligned_C_s1[73]
 Aligned_C_s1[74]
 Aligned_C_s1[75]
 Aligned_C_s1[76]
 Aligned_C_s1[77]
 Aligned_C_s1[78]
 Aligned_C_s1[79]
 Aligned_C_s1[7]
 Aligned_C_s1[80]
 Aligned_C_s1[81]
 Aligned_C_s1[82]
 Aligned_C_s1[83]
 Aligned_C_s1[84]
 Aligned_C_s1[85]
 Aligned_C_s1[86]
 Aligned_C_s1[87]
 Aligned_C_s1[88]
 Aligned_C_s1[89]
 Aligned_C_s1[8]
 Aligned_C_s1[90]
 Aligned_C_s1[91]
 Aligned_C_s1[92]
 Aligned_C_s1[93]
 Aligned_C_s1[94]
 Aligned_C_s1[95]
 Aligned_C_s1[96]
 Aligned_C_s1[97]
 Aligned_C_s1[98]
 Aligned_C_s1[99]
 Aligned_C_s1[9]
 ExpDiff_s1[0]
 ExpDiff_s1[10]
 ExpDiff_s1[11]
 ExpDiff_s1[12]
 ExpDiff_s1[13]
 ExpDiff_s1[14]
 ExpDiff_s1[15]
 ExpDiff_s1[16]
 ExpDiff_s1[17]
 ExpDiff_s1[18]
 ExpDiff_s1[19]
 ExpDiff_s1[1]
 ExpDiff_s1[20]
 ExpDiff_s1[21]
 ExpDiff_s1[22]
 ExpDiff_s1[23]
 ExpDiff_s1[24]
 ExpDiff_s1[25]
 ExpDiff_s1[26]
 ExpDiff_s1[27]
 ExpDiff_s1[28]
 ExpDiff_s1[29]
 ExpDiff_s1[2]
 ExpDiff_s1[30]
 ExpDiff_s1[31]
 ExpDiff_s1[3]
 ExpDiff_s1[4]
 ExpDiff_s1[5]
 ExpDiff_s1[6]
 ExpDiff_s1[7]
 ExpDiff_s1[8]
 ExpDiff_s1[9]
 MaxExp_s1[0]
 MaxExp_s1[10]
 MaxExp_s1[11]
 MaxExp_s1[12]
 MaxExp_s1[13]
 MaxExp_s1[14]
 MaxExp_s1[15]
 MaxExp_s1[16]
 MaxExp_s1[17]
 MaxExp_s1[18]
 MaxExp_s1[19]
 MaxExp_s1[1]
 MaxExp_s1[20]
 MaxExp_s1[21]
 MaxExp_s1[22]
 MaxExp_s1[23]
 MaxExp_s1[24]
 MaxExp_s1[25]
 MaxExp_s1[26]
 MaxExp_s1[27]
 MaxExp_s1[28]
 MaxExp_s1[29]
 MaxExp_s1[2]
 MaxExp_s1[30]
 MaxExp_s1[31]
 MaxExp_s1[3]
 MaxExp_s1[4]
 MaxExp_s1[5]
 MaxExp_s1[6]
 MaxExp_s1[7]
 MaxExp_s1[8]
 MaxExp_s1[9]
 PD2_mode_s1
 PD4_mode_s1
 PD_mode_s1
 Prec_s1[0]
 Prec_s1[1]
 Prec_s1[2]
 ProdASC_s1[0]
 ProdASC_s1[10]
 ProdASC_s1[11]
 ProdASC_s1[12]
 ProdASC_s1[13]
 ProdASC_s1[14]
 ProdASC_s1[15]
 ProdASC_s1[16]
 ProdASC_s1[17]
 ProdASC_s1[18]
 ProdASC_s1[19]
 ProdASC_s1[1]
 ProdASC_s1[20]
 ProdASC_s1[21]
 ProdASC_s1[22]
 ProdASC_s1[23]
 ProdASC_s1[24]
 ProdASC_s1[25]
 ProdASC_s1[26]
 ProdASC_s1[27]
 ProdASC_s1[28]
 ProdASC_s1[29]
 ProdASC_s1[2]
 ProdASC_s1[30]
 ProdASC_s1[31]
 ProdASC_s1[32]
 ProdASC_s1[33]
 ProdASC_s1[34]
 ProdASC_s1[35]
 ProdASC_s1[36]
 ProdASC_s1[37]
 ProdASC_s1[38]
 ProdASC_s1[39]
 ProdASC_s1[3]
 ProdASC_s1[40]
 ProdASC_s1[41]
 ProdASC_s1[42]
 ProdASC_s1[43]
 ProdASC_s1[44]
 ProdASC_s1[45]
 ProdASC_s1[46]
 ProdASC_s1[47]
 ProdASC_s1[48]
 ProdASC_s1[49]
 ProdASC_s1[4]
 ProdASC_s1[50]
 ProdASC_s1[51]
 ProdASC_s1[52]
 ProdASC_s1[53]
 ProdASC_s1[54]
 ProdASC_s1[55]
 ProdASC_s1[56]
 ProdASC_s1[57]
 ProdASC_s1[58]
 ProdASC_s1[59]
 ProdASC_s1[5]
 ProdASC_s1[60]
 ProdASC_s1[61]
 ProdASC_s1[62]
 ProdASC_s1[63]
 ProdASC_s1[6]
 ProdASC_s1[7]
 ProdASC_s1[8]
 ProdASC_s1[9]
 Sign_AB_s1[0]
 Sign_AB_s1[1]
 Sign_AB_s1[2]
 Sign_AB_s1[3]
 Sign_C_s1[0]
 Sign_C_s1[1]
 Sign_C_s1[2]
 Sign_C_s1[3]
 Sticky_C_s1[0]
 Sticky_C_s1[1]
 Valid_s1[0]
 Valid_s1[1]
 Valid_s1[2]
 Valid_s1[3]
 clk
 partial_products_carry_s1[0]
 partial_products_carry_s1[100]
 partial_products_carry_s1[101]
 partial_products_carry_s1[102]
 partial_products_carry_s1[103]
 partial_products_carry_s1[104]
 partial_products_carry_s1[105]
 partial_products_carry_s1[106]
 partial_products_carry_s1[107]
 partial_products_carry_s1[108]
 partial_products_carry_s1[109]
 partial_products_carry_s1[10]
 partial_products_carry_s1[110]
 partial_products_carry_s1[111]
 partial_products_carry_s1[11]
 partial_products_carry_s1[12]
 partial_products_carry_s1[13]
 partial_products_carry_s1[14]
 partial_products_carry_s1[15]
 partial_products_carry_s1[16]
 partial_products_carry_s1[17]
 partial_products_carry_s1[18]
 partial_products_carry_s1[19]
 partial_products_carry_s1[1]
 partial_products_carry_s1[20]
 partial_products_carry_s1[21]
 partial_products_carry_s1[22]
 partial_products_carry_s1[23]
 partial_products_carry_s1[24]
 partial_products_carry_s1[25]
 partial_products_carry_s1[26]
 partial_products_carry_s1[27]
 partial_products_carry_s1[28]
 partial_products_carry_s1[29]
 partial_products_carry_s1[2]
 partial_products_carry_s1[30]
 partial_products_carry_s1[31]
 partial_products_carry_s1[32]
 partial_products_carry_s1[33]
 partial_products_carry_s1[34]
 partial_products_carry_s1[35]
 partial_products_carry_s1[36]
 partial_products_carry_s1[37]
 partial_products_carry_s1[38]
 partial_products_carry_s1[39]
 partial_products_carry_s1[3]
 partial_products_carry_s1[40]
 partial_products_carry_s1[41]
 partial_products_carry_s1[42]
 partial_products_carry_s1[43]
 partial_products_carry_s1[44]
 partial_products_carry_s1[45]
 partial_products_carry_s1[46]
 partial_products_carry_s1[47]
 partial_products_carry_s1[48]
 partial_products_carry_s1[49]
 partial_products_carry_s1[4]
 partial_products_carry_s1[50]
 partial_products_carry_s1[51]
 partial_products_carry_s1[52]
 partial_products_carry_s1[53]
 partial_products_carry_s1[54]
 partial_products_carry_s1[55]
 partial_products_carry_s1[56]
 partial_products_carry_s1[57]
 partial_products_carry_s1[58]
 partial_products_carry_s1[59]
 partial_products_carry_s1[5]
 partial_products_carry_s1[60]
 partial_products_carry_s1[61]
 partial_products_carry_s1[62]
 partial_products_carry_s1[63]
 partial_products_carry_s1[64]
 partial_products_carry_s1[65]
 partial_products_carry_s1[66]
 partial_products_carry_s1[67]
 partial_products_carry_s1[68]
 partial_products_carry_s1[69]
 partial_products_carry_s1[6]
 partial_products_carry_s1[70]
 partial_products_carry_s1[71]
 partial_products_carry_s1[72]
 partial_products_carry_s1[73]
 partial_products_carry_s1[74]
 partial_products_carry_s1[75]
 partial_products_carry_s1[76]
 partial_products_carry_s1[77]
 partial_products_carry_s1[78]
 partial_products_carry_s1[79]
 partial_products_carry_s1[7]
 partial_products_carry_s1[80]
 partial_products_carry_s1[81]
 partial_products_carry_s1[82]
 partial_products_carry_s1[83]
 partial_products_carry_s1[84]
 partial_products_carry_s1[85]
 partial_products_carry_s1[86]
 partial_products_carry_s1[87]
 partial_products_carry_s1[88]
 partial_products_carry_s1[89]
 partial_products_carry_s1[8]
 partial_products_carry_s1[90]
 partial_products_carry_s1[91]
 partial_products_carry_s1[92]
 partial_products_carry_s1[93]
 partial_products_carry_s1[94]
 partial_products_carry_s1[95]
 partial_products_carry_s1[96]
 partial_products_carry_s1[97]
 partial_products_carry_s1[98]
 partial_products_carry_s1[99]
 partial_products_carry_s1[9]
 partial_products_sum_s1[0]
 partial_products_sum_s1[100]
 partial_products_sum_s1[101]
 partial_products_sum_s1[102]
 partial_products_sum_s1[103]
 partial_products_sum_s1[104]
 partial_products_sum_s1[105]
 partial_products_sum_s1[106]
 partial_products_sum_s1[107]
 partial_products_sum_s1[108]
 partial_products_sum_s1[109]
 partial_products_sum_s1[10]
 partial_products_sum_s1[110]
 partial_products_sum_s1[111]
 partial_products_sum_s1[11]
 partial_products_sum_s1[12]
 partial_products_sum_s1[13]
 partial_products_sum_s1[14]
 partial_products_sum_s1[15]
 partial_products_sum_s1[16]
 partial_products_sum_s1[17]
 partial_products_sum_s1[18]
 partial_products_sum_s1[19]
 partial_products_sum_s1[1]
 partial_products_sum_s1[20]
 partial_products_sum_s1[21]
 partial_products_sum_s1[22]
 partial_products_sum_s1[23]
 partial_products_sum_s1[24]
 partial_products_sum_s1[25]
 partial_products_sum_s1[26]
 partial_products_sum_s1[27]
 partial_products_sum_s1[28]
 partial_products_sum_s1[29]
 partial_products_sum_s1[2]
 partial_products_sum_s1[30]
 partial_products_sum_s1[31]
 partial_products_sum_s1[32]
 partial_products_sum_s1[33]
 partial_products_sum_s1[34]
 partial_products_sum_s1[35]
 partial_products_sum_s1[36]
 partial_products_sum_s1[37]
 partial_products_sum_s1[38]
 partial_products_sum_s1[39]
 partial_products_sum_s1[3]
 partial_products_sum_s1[40]
 partial_products_sum_s1[41]
 partial_products_sum_s1[42]
 partial_products_sum_s1[43]
 partial_products_sum_s1[44]
 partial_products_sum_s1[45]
 partial_products_sum_s1[46]
 partial_products_sum_s1[47]
 partial_products_sum_s1[48]
 partial_products_sum_s1[49]
 partial_products_sum_s1[4]
 partial_products_sum_s1[50]
 partial_products_sum_s1[51]
 partial_products_sum_s1[52]
 partial_products_sum_s1[53]
 partial_products_sum_s1[54]
 partial_products_sum_s1[55]
 partial_products_sum_s1[56]
 partial_products_sum_s1[57]
 partial_products_sum_s1[58]
 partial_products_sum_s1[59]
 partial_products_sum_s1[5]
 partial_products_sum_s1[60]
 partial_products_sum_s1[61]
 partial_products_sum_s1[62]
 partial_products_sum_s1[63]
 partial_products_sum_s1[64]
 partial_products_sum_s1[65]
 partial_products_sum_s1[66]
 partial_products_sum_s1[67]
 partial_products_sum_s1[68]
 partial_products_sum_s1[69]
 partial_products_sum_s1[6]
 partial_products_sum_s1[70]
 partial_products_sum_s1[71]
 partial_products_sum_s1[72]
 partial_products_sum_s1[73]
 partial_products_sum_s1[74]
 partial_products_sum_s1[75]
 partial_products_sum_s1[76]
 partial_products_sum_s1[77]
 partial_products_sum_s1[78]
 partial_products_sum_s1[79]
 partial_products_sum_s1[7]
 partial_products_sum_s1[80]
 partial_products_sum_s1[81]
 partial_products_sum_s1[82]
 partial_products_sum_s1[83]
 partial_products_sum_s1[84]
 partial_products_sum_s1[85]
 partial_products_sum_s1[86]
 partial_products_sum_s1[87]
 partial_products_sum_s1[88]
 partial_products_sum_s1[89]
 partial_products_sum_s1[8]
 partial_products_sum_s1[90]
 partial_products_sum_s1[91]
 partial_products_sum_s1[92]
 partial_products_sum_s1[93]
 partial_products_sum_s1[94]
 partial_products_sum_s1[95]
 partial_products_sum_s1[96]
 partial_products_sum_s1[97]
 partial_products_sum_s1[98]
 partial_products_sum_s1[99]
 partial_products_sum_s1[9]
 rst_n
 Stage2_Top_728/HI
 Stage2_Top_728/LO
 Stage2_Top_729/HI
 Stage2_Top_729/LO
 Stage2_Top_730/HI
 Stage2_Top_730/LO
 Stage2_Top_731/HI
 Stage2_Top_731/LO
 Stage2_Top_732/HI
 Stage2_Top_732/LO
 Stage2_Top_733/HI
 Stage2_Top_733/LO
 Stage2_Top_734/HI
 Stage2_Top_734/LO
 Stage2_Top_735/HI
 Stage2_Top_735/LO
 Stage2_Top_736/HI
 Stage2_Top_736/LO
 Stage2_Top_737/HI
 Stage2_Top_737/LO
 Stage2_Top_738/HI
 Stage2_Top_738/LO
 Stage2_Top_739/HI
 Stage2_Top_739/LO
 Stage2_Top_740/HI
 Stage2_Top_740/LO
 Stage2_Top_741/HI
 Stage2_Top_741/LO
 Stage2_Top_742/HI
 Stage2_Top_742/LO
 Stage2_Top_743/HI
 Stage2_Top_743/LO
 Stage2_Top_744/HI
 Stage2_Top_744/LO
 Stage2_Top_745/HI
 Stage2_Top_745/LO
 Stage2_Top_746/HI
 Stage2_Top_746/LO
 Stage2_Top_747/HI
 Stage2_Top_747/LO
 Stage2_Top_748/HI
 Stage2_Top_748/LO
 Stage2_Top_749/HI
 Stage2_Top_749/LO
 Stage2_Top_750/HI
 Stage2_Top_750/LO
 Stage2_Top_751/HI
 Stage2_Top_751/LO
 Stage2_Top_752/HI
 Stage2_Top_752/LO
 Stage2_Top_753/HI
 Stage2_Top_753/LO
 Stage2_Top_754/HI
 Stage2_Top_754/LO
 Stage2_Top_755/HI
 Stage2_Top_755/LO
 Stage2_Top_756/HI
 Stage2_Top_756/LO
 Stage2_Top_757/HI
 Stage2_Top_757/LO
 Stage2_Top_758/HI
 Stage2_Top_758/LO
 Stage2_Top_759/HI
 Stage2_Top_759/LO
 Stage2_Top_760/HI
 Stage2_Top_760/LO
 Stage2_Top_761/HI
 Stage2_Top_761/LO
 Stage2_Top_762/HI
 Stage2_Top_762/LO
 Stage2_Top_763/HI
 Stage2_Top_763/LO
 Stage2_Top_764/HI
 Stage2_Top_764/LO
 Stage2_Top_765/HI
 Stage2_Top_765/LO
 Stage2_Top_766/HI
 Stage2_Top_766/LO
 Stage2_Top_767/HI
 Stage2_Top_767/LO
 Stage2_Top_768/HI
 Stage2_Top_768/LO
 Stage2_Top_769/HI
 Stage2_Top_769/LO
 Stage2_Top_770/HI
 Stage2_Top_770/LO
 Stage2_Top_771/HI
 Stage2_Top_771/LO
 Stage2_Top_772/HI
 Stage2_Top_772/LO
 Stage2_Top_773/HI
 Stage2_Top_773/LO
 Stage2_Top_774/HI
 Stage2_Top_774/LO
 Stage2_Top_775/HI
 Stage2_Top_775/LO
 Stage2_Top_776/HI
 Stage2_Top_776/LO
 Stage2_Top_777/HI
 Stage2_Top_777/LO
 Stage2_Top_778/HI
 Stage2_Top_778/LO
 Stage2_Top_779/HI
 Stage2_Top_779/LO
 Stage2_Top_780/HI
 Stage2_Top_780/LO
 Stage2_Top_781/HI
 Stage2_Top_781/LO
 Stage2_Top_782/HI
 Stage2_Top_782/LO
 Stage2_Top_783/HI
 Stage2_Top_783/LO
 Stage2_Top_784/HI
 Stage2_Top_784/LO
 Stage2_Top_785/HI
 Stage2_Top_785/LO
 Stage2_Top_786/HI
 Stage2_Top_786/LO
 Stage2_Top_787/HI
 Stage2_Top_787/LO
 Stage2_Top_788/HI
 Stage2_Top_788/LO
 Stage2_Top_789/HI
 Stage2_Top_789/LO
 Stage2_Top_790/HI
 Stage2_Top_790/LO
 Stage2_Top_791/HI
 Stage2_Top_791/LO
 Stage2_Top_792/HI
 Stage2_Top_792/LO
 Stage2_Top_793/HI
 Stage2_Top_793/LO
 Stage2_Top_794/HI
 Stage2_Top_794/LO
 Stage2_Top_795/HI
 Stage2_Top_795/LO
 Stage2_Top_796/HI
 Stage2_Top_796/LO
 Stage2_Top_797/HI
 Stage2_Top_797/LO
 Stage2_Top_798/HI
 Stage2_Top_798/LO
 Stage2_Top_799/HI
 Stage2_Top_799/LO
 Stage2_Top_800/HI
 Stage2_Top_800/LO
 Stage2_Top_801/HI
 Stage2_Top_801/LO
 Stage2_Top_802/HI
 Stage2_Top_802/LO
 Stage2_Top_803/HI
 Stage2_Top_803/LO
 Stage2_Top_804/HI
 Stage2_Top_804/LO
 Stage2_Top_805/HI
 Stage2_Top_805/LO
 Stage2_Top_806/HI
 Stage2_Top_806/LO
 Stage2_Top_807/HI
 Stage2_Top_807/LO
 Stage2_Top_808/HI
 Stage2_Top_808/LO
 Stage2_Top_809/HI
 Stage2_Top_809/LO
 Stage2_Top_810/HI
 Stage2_Top_810/LO
 Stage2_Top_811/HI
 Stage2_Top_811/LO
 Stage2_Top_812/HI
 Stage2_Top_812/LO
 Stage2_Top_813/HI
 Stage2_Top_813/LO
 Stage2_Top_814/HI
 Stage2_Top_814/LO
 Stage2_Top_815/HI
 Stage2_Top_815/LO
 Stage2_Top_816/HI
 Stage2_Top_816/LO
 Stage2_Top_817/HI
 Stage2_Top_817/LO
 Stage2_Top_818/HI
 Stage2_Top_818/LO
 Stage2_Top_819/HI
 Stage2_Top_819/LO
 Stage2_Top_820/HI
 Stage2_Top_820/LO
 Stage2_Top_821/HI
 Stage2_Top_821/LO
 Stage2_Top_822/HI
 Stage2_Top_822/LO
 Stage2_Top_823/HI
 Stage2_Top_823/LO
 Stage2_Top_824/HI
 Stage2_Top_824/LO
 Stage2_Top_825/HI
 Stage2_Top_825/LO
 Stage2_Top_826/HI
 Stage2_Top_826/LO
 Stage2_Top_827/HI
 Stage2_Top_827/LO
 Stage2_Top_828/HI
 Stage2_Top_828/LO
 Stage2_Top_829/HI
 Stage2_Top_829/LO
 Stage2_Top_830/HI
 Stage2_Top_830/LO
 Stage2_Top_831/HI
 Stage2_Top_831/LO
 Stage2_Top_832/HI
 Stage2_Top_832/LO
 Stage2_Top_833/HI
 Stage2_Top_833/LO
 Stage2_Top_834/HI
 Stage2_Top_834/LO
 Stage2_Top_835/HI
 Stage2_Top_835/LO
 Stage2_Top_836/HI
 Stage2_Top_836/LO
 Stage2_Top_837/HI
 Stage2_Top_837/LO
 Stage2_Top_838/HI
 Stage2_Top_838/LO
 Stage2_Top_839/HI
 Stage2_Top_839/LO
 Stage2_Top_840/HI
 Stage2_Top_840/LO
 Stage2_Top_841/HI
 Stage2_Top_841/LO
 Stage2_Top_842/HI
 Stage2_Top_842/LO
 Stage2_Top_843/HI
 Stage2_Top_843/LO
 Stage2_Top_844/HI
 Stage2_Top_844/LO
 Stage2_Top_845/HI
 Stage2_Top_845/LO
 Stage2_Top_846/HI
 Stage2_Top_846/LO
 Stage2_Top_847/HI
 Stage2_Top_847/LO
 Stage2_Top_848/HI
 Stage2_Top_848/LO
 Stage2_Top_849/HI
 Stage2_Top_849/LO
 Stage2_Top_850/HI
 Stage2_Top_850/LO
 Stage2_Top_851/HI
 Stage2_Top_851/LO
 Stage2_Top_852/HI
 Stage2_Top_852/LO
 Stage2_Top_853/HI
 Stage2_Top_853/LO
 Stage2_Top_854/HI
 Stage2_Top_854/LO
 Stage2_Top_855/HI
 Stage2_Top_855/LO
 Stage2_Top_856/HI
 Stage2_Top_856/LO
 Stage2_Top_857/HI
 Stage2_Top_857/LO
 Stage2_Top_858/HI
 Stage2_Top_858/LO
 Stage2_Top_859/HI
 Stage2_Top_859/LO
 Stage2_Top_860/HI
 Stage2_Top_860/LO
 Stage2_Top_861/HI
 Stage2_Top_861/LO
 Stage2_Top_862/HI
 Stage2_Top_862/LO
 Stage2_Top_863/HI
 Stage2_Top_863/LO
 Stage2_Top_864/HI
 Stage2_Top_864/LO
 Stage2_Top_865/HI
 Stage2_Top_865/LO
 Stage2_Top_866/HI
 Stage2_Top_866/LO
 Stage2_Top_867/HI
 Stage2_Top_867/LO
 Stage2_Top_868/HI
 Stage2_Top_868/LO
 Stage2_Top_869/HI
 Stage2_Top_869/LO
 Stage2_Top_870/HI
 Stage2_Top_870/LO
 Stage2_Top_871/HI
 Stage2_Top_871/LO
 Stage2_Top_872/HI
 Stage2_Top_872/LO
 Stage2_Top_873/HI
 Stage2_Top_873/LO
 Stage2_Top_874/HI
 Stage2_Top_874/LO
 Stage2_Top_875/HI
 Stage2_Top_875/LO
 Stage2_Top_876/HI
 Stage2_Top_876/LO
 Stage2_Top_877/HI
 Stage2_Top_877/LO
 Stage2_Top_878/HI
 Stage2_Top_878/LO
 Stage2_Top_879/HI
 Stage2_Top_879/LO
 Stage2_Top_880/HI
 Stage2_Top_880/LO
 Stage2_Top_881/HI
 Stage2_Top_881/LO
 Stage2_Top_882/HI
 Stage2_Top_882/LO
 Stage2_Top_883/HI
 Stage2_Top_883/LO
 Stage2_Top_884/HI
 Stage2_Top_884/LO
 Stage2_Top_885/HI
 Stage2_Top_885/LO
 Stage2_Top_886/HI
 Stage2_Top_886/LO
 Stage2_Top_887/HI
 Stage2_Top_887/LO
 Stage2_Top_888/HI
 Stage2_Top_888/LO
 Stage2_Top_889/HI
 Stage2_Top_889/LO
 Stage2_Top_890/HI
 Stage2_Top_890/LO
 Stage2_Top_891/HI
 Stage2_Top_891/LO
 Stage2_Top_892/HI
 Stage2_Top_892/LO
 Stage2_Top_893/HI
 Stage2_Top_893/LO
 Stage2_Top_894/HI
 Stage2_Top_894/LO
 Stage2_Top_895/HI
 Stage2_Top_895/LO
 Stage2_Top_896/HI
 Stage2_Top_896/LO
 Stage2_Top_897/HI
 Stage2_Top_897/LO
 Stage2_Top_898/HI
 Stage2_Top_898/LO
 Stage2_Top_899/HI
 Stage2_Top_899/LO
 Stage2_Top_900/HI
 Stage2_Top_900/LO
 Stage2_Top_901/HI
 Stage2_Top_901/LO
 Stage2_Top_902/HI
 Stage2_Top_902/LO
 Stage2_Top_903/HI
 Stage2_Top_903/LO
 Stage2_Top_904/HI
 Stage2_Top_904/LO
 Stage2_Top_905/HI
 Stage2_Top_905/LO
 Stage2_Top_906/HI
 Stage2_Top_906/LO
 Stage2_Top_907/HI
 Stage2_Top_907/LO
 Stage2_Top_908/HI
 Stage2_Top_908/LO
 Stage2_Top_909/HI
 Stage2_Top_909/LO
 Stage2_Top_910/HI
 Stage2_Top_910/LO
 Stage2_Top_911/HI
 Stage2_Top_911/LO
 Stage2_Top_912/HI
 Stage2_Top_912/LO
 Stage2_Top_913/HI
 Stage2_Top_913/LO
 Stage2_Top_914/HI
 Stage2_Top_914/LO
 Stage2_Top_915/HI
 Stage2_Top_915/LO
 Stage2_Top_916/HI
 Stage2_Top_916/LO
 Stage2_Top_917/HI
 Stage2_Top_917/LO
 Stage2_Top_918/HI
 Stage2_Top_918/LO
 Stage2_Top_919/HI
 Stage2_Top_919/LO
 Stage2_Top_920/HI
 Stage2_Top_920/LO
 Stage2_Top_921/HI
 Stage2_Top_921/LO
 Stage2_Top_922/HI
 Stage2_Top_922/LO
 Stage2_Top_923/HI
 Stage2_Top_923/LO
 Stage2_Top_924/HI
 Stage2_Top_924/LO
 Stage2_Top_925/HI
 Stage2_Top_925/LO
 Stage2_Top_926/HI
 Stage2_Top_926/LO
 Stage2_Top_927/HI
 Stage2_Top_927/LO
 Stage2_Top_928/HI
 Stage2_Top_928/LO
 Stage2_Top_929/HI
 Stage2_Top_929/LO
 Stage2_Top_930/HI
 Stage2_Top_930/LO
 Stage2_Top_931/HI
 Stage2_Top_931/LO
 Stage2_Top_932/HI
 Stage2_Top_932/LO
 Stage2_Top_933/HI
 Stage2_Top_933/LO
 Stage2_Top_934/HI
 Stage2_Top_934/LO
 Stage2_Top_935/HI
 Stage2_Top_935/LO
 Stage2_Top_936/HI
 Stage2_Top_936/LO
 Stage2_Top_937/HI
 Stage2_Top_937/LO
 Stage2_Top_938/HI
 Stage2_Top_938/LO
 Stage2_Top_939/HI
 Stage2_Top_939/LO
 Stage2_Top_940/HI
 Stage2_Top_940/LO
 Stage2_Top_941/HI
 Stage2_Top_941/LO
 Stage2_Top_942/HI
 Stage2_Top_942/LO
 Stage2_Top_943/HI
 Stage2_Top_943/LO
 Stage2_Top_944/HI
 Stage2_Top_944/LO
 Stage2_Top_945/HI
 Stage2_Top_945/LO
 _3417_/Y
 _3418_/X
 _3419_/X
 _3420_/Y
 _3421_/X
 _3422_/X
 _3423_/X
 _3424_/X
 _3425_/X
 _3426_/X
 _3427_/X
 _3428_/X
 _3429_/X
 _3430_/Y
 _3431_/Y
 _3432_/X
 _3433_/X
 _3434_/X
 _3435_/X
 _3436_/X
 _3437_/X
 _3438_/Y
 _3439_/X
 _3440_/Y
 _3441_/X
 _3442_/X
 _3443_/X
 _3444_/X
 _3445_/X
 _3446_/Y
 _3447_/X
 _3448_/Y
 _3449_/X
 _3450_/Y
 _3451_/X
 _3452_/Y
 _3453_/X
 _3454_/Y
 _3455_/X
 _3456_/X
 _3457_/X
 _3458_/X
 _3459_/X
 _3460_/X
 _3461_/X
 _3462_/X
 _3463_/X
 _3464_/X
 _3465_/X
 _3466_/X
 _3467_/X
 _3468_/X
 _3469_/Y
 _3470_/Y
 _3471_/X
 _3472_/X
 _3473_/Y
 _3474_/Y
 _3475_/X
 _3476_/Y
 _3477_/Y
 _3478_/Y
 _3479_/Y
 _3480_/Y
 _3481_/Y
 _3482_/Y
 _3483_/X
 _3484_/X
 _3485_/Y
 _3486_/X
 _3487_/Y
 _3488_/X
 _3489_/X
 _3490_/Y
 _3491_/X
 _3492_/Y
 _3493_/Y
 _3494_/X
 _3495_/Y
 _3496_/Y
 _3497_/Y
 _3498_/X
 _3499_/Y
 _3500_/X
 _3501_/Y
 _3502_/Y
 _3503_/Y
 _3504_/X
 _3505_/Y
 _3506_/Y
 _3507_/X
 _3508_/Y
 _3509_/X
 _3510_/X
 _3511_/X
 _3512_/X
 _3513_/X
 _3514_/Y
 _3515_/X
 _3516_/Y
 _3517_/X
 _3518_/X
 _3519_/X
 _3520_/X
 _3521_/X
 _3522_/X
 _3523_/X
 _3524_/X
 _3525_/X
 _3526_/X
 _3527_/X
 _3528_/Y
 _3529_/X
 _3530_/Y
 _3531_/X
 _3532_/Y
 _3533_/Y
 _3534_/Y
 _3535_/X
 _3536_/Y
 _3537_/X
 _3538_/Y
 _3539_/X
 _3540_/X
 _3541_/X
 _3542_/X
 _3543_/X
 _3544_/Y
 _3545_/X
 _3546_/X
 _3547_/X
 _3548_/X
 _3549_/X
 _3550_/Y
 _3551_/X
 _3552_/X
 _3553_/X
 _3554_/Y
 _3555_/Y
 _3556_/Y
 _3557_/Y
 _3558_/Y
 _3559_/X
 _3560_/X
 _3561_/X
 _3562_/Y
 _3563_/X
 _3564_/Y
 _3565_/X
 _3566_/X
 _3567_/Y
 _3568_/Y
 _3569_/X
 _3570_/X
 _3571_/X
 _3572_/Y
 _3573_/X
 _3574_/Y
 _3575_/X
 _3576_/X
 _3577_/X
 _3578_/Y
 _3579_/X
 _3580_/Y
 _3581_/X
 _3582_/X
 _3583_/X
 _3584_/X
 _3585_/Y
 _3586_/X
 _3587_/X
 _3588_/Y
 _3589_/X
 _3590_/Y
 _3591_/X
 _3592_/X
 _3593_/X
 _3594_/Y
 _3595_/X
 _3596_/Y
 _3597_/X
 _3598_/Y
 _3599_/X
 _3600_/X
 _3601_/X
 _3602_/X
 _3603_/X
 _3604_/X
 _3605_/X
 _3606_/Y
 _3607_/X
 _3608_/X
 _3609_/Y
 _3610_/X
 _3611_/Y
 _3612_/X
 _3613_/X
 _3614_/X
 _3615_/Y
 _3616_/X
 _3617_/X
 _3618_/X
 _3619_/Y
 _3620_/X
 _3621_/Y
 _3622_/Y
 _3623_/X
 _3624_/Y
 _3625_/Y
 _3626_/X
 _3627_/X
 _3628_/X
 _3629_/X
 _3630_/Y
 _3631_/X
 _3632_/Y
 _3633_/X
 _3634_/Y
 _3635_/X
 _3636_/Y
 _3637_/X
 _3638_/X
 _3639_/X
 _3640_/X
 _3641_/Y
 _3642_/Y
 _3643_/X
 _3644_/X
 _3645_/Y
 _3646_/X
 _3647_/X
 _3648_/Y
 _3649_/X
 _3650_/Y
 _3651_/Y
 _3652_/Y
 _3653_/X
 _3654_/X
 _3655_/X
 _3656_/Y
 _3657_/X
 _3658_/X
 _3659_/Y
 _3660_/X
 _3661_/Y
 _3662_/X
 _3663_/X
 _3664_/Y
 _3665_/Y
 _3666_/X
 _3667_/X
 _3668_/X
 _3669_/X
 _3670_/X
 _3671_/Y
 _3672_/X
 _3673_/Y
 _3674_/X
 _3675_/X
 _3676_/X
 _3677_/Y
 _3678_/X
 _3679_/X
 _3680_/Y
 _3681_/X
 _3682_/Y
 _3683_/X
 _3684_/X
 _3685_/X
 _3686_/X
 _3687_/Y
 _3688_/Y
 _3689_/Y
 _3690_/X
 _3691_/Y
 _3692_/X
 _3693_/Y
 _3694_/X
 _3695_/X
 _3696_/X
 _3697_/X
 _3698_/X
 _3699_/X
 _3700_/X
 _3701_/Y
 _3702_/X
 _3703_/X
 _3704_/X
 _3705_/X
 _3706_/X
 _3707_/Y
 _3708_/X
 _3709_/X
 _3710_/X
 _3711_/X
 _3712_/Y
 _3713_/X
 _3714_/X
 _3715_/X
 _3716_/X
 _3717_/Y
 _3718_/X
 _3719_/X
 _3720_/X
 _3721_/Y
 _3722_/Y
 _3723_/Y
 _3724_/X
 _3725_/X
 _3726_/Y
 _3727_/X
 _3728_/X
 _3729_/X
 _3730_/X
 _3731_/X
 _3732_/X
 _3733_/X
 _3734_/X
 _3735_/Y
 _3736_/X
 _3737_/X
 _3738_/X
 _3739_/Y
 _3740_/X
 _3741_/Y
 _3742_/Y
 _3743_/X
 _3744_/X
 _3745_/X
 _3746_/Y
 _3747_/X
 _3748_/X
 _3749_/X
 _3750_/Y
 _3751_/Y
 _3752_/X
 _3753_/X
 _3754_/Y
 _3755_/X
 _3756_/X
 _3757_/Y
 _3758_/X
 _3759_/X
 _3760_/X
 _3761_/X
 _3762_/X
 _3763_/X
 _3764_/Y
 _3765_/X
 _3766_/X
 _3767_/Y
 _3768_/X
 _3769_/X
 _3770_/Y
 _3771_/Y
 _3772_/X
 _3773_/X
 _3774_/Y
 _3775_/X
 _3776_/X
 _3777_/Y
 _3778_/Y
 _3779_/X
 _3780_/X
 _3781_/Y
 _3782_/X
 _3783_/Y
 _3784_/X
 _3785_/X
 _3786_/X
 _3787_/Y
 _3788_/Y
 _3789_/Y
 _3790_/X
 _3791_/X
 _3792_/X
 _3793_/X
 _3794_/X
 _3795_/X
 _3796_/X
 _3797_/X
 _3798_/X
 _3799_/X
 _3800_/X
 _3801_/Y
 _3802_/Y
 _3803_/X
 _3804_/X
 _3805_/X
 _3806_/X
 _3807_/X
 _3808_/X
 _3809_/X
 _3810_/X
 _3811_/X
 _3812_/Y
 _3813_/Y
 _3814_/X
 _3815_/X
 _3816_/X
 _3817_/X
 _3818_/X
 _3819_/X
 _3820_/X
 _3821_/X
 _3822_/X
 _3823_/Y
 _3824_/X
 _3825_/X
 _3826_/X
 _3827_/X
 _3828_/X
 _3829_/X
 _3830_/X
 _3831_/X
 _3832_/X
 _3833_/Y
 _3834_/X
 _3835_/X
 _3836_/Y
 _3837_/Y
 _3838_/X
 _3839_/X
 _3840_/Y
 _3841_/X
 _3842_/X
 _3843_/X
 _3844_/Y
 _3845_/Y
 _3846_/X
 _3847_/Y
 _3848_/X
 _3849_/X
 _3850_/Y
 _3851_/X
 _3852_/X
 _3853_/X
 _3854_/X
 _3855_/X
 _3856_/Y
 _3857_/X
 _3858_/X
 _3859_/Y
 _3860_/X
 _3861_/X
 _3862_/Y
 _3863_/X
 _3864_/Y
 _3865_/Y
 _3866_/X
 _3867_/X
 _3868_/X
 _3869_/X
 _3870_/X
 _3871_/Y
 _3872_/Y
 _3873_/X
 _3874_/X
 _3875_/X
 _3876_/X
 _3877_/X
 _3878_/X
 _3879_/Y
 _3880_/Y
 _3881_/X
 _3882_/X
 _3883_/Y
 _3884_/X
 _3885_/Y
 _3886_/X
 _3887_/Y
 _3888_/X
 _3889_/X
 _3890_/X
 _3891_/Y
 _3892_/Y
 _3893_/Y
 _3894_/X
 _3895_/X
 _3896_/Y
 _3897_/Y
 _3898_/Y
 _3899_/X
 _3900_/X
 _3901_/X
 _3902_/Y
 _3903_/X
 _3904_/X
 _3905_/X
 _3906_/X
 _3907_/Y
 _3908_/X
 _3909_/X
 _3910_/Y
 _3911_/Y
 _3912_/Y
 _3913_/X
 _3914_/X
 _3915_/X
 _3916_/X
 _3917_/Y
 _3918_/X
 _3919_/Y
 _3920_/X
 _3921_/Y
 _3922_/X
 _3923_/X
 _3924_/X
 _3925_/Y
 _3926_/Y
 _3927_/X
 _3928_/X
 _3929_/Y
 _3930_/X
 _3931_/X
 _3932_/Y
 _3933_/Y
 _3934_/Y
 _3935_/Y
 _3936_/X
 _3937_/X
 _3938_/X
 _3939_/Y
 _3940_/X
 _3941_/Y
 _3942_/X
 _3943_/X
 _3944_/Y
 _3945_/X
 _3946_/X
 _3947_/Y
 _3948_/X
 _3949_/X
 _3950_/X
 _3951_/X
 _3952_/X
 _3953_/X
 _3954_/X
 _3955_/Y
 _3956_/X
 _3957_/X
 _3958_/Y
 _3959_/X
 _3960_/X
 _3961_/Y
 _3962_/X
 _3963_/X
 _3964_/X
 _3965_/X
 _3966_/X
 _3967_/X
 _3968_/X
 _3969_/X
 _3970_/X
 _3971_/X
 _3972_/X
 _3973_/X
 _3974_/X
 _3975_/X
 _3976_/X
 _3977_/X
 _3978_/X
 _3979_/X
 _3980_/X
 _3981_/X
 _3982_/X
 _3983_/X
 _3984_/Y
 _3985_/X
 _3986_/X
 _3987_/X
 _3988_/Y
 _3989_/Y
 _3990_/X
 _3991_/X
 _3992_/X
 _3993_/Y
 _3994_/Y
 _3995_/X
 _3996_/Y
 _3997_/X
 _3998_/X
 _3999_/X
 _4000_/Y
 _4001_/X
 _4002_/Y
 _4003_/X
 _4004_/X
 _4005_/Y
 _4006_/X
 _4007_/Y
 _4008_/X
 _4009_/X
 _4010_/X
 _4011_/Y
 _4012_/X
 _4013_/X
 _4014_/X
 _4015_/X
 _4016_/Y
 _4017_/X
 _4018_/Y
 _4019_/Y
 _4020_/Y
 _4021_/Y
 _4022_/X
 _4023_/Y
 _4024_/X
 _4025_/Y
 _4026_/X
 _4027_/Y
 _4028_/X
 _4029_/X
 _4030_/Y
 _4031_/X
 _4032_/X
 _4033_/Y
 _4034_/X
 _4035_/X
 _4036_/X
 _4037_/Y
 _4038_/X
 _4039_/Y
 _4040_/X
 _4041_/X
 _4042_/X
 _4043_/Y
 _4044_/X
 _4045_/X
 _4046_/Y
 _4047_/X
 _4048_/X
 _4049_/X
 _4050_/X
 _4051_/X
 _4052_/Y
 _4053_/X
 _4054_/X
 _4055_/X
 _4056_/X
 _4057_/X
 _4058_/X
 _4059_/X
 _4060_/X
 _4061_/Y
 _4062_/X
 _4063_/X
 _4064_/X
 _4065_/Y
 _4066_/X
 _4067_/Y
 _4068_/X
 _4069_/X
 _4070_/Y
 _4071_/Y
 _4072_/Y
 _4073_/X
 _4074_/X
 _4075_/X
 _4076_/X
 _4077_/Y
 _4078_/X
 _4079_/Y
 _4080_/Y
 _4081_/Y
 _4082_/X
 _4083_/X
 _4084_/Y
 _4085_/Y
 _4086_/Y
 _4087_/X
 _4088_/X
 _4089_/X
 _4090_/Y
 _4091_/Y
 _4092_/X
 _4093_/X
 _4094_/X
 _4095_/Y
 _4096_/Y
 _4097_/X
 _4098_/X
 _4099_/Y
 _4100_/X
 _4101_/X
 _4102_/X
 _4103_/X
 _4104_/X
 _4105_/X
 _4106_/X
 _4107_/Y
 _4108_/Y
 _4109_/X
 _4110_/X
 _4111_/X
 _4112_/X
 _4113_/X
 _4114_/X
 _4115_/X
 _4116_/Y
 _4117_/X
 _4118_/X
 _4119_/X
 _4120_/X
 _4121_/X
 _4122_/X
 _4123_/Y
 _4124_/X
 _4125_/X
 _4126_/X
 _4127_/X
 _4128_/Y
 _4129_/Y
 _4130_/Y
 _4131_/X
 _4132_/Y
 _4133_/X
 _4134_/X
 _4135_/X
 _4136_/X
 _4137_/X
 _4138_/Y
 _4139_/X
 _4140_/Y
 _4141_/X
 _4142_/Y
 _4143_/X
 _4144_/X
 _4145_/X
 _4146_/X
 _4147_/X
 _4148_/Y
 _4149_/Y
 _4150_/X
 _4151_/X
 _4152_/X
 _4153_/X
 _4154_/X
 _4155_/X
 _4156_/X
 _4157_/Y
 _4158_/X
 _4159_/Y
 _4160_/X
 _4161_/X
 _4162_/X
 _4163_/Y
 _4164_/X
 _4165_/X
 _4166_/X
 _4167_/Y
 _4168_/X
 _4169_/X
 _4170_/X
 _4171_/Y
 _4172_/X
 _4173_/X
 _4174_/Y
 _4175_/X
 _4176_/X
 _4177_/Y
 _4178_/Y
 _4179_/X
 _4180_/X
 _4181_/X
 _4182_/X
 _4183_/Y
 _4184_/X
 _4185_/Y
 _4186_/X
 _4187_/Y
 _4188_/Y
 _4189_/X
 _4190_/X
 _4191_/X
 _4192_/X
 _4193_/Y
 _4194_/X
 _4195_/Y
 _4196_/Y
 _4197_/X
 _4198_/X
 _4199_/Y
 _4200_/Y
 _4201_/X
 _4202_/X
 _4203_/X
 _4204_/Y
 _4205_/Y
 _4206_/Y
 _4207_/X
 _4208_/X
 _4209_/Y
 _4210_/X
 _4211_/X
 _4212_/Y
 _4213_/X
 _4214_/X
 _4215_/X
 _4216_/X
 _4217_/X
 _4218_/X
 _4219_/X
 _4220_/X
 _4221_/X
 _4222_/X
 _4223_/X
 _4224_/X
 _4225_/X
 _4226_/X
 _4227_/Y
 _4228_/X
 _4229_/Y
 _4230_/X
 _4231_/X
 _4232_/X
 _4233_/X
 _4234_/Y
 _4235_/X
 _4236_/X
 _4237_/Y
 _4238_/Y
 _4239_/X
 _4240_/X
 _4241_/X
 _4242_/X
 _4243_/X
 _4244_/Y
 _4245_/X
 _4246_/X
 _4247_/X
 _4248_/X
 _4249_/X
 _4250_/X
 _4251_/X
 _4252_/X
 _4253_/X
 _4254_/X
 _4255_/Y
 _4256_/Y
 _4257_/X
 _4258_/Y
 _4259_/Y
 _4260_/Y
 _4261_/X
 _4262_/Y
 _4263_/X
 _4264_/X
 _4265_/X
 _4266_/X
 _4267_/X
 _4268_/Y
 _4269_/Y
 _4270_/X
 _4271_/Y
 _4272_/Y
 _4273_/Y
 _4274_/Y
 _4275_/X
 _4276_/X
 _4277_/Y
 _4278_/X
 _4279_/Y
 _4280_/X
 _4281_/X
 _4282_/Y
 _4283_/Y
 _4284_/X
 _4285_/X
 _4286_/X
 _4287_/X
 _4288_/X
 _4289_/X
 _4290_/X
 _4291_/Y
 _4292_/X
 _4293_/Y
 _4294_/X
 _4295_/X
 _4296_/Y
 _4297_/Y
 _4298_/Y
 _4299_/X
 _4300_/X
 _4301_/X
 _4302_/Y
 _4303_/X
 _4304_/Y
 _4305_/X
 _4306_/X
 _4307_/X
 _4308_/X
 _4309_/Y
 _4310_/X
 _4311_/X
 _4312_/X
 _4313_/X
 _4314_/X
 _4315_/X
 _4316_/Y
 _4317_/X
 _4318_/Y
 _4319_/X
 _4320_/X
 _4321_/Y
 _4322_/X
 _4323_/Y
 _4324_/X
 _4325_/X
 _4326_/X
 _4327_/Y
 _4328_/Y
 _4329_/X
 _4330_/X
 _4331_/X
 _4332_/Y
 _4333_/X
 _4334_/X
 _4335_/X
 _4336_/Y
 _4337_/Y
 _4338_/X
 _4339_/Y
 _4340_/X
 _4341_/Y
 _4342_/X
 _4343_/X
 _4344_/X
 _4345_/X
 _4346_/Y
 _4347_/X
 _4348_/X
 _4349_/X
 _4350_/Y
 _4351_/X
 _4352_/X
 _4353_/X
 _4354_/Y
 _4355_/X
 _4356_/Y
 _4357_/X
 _4358_/X
 _4359_/X
 _4360_/Y
 _4361_/Y
 _4362_/Y
 _4363_/X
 _4364_/Y
 _4365_/X
 _4366_/Y
 _4367_/X
 _4368_/X
 _4369_/X
 _4370_/Y
 _4371_/Y
 _4372_/X
 _4373_/X
 _4374_/X
 _4375_/Y
 _4376_/X
 _4377_/X
 _4378_/Y
 _4379_/X
 _4380_/Y
 _4381_/Y
 _4382_/X
 _4383_/X
 _4384_/X
 _4385_/X
 _4386_/Y
 _4387_/X
 _4388_/Y
 _4389_/Y
 _4390_/X
 _4391_/X
 _4392_/X
 _4393_/X
 _4394_/X
 _4395_/X
 _4396_/Y
 _4397_/X
 _4398_/X
 _4399_/Y
 _4400_/X
 _4401_/Y
 _4402_/X
 _4403_/X
 _4404_/Y
 _4405_/Y
 _4406_/Y
 _4407_/X
 _4408_/X
 _4409_/X
 _4410_/X
 _4411_/X
 _4412_/X
 _4413_/Y
 _4414_/X
 _4415_/Y
 _4416_/X
 _4417_/X
 _4418_/X
 _4419_/X
 _4420_/Y
 _4421_/Y
 _4422_/X
 _4423_/X
 _4424_/X
 _4425_/X
 _4426_/Y
 _4427_/X
 _4428_/Y
 _4429_/X
 _4430_/X
 _4431_/X
 _4432_/Y
 _4433_/Y
 _4434_/X
 _4435_/Y
 _4436_/X
 _4437_/Y
 _4438_/Y
 _4439_/X
 _4440_/Y
 _4441_/Y
 _4442_/Y
 _4443_/X
 _4444_/X
 _4445_/X
 _4446_/X
 _4447_/X
 _4448_/X
 _4449_/X
 _4450_/Y
 _4451_/X
 _4452_/X
 _4453_/X
 _4454_/X
 _4455_/X
 _4456_/X
 _4457_/X
 _4458_/Y
 _4459_/X
 _4460_/Y
 _4461_/X
 _4462_/X
 _4463_/X
 _4464_/X
 _4465_/X
 _4466_/Y
 _4467_/X
 _4468_/Y
 _4469_/X
 _4470_/Y
 _4471_/X
 _4472_/X
 _4473_/X
 _4474_/Y
 _4475_/Y
 _4476_/Y
 _4477_/X
 _4478_/X
 _4479_/X
 _4480_/X
 _4481_/Y
 _4482_/X
 _4483_/X
 _4484_/X
 _4485_/X
 _4486_/Y
 _4487_/X
 _4488_/Y
 _4489_/X
 _4490_/X
 _4491_/X
 _4492_/X
 _4493_/Y
 _4494_/X
 _4495_/Y
 _4496_/X
 _4497_/Y
 _4498_/X
 _4499_/Y
 _4500_/X
 _4501_/X
 _4502_/X
 _4503_/Y
 _4504_/Y
 _4505_/X
 _4506_/X
 _4507_/X
 _4508_/X
 _4509_/Y
 _4510_/Y
 _4511_/X
 _4512_/X
 _4513_/X
 _4514_/X
 _4515_/Y
 _4516_/X
 _4517_/Y
 _4518_/X
 _4519_/X
 _4520_/X
 _4521_/X
 _4522_/X
 _4523_/Y
 _4524_/X
 _4525_/Y
 _4526_/X
 _4527_/Y
 _4528_/X
 _4529_/X
 _4530_/X
 _4531_/Y
 _4532_/Y
 _4533_/Y
 _4534_/X
 _4535_/X
 _4536_/X
 _4537_/Y
 _4538_/X
 _4539_/Y
 _4540_/Y
 _4541_/Y
 _4542_/X
 _4543_/Y
 _4544_/X
 _4545_/Y
 _4546_/Y
 _4547_/X
 _4548_/X
 _4549_/X
 _4550_/X
 _4551_/X
 _4552_/X
 _4553_/Y
 _4554_/Y
 _4555_/X
 _4556_/Y
 _4557_/X
 _4558_/Y
 _4559_/Y
 _4560_/X
 _4561_/X
 _4562_/Y
 _4563_/Y
 _4564_/Y
 _4565_/X
 _4566_/X
 _4567_/X
 _4568_/Y
 _4569_/Y
 _4570_/X
 _4571_/X
 _4572_/X
 _4573_/Y
 _4574_/Y
 _4575_/Y
 _4576_/X
 _4577_/X
 _4578_/X
 _4579_/X
 _4580_/X
 _4581_/X
 _4582_/X
 _4583_/Y
 _4584_/Y
 _4585_/X
 _4586_/Y
 _4587_/Y
 _4588_/X
 _4589_/Y
 _4590_/Y
 _4591_/Y
 _4592_/X
 _4593_/X
 _4594_/X
 _4595_/X
 _4596_/Y
 _4597_/X
 _4598_/X
 _4599_/X
 _4600_/Y
 _4601_/Y
 _4602_/X
 _4603_/Y
 _4604_/X
 _4605_/X
 _4606_/X
 _4607_/X
 _4608_/Y
 _4609_/Y
 _4610_/X
 _4611_/Y
 _4612_/Y
 _4613_/X
 _4614_/Y
 _4615_/X
 _4616_/X
 _4617_/Y
 _4618_/Y
 _4619_/X
 _4620_/X
 _4621_/X
 _4622_/X
 _4623_/Y
 _4624_/X
 _4625_/X
 _4626_/X
 _4627_/X
 _4628_/Y
 _4629_/Y
 _4630_/X
 _4631_/X
 _4632_/Y
 _4633_/X
 _4634_/X
 _4635_/Y
 _4636_/X
 _4637_/Y
 _4638_/Y
 _4639_/X
 _4640_/X
 _4641_/X
 _4642_/X
 _4643_/X
 _4644_/Y
 _4645_/X
 _4646_/X
 _4647_/Y
 _4648_/Y
 _4649_/X
 _4650_/X
 _4651_/X
 _4652_/Y
 _4653_/Y
 _4654_/X
 _4655_/X
 _4656_/X
 _4657_/Y
 _4658_/Y
 _4659_/X
 _4660_/X
 _4661_/Y
 _4662_/X
 _4663_/X
 _4664_/Y
 _4665_/X
 _4666_/Y
 _4667_/Y
 _4668_/X
 _4669_/X
 _4670_/X
 _4671_/Y
 _4672_/X
 _4673_/X
 _4674_/Y
 _4675_/Y
 _4676_/X
 _4677_/X
 _4678_/X
 _4679_/Y
 _4680_/X
 _4681_/X
 _4682_/X
 _4683_/X
 _4684_/Y
 _4685_/Y
 _4686_/X
 _4687_/Y
 _4688_/X
 _4689_/X
 _4690_/Y
 _4691_/Y
 _4692_/X
 _4693_/Y
 _4694_/X
 _4695_/X
 _4696_/Y
 _4697_/X
 _4698_/Y
 _4699_/X
 _4700_/Y
 _4701_/Y
 _4702_/X
 _4703_/X
 _4704_/X
 _4705_/Y
 _4706_/Y
 _4707_/X
 _4708_/Y
 _4709_/Y
 _4710_/X
 _4711_/X
 _4712_/Y
 _4713_/X
 _4714_/X
 _4715_/Y
 _4716_/X
 _4717_/X
 _4718_/Y
 _4719_/X
 _4720_/X
 _4721_/Y
 _4722_/X
 _4723_/X
 _4724_/Y
 _4725_/X
 _4726_/X
 _4727_/Y
 _4728_/Y
 _4729_/X
 _4730_/X
 _4731_/X
 _4732_/Y
 _4733_/X
 _4734_/X
 _4735_/X
 _4736_/X
 _4737_/Y
 _4738_/Y
 _4739_/X
 _4740_/X
 _4741_/Y
 _4742_/X
 _4743_/X
 _4744_/Y
 _4745_/X
 _4746_/Y
 _4747_/X
 _4748_/Y
 _4749_/X
 _4750_/Y
 _4751_/X
 _4752_/X
 _4753_/X
 _4754_/Y
 _4755_/Y
 _4756_/X
 _4757_/X
 _4758_/X
 _4759_/X
 _4760_/Y
 _4761_/X
 _4762_/X
 _4763_/X
 _4764_/Y
 _4765_/Y
 _4766_/Y
 _4767_/X
 _4768_/X
 _4769_/Y
 _4770_/X
 _4771_/X
 _4772_/X
 _4773_/X
 _4774_/X
 _4775_/Y
 _4776_/X
 _4777_/Y
 _4778_/X
 _4779_/X
 _4780_/X
 _4781_/X
 _4782_/Y
 _4783_/Y
 _4784_/X
 _4785_/X
 _4786_/X
 _4787_/Y
 _4788_/X
 _4789_/X
 _4790_/Y
 _4791_/X
 _4792_/Y
 _4793_/Y
 _4794_/X
 _4795_/X
 _4796_/Y
 _4797_/X
 _4798_/X
 _4799_/X
 _4800_/Y
 _4801_/X
 _4802_/X
 _4803_/X
 _4804_/Y
 _4805_/X
 _4806_/X
 _4807_/X
 _4808_/Y
 _4809_/Y
 _4810_/X
 _4811_/X
 _4812_/X
 _4813_/X
 _4814_/Y
 _4815_/X
 _4816_/X
 _4817_/X
 _4818_/X
 _4819_/Y
 _4820_/Y
 _4821_/Y
 _4822_/X
 _4823_/X
 _4824_/X
 _4825_/X
 _4826_/X
 _4827_/X
 _4828_/Y
 _4829_/X
 _4830_/X
 _4831_/X
 _4832_/X
 _4833_/X
 _4834_/Y
 _4835_/Y
 _4836_/X
 _4837_/X
 _4838_/X
 _4839_/X
 _4840_/X
 _4841_/X
 _4842_/Y
 _4843_/X
 _4844_/Y
 _4845_/X
 _4846_/X
 _4847_/X
 _4848_/X
 _4849_/X
 _4850_/Y
 _4851_/X
 _4852_/X
 _4853_/Y
 _4854_/X
 _4855_/X
 _4856_/Y
 _4857_/Y
 _4858_/X
 _4859_/X
 _4860_/X
 _4861_/X
 _4862_/X
 _4863_/X
 _4864_/Y
 _4865_/Y
 _4866_/Y
 _4867_/X
 _4868_/X
 _4869_/X
 _4870_/Y
 _4871_/Y
 _4872_/X
 _4873_/X
 _4874_/Y
 _4875_/X
 _4876_/X
 _4877_/X
 _4878_/Y
 _4879_/Y
 _4880_/X
 _4881_/X
 _4882_/X
 _4883_/X
 _4884_/X
 _4885_/X
 _4886_/Y
 _4887_/X
 _4888_/Y
 _4889_/X
 _4890_/X
 _4891_/X
 _4892_/Y
 _4893_/X
 _4894_/X
 _4895_/Y
 _4896_/X
 _4897_/X
 _4898_/Y
 _4899_/X
 _4900_/X
 _4901_/Y
 _4902_/Y
 _4903_/X
 _4904_/X
 _4905_/X
 _4906_/X
 _4907_/X
 _4908_/X
 _4909_/X
 _4910_/X
 _4911_/X
 _4912_/X
 _4913_/X
 _4914_/X
 _4915_/X
 _4916_/X
 _4917_/X
 _4918_/X
 _4919_/X
 _4920_/X
 _4921_/X
 _4922_/X
 _4923_/Y
 _4924_/X
 _4925_/X
 _4926_/Y
 _4927_/Y
 _4928_/X
 _4929_/Y
 _4930_/X
 _4931_/Y
 _4932_/X
 _4933_/X
 _4934_/X
 _4935_/X
 _4936_/X
 _4937_/X
 _4938_/X
 _4939_/X
 _4940_/X
 _4941_/X
 _4942_/X
 _4943_/X
 _4944_/X
 _4945_/X
 _4946_/X
 _4947_/X
 _4948_/Y
 _4949_/Y
 _4950_/Y
 _4951_/X
 _4952_/Y
 _4953_/X
 _4954_/Y
 _4955_/Y
 _4956_/X
 _4957_/Y
 _4958_/Y
 _4959_/Y
 _4960_/Y
 _4961_/X
 _4962_/Y
 _4963_/X
 _4964_/Y
 _4965_/X
 _4966_/Y
 _4967_/Y
 _4968_/X
 _4969_/X
 _4970_/Y
 _4971_/X
 _4972_/Y
 _4973_/X
 _4974_/Y
 _4975_/Y
 _4976_/X
 _4977_/X
 _4978_/Y
 _4979_/Y
 _4980_/X
 _4981_/X
 _4982_/Y
 _4983_/Y
 _4984_/Y
 _4985_/X
 _4986_/Y
 _4987_/X
 _4988_/X
 _4989_/Y
 _4990_/Y
 _4991_/X
 _4992_/X
 _4993_/X
 _4994_/Y
 _4995_/X
 _4996_/X
 _4997_/Y
 _4998_/X
 _4999_/Y
 _5000_/Y
 _5001_/Y
 _5002_/X
 _5003_/X
 _5004_/Y
 _5005_/X
 _5006_/Y
 _5007_/Y
 _5008_/Y
 _5009_/Y
 _5010_/X
 _5011_/X
 _5012_/Y
 _5013_/Y
 _5014_/X
 _5015_/Y
 _5016_/Y
 _5017_/Y
 _5018_/X
 _5019_/Y
 _5020_/X
 _5021_/Y
 _5022_/X
 _5023_/X
 _5024_/X
 _5025_/X
 _5026_/X
 _5027_/Y
 _5028_/X
 _5029_/Y
 _5030_/X
 _5031_/X
 _5032_/X
 _5033_/X
 _5034_/X
 _5035_/X
 _5036_/X
 _5037_/X
 _5038_/Y
 _5039_/Y
 _5040_/Y
 _5041_/X
 _5042_/Y
 _5043_/Y
 _5044_/X
 _5045_/Y
 _5046_/X
 _5047_/Y
 _5048_/Y
 _5049_/X
 _5050_/X
 _5051_/Y
 _5052_/X
 _5053_/X
 _5054_/Y
 _5055_/X
 _5056_/X
 _5057_/Y
 _5058_/Y
 _5059_/X
 _5060_/X
 _5061_/X
 _5062_/Y
 _5063_/X
 _5064_/Y
 _5065_/X
 _5066_/Y
 _5067_/X
 _5068_/X
 _5069_/X
 _5070_/Y
 _5071_/Y
 _5072_/Y
 _5073_/X
 _5074_/Y
 _5075_/Y
 _5076_/Y
 _5077_/X
 _5078_/Y
 _5079_/Y
 _5080_/X
 _5081_/X
 _5082_/Y
 _5083_/X
 _5084_/Y
 _5085_/Y
 _5086_/Y
 _5087_/X
 _5088_/Y
 _5089_/Y
 _5090_/X
 _5091_/X
 _5092_/X
 _5093_/X
 _5094_/X
 _5095_/Y
 _5096_/X
 _5097_/X
 _5098_/X
 _5099_/X
 _5100_/X
 _5101_/Y
 _5102_/X
 _5103_/X
 _5104_/X
 _5105_/X
 _5106_/Y
 _5107_/X
 _5108_/X
 _5109_/X
 _5110_/X
 _5111_/Y
 _5112_/X
 _5113_/Y
 _5114_/X
 _5115_/X
 _5116_/X
 _5117_/Y
 _5118_/Y
 _5119_/Y
 _5120_/X
 _5121_/Y
 _5122_/X
 _5123_/Y
 _5124_/X
 _5125_/Y
 _5126_/X
 _5127_/X
 _5128_/X
 _5129_/Y
 _5130_/Y
 _5131_/X
 _5132_/X
 _5133_/X
 _5134_/Y
 _5135_/Y
 _5136_/X
 _5137_/Y
 _5138_/X
 _5139_/Y
 _5140_/Y
 _5141_/Y
 _5142_/X
 _5143_/X
 _5144_/X
 _5145_/Y
 _5146_/Y
 _5147_/Y
 _5148_/X
 _5149_/X
 _5150_/Y
 _5151_/Y
 _5152_/Y
 _5153_/Y
 _5154_/X
 _5155_/X
 _5156_/X
 _5157_/X
 _5158_/Y
 _5159_/Y
 _5160_/X
 _5161_/Y
 _5162_/Y
 _5163_/X
 _5164_/X
 _5165_/X
 _5166_/Y
 _5167_/X
 _5168_/X
 _5169_/X
 _5170_/X
 _5171_/X
 _5172_/X
 _5173_/X
 _5174_/Y
 _5175_/X
 _5176_/X
 _5177_/X
 _5178_/X
 _5179_/Y
 _5180_/Y
 _5181_/Y
 _5182_/X
 _5183_/Y
 _5184_/X
 _5185_/X
 _5186_/X
 _5187_/X
 _5188_/Y
 _5189_/X
 _5190_/X
 _5191_/X
 _5192_/Y
 _5193_/X
 _5194_/X
 _5195_/X
 _5196_/X
 _5197_/X
 _5198_/X
 _5199_/X
 _5200_/X
 _5201_/Y
 _5202_/Y
 _5203_/Y
 _5204_/X
 _5205_/Y
 _5206_/X
 _5207_/Y
 _5208_/X
 _5209_/Y
 _5210_/X
 _5211_/Y
 _5212_/Y
 _5213_/Y
 _5214_/Y
 _5215_/X
 _5216_/Y
 _5217_/Y
 _5218_/Y
 _5219_/X
 _5220_/Y
 _5221_/X
 _5222_/Y
 _5223_/Y
 _5224_/Y
 _5225_/X
 _5226_/Y
 _5227_/X
 _5228_/Y
 _5229_/Y
 _5230_/X
 _5231_/X
 _5232_/Y
 _5233_/X
 _5234_/X
 _5235_/X
 _5236_/Y
 _5237_/X
 _5238_/X
 _5239_/Y
 _5240_/Y
 _5241_/X
 _5242_/Y
 _5243_/Y
 _5244_/X
 _5245_/Y
 _5246_/X
 _5247_/Y
 _5248_/X
 _5249_/X
 _5250_/X
 _5251_/Y
 _5252_/Y
 _5253_/X
 _5254_/X
 _5255_/X
 _5256_/Y
 _5257_/Y
 _5258_/X
 _5259_/X
 _5260_/X
 _5261_/X
 _5262_/X
 _5263_/Y
 _5264_/X
 _5265_/X
 _5266_/X
 _5267_/X
 _5268_/Y
 _5269_/Y
 _5270_/X
 _5271_/Y
 _5272_/X
 _5273_/X
 _5274_/X
 _5275_/X
 _5276_/Y
 _5277_/X
 _5278_/Y
 _5279_/Y
 _5280_/X
 _5281_/Y
 _5282_/X
 _5283_/X
 _5284_/X
 _5285_/X
 _5286_/X
 _5287_/X
 _5288_/X
 _5289_/Y
 _5290_/X
 _5291_/Y
 _5292_/X
 _5293_/Y
 _5294_/X
 _5295_/Y
 _5296_/X
 _5297_/Y
 _5298_/X
 _5299_/Y
 _5300_/X
 _5301_/Y
 _5302_/X
 _5303_/Y
 _5304_/X
 _5305_/Y
 _5306_/X
 _5307_/Y
 _5308_/X
 _5309_/Y
 _5310_/X
 _5311_/X
 _5312_/X
 _5313_/X
 _5314_/Y
 _5315_/Y
 _5316_/X
 _5317_/X
 _5318_/X
 _5319_/X
 _5320_/X
 _5321_/X
 _5322_/Y
 _5323_/X
 _5324_/Y
 _5325_/X
 _5326_/X
 _5327_/X
 _5328_/X
 _5329_/Y
 _5330_/X
 _5331_/Y
 _5332_/X
 _5333_/X
 _5334_/X
 _5335_/Y
 _5336_/Y
 _5337_/X
 _5338_/Y
 _5339_/Y
 _5340_/X
 _5341_/X
 _5342_/X
 _5343_/X
 _5344_/Y
 _5345_/X
 _5346_/X
 _5347_/X
 _5348_/X
 _5349_/X
 _5350_/X
 _5351_/X
 _5352_/X
 _5353_/Y
 _5354_/X
 _5355_/X
 _5356_/X
 _5357_/Y
 _5358_/Y
 _5359_/X
 _5360_/X
 _5361_/Y
 _5362_/Y
 _5363_/X
 _5364_/Y
 _5365_/X
 _5366_/Y
 _5367_/X
 _5368_/X
 _5369_/Y
 _5370_/X
 _5371_/X
 _5372_/X
 _5373_/X
 _5374_/Y
 _5375_/X
 _5376_/Y
 _5377_/X
 _5378_/Y
 _5379_/Y
 _5380_/Y
 _5381_/Y
 _5382_/Y
 _5383_/X
 _5384_/X
 _5385_/X
 _5386_/Y
 _5387_/Y
 _5388_/X
 _5389_/Y
 _5390_/X
 _5391_/X
 _5392_/Y
 _5393_/X
 _5394_/Y
 _5395_/Y
 _5396_/X
 _5397_/Y
 _5398_/X
 _5399_/X
 _5400_/X
 _5401_/Y
 _5402_/Y
 _5403_/Y
 _5404_/X
 _5405_/X
 _5406_/X
 _5407_/X
 _5408_/X
 _5409_/X
 _5410_/X
 _5411_/Y
 _5412_/X
 _5413_/Y
 _5414_/Y
 _5415_/Y
 _5416_/Y
 _5417_/Y
 _5418_/X
 _5419_/Y
 _5420_/X
 _5421_/Y
 _5422_/X
 _5423_/X
 _5424_/Y
 _5425_/X
 _5426_/X
 _5427_/Y
 _5428_/Y
 _5429_/Y
 _5430_/X
 _5431_/X
 _5432_/X
 _5433_/X
 _5434_/X
 _5435_/Y
 _5436_/X
 _5437_/X
 _5438_/X
 _5439_/X
 _5440_/X
 _5441_/X
 _5442_/X
 _5443_/X
 _5444_/Y
 _5445_/X
 _5446_/X
 _5447_/X
 _5448_/Y
 _5449_/Y
 _5450_/X
 _5451_/Y
 _5452_/Y
 _5453_/X
 _5454_/X
 _5455_/Y
 _5456_/X
 _5457_/X
 _5458_/Y
 _5459_/Y
 _5460_/X
 _5461_/X
 _5462_/X
 _5463_/Y
 _5464_/X
 _5465_/X
 _5466_/X
 _5467_/Y
 _5468_/X
 _5469_/X
 _5470_/X
 _5471_/Y
 _5472_/Y
 _5473_/X
 _5474_/Y
 _5475_/X
 _5476_/X
 _5477_/X
 _5478_/Y
 _5479_/Y
 _5480_/X
 _5481_/Y
 _5482_/X
 _5483_/Y
 _5484_/Y
 _5485_/X
 _5486_/Y
 _5487_/X
 _5488_/Y
 _5489_/X
 _5490_/X
 _5491_/X
 _5492_/Y
 _5493_/Y
 _5494_/X
 _5495_/X
 _5496_/Y
 _5497_/Y
 _5498_/Y
 _5499_/X
 _5500_/X
 _5501_/Y
 _5502_/X
 _5503_/X
 _5504_/Y
 _5505_/X
 _5506_/Y
 _5507_/X
 _5508_/Y
 _5509_/X
 _5510_/X
 _5511_/X
 _5512_/X
 _5513_/Y
 _5514_/X
 _5515_/X
 _5516_/Y
 _5517_/Y
 _5518_/X
 _5519_/X
 _5520_/Y
 _5521_/Y
 _5522_/X
 _5523_/X
 _5524_/X
 _5525_/Y
 _5526_/X
 _5527_/Y
 _5528_/Y
 _5529_/X
 _5530_/X
 _5531_/Y
 _5532_/X
 _5533_/X
 _5534_/X
 _5535_/X
 _5536_/X
 _5537_/X
 _5538_/X
 _5539_/Y
 _5540_/Y
 _5541_/X
 _5542_/Y
 _5543_/X
 _5544_/X
 _5545_/X
 _5546_/X
 _5547_/X
 _5548_/X
 _5549_/X
 _5550_/Y
 _5551_/X
 _5552_/X
 _5553_/X
 _5554_/X
 _5555_/X
 _5556_/X
 _5557_/X
 _5558_/X
 _5559_/Y
 _5560_/X
 _5561_/X
 _5562_/Y
 _5563_/X
 _5564_/X
 _5565_/X
 _5566_/Y
 _5567_/X
 _5568_/X
 _5569_/X
 _5570_/X
 _5571_/Y
 _5572_/X
 _5573_/Y
 _5574_/X
 _5575_/Y
 _5576_/X
 _5577_/X
 _5578_/X
 _5579_/X
 _5580_/X
 _5581_/X
 _5582_/X
 _5583_/X
 _5584_/X
 _5585_/X
 _5586_/X
 _5587_/Y
 _5588_/X
 _5589_/X
 _5590_/Y
 _5591_/X
 _5592_/Y
 _5593_/X
 _5594_/X
 _5595_/X
 _5596_/Y
 _5597_/Y
 _5598_/Y
 _5599_/Y
 _5600_/X
 _5601_/X
 _5602_/X
 _5603_/X
 _5604_/Y
 _5605_/X
 _5606_/X
 _5607_/X
 _5608_/X
 _5609_/Y
 _5610_/X
 _5611_/X
 _5612_/X
 _5613_/X
 _5614_/X
 _5615_/Y
 _5616_/X
 _5617_/X
 _5618_/X
 _5619_/X
 _5620_/X
 _5621_/X
 _5622_/X
 _5623_/X
 _5624_/X
 _5625_/X
 _5626_/X
 _5627_/Y
 _5628_/X
 _5629_/Y
 _5630_/X
 _5631_/X
 _5632_/X
 _5633_/X
 _5634_/X
 _5635_/X
 _5636_/X
 _5637_/X
 _5638_/X
 _5639_/X
 _5640_/X
 _5641_/X
 _5642_/Y
 _5643_/X
 _5644_/Y
 _5645_/X
 _5646_/X
 _5647_/X
 _5648_/Y
 _5649_/X
 _5650_/Y
 _5651_/X
 _5652_/X
 _5653_/Y
 _5654_/X
 _5655_/X
 _5656_/X
 _5657_/X
 _5658_/X
 _5659_/X
 _5660_/X
 _5661_/X
 _5662_/Y
 _5663_/X
 _5664_/X
 _5665_/X
 _5666_/Y
 _5667_/X
 _5668_/X
 _5669_/Y
 _5670_/X
 _5671_/X
 _5672_/Y
 _5673_/Y
 _5674_/X
 _5675_/X
 _5676_/X
 _5677_/X
 _5678_/X
 _5679_/Y
 _5680_/Y
 _5681_/X
 _5682_/X
 _5683_/Y
 _5684_/X
 _5685_/X
 _5686_/Y
 _5687_/X
 _5688_/Y
 _5689_/X
 _5690_/X
 _5691_/X
 _5692_/X
 _5693_/X
 _5694_/Y
 _5695_/Y
 _5696_/X
 _5697_/Y
 _5698_/X
 _5699_/Y
 _5700_/X
 _5701_/X
 _5702_/Y
 _5703_/X
 _5704_/X
 _5705_/Y
 _5706_/X
 _5707_/X
 _5708_/X
 _5709_/X
 _5710_/X
 _5711_/X
 _5712_/Y
 _5713_/Y
 _5714_/X
 _5715_/X
 _5716_/X
 _5717_/X
 _5718_/Y
 _5719_/X
 _5720_/Y
 _5721_/X
 _5722_/X
 _5723_/X
 _5724_/X
 _5725_/Y
 _5726_/Y
 _5727_/X
 _5728_/X
 _5729_/Y
 _5730_/X
 _5731_/Y
 _5732_/X
 _5733_/X
 _5734_/X
 _5735_/X
 _5736_/X
 _5737_/Y
 _5738_/Y
 _5739_/X
 _5740_/X
 _5741_/X
 _5742_/X
 _5743_/X
 _5744_/X
 _5745_/X
 _5746_/X
 _5747_/X
 _5748_/X
 _5749_/Y
 _5750_/Y
 _5751_/X
 _5752_/Y
 _5753_/X
 _5754_/Y
 _5755_/X
 _5756_/X
 _5757_/X
 _5758_/X
 _5759_/X
 _5760_/X
 _5761_/X
 _5762_/X
 _5763_/X
 _5764_/X
 _5765_/X
 _5766_/X
 _5767_/X
 _5768_/X
 _5769_/Y
 _5770_/X
 _5771_/X
 _5772_/X
 _5773_/X
 _5774_/X
 _5775_/X
 _5776_/X
 _5777_/X
 _5778_/Y
 _5779_/X
 _5780_/Y
 _5781_/X
 _5782_/X
 _5783_/X
 _5784_/X
 _5785_/X
 _5786_/X
 _5787_/X
 _5788_/Y
 _5789_/X
 _5790_/X
 _5791_/X
 _5792_/X
 _5793_/X
 _5794_/X
 _5795_/X
 _5796_/Y
 _5797_/Y
 _5798_/X
 _5799_/X
 _5800_/Y
 _5801_/Y
 _5802_/Y
 _5803_/X
 _5804_/X
 _5805_/X
 _5806_/X
 _5807_/X
 _5808_/Y
 _5809_/Y
 _5810_/X
 _5811_/X
 _5812_/X
 _5813_/X
 _5814_/Y
 _5815_/X
 _5816_/X
 _5817_/Y
 _5818_/X
 _5819_/X
 _5820_/X
 _5821_/X
 _5822_/Y
 _5823_/X
 _5824_/Y
 _5825_/X
 _5826_/X
 _5827_/X
 _5828_/X
 _5829_/X
 _5830_/X
 _5831_/X
 _5832_/Y
 _5833_/X
 _5834_/X
 _5835_/X
 _5836_/X
 _5837_/X
 _5838_/X
 _5839_/X
 _5840_/Y
 _5841_/X
 _5842_/X
 _5843_/X
 _5844_/X
 _5845_/Y
 _5846_/X
 _5847_/X
 _5848_/Y
 _5849_/X
 _5850_/X
 _5851_/Y
 _5852_/X
 _5853_/X
 _5854_/X
 _5855_/X
 _5856_/X
 _5857_/Y
 _5858_/Y
 _5859_/X
 _5860_/X
 _5861_/X
 _5862_/X
 _5863_/X
 _5864_/X
 _5865_/X
 _5866_/X
 _5867_/X
 _5868_/X
 _5869_/X
 _5870_/Y
 _5871_/X
 _5872_/Y
 _5873_/X
 _5874_/X
 _5875_/Y
 _5876_/X
 _5877_/Y
 _5878_/X
 _5879_/Y
 _5880_/X
 _5881_/X
 _5882_/Y
 _5883_/Y
 _5884_/X
 _5885_/X
 _5886_/X
 _5887_/X
 _5888_/Y
 _5889_/Y
 _5890_/X
 _5891_/Y
 _5892_/X
 _5893_/Y
 _5894_/X
 _5895_/Y
 _5896_/Y
 _5897_/X
 _5898_/X
 _5899_/X
 _5900_/Y
 _5901_/X
 _5902_/X
 _5903_/X
 _5904_/Y
 _5905_/X
 _5906_/X
 _5907_/Y
 _5908_/X
 _5909_/Y
 _5910_/Y
 _5911_/X
 _5912_/X
 _5913_/X
 _5914_/Y
 _5915_/X
 _5916_/X
 _5917_/X
 _5918_/Y
 _5919_/X
 _5920_/X
 _5921_/X
 _5922_/X
 _5923_/Y
 _5924_/X
 _5925_/X
 _5926_/X
 _5927_/Y
 _5928_/X
 _5929_/X
 _5930_/X
 _5931_/Y
 _5932_/X
 _5933_/X
 _5934_/X
 _5935_/Y
 _5936_/Y
 _5937_/Y
 _5938_/X
 _5939_/Y
 _5940_/X
 _5941_/X
 _5942_/X
 _5943_/X
 _5944_/Y
 _5945_/X
 _5946_/X
 _5947_/X
 _5948_/Y
 _5949_/X
 _5950_/X
 _5951_/Y
 _5952_/Y
 _5953_/Y
 _5954_/X
 _5955_/X
 _5956_/X
 _5957_/X
 _5958_/X
 _5959_/Y
 _5960_/X
 _5961_/X
 _5962_/X
 _5963_/Y
 _5964_/X
 _5965_/X
 _5966_/Y
 _5967_/X
 _5968_/X
 _5969_/Y
 _5970_/X
 _5971_/X
 _5972_/X
 _5973_/X
 _5974_/X
 _5975_/Y
 _5976_/Y
 _5977_/X
 _5978_/X
 _5979_/X
 _5980_/X
 _5981_/X
 _5982_/X
 _5983_/X
 _5984_/X
 _5985_/X
 _5986_/Y
 _5987_/X
 _5988_/X
 _5989_/X
 _5990_/X
 _5991_/Y
 _5992_/X
 _5993_/X
 _5994_/Y
 _5995_/X
 _5996_/X
 _5997_/Y
 _5998_/X
 _5999_/X
 _6000_/X
 _6001_/X
 _6002_/Y
 _6003_/X
 _6004_/X
 _6005_/X
 _6006_/X
 _6007_/X
 _6008_/X
 _6009_/X
 _6010_/X
 _6011_/Y
 _6012_/X
 _6013_/X
 _6014_/Y
 _6015_/Y
 _6016_/X
 _6017_/X
 _6018_/X
 _6019_/X
 _6020_/X
 _6021_/X
 _6022_/Y
 _6023_/X
 _6024_/X
 _6025_/Y
 _6026_/Y
 _6027_/X
 _6028_/X
 _6029_/X
 _6030_/X
 _6031_/Y
 _6032_/X
 _6033_/X
 _6034_/Y
 _6035_/Y
 _6036_/X
 _6037_/X
 _6038_/X
 _6039_/X
 _6040_/X
 _6041_/X
 _6042_/Y
 _6043_/Y
 _6044_/X
 _6045_/Y
 _6046_/Y
 _6047_/X
 _6048_/X
 _6049_/Y
 _6050_/X
 _6051_/X
 _6052_/X
 _6053_/Y
 _6054_/X
 _6055_/Y
 _6056_/X
 _6057_/X
 _6058_/X
 _6059_/X
 _6060_/X
 _6061_/X
 _6062_/X
 _6063_/X
 _6064_/X
 _6065_/Y
 _6066_/X
 _6067_/Y
 _6068_/X
 _6069_/X
 _6070_/X
 _6071_/X
 _6072_/X
 _6073_/Y
 _6074_/X
 _6075_/X
 _6076_/X
 _6077_/X
 _6078_/Y
 _6079_/X
 _6080_/X
 _6081_/X
 _6082_/Y
 _6083_/X
 _6084_/X
 _6085_/X
 _6086_/X
 _6087_/X
 _6088_/X
 _6089_/X
 _6090_/X
 _6091_/Y
 _6092_/X
 _6093_/X
 _6094_/X
 _6095_/Y
 _6096_/X
 _6097_/X
 _6098_/X
 _6099_/X
 _6100_/X
 _6101_/Y
 _6102_/Y
 _6103_/Y
 _6104_/X
 _6105_/X
 _6106_/X
 _6107_/X
 _6108_/X
 _6109_/X
 _6110_/X
 _6111_/X
 _6112_/X
 _6113_/X
 _6114_/X
 _6115_/Y
 _6116_/X
 _6117_/X
 _6118_/Y
 _6119_/X
 _6120_/X
 _6121_/Y
 _6122_/X
 _6123_/Y
 _6124_/X
 _6125_/Y
 _6126_/X
 _6127_/Y
 _6128_/X
 _6129_/Y
 _6130_/X
 _6131_/X
 _6132_/X
 _6133_/X
 _6134_/Y
 _6135_/X
 _6136_/X
 _6137_/X
 _6138_/X
 _6139_/X
 _6140_/X
 _6141_/X
 _6142_/X
 _6143_/X
 _6144_/X
 _6145_/Y
 _6146_/Y
 _6147_/Y
 _6148_/X
 _6149_/Y
 _6150_/X
 _6151_/X
 _6152_/X
 _6153_/X
 _6154_/X
 _6155_/X
 _6156_/X
 _6157_/Y
 _6158_/Y
 _6159_/Y
 _6160_/X
 _6161_/X
 _6162_/X
 _6163_/X
 _6164_/X
 _6165_/X
 _6166_/Y
 _6167_/X
 _6168_/X
 _6169_/X
 _6170_/X
 _6171_/Y
 _6172_/Y
 _6173_/X
 _6174_/X
 _6175_/X
 _6176_/Y
 _6177_/Y
 _6178_/X
 _6179_/X
 _6180_/Y
 _6181_/X
 _6182_/X
 _6183_/Y
 _6184_/X
 _6185_/X
 _6186_/X
 _6187_/Y
 _6188_/X
 _6189_/X
 _6190_/X
 _6191_/X
 _6192_/Y
 _6193_/X
 _6194_/X
 _6195_/X
 _6196_/Y
 _6197_/X
 _6198_/Y
 _6199_/X
 _6200_/X
 _6201_/Y
 _6202_/X
 _6203_/Y
 _6204_/Y
 _6205_/X
 _6206_/X
 _6207_/X
 _6208_/X
 _6209_/X
 _6210_/X
 _6211_/X
 _6212_/X
 _6213_/X
 _6214_/Y
 _6215_/Y
 _6216_/X
 _6217_/X
 _6218_/X
 _6219_/Y
 _6220_/X
 _6221_/X
 _6222_/X
 _6223_/X
 _6224_/X
 _6225_/Y
 _6226_/X
 _6227_/X
 _6228_/X
 _6229_/Y
 _6230_/X
 _6231_/X
 _6232_/Y
 _6233_/Y
 _6234_/X
 _6235_/X
 _6236_/X
 _6237_/X
 _6238_/Y
 _6239_/X
 _6240_/X
 _6241_/X
 _6242_/X
 _6243_/Y
 _6244_/Y
 _6245_/X
 _6246_/X
 _6247_/X
 _6248_/X
 _6249_/X
 _6250_/X
 _6251_/Y
 _6252_/X
 _6253_/X
 _6254_/X
 _6255_/X
 _6256_/X
 _6257_/Y
 _6258_/X
 _6259_/X
 _6260_/Y
 _6261_/Y
 _6262_/X
 _6263_/Y
 _6264_/X
 _6265_/Y
 _6266_/X
 _6267_/Y
 _6268_/X
 _6269_/X
 _6270_/X
 _6271_/Y
 _6272_/X
 _6273_/X
 _6274_/X
 _6275_/X
 _6276_/X
 _6277_/Y
 _6278_/Y
 _6279_/Y
 _6280_/Y
 _6281_/Y
 _6282_/X
 _6283_/X
 _6284_/X
 _6285_/Y
 _6286_/X
 _6287_/X
 _6288_/X
 _6289_/Y
 _6290_/Y
 _6291_/X
 _6292_/X
 _6293_/X
 _6294_/Y
 _6295_/Y
 _6296_/X
 _6297_/X
 _6298_/Y
 _6299_/X
 _6300_/X
 _6301_/Y
 _6302_/X
 _6303_/X
 _6304_/Y
 _6305_/X
 _6306_/X
 _6307_/X
 _6308_/X
 _6309_/Y
 _6310_/X
 _6311_/Y
 _6312_/X
 _6313_/X
 _6314_/Y
 _6315_/X
 _6316_/Y
 _6317_/X
 _6318_/X
 _6319_/Y
 _6320_/X
 _6321_/X
 _6322_/X
 _6323_/X
 _6324_/Y
 _6325_/X
 _6326_/Y
 _6327_/Y
 _6328_/X
 _6329_/X
 _6330_/X
 _6331_/X
 _6332_/X
 _6333_/Y
 _6334_/X
 _6335_/X
 _6336_/Y
 _6337_/X
 _6338_/Y
 _6339_/X
 _6340_/X
 _6341_/Y
 _6342_/Y
 _6343_/X
 _6344_/Y
 _6345_/X
 _6346_/Y
 _6347_/X
 _6348_/Y
 _6349_/Y
 _6350_/X
 _6351_/X
 _6352_/Y
 _6353_/X
 _6354_/Y
 _6355_/X
 _6356_/X
 _6357_/X
 _6358_/Y
 _6359_/X
 _6360_/Y
 _6361_/X
 _6362_/X
 _6363_/X
 _6364_/X
 _6365_/Y
 _6366_/X
 _6367_/X
 _6368_/X
 _6369_/X
 _6370_/Y
 _6371_/X
 _6372_/X
 _6373_/X
 _6374_/Y
 _6375_/Y
 _6376_/Y
 _6377_/X
 _6378_/X
 _6379_/X
 _6380_/X
 _6381_/Y
 _6382_/X
 _6383_/Y
 _6384_/X
 _6385_/X
 _6386_/Y
 _6387_/X
 _6388_/Y
 _6389_/X
 _6390_/Y
 _6391_/X
 _6392_/X
 _6393_/X
 _6394_/Y
 _6395_/X
 _6396_/Y
 _6397_/X
 _6398_/X
 _6399_/X
 _6400_/Y
 _6401_/X
 _6402_/Y
 _6403_/X
 _6404_/X
 _6405_/X
 _6406_/Y
 _6407_/X
 _6408_/Y
 _6409_/X
 _6410_/X
 _6411_/Y
 _6412_/Y
 _6413_/X
 _6414_/X
 _6415_/X
 _6416_/Y
 _6417_/X
 _6418_/Y
 _6419_/X
 _6420_/X
 _6421_/X
 _6422_/Y
 _6423_/X
 _6424_/X
 _6425_/X
 _6426_/Y
 _6427_/X
 _6428_/Y
 _6429_/X
 _6430_/Y
 _6431_/X
 _6432_/Y
 _6433_/X
 _6434_/X
 _6435_/X
 _6436_/X
 _6437_/X
 _6438_/Y
 _6439_/Y
 _6440_/Y
 _6441_/X
 _6442_/X
 _6443_/Y
 _6444_/Y
 _6445_/X
 _6446_/X
 _6447_/X
 _6448_/X
 _6449_/Y
 _6450_/Y
 _6451_/X
 _6452_/X
 _6453_/X
 _6454_/X
 _6455_/Y
 _6456_/Y
 _6457_/X
 _6458_/X
 _6459_/Y
 _6460_/X
 _6461_/X
 _6462_/Y
 _6463_/X
 _6464_/Y
 _6465_/X
 _6466_/Y
 _6467_/Y
 _6468_/Y
 _6469_/X
 _6470_/Y
 _6471_/X
 _6472_/X
 _6473_/X
 _6474_/X
 _6475_/Y
 _6476_/X
 _6477_/Y
 _6478_/X
 _6479_/X
 _6480_/Y
 _6481_/Y
 _6482_/X
 _6483_/Y
 _6484_/X
 _6485_/X
 _6486_/X
 _6487_/Y
 _6488_/Y
 _6489_/Y
 _6490_/Y
 _6491_/X
 _6492_/Y
 _6493_/X
 _6494_/Y
 _6495_/X
 _6496_/X
 _6497_/X
 _6498_/Y
 _6499_/Y
 _6500_/Y
 _6501_/X
 _6502_/Y
 _6503_/X
 _6504_/X
 _6505_/X
 _6506_/X
 _6507_/Y
 _6508_/Y
 _6509_/Y
 _6510_/X
 _6511_/Y
 _6512_/X
 _6513_/X
 _6514_/X
 _6515_/X
 _6516_/Y
 _6517_/Y
 _6518_/Y
 _6519_/X
 _6520_/X
 _6521_/Y
 _6522_/X
 _6523_/X
 _6524_/X
 _6525_/X
 _6526_/X
 _6527_/X
 _6528_/X
 _6529_/Y
 _6530_/Y
 _6531_/Y
 _6532_/X
 _6533_/X
 _6534_/X
 _6535_/X
 _6536_/Y
 _6537_/Y
 _6538_/X
 _6539_/Y
 _6540_/X
 _6541_/X
 _6542_/X
 _6543_/Y
 _6544_/X
 _6545_/X
 _6546_/X
 _6547_/Y
 _6548_/X
 _6549_/Y
 _6550_/X
 _6551_/X
 _6552_/Y
 _6553_/Y
 _6554_/X
 _6555_/X
 _6556_/X
 _6557_/Y
 _6558_/Y
 _6559_/X
 _6560_/X
 _6561_/X
 _6562_/Y
 _6563_/X
 _6564_/X
 _6565_/X
 _6566_/X
 _6567_/Y
 _6568_/Y
 _6569_/Y
 _6570_/X
 _6571_/Y
 _6572_/X
 _6573_/X
 _6574_/X
 _6575_/X
 _6576_/X
 _6577_/Y
 _6578_/X
 _6579_/Y
 _6580_/X
 _6581_/X
 _6582_/Y
 _6583_/X
 _6584_/X
 _6585_/X
 _6586_/Y
 _6587_/X
 _6588_/X
 _6589_/X
 _6590_/Y
 _6591_/X
 _6592_/X
 _6593_/X
 _6594_/X
 _6595_/X
 _6596_/X
 _6597_/Y
 _6598_/Y
 _6599_/X
 _6600_/Y
 _6601_/X
 _6602_/Y
 _6603_/Y
 _6604_/X
 _6605_/X
 _6606_/X
 _6607_/X
 _6608_/X
 _6609_/Y
 _6610_/X
 _6611_/Y
 _6612_/X
 _6613_/X
 _6614_/Y
 _6615_/X
 _6616_/X
 _6617_/X
 _6618_/X
 _6619_/X
 _6620_/Y
 _6621_/Y
 _6622_/Y
 _6623_/X
 _6624_/Y
 _6625_/Y
 _6626_/X
 _6627_/X
 _6628_/X
 _6629_/X
 _6630_/Y
 _6631_/Y
 _6632_/X
 _6633_/Y
 _6634_/Y
 _6635_/Y
 _6636_/X
 _6637_/X
 _6638_/X
 _6639_/X
 _6640_/Y
 _6641_/X
 _6642_/X
 _6643_/Y
 _6644_/X
 _6645_/X
 _6646_/X
 _6647_/X
 _6648_/Y
 _6649_/Y
 _6650_/X
 _6651_/X
 _6652_/X
 _6653_/X
 _6654_/X
 _6655_/X
 _6656_/X
 _6657_/X
 _6658_/Y
 _6659_/Y
 _6660_/X
 _6661_/X
 _6662_/Y
 _6663_/X
 _6664_/X
 _6665_/X
 _6666_/X
 _6667_/Y
 _6668_/Y
 _6669_/X
 _6670_/Y
 _6671_/Y
 _6672_/X
 _6673_/X
 _6674_/X
 _6675_/X
 _6676_/Y
 _6677_/X
 _6678_/X
 _6679_/X
 _6680_/X
 _6681_/X
 _6682_/X
 _6683_/X
 _6684_/X
 _6685_/Y
 _6686_/Y
 _6687_/Y
 _6688_/X
 _6689_/X
 _6690_/X
 _6691_/Y
 _6692_/Y
 _6693_/X
 _6694_/Y
 _6695_/Y
 _6696_/X
 _6697_/Y
 _6698_/Y
 _6699_/X
 _6700_/Y
 _6701_/Y
 _6702_/Y
 _6703_/X
 _6704_/X
 _6705_/X
 _6706_/X
 _6707_/Y
 _6708_/X
 _6709_/X
 _6710_/X
 _6711_/Y
 _6712_/X
 _6713_/Y
 _6714_/X
 _6715_/Y
 _6716_/X
 _6717_/Y
 _6718_/Y
 _6719_/X
 _6720_/Y
 _6721_/X
 _6722_/Y
 _6723_/X
 _6724_/Y
 _6725_/X
 _6726_/Y
 _6727_/X
 _6728_/X
 _6729_/Y
 _6730_/X
 _6731_/Y
 _6732_/Y
 _6733_/X
 _6734_/X
 _6735_/Y
 _6736_/X
 _6737_/X
 _6738_/X
 _6739_/X
 _6740_/X
 _6741_/X
 _6742_/X
 _6743_/Y
 _6744_/X
 _6745_/X
 _6746_/X
 _6747_/X
 _6748_/X
 _6749_/X
 _6750_/X
 _6751_/Y
 _6752_/X
 _6753_/Y
 _6754_/Y
 _6755_/Y
 _6756_/Y
 _6757_/Y
 _6758_/X
 _6759_/Y
 _6760_/X
 _6761_/X
 _6762_/X
 _6763_/X
 _6764_/Y
 _6765_/X
 _6766_/X
 _6767_/X
 _6768_/X
 _6769_/X
 _6770_/X
 _6771_/X
 _6772_/X
 _6773_/Y
 _6774_/Y
 _6775_/X
 _6776_/Y
 _6777_/Y
 _6778_/Y
 _6779_/Y
 _6780_/X
 _6781_/Y
 _6782_/X
 _6783_/Y
 _6784_/Y
 _6785_/X
 _6786_/Y
 _6787_/X
 _6788_/Y
 _6789_/X
 _6790_/X
 _6791_/X
 _6792_/Y
 _6793_/X
 _6794_/X
 _6795_/Y
 _6796_/X
 _6797_/Y
 _6798_/Y
 _6799_/Y
 _6800_/Y
 _6801_/Y
 _6802_/X
 _6803_/Y
 _6804_/X
 _6805_/X
 _6806_/X
 _6807_/X
 _6808_/X
 _6809_/Y
 _6810_/Y
 _6811_/X
 _6812_/Y
 _6813_/X
 _6814_/X
 _6815_/X
 _6816_/Y
 _6817_/X
 _6818_/Y
 _6819_/Y
 _6820_/X
 _6821_/Y
 _6822_/X
 _6823_/X
 _6824_/X
 _6825_/Y
 _6826_/Y
 _6827_/Y
 _6828_/Y
 _6829_/Y
 _6830_/Y
 _6831_/Y
 _6832_/X
 _6833_/X
 _6834_/X
 _6835_/Y
 _6836_/X
 _6837_/X
 _6838_/X
 _6839_/X
 _6840_/Y
 _6841_/Y
 _6842_/X
 _6843_/X
 _6844_/Y
 _6845_/Y
 _6846_/Y
 _6847_/X
 _6848_/Y
 _6849_/Y
 _6850_/X
 _6851_/Y
 _6852_/X
 _6853_/Y
 _6854_/Y
 _6855_/Y
 _6856_/X
 _6857_/X
 _6858_/X
 _6859_/Y
 _6860_/X
 _6861_/Y
 _6862_/Y
 _6863_/X
 _6864_/Y
 _6865_/Y
 _6866_/X
 _6867_/Y
 _6868_/X
 _6869_/Y
 _6870_/X
 _6871_/X
 _6872_/X
 _6873_/X
 _6874_/Y
 _6875_/X
 _6876_/X
 _6877_/X
 _6878_/X
 _6879_/Y
 _6880_/X
 _6881_/Y
 _6882_/X
 _6883_/X
 _6884_/X
 _6885_/Y
 _6886_/X
 _6887_/Y
 _6888_/Y
 _6889_/Y
 _6890_/Y
 _6891_/Y
 _6892_/X
 _6893_/Y
 _6894_/Y
 _6895_/X
 _6896_/Y
 _6897_/X
 _6898_/X
 _6899_/X
 _6900_/Y
 _6901_/Y
 _6902_/X
 _6903_/Y
 _6904_/X
 _6905_/X
 _6906_/X
 _6907_/Y
 _6908_/X
 _6909_/Y
 _6910_/X
 _6911_/Y
 _6912_/X
 _6913_/X
 _6914_/Y
 _6915_/X
 _6916_/Y
 _6917_/Y
 _6918_/X
 _6919_/Y
 _6920_/Y
 _6921_/X
 _6922_/Y
 _6923_/X
 _6924_/X
 _6925_/X
 _6926_/X
 _6927_/Y
 _6928_/Y
 _6929_/X
 _6930_/Y
 _6931_/X
 _6932_/X
 _6933_/X
 _6934_/Y
 _6935_/Y
 _6936_/Y
 _6937_/X
 _6938_/Y
 _6939_/Y
 _6940_/X
 _6941_/X
 _7160_/X
 _7161_/X
 _7162_/X
 _7163_/X
 _7164_/X
 _7165_/X
 _7166_/X
 _7167_/X
 _7168_/X
 _7169_/X
 _7170_/X
 _7171_/X
 _7172_/X
 _7173_/X
 _7174_/X
 _7175_/X
 _7176_/X
 _7177_/X
 _7178_/X
 _7179_/X
 _7180_/X
 _7181_/X
 _7182_/X
 _7183_/X
 _7184_/X
 _7185_/X
 _7186_/X
 _7187_/X
 _7188_/X
 _7189_/X
 _7190_/X
 _7191_/X
 _7192_/X
 _7193_/X
 _7194_/X
 _7195_/X
 _7196_/X
 _7197_/X
 _7198_/X
 _7199_/X
 _7200_/X
 _7201_/X
 _7202_/X
 _7203_/X
 _7204_/X
 _7205_/X
 _7206_/X
 _7207_/X
 _7208_/X
 _7209_/X
 _7210_/X
 _7211_/X
 _7212_/X
 _7213_/X
 _7214_/X
 _7215_/X
 _7216_/X
 _7217_/X
 _7218_/X
 _7219_/X
 _7220_/X
 _7221_/X
 _7222_/X
 _7223_/X
 _7224_/X
 _7225_/X
 _7226_/X
 _7227_/X
 _7228_/X
 _7229_/X
 _7230_/X
 _7231_/X
 _7232_/X
 _7233_/X
 _7234_/X
 _7235_/X
 _7236_/X
 _7237_/X
 _7238_/X
 _7239_/X
 _7240_/X
 _7241_/X
 _7242_/X
 _7243_/X
 _7244_/X
 _7245_/X
 _7246_/X
 _7247_/X
 _7248_/X
 _7249_/X
 _7250_/X
 _7251_/X
 _7252_/X
 _7253_/X
 _7254_/X
 _7255_/X
 _7256_/X
 _7257_/X
 _7258_/X
 _7259_/X
 _7260_/X
 _7261_/X
 _7262_/X
 _7263_/X
 _7264_/X
 _7265_/X
 _7266_/X
 _7267_/X
 _7268_/X
 _7269_/X
 _7270_/X
 _7271_/X
 _7272_/X
 _7273_/X
 _7274_/X
 _7275_/X
 _7276_/X
 _7277_/X
 _7278_/X
 _7279_/X
 _7280_/X
 _7281_/X
 _7282_/X
 _7283_/X
 _7284_/X
 _7285_/X
 _7286_/X
 _7287_/X
 _7288_/X
 _7289_/X
 _7290_/X
 _7291_/X
 _7292_/X
 _7293_/X
 _7294_/X
 _7295_/X
 _7296_/X
 _7297_/X
 _7298_/X
 _7299_/X
 _7300_/X
 _7301_/X
 _7302_/X
 _7303_/X
 _7304_/X
 _7305_/X
 _7306_/X
 _7307_/X
 _7308_/X
 _7309_/X
 _7310_/X
 _7311_/X
 _7312_/X
 _7313_/X
 _7314_/X
 _7315_/X
 _7316_/X
 _7317_/X
 _7318_/X
 _7319_/X
 _7320_/X
 _7321_/X
 _7322_/X
 _7323_/X
 _7324_/X
 _7325_/X
 _7326_/X
 _7327_/X
 _7328_/X
 _7329_/X
 _7330_/X
 _7331_/X
 _7332_/X
 _7333_/X
 _7334_/X
 _7335_/X
 _7336_/X
 _7337_/X
 _7338_/X
 _7339_/X
 _7340_/X
 input1/X
 input10/X
 input100/X
 input101/X
 input102/X
 input103/X
 input104/X
 input105/X
 input106/X
 input107/X
 input108/X
 input109/X
 input11/X
 input110/X
 input111/X
 input112/X
 input113/X
 input114/X
 input115/X
 input116/X
 input117/X
 input118/X
 input119/X
 input12/X
 input120/X
 input121/X
 input122/X
 input123/X
 input124/X
 input125/X
 input126/X
 input127/X
 input128/X
 input129/X
 input13/X
 input130/X
 input131/X
 input132/X
 input133/X
 input134/X
 input135/X
 input136/X
 input137/X
 input138/X
 input139/X
 input14/X
 input140/X
 input141/X
 input142/X
 input143/X
 input144/X
 input145/X
 input146/X
 input147/X
 input148/X
 input149/X
 input15/X
 input150/X
 input151/X
 input152/X
 input153/X
 input154/X
 input155/X
 input156/X
 input157/X
 input158/X
 input159/X
 input16/X
 input160/X
 input161/X
 input162/X
 input163/X
 input164/X
 input165/X
 input166/X
 input167/X
 input168/X
 input169/X
 input17/X
 input170/X
 input171/X
 input172/X
 input173/X
 input174/X
 input175/X
 input176/X
 input177/X
 input178/X
 input179/X
 input18/X
 input180/X
 input181/X
 input182/X
 input183/X
 input184/X
 input185/X
 input186/X
 input187/X
 input188/X
 input189/X
 input19/X
 input190/X
 input191/X
 input192/X
 input193/X
 input194/X
 input195/X
 input196/X
 input197/X
 input198/X
 input199/X
 input2/X
 input20/X
 input200/X
 input201/X
 input202/X
 input203/X
 input204/X
 input205/X
 input206/X
 input207/X
 input208/X
 input209/X
 input21/X
 input210/X
 input211/X
 input212/X
 input213/X
 input214/X
 input215/X
 input216/X
 input217/X
 input218/X
 input219/X
 input22/X
 input220/X
 input221/X
 input222/X
 input223/X
 input224/X
 input225/X
 input226/X
 input227/X
 input228/X
 input229/X
 input23/X
 input230/X
 input231/X
 input232/X
 input233/X
 input234/X
 input235/X
 input236/X
 input237/X
 input238/X
 input239/X
 input24/X
 input240/X
 input241/X
 input242/X
 input243/X
 input244/X
 input245/X
 input246/X
 input247/X
 input248/X
 input249/X
 input25/X
 input250/X
 input251/X
 input252/X
 input253/X
 input254/X
 input255/X
 input256/X
 input257/X
 input258/X
 input259/X
 input26/X
 input260/X
 input261/X
 input262/X
 input263/X
 input264/X
 input265/X
 input266/X
 input267/X
 input268/X
 input269/X
 input27/X
 input270/X
 input271/X
 input272/X
 input273/X
 input274/X
 input275/X
 input276/X
 input277/X
 input278/X
 input279/X
 input28/X
 input280/X
 input281/X
 input282/X
 input283/X
 input284/X
 input285/X
 input286/X
 input287/X
 input288/X
 input289/X
 input29/X
 input290/X
 input291/X
 input292/X
 input293/X
 input294/X
 input295/X
 input296/X
 input297/X
 input298/X
 input299/X
 input3/X
 input30/X
 input300/X
 input301/X
 input302/X
 input303/X
 input304/X
 input305/X
 input306/X
 input307/X
 input308/X
 input309/X
 input31/X
 input310/X
 input311/X
 input312/X
 input313/X
 input314/X
 input315/X
 input316/X
 input317/X
 input318/X
 input319/X
 input32/X
 input320/X
 input321/X
 input322/X
 input323/X
 input324/X
 input325/X
 input326/X
 input327/X
 input328/X
 input329/X
 input33/X
 input330/X
 input331/X
 input332/X
 input333/X
 input334/X
 input335/X
 input336/X
 input337/X
 input338/X
 input339/X
 input34/X
 input340/X
 input341/X
 input342/X
 input343/X
 input344/X
 input345/X
 input346/X
 input347/X
 input348/X
 input349/X
 input35/X
 input350/X
 input351/X
 input352/X
 input353/X
 input354/X
 input355/X
 input356/X
 input357/X
 input358/X
 input359/X
 input36/X
 input360/X
 input361/X
 input362/X
 input363/X
 input364/X
 input365/X
 input366/X
 input367/X
 input368/X
 input369/X
 input37/X
 input370/X
 input371/X
 input372/X
 input373/X
 input374/X
 input375/X
 input376/X
 input377/X
 input378/X
 input379/X
 input38/X
 input380/X
 input381/X
 input382/X
 input383/X
 input384/X
 input385/X
 input386/X
 input387/X
 input388/X
 input389/X
 input39/X
 input390/X
 input391/X
 input392/X
 input393/X
 input394/X
 input395/X
 input396/X
 input397/X
 input398/X
 input399/X
 input4/X
 input40/X
 input400/X
 input401/X
 input402/X
 input403/X
 input404/X
 input405/X
 input406/X
 input407/X
 input408/X
 input409/X
 input41/X
 input410/X
 input411/X
 input412/X
 input413/X
 input414/X
 input415/X
 input416/X
 input417/X
 input418/X
 input419/X
 input42/X
 input420/X
 input421/X
 input422/X
 input423/X
 input424/X
 input425/X
 input426/X
 input427/X
 input428/X
 input429/X
 input43/X
 input430/X
 input431/X
 input44/X
 input45/X
 input46/X
 input47/X
 input48/X
 input49/X
 input5/X
 input50/X
 input51/X
 input52/X
 input53/X
 input54/X
 input55/X
 input56/X
 input57/X
 input58/X
 input59/X
 input6/X
 input60/X
 input61/X
 input62/X
 input63/X
 input64/X
 input65/X
 input66/X
 input67/X
 input68/X
 input69/X
 input7/X
 input70/X
 input71/X
 input72/X
 input73/X
 input74/X
 input75/X
 input76/X
 input77/X
 input78/X
 input79/X
 input8/X
 input80/X
 input81/X
 input82/X
 input83/X
 input84/X
 input85/X
 input86/X
 input87/X
 input88/X
 input89/X
 input9/X
 input90/X
 input91/X
 input92/X
 input93/X
 input94/X
 input95/X
 input96/X
 input97/X
 input98/X
 input99/X
 max_cap724/X
 max_cap727/X
 output432/X
 output433/X
 output434/X
 output435/X
 output436/X
 output437/X
 output438/X
 output439/X
 output440/X
 output441/X
 output442/X
 output443/X
 output444/X
 output445/X
 output446/X
 output447/X
 output448/X
 output449/X
 output450/X
 output451/X
 output452/X
 output453/X
 output454/X
 output455/X
 output456/X
 output457/X
 output458/X
 output459/X
 output460/X
 output461/X
 output462/X
 output463/X
 output464/X
 output465/X
 output466/X
 output467/X
 output468/X
 output469/X
 output470/X
 output471/X
 output472/X
 output473/X
 output474/X
 output475/X
 output476/X
 output477/X
 output478/X
 output479/X
 output480/X
 output481/X
 output482/X
 output483/X
 output484/X
 output485/X
 output486/X
 output487/X
 output488/X
 output489/X
 output490/X
 output491/X
 output492/X
 output493/X
 output494/X
 output495/X
 output496/X
 output497/X
 output498/X
 output499/X
 output500/X
 output501/X
 output502/X
 output503/X
 output504/X
 output505/X
 output506/X
 output507/X
 output508/X
 output509/X
 output510/X
 output511/X
 output512/X
 output513/X
 output514/X
 output515/X
 output516/X
 output517/X
 output518/X
 output519/X
 output520/X
 output521/X
 output522/X
 output523/X
 output524/X
 output525/X
 output526/X
 output527/X
 output528/X
 output529/X
 output530/X
 output531/X
 output532/X
 output533/X
 output534/X
 output535/X
 output536/X
 output537/X
 output538/X
 output539/X
 output540/X
 output541/X
 output542/X
 output543/X
 output544/X
 output545/X
 output546/X
 output547/X
 output548/X
 output549/X
 output550/X
 output551/X
 output552/X
 output553/X
 output554/X
 output555/X
 output556/X
 output557/X
 output558/X
 output559/X
 output560/X
 output561/X
 output562/X
 output563/X
 output564/X
 output565/X
 output566/X
 output567/X
 output568/X
 output569/X
 output570/X
 output571/X
 output572/X
 output573/X
 output574/X
 output575/X
 output576/X
 output577/X
 output578/X
 output579/X
 output580/X
 output581/X
 output582/X
 output583/X
 output584/X
 output585/X
 output586/X
 output587/X
 output588/X
 output589/X
 output590/X
 output591/X
 output592/X
 output593/X
 output594/X
 output595/X
 output596/X
 output597/X
 output598/X
 output599/X
 output600/X
 output601/X
 output602/X
 output603/X
 output604/X
 output605/X
 output606/X
 output607/X
 output608/X
 output609/X
 output610/X
 output611/X
 output612/X
 output613/X
 output614/X
 output615/X
 output616/X
 output617/X
 output618/X
 output619/X
 output620/X
 output621/X
 output622/X
 output623/X
 output624/X
 output625/X
 output626/X
 output627/X
 output628/X
 output629/X
 output630/X
 output631/X
 output632/X
 output633/X
 output634/X
 output635/X
 output636/X
 output637/X
 output638/X
 output639/X
 output640/X
 output641/X
 output642/X
 output643/X
 output644/X
 output645/X
 output646/X
 output647/X
 output648/X
 output649/X
 output650/X
 output651/X
 output652/X
 output653/X
 output654/X
 output655/X
 output656/X
 output657/X
 output658/X
 output659/X
 output660/X
 output661/X
 output662/X
 output663/X
 output664/X
 output665/X
 output666/X
 output667/X
 output668/X
 output669/X
 output670/X
 output671/X
 output672/X
 output673/X
 output674/X
 output675/X
 output676/X
 output677/X
 output678/X
 output679/X
 output680/X
 output681/X
 output682/X
 output683/X
 output684/X
 output685/X
 output686/X
 output687/X
 output688/X
 output689/X
 output690/X
 output691/X
 output692/X
 output693/X
 output694/X
 output695/X
 output696/X
 output697/X
 output698/X
 output699/X
 output700/X
 output701/X
 output702/X
 output703/X
 output704/X
 output705/X
 output706/X
 output707/X
 output708/X
 output709/X
 output710/X
 output711/X
 output712/X
 output713/X
 output714/X
 output715/X
 output716/X
 output717/X
 output718/X
 output719/X
 output720/X
 rebuffer1/X
 rebuffer2/X
 rebuffer3/X
 rebuffer4/X
 rebuffer5/X
 wire721/X
 wire722/X
 wire723/X
 wire725/X
 wire726/X
Found 0 partially unannotated drivers.

===========================================================================
max slew violation count 0
max fanout violation count 0
max cap violation count 0
============================================================================

===========================================================================
check_setup -verbose -unconstrained_endpoints -multiple_clock -no_clock -no_input_delay -loops -generated_clocks
===========================================================================
Warning: There are 218 unconstrained endpoints.
  Carry_s2[0]
  Carry_s2[100]
  Carry_s2[101]
  Carry_s2[102]
  Carry_s2[103]
  Carry_s2[104]
  Carry_s2[105]
  Carry_s2[106]
  Carry_s2[107]
  Carry_s2[108]
  Carry_s2[109]
  Carry_s2[10]
  Carry_s2[110]
  Carry_s2[111]
  Carry_s2[112]
  Carry_s2[113]
  Carry_s2[114]
  Carry_s2[115]
  Carry_s2[116]
  Carry_s2[117]
  Carry_s2[118]
  Carry_s2[119]
  Carry_s2[11]
  Carry_s2[120]
  Carry_s2[121]
  Carry_s2[122]
  Carry_s2[123]
  Carry_s2[124]
  Carry_s2[125]
  Carry_s2[126]
  Carry_s2[127]
  Carry_s2[128]
  Carry_s2[129]
  Carry_s2[12]
  Carry_s2[130]
  Carry_s2[131]
  Carry_s2[132]
  Carry_s2[133]
  Carry_s2[134]
  Carry_s2[135]
  Carry_s2[136]
  Carry_s2[137]
  Carry_s2[138]
  Carry_s2[139]
  Carry_s2[13]
  Carry_s2[140]
  Carry_s2[141]
  Carry_s2[142]
  Carry_s2[143]
  Carry_s2[144]
  Carry_s2[145]
  Carry_s2[146]
  Carry_s2[147]
  Carry_s2[148]
  Carry_s2[149]
  Carry_s2[14]
  Carry_s2[150]
  Carry_s2[151]
  Carry_s2[152]
  Carry_s2[153]
  Carry_s2[154]
  Carry_s2[155]
  Carry_s2[156]
  Carry_s2[157]
  Carry_s2[158]
  Carry_s2[159]
  Carry_s2[15]
  Carry_s2[160]
  Carry_s2[161]
  Carry_s2[162]
  Carry_s2[16]
  Carry_s2[17]
  Carry_s2[18]
  Carry_s2[19]
  Carry_s2[1]
  Carry_s2[20]
  Carry_s2[21]
  Carry_s2[22]
  Carry_s2[23]
  Carry_s2[24]
  Carry_s2[25]
  Carry_s2[26]
  Carry_s2[27]
  Carry_s2[28]
  Carry_s2[29]
  Carry_s2[2]
  Carry_s2[30]
  Carry_s2[31]
  Carry_s2[32]
  Carry_s2[33]
  Carry_s2[34]
  Carry_s2[35]
  Carry_s2[36]
  Carry_s2[37]
  Carry_s2[38]
  Carry_s2[39]
  Carry_s2[3]
  Carry_s2[40]
  Carry_s2[41]
  Carry_s2[42]
  Carry_s2[43]
  Carry_s2[44]
  Carry_s2[45]
  Carry_s2[46]
  Carry_s2[47]
  Carry_s2[48]
  Carry_s2[49]
  Carry_s2[4]
  Carry_s2[50]
  Carry_s2[51]
  Carry_s2[52]
  Carry_s2[53]
  Carry_s2[54]
  Carry_s2[55]
  Carry_s2[56]
  Carry_s2[57]
  Carry_s2[58]
  Carry_s2[59]
  Carry_s2[5]
  Carry_s2[60]
  Carry_s2[61]
  Carry_s2[62]
  Carry_s2[63]
  Carry_s2[64]
  Carry_s2[65]
  Carry_s2[66]
  Carry_s2[67]
  Carry_s2[68]
  Carry_s2[69]
  Carry_s2[6]
  Carry_s2[70]
  Carry_s2[71]
  Carry_s2[72]
  Carry_s2[73]
  Carry_s2[74]
  Carry_s2[75]
  Carry_s2[76]
  Carry_s2[77]
  Carry_s2[78]
  Carry_s2[79]
  Carry_s2[7]
  Carry_s2[80]
  Carry_s2[81]
  Carry_s2[82]
  Carry_s2[83]
  Carry_s2[84]
  Carry_s2[85]
  Carry_s2[86]
  Carry_s2[87]
  Carry_s2[88]
  Carry_s2[89]
  Carry_s2[8]
  Carry_s2[90]
  Carry_s2[91]
  Carry_s2[92]
  Carry_s2[93]
  Carry_s2[94]
  Carry_s2[95]
  Carry_s2[96]
  Carry_s2[97]
  Carry_s2[98]
  Carry_s2[99]
  Carry_s2[9]
  Sum_s2[0]
  Sum_s2[10]
  Sum_s2[11]
  Sum_s2[12]
  Sum_s2[13]
  Sum_s2[14]
  Sum_s2[15]
  Sum_s2[16]
  Sum_s2[17]
  Sum_s2[18]
  Sum_s2[19]
  Sum_s2[1]
  Sum_s2[20]
  Sum_s2[21]
  Sum_s2[22]
  Sum_s2[23]
  Sum_s2[24]
  Sum_s2[25]
  Sum_s2[26]
  Sum_s2[27]
  Sum_s2[28]
  Sum_s2[29]
  Sum_s2[2]
  Sum_s2[30]
  Sum_s2[31]
  Sum_s2[32]
  Sum_s2[33]
  Sum_s2[34]
  Sum_s2[35]
  Sum_s2[36]
  Sum_s2[37]
  Sum_s2[38]
  Sum_s2[39]
  Sum_s2[3]
  Sum_s2[40]
  Sum_s2[41]
  Sum_s2[42]
  Sum_s2[43]
  Sum_s2[44]
  Sum_s2[45]
  Sum_s2[46]
  Sum_s2[47]
  Sum_s2[48]
  Sum_s2[49]
  Sum_s2[4]
  Sum_s2[50]
  Sum_s2[51]
  Sum_s2[52]
  Sum_s2[53]
  Sum_s2[54]
  Sum_s2[5]
  Sum_s2[6]
  Sum_s2[7]
  Sum_s2[8]
  Sum_s2[9]
