
===========================================================================
 report_power
============================================================================
======================= Fastest Corner ===================================

Group                  Internal  Switching    Leakage      Total
                          Power      Power      Power      Power (Watts)
----------------------------------------------------------------
Sequential             1.10e-03   1.02e-03   9.58e-07   2.11e-03  27.0%
Combinational          1.99e-03   3.74e-03   5.06e-08   5.73e-03  73.0%
Macro                  0.00e+00   0.00e+00   0.00e+00   0.00e+00   0.0%
Pad                    0.00e+00   0.00e+00   0.00e+00   0.00e+00   0.0%
----------------------------------------------------------------
Total                  3.09e-03   4.75e-03   1.01e-06   7.84e-03 100.0%
                          39.4%      60.6%       0.0%

======================= Slowest Corner ===================================

Group                  Internal  Switching    Leakage      Total
                          Power      Power      Power      Power (Watts)
----------------------------------------------------------------
Sequential             7.28e-04   6.84e-04   3.82e-06   1.42e-03  26.4%
Combinational          1.44e-03   2.49e-03   1.68e-05   3.94e-03  73.6%
Macro                  0.00e+00   0.00e+00   0.00e+00   0.00e+00   0.0%
Pad                    0.00e+00   0.00e+00   0.00e+00   0.00e+00   0.0%
----------------------------------------------------------------
Total                  2.17e-03   3.17e-03   2.06e-05   5.36e-03 100.0%
                          40.5%      59.2%       0.4%

======================= Typical Corner ===================================

Group                  Internal  Switching    Leakage      Total
                          Power      Power      Power      Power (Watts)
----------------------------------------------------------------
Sequential             9.44e-04   8.66e-04   9.57e-07   1.81e-03  26.8%
Combinational          1.78e-03   3.17e-03   3.29e-08   4.95e-03  73.2%
Macro                  0.00e+00   0.00e+00   0.00e+00   0.00e+00   0.0%
Pad                    0.00e+00   0.00e+00   0.00e+00   0.00e+00   0.0%
----------------------------------------------------------------
Total                  2.73e-03   4.03e-03   9.89e-07   6.76e-03 100.0%
                          40.3%      59.6%       0.0%

