
===========================================================================
report_checks -unconstrained
===========================================================================
======================= Typical Corner ===================================

Startpoint: rst_n (input port clocked by clk)
Endpoint: _5839_ (recovery check against rising-edge clock clk)
Path Group: asynchronous
Path Type: max

Fanout     Cap    Slew   Delay    Time   Description
-----------------------------------------------------------------------------
                          0.00    0.00   clock clk (rise edge)
                          0.00    0.00   clock network delay (propagated)
                          2.00    2.00 ^ input external delay
                  0.02    0.01    2.01 ^ rst_n (in)
     1    0.00                           rst_n (net)
                  0.02    0.00    2.01 ^ input501/A (sky130_fd_sc_hd__dlymetal6s2s_1)
                  0.22    0.21    2.22 ^ input501/X (sky130_fd_sc_hd__dlymetal6s2s_1)
     1    0.02                           net501 (net)
                  0.22    0.00    2.22 ^ fanout720/A (sky130_fd_sc_hd__buf_4)
                  0.21    0.30    2.52 ^ fanout720/X (sky130_fd_sc_hd__buf_4)
     5    0.08                           net720 (net)
                  0.21    0.01    2.54 ^ fanout719/A (sky130_fd_sc_hd__buf_4)
                  0.22    0.30    2.83 ^ fanout719/X (sky130_fd_sc_hd__buf_4)
     5    0.08                           net719 (net)
                  0.22    0.00    2.83 ^ fanout718/A (sky130_fd_sc_hd__clkbuf_4)
                  0.18    0.31    3.14 ^ fanout718/X (sky130_fd_sc_hd__clkbuf_4)
     5    0.06                           net718 (net)
                  0.18    0.00    3.15 ^ fanout717/A (sky130_fd_sc_hd__clkbuf_4)
                  0.18    0.30    3.44 ^ fanout717/X (sky130_fd_sc_hd__clkbuf_4)
     8    0.06                           net717 (net)
                  0.18    0.00    3.44 ^ fanout716/A (sky130_fd_sc_hd__clkbuf_2)
                  0.13    0.22    3.67 ^ fanout716/X (sky130_fd_sc_hd__clkbuf_2)
     5    0.02                           net716 (net)
                  0.13    0.00    3.67 ^ fanout715/A (sky130_fd_sc_hd__clkbuf_4)
                  0.16    0.26    3.93 ^ fanout715/X (sky130_fd_sc_hd__clkbuf_4)
    10    0.05                           net715 (net)
                  0.16    0.00    3.93 ^ _5839_/RESET_B (sky130_fd_sc_hd__dfrtp_4)
                                  3.93   data arrival time

                         10.00   10.00   clock clk (rise edge)
                          0.00   10.00   clock source latency
                  0.28    0.19   10.19 ^ clk (in)
     1    0.06                           clk (net)
                  0.28    0.00   10.19 ^ clkbuf_0_clk/A (sky130_fd_sc_hd__clkbuf_16)
                  0.24    0.33   10.52 ^ clkbuf_0_clk/X (sky130_fd_sc_hd__clkbuf_16)
    18    0.23                           clknet_0_clk (net)
                  0.24    0.01   10.53 ^ clkbuf_4_14_0_clk/A (sky130_fd_sc_hd__clkbuf_8)
                  0.10    0.22   10.75 ^ clkbuf_4_14_0_clk/X (sky130_fd_sc_hd__clkbuf_8)
    11    0.05                           clknet_4_14_0_clk (net)
                  0.10    0.00   10.75 ^ _5839_/CLK (sky130_fd_sc_hd__dfrtp_4)
                         -0.25   10.50   clock uncertainty
                          0.00   10.50   clock reconvergence pessimism
                          0.20   10.69   library recovery time
                                 10.69   data required time
-----------------------------------------------------------------------------
                                 10.69   data required time
                                 -3.93   data arrival time
-----------------------------------------------------------------------------
                                  6.76   slack (MET)


Startpoint: Carry_s2[23] (input port clocked by clk)
Endpoint: _5937_ (rising edge-triggered flip-flop clocked by clk)
Path Group: clk
Path Type: max

Fanout     Cap    Slew   Delay    Time   Description
-----------------------------------------------------------------------------
                          0.00    0.00   clock clk (rise edge)
                          0.00    0.00   clock network delay (propagated)
                          2.00    2.00 v input external delay
                  0.01    0.00    2.00 v Carry_s2[23] (in)
     1    0.00                           Carry_s2[23] (net)
                  0.01    0.00    2.00 v input242/A (sky130_fd_sc_hd__clkbuf_2)
                  0.13    0.18    2.18 v input242/X (sky130_fd_sc_hd__clkbuf_2)
     2    0.03                           net242 (net)
                  0.13    0.00    2.19 v _2850_/A (sky130_fd_sc_hd__xor2_2)
                  0.10    0.25    2.44 v _2850_/X (sky130_fd_sc_hd__xor2_2)
     2    0.02                           _2526_ (net)
                  0.10    0.00    2.44 v _2852_/A2 (sky130_fd_sc_hd__a21oi_4)
                  0.67    0.60    3.04 ^ _2852_/Y (sky130_fd_sc_hd__a21oi_4)
     2    0.10                           _2528_ (net)
                  0.67    0.01    3.05 ^ _2853_/B (sky130_fd_sc_hd__nor2_2)
                  0.12    0.11    3.16 v _2853_/Y (sky130_fd_sc_hd__nor2_2)
     4    0.01                           _2529_ (net)
                  0.12    0.00    3.16 v _2855_/A (sky130_fd_sc_hd__or2_1)
                  0.08    0.31    3.48 v _2855_/X (sky130_fd_sc_hd__or2_1)
     4    0.01                           _2531_ (net)
                  0.08    0.00    3.48 v _2862_/B (sky130_fd_sc_hd__or3_4)
                  0.07    0.40    3.88 v _2862_/X (sky130_fd_sc_hd__or3_4)
     2    0.01                           _2538_ (net)
                  0.07    0.00    3.88 v _2863_/A (sky130_fd_sc_hd__nor2_2)
                  0.12    0.15    4.03 ^ _2863_/Y (sky130_fd_sc_hd__nor2_2)
     2    0.01                           _2539_ (net)
                  0.12    0.00    4.03 ^ _2864_/A (sky130_fd_sc_hd__inv_2)
                  0.04    0.06    4.09 v _2864_/Y (sky130_fd_sc_hd__inv_2)
     1    0.01                           _2540_ (net)
                  0.04    0.00    4.09 v _3080_/A1 (sky130_fd_sc_hd__o31ai_4)
                  0.51    0.52    4.62 ^ _3080_/Y (sky130_fd_sc_hd__o31ai_4)
     6    0.04                           _2756_ (net)
                  0.51    0.00    4.62 ^ _3359_/A1 (sky130_fd_sc_hd__a31o_4)
                  0.21    0.38    5.00 ^ _3359_/X (sky130_fd_sc_hd__a31o_4)
     5    0.07                           _0246_ (net)
                  0.21    0.01    5.01 ^ _3934_/A1 (sky130_fd_sc_hd__a31oi_4)
                  0.21    0.24    5.25 v _3934_/Y (sky130_fd_sc_hd__a31oi_4)
     6    0.05                           _0821_ (net)
                  0.21    0.01    5.26 v _4251_/A1 (sky130_fd_sc_hd__o31ai_4)
                  0.24    0.36    5.62 ^ _4251_/Y (sky130_fd_sc_hd__o31ai_4)
     3    0.01                           _1138_ (net)
                  0.24    0.00    5.62 ^ _4258_/A2 (sky130_fd_sc_hd__a31o_1)
                  0.14    0.26    5.89 ^ _4258_/X (sky130_fd_sc_hd__a31o_1)
     2    0.01                           _1145_ (net)
                  0.14    0.00    5.89 ^ _4260_/A2 (sky130_fd_sc_hd__a21oi_2)
                  0.06    0.10    5.98 v _4260_/Y (sky130_fd_sc_hd__a21oi_2)
     1    0.01                           _1147_ (net)
                  0.06    0.00    5.98 v _4261_/B (sky130_fd_sc_hd__xnor2_2)
                  0.32    0.29    6.28 ^ _4261_/Y (sky130_fd_sc_hd__xnor2_2)
     2    0.02                           _1148_ (net)
                  0.32    0.00    6.28 ^ _4263_/A2 (sky130_fd_sc_hd__o21ai_4)
                  0.13    0.17    6.45 v _4263_/Y (sky130_fd_sc_hd__o21ai_4)
     5    0.04                           _1150_ (net)
                  0.13    0.00    6.45 v _4796_/A (sky130_fd_sc_hd__buf_8)
                  0.05    0.19    6.64 v _4796_/X (sky130_fd_sc_hd__buf_8)
     6    0.05                           _1680_ (net)
                  0.05    0.00    6.64 v split1/A (sky130_fd_sc_hd__buf_12)
                  0.05    0.16    6.80 v split1/X (sky130_fd_sc_hd__buf_12)
     5    0.06                           net724 (net)
                  0.05    0.00    6.80 v _4852_/A (sky130_fd_sc_hd__xor2_4)
                  0.11    0.21    7.02 v _4852_/X (sky130_fd_sc_hd__xor2_4)
     3    0.02                           _1735_ (net)
                  0.11    0.00    7.02 v _4853_/D (sky130_fd_sc_hd__or4_4)
                  0.09    0.46    7.47 v _4853_/X (sky130_fd_sc_hd__or4_4)
     1    0.01                           _1736_ (net)
                  0.09    0.00    7.47 v _4885_/B (sky130_fd_sc_hd__or4_4)
                  0.10    0.57    8.04 v _4885_/X (sky130_fd_sc_hd__or4_4)
     2    0.01                           _1768_ (net)
                  0.10    0.00    8.05 v _4892_/B (sky130_fd_sc_hd__or4b_4)
                  0.10    0.58    8.62 v _4892_/X (sky130_fd_sc_hd__or4b_4)
     4    0.01                           _1775_ (net)
                  0.10    0.00    8.62 v _4918_/A (sky130_fd_sc_hd__or4b_4)
                  0.13    0.65    9.28 v _4918_/X (sky130_fd_sc_hd__or4b_4)
     5    0.03                           _1801_ (net)
                  0.13    0.00    9.28 v _4919_/D (sky130_fd_sc_hd__or4_4)
                  0.11    0.51    9.79 v _4919_/X (sky130_fd_sc_hd__or4_4)
     5    0.02                           _1802_ (net)
                  0.11    0.00    9.79 v _4920_/D (sky130_fd_sc_hd__or4_4)
                  0.11    0.51   10.30 v _4920_/X (sky130_fd_sc_hd__or4_4)
     5    0.02                           _1803_ (net)
                  0.11    0.00   10.30 v _4921_/D (sky130_fd_sc_hd__or4_4)
                  0.11    0.50   10.81 v _4921_/X (sky130_fd_sc_hd__or4_4)
     6    0.02                           _1804_ (net)
                  0.11    0.00   10.81 v _4922_/D (sky130_fd_sc_hd__or4_4)
                  0.10    0.48   11.28 v _4922_/X (sky130_fd_sc_hd__or4_4)
     4    0.01                           _1805_ (net)
                  0.10    0.00   11.28 v _4925_/C (sky130_fd_sc_hd__or4b_4)
                  0.10    0.55   11.84 v _4925_/X (sky130_fd_sc_hd__or4b_4)
     5    0.01                           _1808_ (net)
                  0.10    0.00   11.84 v _4926_/D (sky130_fd_sc_hd__or4_4)
                  0.11    0.50   12.34 v _4926_/X (sky130_fd_sc_hd__or4_4)
     4    0.02                           _1809_ (net)
                  0.11    0.00   12.34 v _4933_/B (sky130_fd_sc_hd__or4b_4)
                  0.10    0.60   12.94 v _4933_/X (sky130_fd_sc_hd__or4b_4)
     5    0.01                           _1816_ (net)
                  0.10    0.00   12.94 v _4934_/D (sky130_fd_sc_hd__or4_4)
                  0.10    0.47   13.41 v _4934_/X (sky130_fd_sc_hd__or4_4)
     4    0.01                           _1817_ (net)
                  0.10    0.00   13.41 v _4937_/C (sky130_fd_sc_hd__or4b_4)
                  0.09    0.53   13.94 v _4937_/X (sky130_fd_sc_hd__or4b_4)
     1    0.01                           _1820_ (net)
                  0.09    0.00   13.94 v _4938_/A (sky130_fd_sc_hd__buf_8)
                  0.04    0.16   14.10 v _4938_/X (sky130_fd_sc_hd__buf_8)
     6    0.03                           _1821_ (net)
                  0.04    0.00   14.10 v _4939_/D (sky130_fd_sc_hd__or4_4)
                  0.12    0.49   14.59 v _4939_/X (sky130_fd_sc_hd__or4_4)
     3    0.02                           _1822_ (net)
                  0.12    0.00   14.59 v _4940_/B (sky130_fd_sc_hd__or2_4)
                  0.07    0.30   14.89 v _4940_/X (sky130_fd_sc_hd__or2_4)
     4    0.02                           _1823_ (net)
                  0.07    0.00   14.89 v _4941_/D (sky130_fd_sc_hd__or4_4)
                  0.11    0.49   15.39 v _4941_/X (sky130_fd_sc_hd__or4_4)
     6    0.02                           _1824_ (net)
                  0.11    0.00   15.39 v _4942_/D (sky130_fd_sc_hd__or4_4)
                  0.11    0.50   15.88 v _4942_/X (sky130_fd_sc_hd__or4_4)
     6    0.02                           _1825_ (net)
                  0.11    0.00   15.89 v _4943_/D (sky130_fd_sc_hd__or4_4)
                  0.10    0.49   16.37 v _4943_/X (sky130_fd_sc_hd__or4_4)
     6    0.01                           _1826_ (net)
                  0.10    0.00   16.37 v _4944_/D (sky130_fd_sc_hd__or4_4)
                  0.11    0.50   16.87 v _4944_/X (sky130_fd_sc_hd__or4_4)
     6    0.02                           _1827_ (net)
                  0.11    0.00   16.87 v _4945_/D (sky130_fd_sc_hd__or4_4)
                  0.10    0.49   17.36 v _4945_/X (sky130_fd_sc_hd__or4_4)
     6    0.01                           _1828_ (net)
                  0.10    0.00   17.36 v _4946_/D (sky130_fd_sc_hd__or4_4)
                  0.11    0.50   17.85 v _4946_/X (sky130_fd_sc_hd__or4_4)
     5    0.02                           _1829_ (net)
                  0.11    0.00   17.85 v _4947_/D (sky130_fd_sc_hd__or4_4)
                  0.11    0.50   18.36 v _4947_/X (sky130_fd_sc_hd__or4_4)
     6    0.02                           _1830_ (net)
                  0.11    0.00   18.36 v _4948_/D (sky130_fd_sc_hd__or4_4)
                  0.11    0.50   18.86 v _4948_/X (sky130_fd_sc_hd__or4_4)
     6    0.02                           _1831_ (net)
                  0.11    0.00   18.86 v _4949_/D (sky130_fd_sc_hd__or4_4)
                  0.11    0.49   19.35 v _4949_/X (sky130_fd_sc_hd__or4_4)
     6    0.02                           _1832_ (net)
                  0.11    0.00   19.35 v _4950_/D (sky130_fd_sc_hd__or4_4)
                  0.11    0.49   19.84 v _4950_/X (sky130_fd_sc_hd__or4_4)
     6    0.02                           _1833_ (net)
                  0.11    0.00   19.85 v _4951_/D (sky130_fd_sc_hd__or4_4)
                  0.12    0.51   20.36 v _4951_/X (sky130_fd_sc_hd__or4_4)
     5    0.02                           _1834_ (net)
                  0.12    0.00   20.36 v _4952_/D (sky130_fd_sc_hd__nor4_4)
                  0.23    0.19   20.55 ^ _4952_/Y (sky130_fd_sc_hd__nor4_4)
     2    0.01                           _1835_ (net)
                  0.23    0.00   20.55 ^ max_cap690/A (sky130_fd_sc_hd__clkbuf_2)
                  0.05    0.17   20.72 ^ max_cap690/X (sky130_fd_sc_hd__clkbuf_2)
     3    0.01                           net690 (net)
                  0.05    0.00   20.72 ^ _4953_/C_N (sky130_fd_sc_hd__or3b_4)
                  0.07    0.40   21.12 v _4953_/X (sky130_fd_sc_hd__or3b_4)
     2    0.01                           _1836_ (net)
                  0.07    0.00   21.12 v _4954_/B (sky130_fd_sc_hd__or2_4)
                  0.06    0.27   21.39 v _4954_/X (sky130_fd_sc_hd__or2_4)
     3    0.01                           _1837_ (net)
                  0.06    0.00   21.39 v _4955_/B (sky130_fd_sc_hd__nor2_4)
                  0.10    0.11   21.50 ^ _4955_/Y (sky130_fd_sc_hd__nor2_4)
     3    0.01                           _1838_ (net)
                  0.10    0.00   21.50 ^ _4956_/A (sky130_fd_sc_hd__nand2_2)
                  0.06    0.06   21.57 v _4956_/Y (sky130_fd_sc_hd__nand2_2)
     2    0.01                           _1839_ (net)
                  0.06    0.00   21.57 v _4957_/B (sky130_fd_sc_hd__or2_4)
                  0.06    0.27   21.83 v _4957_/X (sky130_fd_sc_hd__or2_4)
     3    0.02                           _1840_ (net)
                  0.06    0.00   21.83 v _4958_/B (sky130_fd_sc_hd__nor2_4)
                  0.08    0.10   21.93 ^ _4958_/Y (sky130_fd_sc_hd__nor2_4)
     2    0.01                           _1841_ (net)
                  0.08    0.00   21.93 ^ _4959_/A (sky130_fd_sc_hd__nand2_2)
                  0.06    0.07   22.00 v _4959_/Y (sky130_fd_sc_hd__nand2_2)
     3    0.01                           _1842_ (net)
                  0.06    0.00   22.00 v _4960_/B (sky130_fd_sc_hd__or2_4)
                  0.06    0.27   22.27 v _4960_/X (sky130_fd_sc_hd__or2_4)
     3    0.01                           _1843_ (net)
                  0.06    0.00   22.27 v _4961_/B (sky130_fd_sc_hd__nor2_4)
                  0.10    0.12   22.38 ^ _4961_/Y (sky130_fd_sc_hd__nor2_4)
     3    0.01                           _1844_ (net)
                  0.10    0.00   22.38 ^ _4962_/A (sky130_fd_sc_hd__nand2_2)
                  0.06    0.07   22.45 v _4962_/Y (sky130_fd_sc_hd__nand2_2)
     3    0.01                           _1845_ (net)
                  0.06    0.00   22.45 v _4963_/B (sky130_fd_sc_hd__or2_4)
                  0.05    0.25   22.70 v _4963_/X (sky130_fd_sc_hd__or2_4)
     2    0.01                           _1846_ (net)
                  0.05    0.00   22.70 v _4964_/C (sky130_fd_sc_hd__or3_4)
                  0.09    0.39   23.09 v _4964_/X (sky130_fd_sc_hd__or3_4)
     3    0.02                           _1847_ (net)
                  0.09    0.00   23.09 v _4967_/B (sky130_fd_sc_hd__nor3b_2)
                  0.18    0.22   23.31 ^ _4967_/Y (sky130_fd_sc_hd__nor3b_2)
     2    0.01                           _1850_ (net)
                  0.18    0.00   23.31 ^ max_cap689/A (sky130_fd_sc_hd__buf_2)
                  0.07    0.18   23.49 ^ max_cap689/X (sky130_fd_sc_hd__buf_2)
     2    0.01                           net689 (net)
                  0.07    0.00   23.49 ^ _4968_/B (sky130_fd_sc_hd__xnor2_2)
                  0.12    0.12   23.61 ^ _4968_/Y (sky130_fd_sc_hd__xnor2_2)
     1    0.01                           _1851_ (net)
                  0.12    0.00   23.61 ^ _4969_/B (sky130_fd_sc_hd__xnor2_1)
                  0.21    0.17   23.78 ^ _4969_/Y (sky130_fd_sc_hd__xnor2_1)
     2    0.01                           _1852_ (net)
                  0.21    0.00   23.78 ^ _5119_/A1 (sky130_fd_sc_hd__o21ba_1)
                  0.06    0.18   23.97 ^ _5119_/X (sky130_fd_sc_hd__o21ba_1)
     1    0.00                           _1949_ (net)
                  0.06    0.00   23.97 ^ _5120_/B (sky130_fd_sc_hd__nor2_1)
                  0.07    0.04   24.01 v _5120_/Y (sky130_fd_sc_hd__nor2_1)
     1    0.00                           _1950_ (net)
                  0.07    0.00   24.01 v _5121_/A2 (sky130_fd_sc_hd__o21ai_1)
                  0.12    0.15   24.16 ^ _5121_/Y (sky130_fd_sc_hd__o21ai_1)
     1    0.00                           _1951_ (net)
                  0.12    0.00   24.16 ^ _5122_/A2 (sky130_fd_sc_hd__a21o_1)
                  0.07    0.16   24.31 ^ _5122_/X (sky130_fd_sc_hd__a21o_1)
     1    0.01                           _1952_ (net)
                  0.07    0.00   24.31 ^ _5123_/A2 (sky130_fd_sc_hd__a21oi_2)
                  0.05    0.06   24.37 v _5123_/Y (sky130_fd_sc_hd__a21oi_2)
     1    0.00                           _1953_ (net)
                  0.05    0.00   24.37 v _5124_/A2 (sky130_fd_sc_hd__o21ba_1)
                  0.04    0.17   24.55 v _5124_/X (sky130_fd_sc_hd__o21ba_1)
     1    0.00                           _1954_ (net)
                  0.04    0.00   24.55 v _5125_/A2 (sky130_fd_sc_hd__o21ba_1)
                  0.04    0.18   24.72 v _5125_/X (sky130_fd_sc_hd__o21ba_1)
     1    0.00                           _1955_ (net)
                  0.04    0.00   24.72 v _5126_/A2 (sky130_fd_sc_hd__o21ba_1)
                  0.04    0.18   24.90 v _5126_/X (sky130_fd_sc_hd__o21ba_1)
     1    0.00                           _1956_ (net)
                  0.04    0.00   24.90 v _5127_/A2 (sky130_fd_sc_hd__o21ba_1)
                  0.04    0.17   25.07 v _5127_/X (sky130_fd_sc_hd__o21ba_1)
     1    0.00                           _1957_ (net)
                  0.04    0.00   25.07 v _5128_/A2 (sky130_fd_sc_hd__o21ba_1)
                  0.05    0.18   25.25 v _5128_/X (sky130_fd_sc_hd__o21ba_1)
     1    0.01                           _1958_ (net)
                  0.05    0.00   25.26 v _5129_/A2 (sky130_fd_sc_hd__o21ba_1)
                  0.04    0.18   25.44 v _5129_/X (sky130_fd_sc_hd__o21ba_1)
     1    0.00                           _1959_ (net)
                  0.04    0.00   25.44 v _5130_/A2 (sky130_fd_sc_hd__o21ba_1)
                  0.05    0.19   25.62 v _5130_/X (sky130_fd_sc_hd__o21ba_1)
     1    0.01                           _1960_ (net)
                  0.05    0.00   25.62 v _5131_/A2 (sky130_fd_sc_hd__o21ba_1)
                  0.03    0.17   25.80 v _5131_/X (sky130_fd_sc_hd__o21ba_1)
     1    0.00                           _1961_ (net)
                  0.03    0.00   25.80 v _5132_/A2 (sky130_fd_sc_hd__o21ba_1)
                  0.05    0.19   25.98 v _5132_/X (sky130_fd_sc_hd__o21ba_1)
     1    0.01                           _1962_ (net)
                  0.05    0.00   25.98 v _5133_/A2 (sky130_fd_sc_hd__o21ba_1)
                  0.04    0.17   26.16 v _5133_/X (sky130_fd_sc_hd__o21ba_1)
     1    0.00                           _1963_ (net)
                  0.04    0.00   26.16 v _5134_/A2 (sky130_fd_sc_hd__o21ba_1)
                  0.04    0.17   26.33 v _5134_/X (sky130_fd_sc_hd__o21ba_1)
     1    0.00                           _1964_ (net)
                  0.04    0.00   26.33 v _5135_/A2 (sky130_fd_sc_hd__o21ba_1)
                  0.04    0.18   26.51 v _5135_/X (sky130_fd_sc_hd__o21ba_1)
     1    0.00                           _1965_ (net)
                  0.04    0.00   26.51 v _5136_/A2 (sky130_fd_sc_hd__o21ai_1)
                  0.10    0.11   26.62 ^ _5136_/Y (sky130_fd_sc_hd__o21ai_1)
     1    0.00                           _1966_ (net)
                  0.10    0.00   26.62 ^ _5137_/A2 (sky130_fd_sc_hd__a21oi_1)
                  0.07    0.08   26.70 v _5137_/Y (sky130_fd_sc_hd__a21oi_1)
     1    0.00                           _1967_ (net)
                  0.07    0.00   26.70 v _5138_/A2 (sky130_fd_sc_hd__o21ba_1)
                  0.04    0.19   26.89 v _5138_/X (sky130_fd_sc_hd__o21ba_1)
     1    0.00                           _1968_ (net)
                  0.04    0.00   26.89 v _5139_/A2 (sky130_fd_sc_hd__o21ai_1)
                  0.11    0.12   27.02 ^ _5139_/Y (sky130_fd_sc_hd__o21ai_1)
     1    0.00                           _1969_ (net)
                  0.11    0.00   27.02 ^ _5140_/A2 (sky130_fd_sc_hd__a21oi_1)
                  0.10    0.08   27.10 v _5140_/Y (sky130_fd_sc_hd__a21oi_1)
     1    0.00                           _1970_ (net)
                  0.10    0.00   27.10 v _5141_/A2 (sky130_fd_sc_hd__o21ba_1)
                  0.04    0.19   27.29 v _5141_/X (sky130_fd_sc_hd__o21ba_1)
     1    0.00                           _1971_ (net)
                  0.04    0.00   27.29 v _5142_/A2 (sky130_fd_sc_hd__o21ai_1)
                  0.13    0.14   27.43 ^ _5142_/Y (sky130_fd_sc_hd__o21ai_1)
     1    0.00                           _1972_ (net)
                  0.13    0.00   27.43 ^ _5143_/A2 (sky130_fd_sc_hd__a21oi_1)
                  0.08    0.09   27.52 v _5143_/Y (sky130_fd_sc_hd__a21oi_1)
     1    0.00                           _1973_ (net)
                  0.08    0.00   27.52 v _5144_/A2 (sky130_fd_sc_hd__o21ba_1)
                  0.03    0.18   27.70 v _5144_/X (sky130_fd_sc_hd__o21ba_1)
     1    0.00                           _1974_ (net)
                  0.03    0.00   27.70 v _5145_/B (sky130_fd_sc_hd__or2_1)
                  0.05    0.21   27.91 v _5145_/X (sky130_fd_sc_hd__or2_1)
     1    0.00                           _1975_ (net)
                  0.05    0.00   27.91 v _5146_/A (sky130_fd_sc_hd__clkbuf_1)
                  0.03    0.09   28.01 v _5146_/X (sky130_fd_sc_hd__clkbuf_1)
     1    0.00                           u_stage3_reg.LZA_CNT_in[8] (net)
                  0.03    0.00   28.01 v _5937_/D (sky130_fd_sc_hd__dfrtp_4)
                                 28.01   data arrival time

                         10.00   10.00   clock clk (rise edge)
                          0.00   10.00   clock source latency
                  0.28    0.19   10.19 ^ clk (in)
     1    0.06                           clk (net)
                  0.28    0.00   10.19 ^ clkbuf_0_clk/A (sky130_fd_sc_hd__clkbuf_16)
                  0.24    0.33   10.52 ^ clkbuf_0_clk/X (sky130_fd_sc_hd__clkbuf_16)
    18    0.23                           clknet_0_clk (net)
                  0.24    0.01   10.52 ^ clkbuf_4_6_0_clk/A (sky130_fd_sc_hd__clkbuf_8)
                  0.09    0.22   10.74 ^ clkbuf_4_6_0_clk/X (sky130_fd_sc_hd__clkbuf_8)
     7    0.04                           clknet_4_6_0_clk (net)
                  0.09    0.00   10.74 ^ _5937_/CLK (sky130_fd_sc_hd__dfrtp_4)
                         -0.25   10.49   clock uncertainty
                          0.00   10.49   clock reconvergence pessimism
                         -0.10   10.40   library setup time
                                 10.40   data required time
-----------------------------------------------------------------------------
                                 10.40   data required time
                                -28.01   data arrival time
-----------------------------------------------------------------------------
                                -17.61   slack (VIOLATED)




===========================================================================
report_checks --slack_max -0.01
============================================================================
======================= Typical Corner ===================================

Startpoint: Carry_s2[23] (input port clocked by clk)
Endpoint: _5937_ (rising edge-triggered flip-flop clocked by clk)
Path Group: clk
Path Type: max

Fanout     Cap    Slew   Delay    Time   Description
-----------------------------------------------------------------------------
                          0.00    0.00   clock clk (rise edge)
                          0.00    0.00   clock network delay (propagated)
                          2.00    2.00 v input external delay
                  0.01    0.00    2.00 v Carry_s2[23] (in)
     1    0.00                           Carry_s2[23] (net)
                  0.01    0.00    2.00 v input242/A (sky130_fd_sc_hd__clkbuf_2)
                  0.13    0.18    2.18 v input242/X (sky130_fd_sc_hd__clkbuf_2)
     2    0.03                           net242 (net)
                  0.13    0.00    2.19 v _2850_/A (sky130_fd_sc_hd__xor2_2)
                  0.10    0.25    2.44 v _2850_/X (sky130_fd_sc_hd__xor2_2)
     2    0.02                           _2526_ (net)
                  0.10    0.00    2.44 v _2852_/A2 (sky130_fd_sc_hd__a21oi_4)
                  0.67    0.60    3.04 ^ _2852_/Y (sky130_fd_sc_hd__a21oi_4)
     2    0.10                           _2528_ (net)
                  0.67    0.01    3.05 ^ _2853_/B (sky130_fd_sc_hd__nor2_2)
                  0.12    0.11    3.16 v _2853_/Y (sky130_fd_sc_hd__nor2_2)
     4    0.01                           _2529_ (net)
                  0.12    0.00    3.16 v _2855_/A (sky130_fd_sc_hd__or2_1)
                  0.08    0.31    3.48 v _2855_/X (sky130_fd_sc_hd__or2_1)
     4    0.01                           _2531_ (net)
                  0.08    0.00    3.48 v _2862_/B (sky130_fd_sc_hd__or3_4)
                  0.07    0.40    3.88 v _2862_/X (sky130_fd_sc_hd__or3_4)
     2    0.01                           _2538_ (net)
                  0.07    0.00    3.88 v _2863_/A (sky130_fd_sc_hd__nor2_2)
                  0.12    0.15    4.03 ^ _2863_/Y (sky130_fd_sc_hd__nor2_2)
     2    0.01                           _2539_ (net)
                  0.12    0.00    4.03 ^ _2864_/A (sky130_fd_sc_hd__inv_2)
                  0.04    0.06    4.09 v _2864_/Y (sky130_fd_sc_hd__inv_2)
     1    0.01                           _2540_ (net)
                  0.04    0.00    4.09 v _3080_/A1 (sky130_fd_sc_hd__o31ai_4)
                  0.51    0.52    4.62 ^ _3080_/Y (sky130_fd_sc_hd__o31ai_4)
     6    0.04                           _2756_ (net)
                  0.51    0.00    4.62 ^ _3359_/A1 (sky130_fd_sc_hd__a31o_4)
                  0.21    0.38    5.00 ^ _3359_/X (sky130_fd_sc_hd__a31o_4)
     5    0.07                           _0246_ (net)
                  0.21    0.01    5.01 ^ _3934_/A1 (sky130_fd_sc_hd__a31oi_4)
                  0.21    0.24    5.25 v _3934_/Y (sky130_fd_sc_hd__a31oi_4)
     6    0.05                           _0821_ (net)
                  0.21    0.01    5.26 v _4251_/A1 (sky130_fd_sc_hd__o31ai_4)
                  0.24    0.36    5.62 ^ _4251_/Y (sky130_fd_sc_hd__o31ai_4)
     3    0.01                           _1138_ (net)
                  0.24    0.00    5.62 ^ _4258_/A2 (sky130_fd_sc_hd__a31o_1)
                  0.14    0.26    5.89 ^ _4258_/X (sky130_fd_sc_hd__a31o_1)
     2    0.01                           _1145_ (net)
                  0.14    0.00    5.89 ^ _4260_/A2 (sky130_fd_sc_hd__a21oi_2)
                  0.06    0.10    5.98 v _4260_/Y (sky130_fd_sc_hd__a21oi_2)
     1    0.01                           _1147_ (net)
                  0.06    0.00    5.98 v _4261_/B (sky130_fd_sc_hd__xnor2_2)
                  0.32    0.29    6.28 ^ _4261_/Y (sky130_fd_sc_hd__xnor2_2)
     2    0.02                           _1148_ (net)
                  0.32    0.00    6.28 ^ _4263_/A2 (sky130_fd_sc_hd__o21ai_4)
                  0.13    0.17    6.45 v _4263_/Y (sky130_fd_sc_hd__o21ai_4)
     5    0.04                           _1150_ (net)
                  0.13    0.00    6.45 v _4796_/A (sky130_fd_sc_hd__buf_8)
                  0.05    0.19    6.64 v _4796_/X (sky130_fd_sc_hd__buf_8)
     6    0.05                           _1680_ (net)
                  0.05    0.00    6.64 v split1/A (sky130_fd_sc_hd__buf_12)
                  0.05    0.16    6.80 v split1/X (sky130_fd_sc_hd__buf_12)
     5    0.06                           net724 (net)
                  0.05    0.00    6.80 v _4852_/A (sky130_fd_sc_hd__xor2_4)
                  0.11    0.21    7.02 v _4852_/X (sky130_fd_sc_hd__xor2_4)
     3    0.02                           _1735_ (net)
                  0.11    0.00    7.02 v _4853_/D (sky130_fd_sc_hd__or4_4)
                  0.09    0.46    7.47 v _4853_/X (sky130_fd_sc_hd__or4_4)
     1    0.01                           _1736_ (net)
                  0.09    0.00    7.47 v _4885_/B (sky130_fd_sc_hd__or4_4)
                  0.10    0.57    8.04 v _4885_/X (sky130_fd_sc_hd__or4_4)
     2    0.01                           _1768_ (net)
                  0.10    0.00    8.05 v _4892_/B (sky130_fd_sc_hd__or4b_4)
                  0.10    0.58    8.62 v _4892_/X (sky130_fd_sc_hd__or4b_4)
     4    0.01                           _1775_ (net)
                  0.10    0.00    8.62 v _4918_/A (sky130_fd_sc_hd__or4b_4)
                  0.13    0.65    9.28 v _4918_/X (sky130_fd_sc_hd__or4b_4)
     5    0.03                           _1801_ (net)
                  0.13    0.00    9.28 v _4919_/D (sky130_fd_sc_hd__or4_4)
                  0.11    0.51    9.79 v _4919_/X (sky130_fd_sc_hd__or4_4)
     5    0.02                           _1802_ (net)
                  0.11    0.00    9.79 v _4920_/D (sky130_fd_sc_hd__or4_4)
                  0.11    0.51   10.30 v _4920_/X (sky130_fd_sc_hd__or4_4)
     5    0.02                           _1803_ (net)
                  0.11    0.00   10.30 v _4921_/D (sky130_fd_sc_hd__or4_4)
                  0.11    0.50   10.81 v _4921_/X (sky130_fd_sc_hd__or4_4)
     6    0.02                           _1804_ (net)
                  0.11    0.00   10.81 v _4922_/D (sky130_fd_sc_hd__or4_4)
                  0.10    0.48   11.28 v _4922_/X (sky130_fd_sc_hd__or4_4)
     4    0.01                           _1805_ (net)
                  0.10    0.00   11.28 v _4925_/C (sky130_fd_sc_hd__or4b_4)
                  0.10    0.55   11.84 v _4925_/X (sky130_fd_sc_hd__or4b_4)
     5    0.01                           _1808_ (net)
                  0.10    0.00   11.84 v _4926_/D (sky130_fd_sc_hd__or4_4)
                  0.11    0.50   12.34 v _4926_/X (sky130_fd_sc_hd__or4_4)
     4    0.02                           _1809_ (net)
                  0.11    0.00   12.34 v _4933_/B (sky130_fd_sc_hd__or4b_4)
                  0.10    0.60   12.94 v _4933_/X (sky130_fd_sc_hd__or4b_4)
     5    0.01                           _1816_ (net)
                  0.10    0.00   12.94 v _4934_/D (sky130_fd_sc_hd__or4_4)
                  0.10    0.47   13.41 v _4934_/X (sky130_fd_sc_hd__or4_4)
     4    0.01                           _1817_ (net)
                  0.10    0.00   13.41 v _4937_/C (sky130_fd_sc_hd__or4b_4)
                  0.09    0.53   13.94 v _4937_/X (sky130_fd_sc_hd__or4b_4)
     1    0.01                           _1820_ (net)
                  0.09    0.00   13.94 v _4938_/A (sky130_fd_sc_hd__buf_8)
                  0.04    0.16   14.10 v _4938_/X (sky130_fd_sc_hd__buf_8)
     6    0.03                           _1821_ (net)
                  0.04    0.00   14.10 v _4939_/D (sky130_fd_sc_hd__or4_4)
                  0.12    0.49   14.59 v _4939_/X (sky130_fd_sc_hd__or4_4)
     3    0.02                           _1822_ (net)
                  0.12    0.00   14.59 v _4940_/B (sky130_fd_sc_hd__or2_4)
                  0.07    0.30   14.89 v _4940_/X (sky130_fd_sc_hd__or2_4)
     4    0.02                           _1823_ (net)
                  0.07    0.00   14.89 v _4941_/D (sky130_fd_sc_hd__or4_4)
                  0.11    0.49   15.39 v _4941_/X (sky130_fd_sc_hd__or4_4)
     6    0.02                           _1824_ (net)
                  0.11    0.00   15.39 v _4942_/D (sky130_fd_sc_hd__or4_4)
                  0.11    0.50   15.88 v _4942_/X (sky130_fd_sc_hd__or4_4)
     6    0.02                           _1825_ (net)
                  0.11    0.00   15.89 v _4943_/D (sky130_fd_sc_hd__or4_4)
                  0.10    0.49   16.37 v _4943_/X (sky130_fd_sc_hd__or4_4)
     6    0.01                           _1826_ (net)
                  0.10    0.00   16.37 v _4944_/D (sky130_fd_sc_hd__or4_4)
                  0.11    0.50   16.87 v _4944_/X (sky130_fd_sc_hd__or4_4)
     6    0.02                           _1827_ (net)
                  0.11    0.00   16.87 v _4945_/D (sky130_fd_sc_hd__or4_4)
                  0.10    0.49   17.36 v _4945_/X (sky130_fd_sc_hd__or4_4)
     6    0.01                           _1828_ (net)
                  0.10    0.00   17.36 v _4946_/D (sky130_fd_sc_hd__or4_4)
                  0.11    0.50   17.85 v _4946_/X (sky130_fd_sc_hd__or4_4)
     5    0.02                           _1829_ (net)
                  0.11    0.00   17.85 v _4947_/D (sky130_fd_sc_hd__or4_4)
                  0.11    0.50   18.36 v _4947_/X (sky130_fd_sc_hd__or4_4)
     6    0.02                           _1830_ (net)
                  0.11    0.00   18.36 v _4948_/D (sky130_fd_sc_hd__or4_4)
                  0.11    0.50   18.86 v _4948_/X (sky130_fd_sc_hd__or4_4)
     6    0.02                           _1831_ (net)
                  0.11    0.00   18.86 v _4949_/D (sky130_fd_sc_hd__or4_4)
                  0.11    0.49   19.35 v _4949_/X (sky130_fd_sc_hd__or4_4)
     6    0.02                           _1832_ (net)
                  0.11    0.00   19.35 v _4950_/D (sky130_fd_sc_hd__or4_4)
                  0.11    0.49   19.84 v _4950_/X (sky130_fd_sc_hd__or4_4)
     6    0.02                           _1833_ (net)
                  0.11    0.00   19.85 v _4951_/D (sky130_fd_sc_hd__or4_4)
                  0.12    0.51   20.36 v _4951_/X (sky130_fd_sc_hd__or4_4)
     5    0.02                           _1834_ (net)
                  0.12    0.00   20.36 v _4952_/D (sky130_fd_sc_hd__nor4_4)
                  0.23    0.19   20.55 ^ _4952_/Y (sky130_fd_sc_hd__nor4_4)
     2    0.01                           _1835_ (net)
                  0.23    0.00   20.55 ^ max_cap690/A (sky130_fd_sc_hd__clkbuf_2)
                  0.05    0.17   20.72 ^ max_cap690/X (sky130_fd_sc_hd__clkbuf_2)
     3    0.01                           net690 (net)
                  0.05    0.00   20.72 ^ _4953_/C_N (sky130_fd_sc_hd__or3b_4)
                  0.07    0.40   21.12 v _4953_/X (sky130_fd_sc_hd__or3b_4)
     2    0.01                           _1836_ (net)
                  0.07    0.00   21.12 v _4954_/B (sky130_fd_sc_hd__or2_4)
                  0.06    0.27   21.39 v _4954_/X (sky130_fd_sc_hd__or2_4)
     3    0.01                           _1837_ (net)
                  0.06    0.00   21.39 v _4955_/B (sky130_fd_sc_hd__nor2_4)
                  0.10    0.11   21.50 ^ _4955_/Y (sky130_fd_sc_hd__nor2_4)
     3    0.01                           _1838_ (net)
                  0.10    0.00   21.50 ^ _4956_/A (sky130_fd_sc_hd__nand2_2)
                  0.06    0.06   21.57 v _4956_/Y (sky130_fd_sc_hd__nand2_2)
     2    0.01                           _1839_ (net)
                  0.06    0.00   21.57 v _4957_/B (sky130_fd_sc_hd__or2_4)
                  0.06    0.27   21.83 v _4957_/X (sky130_fd_sc_hd__or2_4)
     3    0.02                           _1840_ (net)
                  0.06    0.00   21.83 v _4958_/B (sky130_fd_sc_hd__nor2_4)
                  0.08    0.10   21.93 ^ _4958_/Y (sky130_fd_sc_hd__nor2_4)
     2    0.01                           _1841_ (net)
                  0.08    0.00   21.93 ^ _4959_/A (sky130_fd_sc_hd__nand2_2)
                  0.06    0.07   22.00 v _4959_/Y (sky130_fd_sc_hd__nand2_2)
     3    0.01                           _1842_ (net)
                  0.06    0.00   22.00 v _4960_/B (sky130_fd_sc_hd__or2_4)
                  0.06    0.27   22.27 v _4960_/X (sky130_fd_sc_hd__or2_4)
     3    0.01                           _1843_ (net)
                  0.06    0.00   22.27 v _4961_/B (sky130_fd_sc_hd__nor2_4)
                  0.10    0.12   22.38 ^ _4961_/Y (sky130_fd_sc_hd__nor2_4)
     3    0.01                           _1844_ (net)
                  0.10    0.00   22.38 ^ _4962_/A (sky130_fd_sc_hd__nand2_2)
                  0.06    0.07   22.45 v _4962_/Y (sky130_fd_sc_hd__nand2_2)
     3    0.01                           _1845_ (net)
                  0.06    0.00   22.45 v _4963_/B (sky130_fd_sc_hd__or2_4)
                  0.05    0.25   22.70 v _4963_/X (sky130_fd_sc_hd__or2_4)
     2    0.01                           _1846_ (net)
                  0.05    0.00   22.70 v _4964_/C (sky130_fd_sc_hd__or3_4)
                  0.09    0.39   23.09 v _4964_/X (sky130_fd_sc_hd__or3_4)
     3    0.02                           _1847_ (net)
                  0.09    0.00   23.09 v _4967_/B (sky130_fd_sc_hd__nor3b_2)
                  0.18    0.22   23.31 ^ _4967_/Y (sky130_fd_sc_hd__nor3b_2)
     2    0.01                           _1850_ (net)
                  0.18    0.00   23.31 ^ max_cap689/A (sky130_fd_sc_hd__buf_2)
                  0.07    0.18   23.49 ^ max_cap689/X (sky130_fd_sc_hd__buf_2)
     2    0.01                           net689 (net)
                  0.07    0.00   23.49 ^ _4968_/B (sky130_fd_sc_hd__xnor2_2)
                  0.12    0.12   23.61 ^ _4968_/Y (sky130_fd_sc_hd__xnor2_2)
     1    0.01                           _1851_ (net)
                  0.12    0.00   23.61 ^ _4969_/B (sky130_fd_sc_hd__xnor2_1)
                  0.21    0.17   23.78 ^ _4969_/Y (sky130_fd_sc_hd__xnor2_1)
     2    0.01                           _1852_ (net)
                  0.21    0.00   23.78 ^ _5119_/A1 (sky130_fd_sc_hd__o21ba_1)
                  0.06    0.18   23.97 ^ _5119_/X (sky130_fd_sc_hd__o21ba_1)
     1    0.00                           _1949_ (net)
                  0.06    0.00   23.97 ^ _5120_/B (sky130_fd_sc_hd__nor2_1)
                  0.07    0.04   24.01 v _5120_/Y (sky130_fd_sc_hd__nor2_1)
     1    0.00                           _1950_ (net)
                  0.07    0.00   24.01 v _5121_/A2 (sky130_fd_sc_hd__o21ai_1)
                  0.12    0.15   24.16 ^ _5121_/Y (sky130_fd_sc_hd__o21ai_1)
     1    0.00                           _1951_ (net)
                  0.12    0.00   24.16 ^ _5122_/A2 (sky130_fd_sc_hd__a21o_1)
                  0.07    0.16   24.31 ^ _5122_/X (sky130_fd_sc_hd__a21o_1)
     1    0.01                           _1952_ (net)
                  0.07    0.00   24.31 ^ _5123_/A2 (sky130_fd_sc_hd__a21oi_2)
                  0.05    0.06   24.37 v _5123_/Y (sky130_fd_sc_hd__a21oi_2)
     1    0.00                           _1953_ (net)
                  0.05    0.00   24.37 v _5124_/A2 (sky130_fd_sc_hd__o21ba_1)
                  0.04    0.17   24.55 v _5124_/X (sky130_fd_sc_hd__o21ba_1)
     1    0.00                           _1954_ (net)
                  0.04    0.00   24.55 v _5125_/A2 (sky130_fd_sc_hd__o21ba_1)
                  0.04    0.18   24.72 v _5125_/X (sky130_fd_sc_hd__o21ba_1)
     1    0.00                           _1955_ (net)
                  0.04    0.00   24.72 v _5126_/A2 (sky130_fd_sc_hd__o21ba_1)
                  0.04    0.18   24.90 v _5126_/X (sky130_fd_sc_hd__o21ba_1)
     1    0.00                           _1956_ (net)
                  0.04    0.00   24.90 v _5127_/A2 (sky130_fd_sc_hd__o21ba_1)
                  0.04    0.17   25.07 v _5127_/X (sky130_fd_sc_hd__o21ba_1)
     1    0.00                           _1957_ (net)
                  0.04    0.00   25.07 v _5128_/A2 (sky130_fd_sc_hd__o21ba_1)
                  0.05    0.18   25.25 v _5128_/X (sky130_fd_sc_hd__o21ba_1)
     1    0.01                           _1958_ (net)
                  0.05    0.00   25.26 v _5129_/A2 (sky130_fd_sc_hd__o21ba_1)
                  0.04    0.18   25.44 v _5129_/X (sky130_fd_sc_hd__o21ba_1)
     1    0.00                           _1959_ (net)
                  0.04    0.00   25.44 v _5130_/A2 (sky130_fd_sc_hd__o21ba_1)
                  0.05    0.19   25.62 v _5130_/X (sky130_fd_sc_hd__o21ba_1)
     1    0.01                           _1960_ (net)
                  0.05    0.00   25.62 v _5131_/A2 (sky130_fd_sc_hd__o21ba_1)
                  0.03    0.17   25.80 v _5131_/X (sky130_fd_sc_hd__o21ba_1)
     1    0.00                           _1961_ (net)
                  0.03    0.00   25.80 v _5132_/A2 (sky130_fd_sc_hd__o21ba_1)
                  0.05    0.19   25.98 v _5132_/X (sky130_fd_sc_hd__o21ba_1)
     1    0.01                           _1962_ (net)
                  0.05    0.00   25.98 v _5133_/A2 (sky130_fd_sc_hd__o21ba_1)
                  0.04    0.17   26.16 v _5133_/X (sky130_fd_sc_hd__o21ba_1)
     1    0.00                           _1963_ (net)
                  0.04    0.00   26.16 v _5134_/A2 (sky130_fd_sc_hd__o21ba_1)
                  0.04    0.17   26.33 v _5134_/X (sky130_fd_sc_hd__o21ba_1)
     1    0.00                           _1964_ (net)
                  0.04    0.00   26.33 v _5135_/A2 (sky130_fd_sc_hd__o21ba_1)
                  0.04    0.18   26.51 v _5135_/X (sky130_fd_sc_hd__o21ba_1)
     1    0.00                           _1965_ (net)
                  0.04    0.00   26.51 v _5136_/A2 (sky130_fd_sc_hd__o21ai_1)
                  0.10    0.11   26.62 ^ _5136_/Y (sky130_fd_sc_hd__o21ai_1)
     1    0.00                           _1966_ (net)
                  0.10    0.00   26.62 ^ _5137_/A2 (sky130_fd_sc_hd__a21oi_1)
                  0.07    0.08   26.70 v _5137_/Y (sky130_fd_sc_hd__a21oi_1)
     1    0.00                           _1967_ (net)
                  0.07    0.00   26.70 v _5138_/A2 (sky130_fd_sc_hd__o21ba_1)
                  0.04    0.19   26.89 v _5138_/X (sky130_fd_sc_hd__o21ba_1)
     1    0.00                           _1968_ (net)
                  0.04    0.00   26.89 v _5139_/A2 (sky130_fd_sc_hd__o21ai_1)
                  0.11    0.12   27.02 ^ _5139_/Y (sky130_fd_sc_hd__o21ai_1)
     1    0.00                           _1969_ (net)
                  0.11    0.00   27.02 ^ _5140_/A2 (sky130_fd_sc_hd__a21oi_1)
                  0.10    0.08   27.10 v _5140_/Y (sky130_fd_sc_hd__a21oi_1)
     1    0.00                           _1970_ (net)
                  0.10    0.00   27.10 v _5141_/A2 (sky130_fd_sc_hd__o21ba_1)
                  0.04    0.19   27.29 v _5141_/X (sky130_fd_sc_hd__o21ba_1)
     1    0.00                           _1971_ (net)
                  0.04    0.00   27.29 v _5142_/A2 (sky130_fd_sc_hd__o21ai_1)
                  0.13    0.14   27.43 ^ _5142_/Y (sky130_fd_sc_hd__o21ai_1)
     1    0.00                           _1972_ (net)
                  0.13    0.00   27.43 ^ _5143_/A2 (sky130_fd_sc_hd__a21oi_1)
                  0.08    0.09   27.52 v _5143_/Y (sky130_fd_sc_hd__a21oi_1)
     1    0.00                           _1973_ (net)
                  0.08    0.00   27.52 v _5144_/A2 (sky130_fd_sc_hd__o21ba_1)
                  0.03    0.18   27.70 v _5144_/X (sky130_fd_sc_hd__o21ba_1)
     1    0.00                           _1974_ (net)
                  0.03    0.00   27.70 v _5145_/B (sky130_fd_sc_hd__or2_1)
                  0.05    0.21   27.91 v _5145_/X (sky130_fd_sc_hd__or2_1)
     1    0.00                           _1975_ (net)
                  0.05    0.00   27.91 v _5146_/A (sky130_fd_sc_hd__clkbuf_1)
                  0.03    0.09   28.01 v _5146_/X (sky130_fd_sc_hd__clkbuf_1)
     1    0.00                           u_stage3_reg.LZA_CNT_in[8] (net)
                  0.03    0.00   28.01 v _5937_/D (sky130_fd_sc_hd__dfrtp_4)
                                 28.01   data arrival time

                         10.00   10.00   clock clk (rise edge)
                          0.00   10.00   clock source latency
                  0.28    0.19   10.19 ^ clk (in)
     1    0.06                           clk (net)
                  0.28    0.00   10.19 ^ clkbuf_0_clk/A (sky130_fd_sc_hd__clkbuf_16)
                  0.24    0.33   10.52 ^ clkbuf_0_clk/X (sky130_fd_sc_hd__clkbuf_16)
    18    0.23                           clknet_0_clk (net)
                  0.24    0.01   10.52 ^ clkbuf_4_6_0_clk/A (sky130_fd_sc_hd__clkbuf_8)
                  0.09    0.22   10.74 ^ clkbuf_4_6_0_clk/X (sky130_fd_sc_hd__clkbuf_8)
     7    0.04                           clknet_4_6_0_clk (net)
                  0.09    0.00   10.74 ^ _5937_/CLK (sky130_fd_sc_hd__dfrtp_4)
                         -0.25   10.49   clock uncertainty
                          0.00   10.49   clock reconvergence pessimism
                         -0.10   10.40   library setup time
                                 10.40   data required time
-----------------------------------------------------------------------------
                                 10.40   data required time
                                -28.01   data arrival time
-----------------------------------------------------------------------------
                                -17.61   slack (VIOLATED)




===========================================================================
 report_check_types -max_slew -max_cap -max_fanout -violators
============================================================================
======================= Typical Corner ===================================

max fanout

Pin                                   Limit Fanout  Slack
---------------------------------------------------------
clkbuf_4_9_0_clk/X                       10     22    -12 (VIOLATED)
clkbuf_0_clk/X                           10     18     -8 (VIOLATED)
clkbuf_4_8_0_clk/X                       10     16     -6 (VIOLATED)
clkbuf_4_15_0_clk/X                      10     15     -5 (VIOLATED)
clkbuf_4_11_0_clk/X                      10     14     -4 (VIOLATED)
input355/X                               10     14     -4 (VIOLATED)
clkbuf_4_10_0_clk/X                      10     13     -3 (VIOLATED)
clkbuf_4_2_0_clk/X                       10     13     -3 (VIOLATED)
clkbuf_4_12_0_clk/X                      10     12     -2 (VIOLATED)
clkbuf_4_14_0_clk/X                      10     11        (VIOLATED)



===========================================================================
report_parasitic_annotation -report_unannotated
============================================================================
Found 11 unannotated drivers.
 PD_mode_s2
 Sign_AB_s2[1]
 Sign_AB_s2[2]
 Sign_C_s2[1]
 Sign_C_s2[2]
 Sticky_C_s2[0]
 Sticky_C_s2[1]
 valid_s1
 Stage3_Top_721/HI
 Stage3_Top_722/HI
 Stage3_Top_723/HI
Found 0 partially unannotated drivers.

===========================================================================
max slew violation count 0
max fanout violation count 10
max cap violation count 0
============================================================================

===========================================================================
check_setup -verbose -unconstrained_endpoints -multiple_clock -no_clock -no_input_delay -loops -generated_clocks
===========================================================================
Warning: There are 3 unconstrained endpoints.
  LZA_CNT_s3[14]
  LZA_CNT_s3[15]
  LZA_CNT_s3[7]
