
===========================================================================
 report_power
============================================================================
======================= Fastest Corner ===================================

Group                  Internal  Switching    Leakage      Total
                          Power      Power      Power      Power (Watts)
----------------------------------------------------------------
Sequential             1.08e-03   1.11e-03   9.58e-07   2.19e-03  27.1%
Combinational          1.99e-03   3.91e-03   5.06e-08   5.90e-03  72.9%
Macro                  0.00e+00   0.00e+00   0.00e+00   0.00e+00   0.0%
Pad                    0.00e+00   0.00e+00   0.00e+00   0.00e+00   0.0%
----------------------------------------------------------------
Total                  3.07e-03   5.02e-03   1.01e-06   8.10e-03 100.0%
                          38.0%      62.0%       0.0%

======================= Slowest Corner ===================================

Group                  Internal  Switching    Leakage      Total
                          Power      Power      Power      Power (Watts)
----------------------------------------------------------------
Sequential             7.19e-04   7.48e-04   3.82e-06   1.47e-03  26.6%
Combinational          1.44e-03   2.60e-03   1.68e-05   4.06e-03  73.4%
Macro                  0.00e+00   0.00e+00   0.00e+00   0.00e+00   0.0%
Pad                    0.00e+00   0.00e+00   0.00e+00   0.00e+00   0.0%
----------------------------------------------------------------
Total                  2.16e-03   3.35e-03   2.06e-05   5.53e-03 100.0%
                          39.0%      60.6%       0.4%

======================= Typical Corner ===================================

Group                  Internal  Switching    Leakage      Total
                          Power      Power      Power      Power (Watts)
----------------------------------------------------------------
Sequential             9.32e-04   9.46e-04   9.57e-07   1.88e-03  26.9%
Combinational          1.78e-03   3.31e-03   3.29e-08   5.10e-03  73.1%
Macro                  0.00e+00   0.00e+00   0.00e+00   0.00e+00   0.0%
Pad                    0.00e+00   0.00e+00   0.00e+00   0.00e+00   0.0%
----------------------------------------------------------------
Total                  2.72e-03   4.26e-03   9.89e-07   6.98e-03 100.0%
                          38.9%      61.1%       0.0%

