
87. Printing statistics.

=== DPDAC_top ===

   Number of wires:              23170
   Number of wire bits:          23427
   Number of public wires:        1860
   Number of public wire bits:    2117
   Number of memories:               0
   Number of memory bits:            0
   Number of processes:              0
   Number of cells:              23228
     sky130_fd_sc_hd__a2111o_2      17
     sky130_fd_sc_hd__a2111oi_2      3
     sky130_fd_sc_hd__a211o_2      157
     sky130_fd_sc_hd__a211oi_2      12
     sky130_fd_sc_hd__a21bo_2       93
     sky130_fd_sc_hd__a21bo_4        1
     sky130_fd_sc_hd__a21boi_2      47
     sky130_fd_sc_hd__a21o_2       541
     sky130_fd_sc_hd__a21oi_2      687
     sky130_fd_sc_hd__a21oi_4        1
     sky130_fd_sc_hd__a221o_2      277
     sky130_fd_sc_hd__a221oi_2      22
     sky130_fd_sc_hd__a22o_2       388
     sky130_fd_sc_hd__a22oi_2       47
     sky130_fd_sc_hd__a2bb2o_2     128
     sky130_fd_sc_hd__a311o_2       19
     sky130_fd_sc_hd__a311oi_2       1
     sky130_fd_sc_hd__a31o_2       171
     sky130_fd_sc_hd__a31o_4         1
     sky130_fd_sc_hd__a31oi_2       22
     sky130_fd_sc_hd__a32o_2        70
     sky130_fd_sc_hd__a32oi_2        1
     sky130_fd_sc_hd__a41o_2         7
     sky130_fd_sc_hd__a41o_4         1
     sky130_fd_sc_hd__and2_2       835
     sky130_fd_sc_hd__and2_4         1
     sky130_fd_sc_hd__and2b_2      292
     sky130_fd_sc_hd__and3_2       352
     sky130_fd_sc_hd__and3_4         1
     sky130_fd_sc_hd__and3b_2       17
     sky130_fd_sc_hd__and4_2        60
     sky130_fd_sc_hd__and4_4         3
     sky130_fd_sc_hd__and4b_2       15
     sky130_fd_sc_hd__and4bb_2      11
     sky130_fd_sc_hd__buf_1       2059
     sky130_fd_sc_hd__buf_12         1
     sky130_fd_sc_hd__buf_2         11
     sky130_fd_sc_hd__buf_4         16
     sky130_fd_sc_hd__buf_6          7
     sky130_fd_sc_hd__buf_8         11
     sky130_fd_sc_hd__conb_1         1
     sky130_fd_sc_hd__dfrtp_2     1269
     sky130_fd_sc_hd__inv_12         1
     sky130_fd_sc_hd__inv_2        692
     sky130_fd_sc_hd__inv_8          3
     sky130_fd_sc_hd__mux2_1         1
     sky130_fd_sc_hd__mux2_2      3201
     sky130_fd_sc_hd__mux4_2       123
     sky130_fd_sc_hd__nand2_2     1890
     sky130_fd_sc_hd__nand2b_2      20
     sky130_fd_sc_hd__nand3_2      125
     sky130_fd_sc_hd__nand3b_2       2
     sky130_fd_sc_hd__nand4_2        9
     sky130_fd_sc_hd__nor2_2      1765
     sky130_fd_sc_hd__nor2_4         4
     sky130_fd_sc_hd__nor2b_2        7
     sky130_fd_sc_hd__nor3_2       115
     sky130_fd_sc_hd__nor3b_2        9
     sky130_fd_sc_hd__nor4_2        10
     sky130_fd_sc_hd__nor4_4         2
     sky130_fd_sc_hd__nor4b_2        2
     sky130_fd_sc_hd__o2111a_2       3
     sky130_fd_sc_hd__o2111ai_2      3
     sky130_fd_sc_hd__o211a_2      118
     sky130_fd_sc_hd__o211ai_2      21
     sky130_fd_sc_hd__o21a_2       513
     sky130_fd_sc_hd__o21ai_2      672
     sky130_fd_sc_hd__o21ba_2      175
     sky130_fd_sc_hd__o21bai_2      56
     sky130_fd_sc_hd__o21bai_4       1
     sky130_fd_sc_hd__o221a_2      450
     sky130_fd_sc_hd__o221ai_2      47
     sky130_fd_sc_hd__o22a_2       538
     sky130_fd_sc_hd__o22ai_2       74
     sky130_fd_sc_hd__o2bb2a_2      65
     sky130_fd_sc_hd__o311a_2       19
     sky130_fd_sc_hd__o311ai_2       2
     sky130_fd_sc_hd__o31a_2       126
     sky130_fd_sc_hd__o31ai_2       23
     sky130_fd_sc_hd__o32a_2        35
     sky130_fd_sc_hd__o32ai_2        6
     sky130_fd_sc_hd__o41a_2        12
     sky130_fd_sc_hd__or2_2       1565
     sky130_fd_sc_hd__or2_4          5
     sky130_fd_sc_hd__or2b_2       242
     sky130_fd_sc_hd__or3_2        262
     sky130_fd_sc_hd__or3b_2        65
     sky130_fd_sc_hd__or4_2        187
     sky130_fd_sc_hd__or4_4         22
     sky130_fd_sc_hd__or4b_2        27
     sky130_fd_sc_hd__or4b_4         5
     sky130_fd_sc_hd__or4bb_2       11
     sky130_fd_sc_hd__xnor2_2     1722
     sky130_fd_sc_hd__xor2_2       499

   Chip area for module '\DPDAC_top': 230636.198400

