
===========================================================================
 report_power
============================================================================
======================= Fastest Corner ===================================

Group                  Internal  Switching    Leakage      Total
                          Power      Power      Power      Power (Watts)
----------------------------------------------------------------
Sequential             1.07e-03   1.19e-03   9.58e-07   2.26e-03  27.2%
Combinational          1.99e-03   4.07e-03   5.06e-08   6.06e-03  72.8%
Macro                  0.00e+00   0.00e+00   0.00e+00   0.00e+00   0.0%
Pad                    0.00e+00   0.00e+00   0.00e+00   0.00e+00   0.0%
----------------------------------------------------------------
Total                  3.06e-03   5.26e-03   1.01e-06   8.32e-03 100.0%
                          36.8%      63.2%       0.0%

======================= Slowest Corner ===================================

Group                  Internal  Switching    Leakage      Total
                          Power      Power      Power      Power (Watts)
----------------------------------------------------------------
Sequential             7.10e-04   8.01e-04   3.82e-06   1.52e-03  26.7%
Combinational          1.44e-03   2.71e-03   1.68e-05   4.16e-03  73.3%
Macro                  0.00e+00   0.00e+00   0.00e+00   0.00e+00   0.0%
Pad                    0.00e+00   0.00e+00   0.00e+00   0.00e+00   0.0%
----------------------------------------------------------------
Total                  2.15e-03   3.51e-03   2.06e-05   5.68e-03 100.0%
                          37.8%      61.8%       0.4%

======================= Typical Corner ===================================

Group                  Internal  Switching    Leakage      Total
                          Power      Power      Power      Power (Watts)
----------------------------------------------------------------
Sequential             9.22e-04   1.01e-03   9.57e-07   1.94e-03  27.0%
Combinational          1.78e-03   3.45e-03   3.29e-08   5.23e-03  73.0%
Macro                  0.00e+00   0.00e+00   0.00e+00   0.00e+00   0.0%
Pad                    0.00e+00   0.00e+00   0.00e+00   0.00e+00   0.0%
----------------------------------------------------------------
Total                  2.70e-03   4.46e-03   9.89e-07   7.17e-03 100.0%
                          37.7%      62.3%       0.0%

