
===========================================================================
 report_power
============================================================================
======================= Fastest Corner ===================================

Group                  Internal  Switching    Leakage      Total
                          Power      Power      Power      Power (Watts)
----------------------------------------------------------------
Sequential             8.13e-03   3.50e-03   6.18e-06   1.16e-02   9.3%
Combinational          4.42e-02   6.87e-02   2.14e-07   1.13e-01  90.7%
Macro                  0.00e+00   0.00e+00   0.00e+00   0.00e+00   0.0%
Pad                    0.00e+00   0.00e+00   0.00e+00   0.00e+00   0.0%
----------------------------------------------------------------
Total                  5.23e-02   7.22e-02   6.39e-06   1.25e-01 100.0%
                          42.0%      58.0%       0.0%

======================= Slowest Corner ===================================

Group                  Internal  Switching    Leakage      Total
                          Power      Power      Power      Power (Watts)
----------------------------------------------------------------
Sequential             5.44e-03   2.31e-03   2.47e-05   7.77e-03   9.2%
Combinational          3.16e-02   4.54e-02   1.06e-04   7.71e-02  90.8%
Macro                  0.00e+00   0.00e+00   0.00e+00   0.00e+00   0.0%
Pad                    0.00e+00   0.00e+00   0.00e+00   0.00e+00   0.0%
----------------------------------------------------------------
Total                  3.70e-02   4.78e-02   1.31e-04   8.49e-02 100.0%
                          43.6%      56.3%       0.2%

======================= Typical Corner ===================================

Group                  Internal  Switching    Leakage      Total
                          Power      Power      Power      Power (Watts)
----------------------------------------------------------------
Sequential             7.02e-03   2.95e-03   6.17e-06   9.97e-03   9.3%
Combinational          3.96e-02   5.80e-02   1.23e-07   9.76e-02  90.7%
Macro                  0.00e+00   0.00e+00   0.00e+00   0.00e+00   0.0%
Pad                    0.00e+00   0.00e+00   0.00e+00   0.00e+00   0.0%
----------------------------------------------------------------
Total                  4.66e-02   6.10e-02   6.30e-06   1.08e-01 100.0%
                          43.3%      56.7%       0.0%

