
65. Executing CHECK pass (checking for obvious problems).
Checking module Stage2_Top...
Warning: Wire Stage2_Top.\Valid_s2 [3] is used but has no driver.
Warning: Wire Stage2_Top.\Valid_s2 [2] is used but has no driver.
Warning: Wire Stage2_Top.\Valid_s2 [1] is used but has no driver.
Warning: Wire Stage2_Top.\Valid_s2 [0] is used but has no driver.
Warning: Wire Stage2_Top.\Sum_s2 [162] is used but has no driver.
Warning: Wire Stage2_Top.\Sum_s2 [161] is used but has no driver.
Warning: Wire Stage2_Top.\Sum_s2 [160] is used but has no driver.
Warning: Wire Stage2_Top.\Sum_s2 [159] is used but has no driver.
Warning: Wire Stage2_Top.\Sum_s2 [158] is used but has no driver.
Warning: Wire Stage2_Top.\Sum_s2 [157] is used but has no driver.
Warning: Wire Stage2_Top.\Sum_s2 [156] is used but has no driver.
Warning: Wire Stage2_Top.\Sum_s2 [155] is used but has no driver.
Warning: Wire Stage2_Top.\Sum_s2 [154] is used but has no driver.
Warning: Wire Stage2_Top.\Sum_s2 [153] is used but has no driver.
Warning: Wire Stage2_Top.\Sum_s2 [152] is used but has no driver.
Warning: Wire Stage2_Top.\Sum_s2 [151] is used but has no driver.
Warning: Wire Stage2_Top.\Sum_s2 [150] is used but has no driver.
Warning: Wire Stage2_Top.\Sum_s2 [149] is used but has no driver.
Warning: Wire Stage2_Top.\Sum_s2 [148] is used but has no driver.
Warning: Wire Stage2_Top.\Sum_s2 [147] is used but has no driver.
Warning: Wire Stage2_Top.\Sum_s2 [146] is used but has no driver.
Warning: Wire Stage2_Top.\Sum_s2 [145] is used but has no driver.
Warning: Wire Stage2_Top.\Sum_s2 [144] is used but has no driver.
Warning: Wire Stage2_Top.\Sum_s2 [143] is used but has no driver.
Warning: Wire Stage2_Top.\Sum_s2 [142] is used but has no driver.
Warning: Wire Stage2_Top.\Sum_s2 [141] is used but has no driver.
Warning: Wire Stage2_Top.\Sum_s2 [140] is used but has no driver.
Warning: Wire Stage2_Top.\Sum_s2 [139] is used but has no driver.
Warning: Wire Stage2_Top.\Sum_s2 [138] is used but has no driver.
Warning: Wire Stage2_Top.\Sum_s2 [137] is used but has no driver.
Warning: Wire Stage2_Top.\Sum_s2 [136] is used but has no driver.
Warning: Wire Stage2_Top.\Sum_s2 [135] is used but has no driver.
Warning: Wire Stage2_Top.\Sum_s2 [134] is used but has no driver.
Warning: Wire Stage2_Top.\Sum_s2 [133] is used but has no driver.
Warning: Wire Stage2_Top.\Sum_s2 [132] is used but has no driver.
Warning: Wire Stage2_Top.\Sum_s2 [131] is used but has no driver.
Warning: Wire Stage2_Top.\Sum_s2 [130] is used but has no driver.
Warning: Wire Stage2_Top.\Sum_s2 [129] is used but has no driver.
Warning: Wire Stage2_Top.\Sum_s2 [128] is used but has no driver.
Warning: Wire Stage2_Top.\Sum_s2 [127] is used but has no driver.
Warning: Wire Stage2_Top.\Sum_s2 [126] is used but has no driver.
Warning: Wire Stage2_Top.\Sum_s2 [125] is used but has no driver.
Warning: Wire Stage2_Top.\Sum_s2 [124] is used but has no driver.
Warning: Wire Stage2_Top.\Sum_s2 [123] is used but has no driver.
Warning: Wire Stage2_Top.\Sum_s2 [122] is used but has no driver.
Warning: Wire Stage2_Top.\Sum_s2 [121] is used but has no driver.
Warning: Wire Stage2_Top.\Sum_s2 [120] is used but has no driver.
Warning: Wire Stage2_Top.\Sum_s2 [119] is used but has no driver.
Warning: Wire Stage2_Top.\Sum_s2 [118] is used but has no driver.
Warning: Wire Stage2_Top.\Sum_s2 [117] is used but has no driver.
Warning: Wire Stage2_Top.\Sum_s2 [116] is used but has no driver.
Warning: Wire Stage2_Top.\Sum_s2 [115] is used but has no driver.
Warning: Wire Stage2_Top.\Sum_s2 [114] is used but has no driver.
Warning: Wire Stage2_Top.\Sum_s2 [113] is used but has no driver.
Warning: Wire Stage2_Top.\Sum_s2 [112] is used but has no driver.
Warning: Wire Stage2_Top.\Sum_s2 [111] is used but has no driver.
Warning: Wire Stage2_Top.\Sum_s2 [110] is used but has no driver.
Warning: Wire Stage2_Top.\Sum_s2 [109] is used but has no driver.
Warning: Wire Stage2_Top.\Sum_s2 [108] is used but has no driver.
Warning: Wire Stage2_Top.\Sum_s2 [107] is used but has no driver.
Warning: Wire Stage2_Top.\Sum_s2 [106] is used but has no driver.
Warning: Wire Stage2_Top.\Sum_s2 [105] is used but has no driver.
Warning: Wire Stage2_Top.\Sum_s2 [104] is used but has no driver.
Warning: Wire Stage2_Top.\Sum_s2 [103] is used but has no driver.
Warning: Wire Stage2_Top.\Sum_s2 [102] is used but has no driver.
Warning: Wire Stage2_Top.\Sum_s2 [101] is used but has no driver.
Warning: Wire Stage2_Top.\Sum_s2 [100] is used but has no driver.
Warning: Wire Stage2_Top.\Sum_s2 [99] is used but has no driver.
Warning: Wire Stage2_Top.\Sum_s2 [98] is used but has no driver.
Warning: Wire Stage2_Top.\Sum_s2 [97] is used but has no driver.
Warning: Wire Stage2_Top.\Sum_s2 [96] is used but has no driver.
Warning: Wire Stage2_Top.\Sum_s2 [95] is used but has no driver.
Warning: Wire Stage2_Top.\Sum_s2 [94] is used but has no driver.
Warning: Wire Stage2_Top.\Sum_s2 [93] is used but has no driver.
Warning: Wire Stage2_Top.\Sum_s2 [92] is used but has no driver.
Warning: Wire Stage2_Top.\Sum_s2 [91] is used but has no driver.
Warning: Wire Stage2_Top.\Sum_s2 [90] is used but has no driver.
Warning: Wire Stage2_Top.\Sum_s2 [89] is used but has no driver.
Warning: Wire Stage2_Top.\Sum_s2 [88] is used but has no driver.
Warning: Wire Stage2_Top.\Sum_s2 [87] is used but has no driver.
Warning: Wire Stage2_Top.\Sum_s2 [86] is used but has no driver.
Warning: Wire Stage2_Top.\Sum_s2 [85] is used but has no driver.
Warning: Wire Stage2_Top.\Sum_s2 [84] is used but has no driver.
Warning: Wire Stage2_Top.\Sum_s2 [83] is used but has no driver.
Warning: Wire Stage2_Top.\Sum_s2 [82] is used but has no driver.
Warning: Wire Stage2_Top.\Sum_s2 [81] is used but has no driver.
Warning: Wire Stage2_Top.\Sum_s2 [80] is used but has no driver.
Warning: Wire Stage2_Top.\Sum_s2 [79] is used but has no driver.
Warning: Wire Stage2_Top.\Sum_s2 [78] is used but has no driver.
Warning: Wire Stage2_Top.\Sum_s2 [77] is used but has no driver.
Warning: Wire Stage2_Top.\Sum_s2 [76] is used but has no driver.
Warning: Wire Stage2_Top.\Sum_s2 [75] is used but has no driver.
Warning: Wire Stage2_Top.\Sum_s2 [74] is used but has no driver.
Warning: Wire Stage2_Top.\Sum_s2 [73] is used but has no driver.
Warning: Wire Stage2_Top.\Sum_s2 [72] is used but has no driver.
Warning: Wire Stage2_Top.\Sum_s2 [71] is used but has no driver.
Warning: Wire Stage2_Top.\Sum_s2 [70] is used but has no driver.
Warning: Wire Stage2_Top.\Sum_s2 [69] is used but has no driver.
Warning: Wire Stage2_Top.\Sum_s2 [68] is used but has no driver.
Warning: Wire Stage2_Top.\Sum_s2 [67] is used but has no driver.
Warning: Wire Stage2_Top.\Sum_s2 [66] is used but has no driver.
Warning: Wire Stage2_Top.\Sum_s2 [65] is used but has no driver.
Warning: Wire Stage2_Top.\Sum_s2 [64] is used but has no driver.
Warning: Wire Stage2_Top.\Sum_s2 [63] is used but has no driver.
Warning: Wire Stage2_Top.\Sum_s2 [62] is used but has no driver.
Warning: Wire Stage2_Top.\Sum_s2 [61] is used but has no driver.
Warning: Wire Stage2_Top.\Sum_s2 [60] is used but has no driver.
Warning: Wire Stage2_Top.\Sum_s2 [59] is used but has no driver.
Warning: Wire Stage2_Top.\Sum_s2 [58] is used but has no driver.
Warning: Wire Stage2_Top.\Sum_s2 [57] is used but has no driver.
Warning: Wire Stage2_Top.\Sum_s2 [56] is used but has no driver.
Warning: Wire Stage2_Top.\Sum_s2 [55] is used but has no driver.
Warning: Wire Stage2_Top.\Sum_s2 [54] is used but has no driver.
Warning: Wire Stage2_Top.\Sum_s2 [53] is used but has no driver.
Warning: Wire Stage2_Top.\Sum_s2 [52] is used but has no driver.
Warning: Wire Stage2_Top.\Sum_s2 [51] is used but has no driver.
Warning: Wire Stage2_Top.\Sum_s2 [50] is used but has no driver.
Warning: Wire Stage2_Top.\Sum_s2 [49] is used but has no driver.
Warning: Wire Stage2_Top.\Sum_s2 [48] is used but has no driver.
Warning: Wire Stage2_Top.\Sum_s2 [47] is used but has no driver.
Warning: Wire Stage2_Top.\Sum_s2 [46] is used but has no driver.
Warning: Wire Stage2_Top.\Sum_s2 [45] is used but has no driver.
Warning: Wire Stage2_Top.\Sum_s2 [44] is used but has no driver.
Warning: Wire Stage2_Top.\Sum_s2 [43] is used but has no driver.
Warning: Wire Stage2_Top.\Sum_s2 [42] is used but has no driver.
Warning: Wire Stage2_Top.\Sum_s2 [41] is used but has no driver.
Warning: Wire Stage2_Top.\Sum_s2 [40] is used but has no driver.
Warning: Wire Stage2_Top.\Sum_s2 [39] is used but has no driver.
Warning: Wire Stage2_Top.\Sum_s2 [38] is used but has no driver.
Warning: Wire Stage2_Top.\Sum_s2 [37] is used but has no driver.
Warning: Wire Stage2_Top.\Sum_s2 [36] is used but has no driver.
Warning: Wire Stage2_Top.\Sum_s2 [35] is used but has no driver.
Warning: Wire Stage2_Top.\Sum_s2 [34] is used but has no driver.
Warning: Wire Stage2_Top.\Sum_s2 [33] is used but has no driver.
Warning: Wire Stage2_Top.\Sum_s2 [32] is used but has no driver.
Warning: Wire Stage2_Top.\Sum_s2 [31] is used but has no driver.
Warning: Wire Stage2_Top.\Sum_s2 [30] is used but has no driver.
Warning: Wire Stage2_Top.\Sum_s2 [29] is used but has no driver.
Warning: Wire Stage2_Top.\Sum_s2 [28] is used but has no driver.
Warning: Wire Stage2_Top.\Sum_s2 [27] is used but has no driver.
Warning: Wire Stage2_Top.\Sum_s2 [26] is used but has no driver.
Warning: Wire Stage2_Top.\Sum_s2 [25] is used but has no driver.
Warning: Wire Stage2_Top.\Sum_s2 [24] is used but has no driver.
Warning: Wire Stage2_Top.\Sum_s2 [23] is used but has no driver.
Warning: Wire Stage2_Top.\Sum_s2 [22] is used but has no driver.
Warning: Wire Stage2_Top.\Sum_s2 [21] is used but has no driver.
Warning: Wire Stage2_Top.\Sum_s2 [20] is used but has no driver.
Warning: Wire Stage2_Top.\Sum_s2 [19] is used but has no driver.
Warning: Wire Stage2_Top.\Sum_s2 [18] is used but has no driver.
Warning: Wire Stage2_Top.\Sum_s2 [17] is used but has no driver.
Warning: Wire Stage2_Top.\Sum_s2 [16] is used but has no driver.
Warning: Wire Stage2_Top.\Sum_s2 [15] is used but has no driver.
Warning: Wire Stage2_Top.\Sum_s2 [14] is used but has no driver.
Warning: Wire Stage2_Top.\Sum_s2 [13] is used but has no driver.
Warning: Wire Stage2_Top.\Sum_s2 [12] is used but has no driver.
Warning: Wire Stage2_Top.\Sum_s2 [11] is used but has no driver.
Warning: Wire Stage2_Top.\Sum_s2 [10] is used but has no driver.
Warning: Wire Stage2_Top.\Sum_s2 [9] is used but has no driver.
Warning: Wire Stage2_Top.\Sum_s2 [8] is used but has no driver.
Warning: Wire Stage2_Top.\Sum_s2 [7] is used but has no driver.
Warning: Wire Stage2_Top.\Sum_s2 [6] is used but has no driver.
Warning: Wire Stage2_Top.\Sum_s2 [5] is used but has no driver.
Warning: Wire Stage2_Top.\Sum_s2 [4] is used but has no driver.
Warning: Wire Stage2_Top.\Sum_s2 [3] is used but has no driver.
Warning: Wire Stage2_Top.\Sum_s2 [2] is used but has no driver.
Warning: Wire Stage2_Top.\Sum_s2 [1] is used but has no driver.
Warning: Wire Stage2_Top.\Sum_s2 [0] is used but has no driver.
Warning: Wire Stage2_Top.\Sticky_C_s2 [1] is used but has no driver.
Warning: Wire Stage2_Top.\Sticky_C_s2 [0] is used but has no driver.
Warning: Wire Stage2_Top.\Sign_C_s2 [3] is used but has no driver.
Warning: Wire Stage2_Top.\Sign_C_s2 [2] is used but has no driver.
Warning: Wire Stage2_Top.\Sign_C_s2 [1] is used but has no driver.
Warning: Wire Stage2_Top.\Sign_C_s2 [0] is used but has no driver.
Warning: Wire Stage2_Top.\Sign_AB_s2 [3] is used but has no driver.
Warning: Wire Stage2_Top.\Sign_AB_s2 [2] is used but has no driver.
Warning: Wire Stage2_Top.\Sign_AB_s2 [1] is used but has no driver.
Warning: Wire Stage2_Top.\Sign_AB_s2 [0] is used but has no driver.
Warning: Wire Stage2_Top.\Prec_s2 [2] is used but has no driver.
Warning: Wire Stage2_Top.\Prec_s2 [1] is used but has no driver.
Warning: Wire Stage2_Top.\Prec_s2 [0] is used but has no driver.
Warning: Wire Stage2_Top.\PD_mode_s2 is used but has no driver.
Warning: Wire Stage2_Top.\Carry_s2 [162] is used but has no driver.
Warning: Wire Stage2_Top.\Carry_s2 [161] is used but has no driver.
Warning: Wire Stage2_Top.\Carry_s2 [160] is used but has no driver.
Warning: Wire Stage2_Top.\Carry_s2 [159] is used but has no driver.
Warning: Wire Stage2_Top.\Carry_s2 [158] is used but has no driver.
Warning: Wire Stage2_Top.\Carry_s2 [157] is used but has no driver.
Warning: Wire Stage2_Top.\Carry_s2 [156] is used but has no driver.
Warning: Wire Stage2_Top.\Carry_s2 [155] is used but has no driver.
Warning: Wire Stage2_Top.\Carry_s2 [154] is used but has no driver.
Warning: Wire Stage2_Top.\Carry_s2 [153] is used but has no driver.
Warning: Wire Stage2_Top.\Carry_s2 [152] is used but has no driver.
Warning: Wire Stage2_Top.\Carry_s2 [151] is used but has no driver.
Warning: Wire Stage2_Top.\Carry_s2 [150] is used but has no driver.
Warning: Wire Stage2_Top.\Carry_s2 [149] is used but has no driver.
Warning: Wire Stage2_Top.\Carry_s2 [148] is used but has no driver.
Warning: Wire Stage2_Top.\Carry_s2 [147] is used but has no driver.
Warning: Wire Stage2_Top.\Carry_s2 [146] is used but has no driver.
Warning: Wire Stage2_Top.\Carry_s2 [145] is used but has no driver.
Warning: Wire Stage2_Top.\Carry_s2 [144] is used but has no driver.
Warning: Wire Stage2_Top.\Carry_s2 [143] is used but has no driver.
Warning: Wire Stage2_Top.\Carry_s2 [142] is used but has no driver.
Warning: Wire Stage2_Top.\Carry_s2 [141] is used but has no driver.
Warning: Wire Stage2_Top.\Carry_s2 [140] is used but has no driver.
Warning: Wire Stage2_Top.\Carry_s2 [139] is used but has no driver.
Warning: Wire Stage2_Top.\Carry_s2 [138] is used but has no driver.
Warning: Wire Stage2_Top.\Carry_s2 [137] is used but has no driver.
Warning: Wire Stage2_Top.\Carry_s2 [136] is used but has no driver.
Warning: Wire Stage2_Top.\Carry_s2 [135] is used but has no driver.
Warning: Wire Stage2_Top.\Carry_s2 [134] is used but has no driver.
Warning: Wire Stage2_Top.\Carry_s2 [133] is used but has no driver.
Warning: Wire Stage2_Top.\Carry_s2 [132] is used but has no driver.
Warning: Wire Stage2_Top.\Carry_s2 [131] is used but has no driver.
Warning: Wire Stage2_Top.\Carry_s2 [130] is used but has no driver.
Warning: Wire Stage2_Top.\Carry_s2 [129] is used but has no driver.
Warning: Wire Stage2_Top.\Carry_s2 [128] is used but has no driver.
Warning: Wire Stage2_Top.\Carry_s2 [127] is used but has no driver.
Warning: Wire Stage2_Top.\Carry_s2 [126] is used but has no driver.
Warning: Wire Stage2_Top.\Carry_s2 [125] is used but has no driver.
Warning: Wire Stage2_Top.\Carry_s2 [124] is used but has no driver.
Warning: Wire Stage2_Top.\Carry_s2 [123] is used but has no driver.
Warning: Wire Stage2_Top.\Carry_s2 [122] is used but has no driver.
Warning: Wire Stage2_Top.\Carry_s2 [121] is used but has no driver.
Warning: Wire Stage2_Top.\Carry_s2 [120] is used but has no driver.
Warning: Wire Stage2_Top.\Carry_s2 [119] is used but has no driver.
Warning: Wire Stage2_Top.\Carry_s2 [118] is used but has no driver.
Warning: Wire Stage2_Top.\Carry_s2 [117] is used but has no driver.
Warning: Wire Stage2_Top.\Carry_s2 [116] is used but has no driver.
Warning: Wire Stage2_Top.\Carry_s2 [115] is used but has no driver.
Warning: Wire Stage2_Top.\Carry_s2 [114] is used but has no driver.
Warning: Wire Stage2_Top.\Carry_s2 [113] is used but has no driver.
Warning: Wire Stage2_Top.\Carry_s2 [112] is used but has no driver.
Warning: Wire Stage2_Top.\Carry_s2 [111] is used but has no driver.
Warning: Wire Stage2_Top.\Carry_s2 [110] is used but has no driver.
Warning: Wire Stage2_Top.\Carry_s2 [109] is used but has no driver.
Warning: Wire Stage2_Top.\Carry_s2 [108] is used but has no driver.
Warning: Wire Stage2_Top.\Carry_s2 [107] is used but has no driver.
Warning: Wire Stage2_Top.\Carry_s2 [106] is used but has no driver.
Warning: Wire Stage2_Top.\Carry_s2 [105] is used but has no driver.
Warning: Wire Stage2_Top.\Carry_s2 [104] is used but has no driver.
Warning: Wire Stage2_Top.\Carry_s2 [103] is used but has no driver.
Warning: Wire Stage2_Top.\Carry_s2 [102] is used but has no driver.
Warning: Wire Stage2_Top.\Carry_s2 [101] is used but has no driver.
Warning: Wire Stage2_Top.\Carry_s2 [100] is used but has no driver.
Warning: Wire Stage2_Top.\Carry_s2 [99] is used but has no driver.
Warning: Wire Stage2_Top.\Carry_s2 [98] is used but has no driver.
Warning: Wire Stage2_Top.\Carry_s2 [97] is used but has no driver.
Warning: Wire Stage2_Top.\Carry_s2 [96] is used but has no driver.
Warning: Wire Stage2_Top.\Carry_s2 [95] is used but has no driver.
Warning: Wire Stage2_Top.\Carry_s2 [94] is used but has no driver.
Warning: Wire Stage2_Top.\Carry_s2 [93] is used but has no driver.
Warning: Wire Stage2_Top.\Carry_s2 [92] is used but has no driver.
Warning: Wire Stage2_Top.\Carry_s2 [91] is used but has no driver.
Warning: Wire Stage2_Top.\Carry_s2 [90] is used but has no driver.
Warning: Wire Stage2_Top.\Carry_s2 [89] is used but has no driver.
Warning: Wire Stage2_Top.\Carry_s2 [88] is used but has no driver.
Warning: Wire Stage2_Top.\Carry_s2 [87] is used but has no driver.
Warning: Wire Stage2_Top.\Carry_s2 [86] is used but has no driver.
Warning: Wire Stage2_Top.\Carry_s2 [85] is used but has no driver.
Warning: Wire Stage2_Top.\Carry_s2 [84] is used but has no driver.
Warning: Wire Stage2_Top.\Carry_s2 [83] is used but has no driver.
Warning: Wire Stage2_Top.\Carry_s2 [82] is used but has no driver.
Warning: Wire Stage2_Top.\Carry_s2 [81] is used but has no driver.
Warning: Wire Stage2_Top.\Carry_s2 [80] is used but has no driver.
Warning: Wire Stage2_Top.\Carry_s2 [79] is used but has no driver.
Warning: Wire Stage2_Top.\Carry_s2 [78] is used but has no driver.
Warning: Wire Stage2_Top.\Carry_s2 [77] is used but has no driver.
Warning: Wire Stage2_Top.\Carry_s2 [76] is used but has no driver.
Warning: Wire Stage2_Top.\Carry_s2 [75] is used but has no driver.
Warning: Wire Stage2_Top.\Carry_s2 [74] is used but has no driver.
Warning: Wire Stage2_Top.\Carry_s2 [73] is used but has no driver.
Warning: Wire Stage2_Top.\Carry_s2 [72] is used but has no driver.
Warning: Wire Stage2_Top.\Carry_s2 [71] is used but has no driver.
Warning: Wire Stage2_Top.\Carry_s2 [70] is used but has no driver.
Warning: Wire Stage2_Top.\Carry_s2 [69] is used but has no driver.
Warning: Wire Stage2_Top.\Carry_s2 [68] is used but has no driver.
Warning: Wire Stage2_Top.\Carry_s2 [67] is used but has no driver.
Warning: Wire Stage2_Top.\Carry_s2 [66] is used but has no driver.
Warning: Wire Stage2_Top.\Carry_s2 [65] is used but has no driver.
Warning: Wire Stage2_Top.\Carry_s2 [64] is used but has no driver.
Warning: Wire Stage2_Top.\Carry_s2 [63] is used but has no driver.
Warning: Wire Stage2_Top.\Carry_s2 [62] is used but has no driver.
Warning: Wire Stage2_Top.\Carry_s2 [61] is used but has no driver.
Warning: Wire Stage2_Top.\Carry_s2 [60] is used but has no driver.
Warning: Wire Stage2_Top.\Carry_s2 [59] is used but has no driver.
Warning: Wire Stage2_Top.\Carry_s2 [58] is used but has no driver.
Warning: Wire Stage2_Top.\Carry_s2 [57] is used but has no driver.
Warning: Wire Stage2_Top.\Carry_s2 [56] is used but has no driver.
Warning: Wire Stage2_Top.\Carry_s2 [55] is used but has no driver.
Warning: Wire Stage2_Top.\Carry_s2 [54] is used but has no driver.
Warning: Wire Stage2_Top.\Carry_s2 [53] is used but has no driver.
Warning: Wire Stage2_Top.\Carry_s2 [52] is used but has no driver.
Warning: Wire Stage2_Top.\Carry_s2 [51] is used but has no driver.
Warning: Wire Stage2_Top.\Carry_s2 [50] is used but has no driver.
Warning: Wire Stage2_Top.\Carry_s2 [49] is used but has no driver.
Warning: Wire Stage2_Top.\Carry_s2 [48] is used but has no driver.
Warning: Wire Stage2_Top.\Carry_s2 [47] is used but has no driver.
Warning: Wire Stage2_Top.\Carry_s2 [46] is used but has no driver.
Warning: Wire Stage2_Top.\Carry_s2 [45] is used but has no driver.
Warning: Wire Stage2_Top.\Carry_s2 [44] is used but has no driver.
Warning: Wire Stage2_Top.\Carry_s2 [43] is used but has no driver.
Warning: Wire Stage2_Top.\Carry_s2 [42] is used but has no driver.
Warning: Wire Stage2_Top.\Carry_s2 [41] is used but has no driver.
Warning: Wire Stage2_Top.\Carry_s2 [40] is used but has no driver.
Warning: Wire Stage2_Top.\Carry_s2 [39] is used but has no driver.
Warning: Wire Stage2_Top.\Carry_s2 [38] is used but has no driver.
Warning: Wire Stage2_Top.\Carry_s2 [37] is used but has no driver.
Warning: Wire Stage2_Top.\Carry_s2 [36] is used but has no driver.
Warning: Wire Stage2_Top.\Carry_s2 [35] is used but has no driver.
Warning: Wire Stage2_Top.\Carry_s2 [34] is used but has no driver.
Warning: Wire Stage2_Top.\Carry_s2 [33] is used but has no driver.
Warning: Wire Stage2_Top.\Carry_s2 [32] is used but has no driver.
Warning: Wire Stage2_Top.\Carry_s2 [31] is used but has no driver.
Warning: Wire Stage2_Top.\Carry_s2 [30] is used but has no driver.
Warning: Wire Stage2_Top.\Carry_s2 [29] is used but has no driver.
Warning: Wire Stage2_Top.\Carry_s2 [28] is used but has no driver.
Warning: Wire Stage2_Top.\Carry_s2 [27] is used but has no driver.
Warning: Wire Stage2_Top.\Carry_s2 [26] is used but has no driver.
Warning: Wire Stage2_Top.\Carry_s2 [25] is used but has no driver.
Warning: Wire Stage2_Top.\Carry_s2 [24] is used but has no driver.
Warning: Wire Stage2_Top.\Carry_s2 [23] is used but has no driver.
Warning: Wire Stage2_Top.\Carry_s2 [22] is used but has no driver.
Warning: Wire Stage2_Top.\Carry_s2 [21] is used but has no driver.
Warning: Wire Stage2_Top.\Carry_s2 [20] is used but has no driver.
Warning: Wire Stage2_Top.\Carry_s2 [19] is used but has no driver.
Warning: Wire Stage2_Top.\Carry_s2 [18] is used but has no driver.
Warning: Wire Stage2_Top.\Carry_s2 [17] is used but has no driver.
Warning: Wire Stage2_Top.\Carry_s2 [16] is used but has no driver.
Warning: Wire Stage2_Top.\Carry_s2 [15] is used but has no driver.
Warning: Wire Stage2_Top.\Carry_s2 [14] is used but has no driver.
Warning: Wire Stage2_Top.\Carry_s2 [13] is used but has no driver.
Warning: Wire Stage2_Top.\Carry_s2 [12] is used but has no driver.
Warning: Wire Stage2_Top.\Carry_s2 [11] is used but has no driver.
Warning: Wire Stage2_Top.\Carry_s2 [10] is used but has no driver.
Warning: Wire Stage2_Top.\Carry_s2 [9] is used but has no driver.
Warning: Wire Stage2_Top.\Carry_s2 [8] is used but has no driver.
Warning: Wire Stage2_Top.\Carry_s2 [7] is used but has no driver.
Warning: Wire Stage2_Top.\Carry_s2 [6] is used but has no driver.
Warning: Wire Stage2_Top.\Carry_s2 [5] is used but has no driver.
Warning: Wire Stage2_Top.\Carry_s2 [4] is used but has no driver.
Warning: Wire Stage2_Top.\Carry_s2 [3] is used but has no driver.
Warning: Wire Stage2_Top.\Carry_s2 [2] is used but has no driver.
Warning: Wire Stage2_Top.\Carry_s2 [1] is used but has no driver.
Warning: Wire Stage2_Top.\Carry_s2 [0] is used but has no driver.
Warning: Wire Stage2_Top.\Aligned_C_s2 [162] is used but has no driver.
Warning: Wire Stage2_Top.\Aligned_C_s2 [161] is used but has no driver.
Warning: Wire Stage2_Top.\Aligned_C_s2 [160] is used but has no driver.
Warning: Wire Stage2_Top.\Aligned_C_s2 [159] is used but has no driver.
Warning: Wire Stage2_Top.\Aligned_C_s2 [158] is used but has no driver.
Warning: Wire Stage2_Top.\Aligned_C_s2 [157] is used but has no driver.
Warning: Wire Stage2_Top.\Aligned_C_s2 [156] is used but has no driver.
Warning: Wire Stage2_Top.\Aligned_C_s2 [155] is used but has no driver.
Warning: Wire Stage2_Top.\Aligned_C_s2 [154] is used but has no driver.
Warning: Wire Stage2_Top.\Aligned_C_s2 [153] is used but has no driver.
Warning: Wire Stage2_Top.\Aligned_C_s2 [152] is used but has no driver.
Warning: Wire Stage2_Top.\Aligned_C_s2 [151] is used but has no driver.
Warning: Wire Stage2_Top.\Aligned_C_s2 [150] is used but has no driver.
Warning: Wire Stage2_Top.\Aligned_C_s2 [149] is used but has no driver.
Warning: Wire Stage2_Top.\Aligned_C_s2 [148] is used but has no driver.
Warning: Wire Stage2_Top.\Aligned_C_s2 [147] is used but has no driver.
Warning: Wire Stage2_Top.\Aligned_C_s2 [146] is used but has no driver.
Warning: Wire Stage2_Top.\Aligned_C_s2 [145] is used but has no driver.
Warning: Wire Stage2_Top.\Aligned_C_s2 [144] is used but has no driver.
Warning: Wire Stage2_Top.\Aligned_C_s2 [143] is used but has no driver.
Warning: Wire Stage2_Top.\Aligned_C_s2 [142] is used but has no driver.
Warning: Wire Stage2_Top.\Aligned_C_s2 [141] is used but has no driver.
Warning: Wire Stage2_Top.\Aligned_C_s2 [140] is used but has no driver.
Warning: Wire Stage2_Top.\Aligned_C_s2 [139] is used but has no driver.
Warning: Wire Stage2_Top.\Aligned_C_s2 [138] is used but has no driver.
Warning: Wire Stage2_Top.\Aligned_C_s2 [137] is used but has no driver.
Warning: Wire Stage2_Top.\Aligned_C_s2 [136] is used but has no driver.
Warning: Wire Stage2_Top.\Aligned_C_s2 [135] is used but has no driver.
Warning: Wire Stage2_Top.\Aligned_C_s2 [134] is used but has no driver.
Warning: Wire Stage2_Top.\Aligned_C_s2 [133] is used but has no driver.
Warning: Wire Stage2_Top.\Aligned_C_s2 [132] is used but has no driver.
Warning: Wire Stage2_Top.\Aligned_C_s2 [131] is used but has no driver.
Warning: Wire Stage2_Top.\Aligned_C_s2 [130] is used but has no driver.
Warning: Wire Stage2_Top.\Aligned_C_s2 [129] is used but has no driver.
Warning: Wire Stage2_Top.\Aligned_C_s2 [128] is used but has no driver.
Warning: Wire Stage2_Top.\Aligned_C_s2 [127] is used but has no driver.
Warning: Wire Stage2_Top.\Aligned_C_s2 [126] is used but has no driver.
Warning: Wire Stage2_Top.\Aligned_C_s2 [125] is used but has no driver.
Warning: Wire Stage2_Top.\Aligned_C_s2 [124] is used but has no driver.
Warning: Wire Stage2_Top.\Aligned_C_s2 [123] is used but has no driver.
Warning: Wire Stage2_Top.\Aligned_C_s2 [122] is used but has no driver.
Warning: Wire Stage2_Top.\Aligned_C_s2 [121] is used but has no driver.
Warning: Wire Stage2_Top.\Aligned_C_s2 [120] is used but has no driver.
Warning: Wire Stage2_Top.\Aligned_C_s2 [119] is used but has no driver.
Warning: Wire Stage2_Top.\Aligned_C_s2 [118] is used but has no driver.
Warning: Wire Stage2_Top.\Aligned_C_s2 [117] is used but has no driver.
Warning: Wire Stage2_Top.\Aligned_C_s2 [116] is used but has no driver.
Warning: Wire Stage2_Top.\Aligned_C_s2 [115] is used but has no driver.
Warning: Wire Stage2_Top.\Aligned_C_s2 [114] is used but has no driver.
Warning: Wire Stage2_Top.\Aligned_C_s2 [113] is used but has no driver.
Warning: Wire Stage2_Top.\Aligned_C_s2 [112] is used but has no driver.
Warning: Wire Stage2_Top.\Aligned_C_s2 [111] is used but has no driver.
Warning: Wire Stage2_Top.\Aligned_C_s2 [110] is used but has no driver.
Warning: Wire Stage2_Top.\Aligned_C_s2 [109] is used but has no driver.
Warning: Wire Stage2_Top.\Aligned_C_s2 [108] is used but has no driver.
Warning: Wire Stage2_Top.\Aligned_C_s2 [107] is used but has no driver.
Warning: Wire Stage2_Top.\Aligned_C_s2 [106] is used but has no driver.
Warning: Wire Stage2_Top.\Aligned_C_s2 [105] is used but has no driver.
Warning: Wire Stage2_Top.\Aligned_C_s2 [104] is used but has no driver.
Warning: Wire Stage2_Top.\Aligned_C_s2 [103] is used but has no driver.
Warning: Wire Stage2_Top.\Aligned_C_s2 [102] is used but has no driver.
Warning: Wire Stage2_Top.\Aligned_C_s2 [101] is used but has no driver.
Warning: Wire Stage2_Top.\Aligned_C_s2 [100] is used but has no driver.
Warning: Wire Stage2_Top.\Aligned_C_s2 [99] is used but has no driver.
Warning: Wire Stage2_Top.\Aligned_C_s2 [98] is used but has no driver.
Warning: Wire Stage2_Top.\Aligned_C_s2 [97] is used but has no driver.
Warning: Wire Stage2_Top.\Aligned_C_s2 [96] is used but has no driver.
Warning: Wire Stage2_Top.\Aligned_C_s2 [95] is used but has no driver.
Warning: Wire Stage2_Top.\Aligned_C_s2 [94] is used but has no driver.
Warning: Wire Stage2_Top.\Aligned_C_s2 [93] is used but has no driver.
Warning: Wire Stage2_Top.\Aligned_C_s2 [92] is used but has no driver.
Warning: Wire Stage2_Top.\Aligned_C_s2 [91] is used but has no driver.
Warning: Wire Stage2_Top.\Aligned_C_s2 [90] is used but has no driver.
Warning: Wire Stage2_Top.\Aligned_C_s2 [89] is used but has no driver.
Warning: Wire Stage2_Top.\Aligned_C_s2 [88] is used but has no driver.
Warning: Wire Stage2_Top.\Aligned_C_s2 [87] is used but has no driver.
Warning: Wire Stage2_Top.\Aligned_C_s2 [86] is used but has no driver.
Warning: Wire Stage2_Top.\Aligned_C_s2 [85] is used but has no driver.
Warning: Wire Stage2_Top.\Aligned_C_s2 [84] is used but has no driver.
Warning: Wire Stage2_Top.\Aligned_C_s2 [83] is used but has no driver.
Warning: Wire Stage2_Top.\Aligned_C_s2 [82] is used but has no driver.
Warning: Wire Stage2_Top.\Aligned_C_s2 [81] is used but has no driver.
Warning: Wire Stage2_Top.\Aligned_C_s2 [80] is used but has no driver.
Warning: Wire Stage2_Top.\Aligned_C_s2 [79] is used but has no driver.
Warning: Wire Stage2_Top.\Aligned_C_s2 [78] is used but has no driver.
Warning: Wire Stage2_Top.\Aligned_C_s2 [77] is used but has no driver.
Warning: Wire Stage2_Top.\Aligned_C_s2 [76] is used but has no driver.
Warning: Wire Stage2_Top.\Aligned_C_s2 [75] is used but has no driver.
Warning: Wire Stage2_Top.\Aligned_C_s2 [74] is used but has no driver.
Warning: Wire Stage2_Top.\Aligned_C_s2 [73] is used but has no driver.
Warning: Wire Stage2_Top.\Aligned_C_s2 [72] is used but has no driver.
Warning: Wire Stage2_Top.\Aligned_C_s2 [71] is used but has no driver.
Warning: Wire Stage2_Top.\Aligned_C_s2 [70] is used but has no driver.
Warning: Wire Stage2_Top.\Aligned_C_s2 [69] is used but has no driver.
Warning: Wire Stage2_Top.\Aligned_C_s2 [68] is used but has no driver.
Warning: Wire Stage2_Top.\Aligned_C_s2 [67] is used but has no driver.
Warning: Wire Stage2_Top.\Aligned_C_s2 [66] is used but has no driver.
Warning: Wire Stage2_Top.\Aligned_C_s2 [65] is used but has no driver.
Warning: Wire Stage2_Top.\Aligned_C_s2 [64] is used but has no driver.
Warning: Wire Stage2_Top.\Aligned_C_s2 [63] is used but has no driver.
Warning: Wire Stage2_Top.\Aligned_C_s2 [62] is used but has no driver.
Warning: Wire Stage2_Top.\Aligned_C_s2 [61] is used but has no driver.
Warning: Wire Stage2_Top.\Aligned_C_s2 [60] is used but has no driver.
Warning: Wire Stage2_Top.\Aligned_C_s2 [59] is used but has no driver.
Warning: Wire Stage2_Top.\Aligned_C_s2 [58] is used but has no driver.
Warning: Wire Stage2_Top.\Aligned_C_s2 [57] is used but has no driver.
Warning: Wire Stage2_Top.\Aligned_C_s2 [56] is used but has no driver.
Warning: Wire Stage2_Top.\Aligned_C_s2 [55] is used but has no driver.
Warning: Wire Stage2_Top.\Aligned_C_s2 [54] is used but has no driver.
Warning: Wire Stage2_Top.\Aligned_C_s2 [53] is used but has no driver.
Warning: Wire Stage2_Top.\Aligned_C_s2 [52] is used but has no driver.
Warning: Wire Stage2_Top.\Aligned_C_s2 [51] is used but has no driver.
Warning: Wire Stage2_Top.\Aligned_C_s2 [50] is used but has no driver.
Warning: Wire Stage2_Top.\Aligned_C_s2 [49] is used but has no driver.
Warning: Wire Stage2_Top.\Aligned_C_s2 [48] is used but has no driver.
Warning: Wire Stage2_Top.\Aligned_C_s2 [47] is used but has no driver.
Warning: Wire Stage2_Top.\Aligned_C_s2 [46] is used but has no driver.
Warning: Wire Stage2_Top.\Aligned_C_s2 [45] is used but has no driver.
Warning: Wire Stage2_Top.\Aligned_C_s2 [44] is used but has no driver.
Warning: Wire Stage2_Top.\Aligned_C_s2 [43] is used but has no driver.
Warning: Wire Stage2_Top.\Aligned_C_s2 [42] is used but has no driver.
Warning: Wire Stage2_Top.\Aligned_C_s2 [41] is used but has no driver.
Warning: Wire Stage2_Top.\Aligned_C_s2 [40] is used but has no driver.
Warning: Wire Stage2_Top.\Aligned_C_s2 [39] is used but has no driver.
Warning: Wire Stage2_Top.\Aligned_C_s2 [38] is used but has no driver.
Warning: Wire Stage2_Top.\Aligned_C_s2 [37] is used but has no driver.
Warning: Wire Stage2_Top.\Aligned_C_s2 [36] is used but has no driver.
Warning: Wire Stage2_Top.\Aligned_C_s2 [35] is used but has no driver.
Warning: Wire Stage2_Top.\Aligned_C_s2 [34] is used but has no driver.
Warning: Wire Stage2_Top.\Aligned_C_s2 [33] is used but has no driver.
Warning: Wire Stage2_Top.\Aligned_C_s2 [32] is used but has no driver.
Warning: Wire Stage2_Top.\Aligned_C_s2 [31] is used but has no driver.
Warning: Wire Stage2_Top.\Aligned_C_s2 [30] is used but has no driver.
Warning: Wire Stage2_Top.\Aligned_C_s2 [29] is used but has no driver.
Warning: Wire Stage2_Top.\Aligned_C_s2 [28] is used but has no driver.
Warning: Wire Stage2_Top.\Aligned_C_s2 [27] is used but has no driver.
Warning: Wire Stage2_Top.\Aligned_C_s2 [26] is used but has no driver.
Warning: Wire Stage2_Top.\Aligned_C_s2 [25] is used but has no driver.
Warning: Wire Stage2_Top.\Aligned_C_s2 [24] is used but has no driver.
Warning: Wire Stage2_Top.\Aligned_C_s2 [23] is used but has no driver.
Warning: Wire Stage2_Top.\Aligned_C_s2 [22] is used but has no driver.
Warning: Wire Stage2_Top.\Aligned_C_s2 [21] is used but has no driver.
Warning: Wire Stage2_Top.\Aligned_C_s2 [20] is used but has no driver.
Warning: Wire Stage2_Top.\Aligned_C_s2 [19] is used but has no driver.
Warning: Wire Stage2_Top.\Aligned_C_s2 [18] is used but has no driver.
Warning: Wire Stage2_Top.\Aligned_C_s2 [17] is used but has no driver.
Warning: Wire Stage2_Top.\Aligned_C_s2 [16] is used but has no driver.
Warning: Wire Stage2_Top.\Aligned_C_s2 [15] is used but has no driver.
Warning: Wire Stage2_Top.\Aligned_C_s2 [14] is used but has no driver.
Warning: Wire Stage2_Top.\Aligned_C_s2 [13] is used but has no driver.
Warning: Wire Stage2_Top.\Aligned_C_s2 [12] is used but has no driver.
Warning: Wire Stage2_Top.\Aligned_C_s2 [11] is used but has no driver.
Warning: Wire Stage2_Top.\Aligned_C_s2 [10] is used but has no driver.
Warning: Wire Stage2_Top.\Aligned_C_s2 [9] is used but has no driver.
Warning: Wire Stage2_Top.\Aligned_C_s2 [8] is used but has no driver.
Warning: Wire Stage2_Top.\Aligned_C_s2 [7] is used but has no driver.
Warning: Wire Stage2_Top.\Aligned_C_s2 [6] is used but has no driver.
Warning: Wire Stage2_Top.\Aligned_C_s2 [5] is used but has no driver.
Warning: Wire Stage2_Top.\Aligned_C_s2 [4] is used but has no driver.
Warning: Wire Stage2_Top.\Aligned_C_s2 [3] is used but has no driver.
Warning: Wire Stage2_Top.\Aligned_C_s2 [2] is used but has no driver.
Warning: Wire Stage2_Top.\Aligned_C_s2 [1] is used but has no driver.
Warning: Wire Stage2_Top.\Aligned_C_s2 [0] is used but has no driver.
Found and reported 507 problems.
