
64. Executing CHECK pass (checking for obvious problems).
Checking module Stage4_Top...
Warning: Wire Stage4_Top.\Valid_out [3] is used but has no driver.
Warning: Wire Stage4_Top.\Valid_out [2] is used but has no driver.
Warning: Wire Stage4_Top.\Valid_out [1] is used but has no driver.
Warning: Wire Stage4_Top.\Valid_out [0] is used but has no driver.
Warning: Wire Stage4_Top.\Result_sign_out is used but has no driver.
Warning: Wire Stage4_Top.\Result_out [63] is used but has no driver.
Warning: Wire Stage4_Top.\Result_out [62] is used but has no driver.
Warning: Wire Stage4_Top.\Result_out [61] is used but has no driver.
Warning: Wire Stage4_Top.\Result_out [60] is used but has no driver.
Warning: Wire Stage4_Top.\Result_out [59] is used but has no driver.
Warning: Wire Stage4_Top.\Result_out [58] is used but has no driver.
Warning: Wire Stage4_Top.\Result_out [57] is used but has no driver.
Warning: Wire Stage4_Top.\Result_out [56] is used but has no driver.
Warning: Wire Stage4_Top.\Result_out [55] is used but has no driver.
Warning: Wire Stage4_Top.\Result_out [54] is used but has no driver.
Warning: Wire Stage4_Top.\Result_out [53] is used but has no driver.
Warning: Wire Stage4_Top.\Result_out [52] is used but has no driver.
Warning: Wire Stage4_Top.\Result_out [51] is used but has no driver.
Warning: Wire Stage4_Top.\Result_out [50] is used but has no driver.
Warning: Wire Stage4_Top.\Result_out [49] is used but has no driver.
Warning: Wire Stage4_Top.\Result_out [48] is used but has no driver.
Warning: Wire Stage4_Top.\Result_out [47] is used but has no driver.
Warning: Wire Stage4_Top.\Result_out [46] is used but has no driver.
Warning: Wire Stage4_Top.\Result_out [45] is used but has no driver.
Warning: Wire Stage4_Top.\Result_out [44] is used but has no driver.
Warning: Wire Stage4_Top.\Result_out [43] is used but has no driver.
Warning: Wire Stage4_Top.\Result_out [42] is used but has no driver.
Warning: Wire Stage4_Top.\Result_out [41] is used but has no driver.
Warning: Wire Stage4_Top.\Result_out [40] is used but has no driver.
Warning: Wire Stage4_Top.\Result_out [39] is used but has no driver.
Warning: Wire Stage4_Top.\Result_out [38] is used but has no driver.
Warning: Wire Stage4_Top.\Result_out [37] is used but has no driver.
Warning: Wire Stage4_Top.\Result_out [36] is used but has no driver.
Warning: Wire Stage4_Top.\Result_out [35] is used but has no driver.
Warning: Wire Stage4_Top.\Result_out [34] is used but has no driver.
Warning: Wire Stage4_Top.\Result_out [33] is used but has no driver.
Warning: Wire Stage4_Top.\Result_out [32] is used but has no driver.
Warning: Wire Stage4_Top.\Result_out [31] is used but has no driver.
Warning: Wire Stage4_Top.\Result_out [30] is used but has no driver.
Warning: Wire Stage4_Top.\Result_out [29] is used but has no driver.
Warning: Wire Stage4_Top.\Result_out [28] is used but has no driver.
Warning: Wire Stage4_Top.\Result_out [27] is used but has no driver.
Warning: Wire Stage4_Top.\Result_out [26] is used but has no driver.
Warning: Wire Stage4_Top.\Result_out [25] is used but has no driver.
Warning: Wire Stage4_Top.\Result_out [24] is used but has no driver.
Warning: Wire Stage4_Top.\Result_out [23] is used but has no driver.
Warning: Wire Stage4_Top.\Result_out [22] is used but has no driver.
Warning: Wire Stage4_Top.\Result_out [21] is used but has no driver.
Warning: Wire Stage4_Top.\Result_out [20] is used but has no driver.
Warning: Wire Stage4_Top.\Result_out [19] is used but has no driver.
Warning: Wire Stage4_Top.\Result_out [18] is used but has no driver.
Warning: Wire Stage4_Top.\Result_out [17] is used but has no driver.
Warning: Wire Stage4_Top.\Result_out [16] is used but has no driver.
Warning: Wire Stage4_Top.\Result_out [15] is used but has no driver.
Warning: Wire Stage4_Top.\Result_out [14] is used but has no driver.
Warning: Wire Stage4_Top.\Result_out [13] is used but has no driver.
Warning: Wire Stage4_Top.\Result_out [12] is used but has no driver.
Warning: Wire Stage4_Top.\Result_out [11] is used but has no driver.
Warning: Wire Stage4_Top.\Result_out [10] is used but has no driver.
Warning: Wire Stage4_Top.\Result_out [9] is used but has no driver.
Warning: Wire Stage4_Top.\Result_out [8] is used but has no driver.
Warning: Wire Stage4_Top.\Result_out [7] is used but has no driver.
Warning: Wire Stage4_Top.\Result_out [6] is used but has no driver.
Warning: Wire Stage4_Top.\Result_out [5] is used but has no driver.
Warning: Wire Stage4_Top.\Result_out [4] is used but has no driver.
Warning: Wire Stage4_Top.\Result_out [3] is used but has no driver.
Warning: Wire Stage4_Top.\Result_out [2] is used but has no driver.
Warning: Wire Stage4_Top.\Result_out [1] is used but has no driver.
Warning: Wire Stage4_Top.\Result_out [0] is used but has no driver.
Found and reported 69 problems.
