
===========================================================================
report_checks -unconstrained
===========================================================================
======================= Typical Corner ===================================

Startpoint: rst_n (input port clocked by clk)
Endpoint: _7645_ (recovery check against rising-edge clock clk)
Path Group: asynchronous
Path Type: max

Fanout     Cap    Slew   Delay    Time   Description
-----------------------------------------------------------------------------
                  0.15    0.00    0.00   clock clk (rise edge)
                          0.00    0.00   clock network delay (ideal)
                          2.00    2.00 ^ input external delay
                  1.11    0.79    2.79 ^ rst_n (in)
    68    0.25                           rst_n (net)
                  1.11    0.00    2.79 ^ _7645_/RESET_B (sky130_fd_sc_hd__dfrtp_2)
                                  2.79   data arrival time

                  0.15   10.00   10.00   clock clk (rise edge)
                          0.00   10.00   clock network delay (ideal)
                         -0.25    9.75   clock uncertainty
                          0.00    9.75   clock reconvergence pessimism
                                  9.75 ^ _7645_/CLK (sky130_fd_sc_hd__dfrtp_2)
                         -0.09    9.66   library recovery time
                                  9.66   data required time
-----------------------------------------------------------------------------
                                  9.66   data required time
                                 -2.79   data arrival time
-----------------------------------------------------------------------------
                                  6.87   slack (MET)


Startpoint: LZA_CNT_s3[11] (input port clocked by clk)
Endpoint: _7672_ (rising edge-triggered flip-flop clocked by clk)
Path Group: clk
Path Type: max

Fanout     Cap    Slew   Delay    Time   Description
-----------------------------------------------------------------------------
                  0.15    0.00    0.00   clock clk (rise edge)
                          0.00    0.00   clock network delay (ideal)
                          2.00    2.00 ^ input external delay
                  0.04    0.03    2.03 ^ LZA_CNT_s3[11] (in)
     2    0.01                           LZA_CNT_s3[11] (net)
                  0.04    0.00    2.03 ^ _4232_/A (sky130_fd_sc_hd__buf_1)
                  0.41    0.34    2.37 ^ _4232_/X (sky130_fd_sc_hd__buf_1)
    10    0.03                           _3500_ (net)
                  0.41    0.00    2.37 ^ _4233_/A1 (sky130_fd_sc_hd__o41a_2)
                  0.06    0.25    2.62 ^ _4233_/X (sky130_fd_sc_hd__o41a_2)
     2    0.01                           _3501_ (net)
                  0.06    0.00    2.62 ^ _4236_/A2 (sky130_fd_sc_hd__o21ai_2)
                  0.07    0.08    2.70 v _4236_/Y (sky130_fd_sc_hd__o21ai_2)
     5    0.01                           _3504_ (net)
                  0.07    0.00    2.70 v _4237_/B (sky130_fd_sc_hd__nand2_2)
                  0.12    0.13    2.83 ^ _4237_/Y (sky130_fd_sc_hd__nand2_2)
     8    0.02                           _3505_ (net)
                  0.12    0.00    2.83 ^ _4238_/A (sky130_fd_sc_hd__buf_1)
                  0.39    0.35    3.19 ^ _4238_/X (sky130_fd_sc_hd__buf_1)
    10    0.03                           _3506_ (net)
                  0.39    0.00    3.19 ^ _4317_/A (sky130_fd_sc_hd__buf_1)
                  0.32    0.34    3.53 ^ _4317_/X (sky130_fd_sc_hd__buf_1)
    10    0.03                           _3585_ (net)
                  0.32    0.00    3.53 ^ _4417_/A (sky130_fd_sc_hd__buf_1)
                  0.37    0.37    3.90 ^ _4417_/X (sky130_fd_sc_hd__buf_1)
    10    0.03                           _3685_ (net)
                  0.37    0.00    3.90 ^ _4763_/A (sky130_fd_sc_hd__buf_1)
                  0.37    0.38    4.28 ^ _4763_/X (sky130_fd_sc_hd__buf_1)
    10    0.03                           _0242_ (net)
                  0.37    0.00    4.28 ^ _4764_/A (sky130_fd_sc_hd__buf_1)
                  0.40    0.39    4.67 ^ _4764_/X (sky130_fd_sc_hd__buf_1)
    10    0.03                           _0243_ (net)
                  0.40    0.00    4.67 ^ _4930_/S (sky130_fd_sc_hd__mux2_2)
                  0.06    0.42    5.09 v _4930_/X (sky130_fd_sc_hd__mux2_2)
     2    0.01                           _0409_ (net)
                  0.06    0.00    5.09 v _4931_/A1 (sky130_fd_sc_hd__mux2_2)
                  0.06    0.29    5.38 v _4931_/X (sky130_fd_sc_hd__mux2_2)
     2    0.01                           _0410_ (net)
                  0.06    0.00    5.38 v _4935_/A0 (sky130_fd_sc_hd__mux2_2)
                  0.05    0.28    5.66 v _4935_/X (sky130_fd_sc_hd__mux2_2)
     2    0.00                           _0414_ (net)
                  0.05    0.00    5.66 v _4943_/A0 (sky130_fd_sc_hd__mux2_2)
                  0.06    0.28    5.94 v _4943_/X (sky130_fd_sc_hd__mux2_2)
     2    0.01                           _0422_ (net)
                  0.06    0.00    5.94 v _6779_/A1 (sky130_fd_sc_hd__mux2_2)
                  0.06    0.29    6.23 v _6779_/X (sky130_fd_sc_hd__mux2_2)
     2    0.01                           _2305_ (net)
                  0.06    0.00    6.23 v _6782_/A0 (sky130_fd_sc_hd__mux2_2)
                  0.06    0.29    6.52 v _6782_/X (sky130_fd_sc_hd__mux2_2)
     2    0.01                           _2309_ (net)
                  0.06    0.00    6.52 v _6787_/B (sky130_fd_sc_hd__or4_2)
                  0.09    0.65    7.17 v _6787_/X (sky130_fd_sc_hd__or4_2)
     1    0.00                           _2314_ (net)
                  0.09    0.00    7.17 v _6788_/D (sky130_fd_sc_hd__or4_2)
                  0.09    0.55    7.73 v _6788_/X (sky130_fd_sc_hd__or4_2)
     1    0.00                           _2315_ (net)
                  0.09    0.00    7.73 v _6789_/D (sky130_fd_sc_hd__or4_2)
                  0.09    0.56    8.28 v _6789_/X (sky130_fd_sc_hd__or4_2)
     1    0.00                           _2316_ (net)
                  0.09    0.00    8.28 v _6799_/B (sky130_fd_sc_hd__or4_2)
                  0.11    0.69    8.98 v _6799_/X (sky130_fd_sc_hd__or4_2)
     1    0.00                           _2327_ (net)
                  0.11    0.00    8.98 v _6806_/A (sky130_fd_sc_hd__nor2_2)
                  0.06    0.12    9.10 ^ _6806_/Y (sky130_fd_sc_hd__nor2_2)
     1    0.00                           _2335_ (net)
                  0.06    0.00    9.10 ^ _6812_/A2 (sky130_fd_sc_hd__o21a_2)
                  0.03    0.11    9.21 ^ _6812_/X (sky130_fd_sc_hd__o21a_2)
     1    0.00                           _2342_ (net)
                  0.03    0.00    9.21 ^ _6813_/A3 (sky130_fd_sc_hd__a31o_2)
                  0.04    0.14    9.35 ^ _6813_/X (sky130_fd_sc_hd__a31o_2)
     1    0.00                           _2343_ (net)
                  0.04    0.00    9.35 ^ _6814_/B1 (sky130_fd_sc_hd__a32o_2)
                  0.06    0.12    9.48 ^ _6814_/X (sky130_fd_sc_hd__a32o_2)
     1    0.00                           _2344_ (net)
                  0.06    0.00    9.48 ^ _7427_/A1 (sky130_fd_sc_hd__a31oi_2)
                  0.09    0.10    9.58 v _7427_/Y (sky130_fd_sc_hd__a31oi_2)
     4    0.01                           _3018_ (net)
                  0.09    0.00    9.58 v _7462_/A (sky130_fd_sc_hd__buf_1)
                  0.10    0.18    9.76 v _7462_/X (sky130_fd_sc_hd__buf_1)
    10    0.02                           _3053_ (net)
                  0.10    0.00    9.76 v _7463_/A (sky130_fd_sc_hd__buf_1)
                  0.14    0.21    9.97 v _7463_/X (sky130_fd_sc_hd__buf_1)
    10    0.02                           _3054_ (net)
                  0.14    0.00    9.97 v _7509_/B1 (sky130_fd_sc_hd__o31a_2)
                  0.05    0.15   10.12 v _7509_/X (sky130_fd_sc_hd__o31a_2)
     1    0.00                           u_out_fmt.Result_out[23] (net)
                  0.05    0.00   10.12 v _7672_/D (sky130_fd_sc_hd__dfrtp_2)
                                 10.12   data arrival time

                  0.15   10.00   10.00   clock clk (rise edge)
                          0.00   10.00   clock network delay (ideal)
                         -0.25    9.75   clock uncertainty
                          0.00    9.75   clock reconvergence pessimism
                                  9.75 ^ _7672_/CLK (sky130_fd_sc_hd__dfrtp_2)
                         -0.09    9.66   library setup time
                                  9.66   data required time
-----------------------------------------------------------------------------
                                  9.66   data required time
                                -10.12   data arrival time
-----------------------------------------------------------------------------
                                 -0.46   slack (VIOLATED)




===========================================================================
report_checks --slack_max -0.01
============================================================================
======================= Typical Corner ===================================

Startpoint: LZA_CNT_s3[11] (input port clocked by clk)
Endpoint: _7672_ (rising edge-triggered flip-flop clocked by clk)
Path Group: clk
Path Type: max

Fanout     Cap    Slew   Delay    Time   Description
-----------------------------------------------------------------------------
                  0.15    0.00    0.00   clock clk (rise edge)
                          0.00    0.00   clock network delay (ideal)
                          2.00    2.00 ^ input external delay
                  0.04    0.03    2.03 ^ LZA_CNT_s3[11] (in)
     2    0.01                           LZA_CNT_s3[11] (net)
                  0.04    0.00    2.03 ^ _4232_/A (sky130_fd_sc_hd__buf_1)
                  0.41    0.34    2.37 ^ _4232_/X (sky130_fd_sc_hd__buf_1)
    10    0.03                           _3500_ (net)
                  0.41    0.00    2.37 ^ _4233_/A1 (sky130_fd_sc_hd__o41a_2)
                  0.06    0.25    2.62 ^ _4233_/X (sky130_fd_sc_hd__o41a_2)
     2    0.01                           _3501_ (net)
                  0.06    0.00    2.62 ^ _4236_/A2 (sky130_fd_sc_hd__o21ai_2)
                  0.07    0.08    2.70 v _4236_/Y (sky130_fd_sc_hd__o21ai_2)
     5    0.01                           _3504_ (net)
                  0.07    0.00    2.70 v _4237_/B (sky130_fd_sc_hd__nand2_2)
                  0.12    0.13    2.83 ^ _4237_/Y (sky130_fd_sc_hd__nand2_2)
     8    0.02                           _3505_ (net)
                  0.12    0.00    2.83 ^ _4238_/A (sky130_fd_sc_hd__buf_1)
                  0.39    0.35    3.19 ^ _4238_/X (sky130_fd_sc_hd__buf_1)
    10    0.03                           _3506_ (net)
                  0.39    0.00    3.19 ^ _4317_/A (sky130_fd_sc_hd__buf_1)
                  0.32    0.34    3.53 ^ _4317_/X (sky130_fd_sc_hd__buf_1)
    10    0.03                           _3585_ (net)
                  0.32    0.00    3.53 ^ _4417_/A (sky130_fd_sc_hd__buf_1)
                  0.37    0.37    3.90 ^ _4417_/X (sky130_fd_sc_hd__buf_1)
    10    0.03                           _3685_ (net)
                  0.37    0.00    3.90 ^ _4763_/A (sky130_fd_sc_hd__buf_1)
                  0.37    0.38    4.28 ^ _4763_/X (sky130_fd_sc_hd__buf_1)
    10    0.03                           _0242_ (net)
                  0.37    0.00    4.28 ^ _4764_/A (sky130_fd_sc_hd__buf_1)
                  0.40    0.39    4.67 ^ _4764_/X (sky130_fd_sc_hd__buf_1)
    10    0.03                           _0243_ (net)
                  0.40    0.00    4.67 ^ _4930_/S (sky130_fd_sc_hd__mux2_2)
                  0.06    0.42    5.09 v _4930_/X (sky130_fd_sc_hd__mux2_2)
     2    0.01                           _0409_ (net)
                  0.06    0.00    5.09 v _4931_/A1 (sky130_fd_sc_hd__mux2_2)
                  0.06    0.29    5.38 v _4931_/X (sky130_fd_sc_hd__mux2_2)
     2    0.01                           _0410_ (net)
                  0.06    0.00    5.38 v _4935_/A0 (sky130_fd_sc_hd__mux2_2)
                  0.05    0.28    5.66 v _4935_/X (sky130_fd_sc_hd__mux2_2)
     2    0.00                           _0414_ (net)
                  0.05    0.00    5.66 v _4943_/A0 (sky130_fd_sc_hd__mux2_2)
                  0.06    0.28    5.94 v _4943_/X (sky130_fd_sc_hd__mux2_2)
     2    0.01                           _0422_ (net)
                  0.06    0.00    5.94 v _6779_/A1 (sky130_fd_sc_hd__mux2_2)
                  0.06    0.29    6.23 v _6779_/X (sky130_fd_sc_hd__mux2_2)
     2    0.01                           _2305_ (net)
                  0.06    0.00    6.23 v _6782_/A0 (sky130_fd_sc_hd__mux2_2)
                  0.06    0.29    6.52 v _6782_/X (sky130_fd_sc_hd__mux2_2)
     2    0.01                           _2309_ (net)
                  0.06    0.00    6.52 v _6787_/B (sky130_fd_sc_hd__or4_2)
                  0.09    0.65    7.17 v _6787_/X (sky130_fd_sc_hd__or4_2)
     1    0.00                           _2314_ (net)
                  0.09    0.00    7.17 v _6788_/D (sky130_fd_sc_hd__or4_2)
                  0.09    0.55    7.73 v _6788_/X (sky130_fd_sc_hd__or4_2)
     1    0.00                           _2315_ (net)
                  0.09    0.00    7.73 v _6789_/D (sky130_fd_sc_hd__or4_2)
                  0.09    0.56    8.28 v _6789_/X (sky130_fd_sc_hd__or4_2)
     1    0.00                           _2316_ (net)
                  0.09    0.00    8.28 v _6799_/B (sky130_fd_sc_hd__or4_2)
                  0.11    0.69    8.98 v _6799_/X (sky130_fd_sc_hd__or4_2)
     1    0.00                           _2327_ (net)
                  0.11    0.00    8.98 v _6806_/A (sky130_fd_sc_hd__nor2_2)
                  0.06    0.12    9.10 ^ _6806_/Y (sky130_fd_sc_hd__nor2_2)
     1    0.00                           _2335_ (net)
                  0.06    0.00    9.10 ^ _6812_/A2 (sky130_fd_sc_hd__o21a_2)
                  0.03    0.11    9.21 ^ _6812_/X (sky130_fd_sc_hd__o21a_2)
     1    0.00                           _2342_ (net)
                  0.03    0.00    9.21 ^ _6813_/A3 (sky130_fd_sc_hd__a31o_2)
                  0.04    0.14    9.35 ^ _6813_/X (sky130_fd_sc_hd__a31o_2)
     1    0.00                           _2343_ (net)
                  0.04    0.00    9.35 ^ _6814_/B1 (sky130_fd_sc_hd__a32o_2)
                  0.06    0.12    9.48 ^ _6814_/X (sky130_fd_sc_hd__a32o_2)
     1    0.00                           _2344_ (net)
                  0.06    0.00    9.48 ^ _7427_/A1 (sky130_fd_sc_hd__a31oi_2)
                  0.09    0.10    9.58 v _7427_/Y (sky130_fd_sc_hd__a31oi_2)
     4    0.01                           _3018_ (net)
                  0.09    0.00    9.58 v _7462_/A (sky130_fd_sc_hd__buf_1)
                  0.10    0.18    9.76 v _7462_/X (sky130_fd_sc_hd__buf_1)
    10    0.02                           _3053_ (net)
                  0.10    0.00    9.76 v _7463_/A (sky130_fd_sc_hd__buf_1)
                  0.14    0.21    9.97 v _7463_/X (sky130_fd_sc_hd__buf_1)
    10    0.02                           _3054_ (net)
                  0.14    0.00    9.97 v _7509_/B1 (sky130_fd_sc_hd__o31a_2)
                  0.05    0.15   10.12 v _7509_/X (sky130_fd_sc_hd__o31a_2)
     1    0.00                           u_out_fmt.Result_out[23] (net)
                  0.05    0.00   10.12 v _7672_/D (sky130_fd_sc_hd__dfrtp_2)
                                 10.12   data arrival time

                  0.15   10.00   10.00   clock clk (rise edge)
                          0.00   10.00   clock network delay (ideal)
                         -0.25    9.75   clock uncertainty
                          0.00    9.75   clock reconvergence pessimism
                                  9.75 ^ _7672_/CLK (sky130_fd_sc_hd__dfrtp_2)
                         -0.09    9.66   library setup time
                                  9.66   data required time
-----------------------------------------------------------------------------
                                  9.66   data required time
                                -10.12   data arrival time
-----------------------------------------------------------------------------
                                 -0.46   slack (VIOLATED)




===========================================================================
 report_check_types -max_slew -max_cap -max_fanout -violators
============================================================================
======================= Typical Corner ===================================

max slew

Pin                                    Limit    Slew   Slack
------------------------------------------------------------
rst_n                                   0.75    1.11   -0.36 (VIOLATED)
_7645_/RESET_B                          0.75    1.11   -0.36 (VIOLATED)
_7646_/RESET_B                          0.75    1.11   -0.36 (VIOLATED)
_7647_/RESET_B                          0.75    1.11   -0.36 (VIOLATED)
_7648_/RESET_B                          0.75    1.11   -0.36 (VIOLATED)
_7649_/RESET_B                          0.75    1.11   -0.36 (VIOLATED)
_7650_/RESET_B                          0.75    1.11   -0.36 (VIOLATED)
_7651_/RESET_B                          0.75    1.11   -0.36 (VIOLATED)
_7652_/RESET_B                          0.75    1.11   -0.36 (VIOLATED)
_7653_/RESET_B                          0.75    1.11   -0.36 (VIOLATED)
_7654_/RESET_B                          0.75    1.11   -0.36 (VIOLATED)
_7655_/RESET_B                          0.75    1.11   -0.36 (VIOLATED)
_7656_/RESET_B                          0.75    1.11   -0.36 (VIOLATED)
_7657_/RESET_B                          0.75    1.11   -0.36 (VIOLATED)
_7658_/RESET_B                          0.75    1.11   -0.36 (VIOLATED)
_7659_/RESET_B                          0.75    1.11   -0.36 (VIOLATED)
_7660_/RESET_B                          0.75    1.11   -0.36 (VIOLATED)
_7661_/RESET_B                          0.75    1.11   -0.36 (VIOLATED)
_7662_/RESET_B                          0.75    1.11   -0.36 (VIOLATED)
_7663_/RESET_B                          0.75    1.11   -0.36 (VIOLATED)
_7664_/RESET_B                          0.75    1.11   -0.36 (VIOLATED)
_7665_/RESET_B                          0.75    1.11   -0.36 (VIOLATED)
_7666_/RESET_B                          0.75    1.11   -0.36 (VIOLATED)
_7667_/RESET_B                          0.75    1.11   -0.36 (VIOLATED)
_7668_/RESET_B                          0.75    1.11   -0.36 (VIOLATED)
_7669_/RESET_B                          0.75    1.11   -0.36 (VIOLATED)
_7670_/RESET_B                          0.75    1.11   -0.36 (VIOLATED)
_7671_/RESET_B                          0.75    1.11   -0.36 (VIOLATED)
_7672_/RESET_B                          0.75    1.11   -0.36 (VIOLATED)
_7673_/RESET_B                          0.75    1.11   -0.36 (VIOLATED)
_7674_/RESET_B                          0.75    1.11   -0.36 (VIOLATED)
_7675_/RESET_B                          0.75    1.11   -0.36 (VIOLATED)
_7676_/RESET_B                          0.75    1.11   -0.36 (VIOLATED)
_7677_/RESET_B                          0.75    1.11   -0.36 (VIOLATED)
_7678_/RESET_B                          0.75    1.11   -0.36 (VIOLATED)
_7679_/RESET_B                          0.75    1.11   -0.36 (VIOLATED)
_7680_/RESET_B                          0.75    1.11   -0.36 (VIOLATED)
_7681_/RESET_B                          0.75    1.11   -0.36 (VIOLATED)
_7682_/RESET_B                          0.75    1.11   -0.36 (VIOLATED)
_7683_/RESET_B                          0.75    1.11   -0.36 (VIOLATED)
_7684_/RESET_B                          0.75    1.11   -0.36 (VIOLATED)
_7685_/RESET_B                          0.75    1.11   -0.36 (VIOLATED)
_7686_/RESET_B                          0.75    1.11   -0.36 (VIOLATED)
_7687_/RESET_B                          0.75    1.11   -0.36 (VIOLATED)
_7688_/RESET_B                          0.75    1.11   -0.36 (VIOLATED)
_7689_/RESET_B                          0.75    1.11   -0.36 (VIOLATED)
_7690_/RESET_B                          0.75    1.11   -0.36 (VIOLATED)
_7691_/RESET_B                          0.75    1.11   -0.36 (VIOLATED)
_7692_/RESET_B                          0.75    1.11   -0.36 (VIOLATED)
_7693_/RESET_B                          0.75    1.11   -0.36 (VIOLATED)
_7694_/RESET_B                          0.75    1.11   -0.36 (VIOLATED)
_7695_/RESET_B                          0.75    1.11   -0.36 (VIOLATED)
_7696_/RESET_B                          0.75    1.11   -0.36 (VIOLATED)
_7697_/RESET_B                          0.75    1.11   -0.36 (VIOLATED)
_7698_/RESET_B                          0.75    1.11   -0.36 (VIOLATED)
_7699_/RESET_B                          0.75    1.11   -0.36 (VIOLATED)
_7700_/RESET_B                          0.75    1.11   -0.36 (VIOLATED)
_7701_/RESET_B                          0.75    1.11   -0.36 (VIOLATED)
_7702_/RESET_B                          0.75    1.11   -0.36 (VIOLATED)
_7703_/RESET_B                          0.75    1.11   -0.36 (VIOLATED)
_7704_/RESET_B                          0.75    1.11   -0.36 (VIOLATED)
_7705_/RESET_B                          0.75    1.11   -0.36 (VIOLATED)
_7706_/RESET_B                          0.75    1.11   -0.36 (VIOLATED)
_7707_/RESET_B                          0.75    1.11   -0.36 (VIOLATED)
_7708_/RESET_B                          0.75    1.11   -0.36 (VIOLATED)
_7709_/RESET_B                          0.75    1.11   -0.36 (VIOLATED)
_7710_/RESET_B                          0.75    1.11   -0.36 (VIOLATED)
_7711_/RESET_B                          0.75    1.11   -0.36 (VIOLATED)
_7712_/RESET_B                          0.75    1.11   -0.36 (VIOLATED)

max fanout

Pin                                   Limit Fanout  Slack
---------------------------------------------------------
rst_n                                    10     68    -58 (VIOLATED)



===========================================================================
report_parasitic_annotation -report_unannotated
============================================================================
Found 4151 unannotated drivers.
 Add_Rslt_s3[0]
 Add_Rslt_s3[100]
 Add_Rslt_s3[101]
 Add_Rslt_s3[102]
 Add_Rslt_s3[103]
 Add_Rslt_s3[104]
 Add_Rslt_s3[105]
 Add_Rslt_s3[106]
 Add_Rslt_s3[107]
 Add_Rslt_s3[108]
 Add_Rslt_s3[109]
 Add_Rslt_s3[10]
 Add_Rslt_s3[110]
 Add_Rslt_s3[111]
 Add_Rslt_s3[112]
 Add_Rslt_s3[113]
 Add_Rslt_s3[114]
 Add_Rslt_s3[115]
 Add_Rslt_s3[116]
 Add_Rslt_s3[117]
 Add_Rslt_s3[118]
 Add_Rslt_s3[119]
 Add_Rslt_s3[11]
 Add_Rslt_s3[120]
 Add_Rslt_s3[121]
 Add_Rslt_s3[122]
 Add_Rslt_s3[123]
 Add_Rslt_s3[124]
 Add_Rslt_s3[125]
 Add_Rslt_s3[126]
 Add_Rslt_s3[127]
 Add_Rslt_s3[128]
 Add_Rslt_s3[129]
 Add_Rslt_s3[12]
 Add_Rslt_s3[130]
 Add_Rslt_s3[131]
 Add_Rslt_s3[132]
 Add_Rslt_s3[133]
 Add_Rslt_s3[134]
 Add_Rslt_s3[135]
 Add_Rslt_s3[136]
 Add_Rslt_s3[137]
 Add_Rslt_s3[138]
 Add_Rslt_s3[139]
 Add_Rslt_s3[13]
 Add_Rslt_s3[140]
 Add_Rslt_s3[141]
 Add_Rslt_s3[142]
 Add_Rslt_s3[143]
 Add_Rslt_s3[144]
 Add_Rslt_s3[145]
 Add_Rslt_s3[146]
 Add_Rslt_s3[147]
 Add_Rslt_s3[148]
 Add_Rslt_s3[149]
 Add_Rslt_s3[14]
 Add_Rslt_s3[150]
 Add_Rslt_s3[151]
 Add_Rslt_s3[152]
 Add_Rslt_s3[153]
 Add_Rslt_s3[154]
 Add_Rslt_s3[155]
 Add_Rslt_s3[156]
 Add_Rslt_s3[157]
 Add_Rslt_s3[158]
 Add_Rslt_s3[159]
 Add_Rslt_s3[15]
 Add_Rslt_s3[160]
 Add_Rslt_s3[161]
 Add_Rslt_s3[162]
 Add_Rslt_s3[16]
 Add_Rslt_s3[17]
 Add_Rslt_s3[18]
 Add_Rslt_s3[19]
 Add_Rslt_s3[1]
 Add_Rslt_s3[20]
 Add_Rslt_s3[21]
 Add_Rslt_s3[22]
 Add_Rslt_s3[23]
 Add_Rslt_s3[24]
 Add_Rslt_s3[25]
 Add_Rslt_s3[26]
 Add_Rslt_s3[27]
 Add_Rslt_s3[28]
 Add_Rslt_s3[29]
 Add_Rslt_s3[2]
 Add_Rslt_s3[30]
 Add_Rslt_s3[31]
 Add_Rslt_s3[32]
 Add_Rslt_s3[33]
 Add_Rslt_s3[34]
 Add_Rslt_s3[35]
 Add_Rslt_s3[36]
 Add_Rslt_s3[37]
 Add_Rslt_s3[38]
 Add_Rslt_s3[39]
 Add_Rslt_s3[3]
 Add_Rslt_s3[40]
 Add_Rslt_s3[41]
 Add_Rslt_s3[42]
 Add_Rslt_s3[43]
 Add_Rslt_s3[44]
 Add_Rslt_s3[45]
 Add_Rslt_s3[46]
 Add_Rslt_s3[47]
 Add_Rslt_s3[48]
 Add_Rslt_s3[49]
 Add_Rslt_s3[4]
 Add_Rslt_s3[50]
 Add_Rslt_s3[51]
 Add_Rslt_s3[52]
 Add_Rslt_s3[53]
 Add_Rslt_s3[54]
 Add_Rslt_s3[55]
 Add_Rslt_s3[56]
 Add_Rslt_s3[57]
 Add_Rslt_s3[58]
 Add_Rslt_s3[59]
 Add_Rslt_s3[5]
 Add_Rslt_s3[60]
 Add_Rslt_s3[61]
 Add_Rslt_s3[62]
 Add_Rslt_s3[63]
 Add_Rslt_s3[64]
 Add_Rslt_s3[65]
 Add_Rslt_s3[66]
 Add_Rslt_s3[67]
 Add_Rslt_s3[68]
 Add_Rslt_s3[69]
 Add_Rslt_s3[6]
 Add_Rslt_s3[70]
 Add_Rslt_s3[71]
 Add_Rslt_s3[72]
 Add_Rslt_s3[73]
 Add_Rslt_s3[74]
 Add_Rslt_s3[75]
 Add_Rslt_s3[76]
 Add_Rslt_s3[77]
 Add_Rslt_s3[78]
 Add_Rslt_s3[79]
 Add_Rslt_s3[7]
 Add_Rslt_s3[80]
 Add_Rslt_s3[81]
 Add_Rslt_s3[82]
 Add_Rslt_s3[83]
 Add_Rslt_s3[84]
 Add_Rslt_s3[85]
 Add_Rslt_s3[86]
 Add_Rslt_s3[87]
 Add_Rslt_s3[88]
 Add_Rslt_s3[89]
 Add_Rslt_s3[8]
 Add_Rslt_s3[90]
 Add_Rslt_s3[91]
 Add_Rslt_s3[92]
 Add_Rslt_s3[93]
 Add_Rslt_s3[94]
 Add_Rslt_s3[95]
 Add_Rslt_s3[96]
 Add_Rslt_s3[97]
 Add_Rslt_s3[98]
 Add_Rslt_s3[99]
 Add_Rslt_s3[9]
 Cvt_s3
 LZA_CNT_s3[0]
 LZA_CNT_s3[10]
 LZA_CNT_s3[11]
 LZA_CNT_s3[12]
 LZA_CNT_s3[13]
 LZA_CNT_s3[14]
 LZA_CNT_s3[15]
 LZA_CNT_s3[1]
 LZA_CNT_s3[2]
 LZA_CNT_s3[3]
 LZA_CNT_s3[4]
 LZA_CNT_s3[5]
 LZA_CNT_s3[6]
 LZA_CNT_s3[7]
 LZA_CNT_s3[8]
 LZA_CNT_s3[9]
 MaxExp_s3[0]
 MaxExp_s3[10]
 MaxExp_s3[11]
 MaxExp_s3[12]
 MaxExp_s3[13]
 MaxExp_s3[14]
 MaxExp_s3[15]
 MaxExp_s3[16]
 MaxExp_s3[17]
 MaxExp_s3[18]
 MaxExp_s3[19]
 MaxExp_s3[1]
 MaxExp_s3[20]
 MaxExp_s3[21]
 MaxExp_s3[22]
 MaxExp_s3[23]
 MaxExp_s3[24]
 MaxExp_s3[25]
 MaxExp_s3[26]
 MaxExp_s3[27]
 MaxExp_s3[28]
 MaxExp_s3[29]
 MaxExp_s3[2]
 MaxExp_s3[30]
 MaxExp_s3[31]
 MaxExp_s3[3]
 MaxExp_s3[4]
 MaxExp_s3[5]
 MaxExp_s3[6]
 MaxExp_s3[7]
 MaxExp_s3[8]
 MaxExp_s3[9]
 Prec_s3[0]
 Prec_s3[1]
 Prec_s3[2]
 Result_sign_s3[0]
 Result_sign_s3[1]
 Result_sign_s3[2]
 Result_sign_s3[3]
 Valid_s3[0]
 Valid_s3[1]
 Valid_s3[2]
 Valid_s3[3]
 clk
 rst_n
 _3790_/X
 _3791_/Y
 _3792_/X
 _3793_/Y
 _3794_/X
 _3795_/X
 _3796_/X
 _3797_/X
 _3798_/X
 _3799_/X
 _3800_/X
 _3801_/X
 _3802_/X
 _3803_/X
 _3804_/Y
 _3805_/X
 _3806_/X
 _3807_/X
 _3808_/X
 _3809_/X
 _3810_/X
 _3811_/X
 _3812_/X
 _3813_/Y
 _3814_/X
 _3815_/X
 _3816_/X
 _3817_/X
 _3818_/X
 _3819_/X
 _3820_/X
 _3821_/X
 _3822_/Y
 _3823_/Y
 _3824_/Y
 _3825_/Y
 _3826_/X
 _3827_/X
 _3828_/X
 _3829_/X
 _3830_/X
 _3831_/X
 _3832_/X
 _3833_/X
 _3834_/X
 _3835_/X
 _3836_/Y
 _3837_/X
 _3838_/X
 _3839_/X
 _3840_/X
 _3841_/Y
 _3842_/X
 _3843_/X
 _3844_/Y
 _3845_/X
 _3846_/X
 _3847_/X
 _3848_/Y
 _3849_/X
 _3850_/X
 _3851_/X
 _3852_/X
 _3853_/X
 _3854_/X
 _3855_/X
 _3856_/X
 _3857_/X
 _3858_/X
 _3859_/X
 _3860_/X
 _3861_/X
 _3862_/X
 _3863_/X
 _3864_/X
 _3865_/X
 _3866_/X
 _3867_/X
 _3868_/X
 _3869_/X
 _3870_/X
 _3871_/X
 _3872_/X
 _3873_/X
 _3874_/X
 _3875_/X
 _3876_/X
 _3877_/X
 _3878_/Y
 _3879_/Y
 _3880_/X
 _3881_/X
 _3882_/X
 _3883_/X
 _3884_/X
 _3885_/X
 _3886_/Y
 _3887_/X
 _3888_/X
 _3889_/X
 _3890_/X
 _3891_/X
 _3892_/X
 _3893_/X
 _3894_/X
 _3895_/X
 _3896_/X
 _3897_/X
 _3898_/X
 _3899_/X
 _3900_/X
 _3901_/X
 _3902_/X
 _3903_/X
 _3904_/X
 _3905_/X
 _3906_/X
 _3907_/X
 _3908_/X
 _3909_/X
 _3910_/X
 _3911_/X
 _3912_/X
 _3913_/X
 _3914_/X
 _3915_/X
 _3916_/X
 _3917_/X
 _3918_/X
 _3919_/X
 _3920_/X
 _3921_/X
 _3922_/X
 _3923_/X
 _3924_/X
 _3925_/X
 _3926_/X
 _3927_/X
 _3928_/X
 _3929_/X
 _3930_/X
 _3931_/X
 _3932_/Y
 _3933_/X
 _3934_/X
 _3935_/X
 _3936_/X
 _3937_/X
 _3938_/X
 _3939_/X
 _3940_/X
 _3941_/X
 _3942_/X
 _3943_/X
 _3944_/X
 _3945_/X
 _3946_/X
 _3947_/X
 _3948_/X
 _3949_/X
 _3950_/X
 _3951_/X
 _3952_/X
 _3953_/X
 _3954_/X
 _3955_/X
 _3956_/X
 _3957_/X
 _3958_/X
 _3959_/X
 _3960_/X
 _3961_/X
 _3962_/X
 _3963_/X
 _3964_/X
 _3965_/X
 _3966_/X
 _3967_/X
 _3968_/X
 _3969_/X
 _3970_/X
 _3971_/X
 _3972_/X
 _3973_/Y
 _3974_/X
 _3975_/X
 _3976_/X
 _3977_/X
 _3978_/X
 _3979_/X
 _3980_/X
 _3981_/X
 _3982_/X
 _3983_/X
 _3984_/X
 _3985_/X
 _3986_/X
 _3987_/X
 _3988_/X
 _3989_/X
 _3990_/X
 _3991_/X
 _3992_/X
 _3993_/X
 _3994_/X
 _3995_/X
 _3996_/X
 _3997_/X
 _3998_/X
 _3999_/X
 _4000_/X
 _4001_/X
 _4002_/X
 _4003_/X
 _4004_/X
 _4005_/X
 _4006_/X
 _4007_/X
 _4008_/X
 _4009_/X
 _4010_/Y
 _4011_/X
 _4012_/X
 _4013_/X
 _4014_/X
 _4015_/X
 _4016_/X
 _4017_/X
 _4018_/X
 _4019_/X
 _4020_/Y
 _4021_/Y
 _4022_/X
 _4023_/Y
 _4024_/Y
 _4025_/X
 _4026_/X
 _4027_/X
 _4028_/X
 _4029_/X
 _4030_/X
 _4031_/X
 _4032_/X
 _4033_/X
 _4034_/X
 _4035_/X
 _4036_/X
 _4037_/X
 _4038_/X
 _4039_/X
 _4040_/X
 _4041_/X
 _4042_/X
 _4043_/X
 _4044_/X
 _4045_/X
 _4046_/X
 _4047_/X
 _4048_/X
 _4049_/X
 _4050_/X
 _4051_/Y
 _4052_/X
 _4053_/X
 _4054_/X
 _4055_/X
 _4056_/X
 _4057_/X
 _4058_/X
 _4059_/X
 _4060_/X
 _4061_/X
 _4062_/X
 _4063_/X
 _4064_/X
 _4065_/X
 _4066_/X
 _4067_/X
 _4068_/X
 _4069_/X
 _4070_/X
 _4071_/X
 _4072_/X
 _4073_/X
 _4074_/X
 _4075_/X
 _4076_/X
 _4077_/X
 _4078_/X
 _4079_/X
 _4080_/X
 _4081_/X
 _4082_/X
 _4083_/X
 _4084_/X
 _4085_/X
 _4086_/X
 _4087_/X
 _4088_/X
 _4089_/X
 _4090_/X
 _4091_/X
 _4092_/X
 _4093_/X
 _4094_/X
 _4095_/X
 _4096_/X
 _4097_/X
 _4098_/X
 _4099_/X
 _4100_/X
 _4101_/X
 _4102_/X
 _4103_/X
 _4104_/X
 _4105_/X
 _4106_/Y
 _4107_/X
 _4108_/X
 _4109_/Y
 _4110_/X
 _4111_/X
 _4112_/Y
 _4113_/X
 _4114_/Y
 _4115_/X
 _4116_/X
 _4117_/Y
 _4118_/X
 _4119_/Y
 _4120_/X
 _4121_/Y
 _4122_/X
 _4123_/Y
 _4124_/X
 _4125_/X
 _4126_/X
 _4127_/X
 _4128_/X
 _4129_/X
 _4130_/X
 _4131_/X
 _4132_/X
 _4133_/X
 _4134_/X
 _4135_/X
 _4136_/X
 _4137_/Y
 _4138_/X
 _4139_/Y
 _4140_/X
 _4141_/Y
 _4142_/X
 _4143_/X
 _4144_/Y
 _4145_/X
 _4146_/Y
 _4147_/X
 _4148_/X
 _4149_/X
 _4150_/X
 _4151_/Y
 _4152_/Y
 _4153_/X
 _4154_/X
 _4155_/X
 _4156_/X
 _4157_/X
 _4158_/X
 _4159_/X
 _4160_/X
 _4161_/X
 _4162_/X
 _4163_/Y
 _4164_/Y
 _4165_/X
 _4166_/X
 _4167_/X
 _4168_/X
 _4169_/X
 _4170_/X
 _4171_/X
 _4172_/X
 _4173_/X
 _4174_/X
 _4175_/X
 _4176_/X
 _4177_/X
 _4178_/X
 _4179_/X
 _4180_/X
 _4181_/X
 _4182_/X
 _4183_/X
 _4184_/X
 _4185_/Y
 _4186_/Y
 _4187_/X
 _4188_/X
 _4189_/Y
 _4190_/Y
 _4191_/Y
 _4192_/X
 _4193_/X
 _4194_/Y
 _4195_/Y
 _4196_/X
 _4197_/Y
 _4198_/Y
 _4199_/Y
 _4200_/Y
 _4201_/X
 _4202_/Y
 _4203_/X
 _4204_/Y
 _4205_/X
 _4206_/Y
 _4207_/X
 _4208_/X
 _4209_/Y
 _4210_/Y
 _4211_/Y
 _4212_/Y
 _4213_/Y
 _4214_/Y
 _4215_/X
 _4216_/X
 _4217_/X
 _4218_/Y
 _4219_/X
 _4220_/X
 _4221_/Y
 _4222_/X
 _4223_/X
 _4224_/Y
 _4225_/X
 _4226_/Y
 _4227_/Y
 _4228_/X
 _4229_/Y
 _4230_/Y
 _4231_/Y
 _4232_/X
 _4233_/X
 _4234_/X
 _4235_/X
 _4236_/Y
 _4237_/Y
 _4238_/X
 _4239_/X
 _4240_/X
 _4241_/X
 _4242_/X
 _4243_/X
 _4244_/X
 _4245_/X
 _4246_/X
 _4247_/X
 _4248_/X
 _4249_/X
 _4250_/X
 _4251_/X
 _4252_/X
 _4253_/X
 _4254_/X
 _4255_/X
 _4256_/X
 _4257_/X
 _4258_/Y
 _4259_/Y
 _4260_/X
 _4261_/X
 _4262_/X
 _4263_/X
 _4264_/X
 _4265_/X
 _4266_/X
 _4267_/X
 _4268_/X
 _4269_/X
 _4270_/X
 _4271_/X
 _4272_/X
 _4273_/X
 _4274_/X
 _4275_/X
 _4276_/X
 _4277_/X
 _4278_/Y
 _4279_/X
 _4280_/X
 _4281_/X
 _4282_/X
 _4283_/X
 _4284_/X
 _4285_/X
 _4286_/X
 _4287_/X
 _4288_/X
 _4289_/X
 _4290_/X
 _4291_/X
 _4292_/X
 _4293_/X
 _4294_/X
 _4295_/X
 _4296_/X
 _4297_/X
 _4298_/X
 _4299_/X
 _4300_/X
 _4301_/X
 _4302_/Y
 _4303_/X
 _4304_/X
 _4305_/X
 _4306_/X
 _4307_/X
 _4308_/X
 _4309_/X
 _4310_/X
 _4311_/X
 _4312_/X
 _4313_/X
 _4314_/Y
 _4315_/X
 _4316_/X
 _4317_/X
 _4318_/X
 _4319_/X
 _4320_/X
 _4321_/X
 _4322_/Y
 _4323_/X
 _4324_/X
 _4325_/Y
 _4326_/X
 _4327_/Y
 _4328_/X
 _4329_/Y
 _4330_/X
 _4331_/X
 _4332_/Y
 _4333_/X
 _4334_/X
 _4335_/X
 _4336_/X
 _4337_/X
 _4338_/X
 _4339_/X
 _4340_/X
 _4341_/X
 _4342_/X
 _4343_/X
 _4344_/X
 _4345_/X
 _4346_/X
 _4347_/X
 _4348_/X
 _4349_/X
 _4350_/X
 _4351_/X
 _4352_/Y
 _4353_/X
 _4354_/X
 _4355_/X
 _4356_/X
 _4357_/X
 _4358_/X
 _4359_/X
 _4360_/X
 _4361_/X
 _4362_/X
 _4363_/X
 _4364_/X
 _4365_/X
 _4366_/X
 _4367_/X
 _4368_/X
 _4369_/X
 _4370_/Y
 _4371_/X
 _4372_/X
 _4373_/X
 _4374_/X
 _4375_/Y
 _4376_/Y
 _4377_/X
 _4378_/X
 _4379_/X
 _4380_/X
 _4381_/X
 _4382_/X
 _4383_/X
 _4384_/X
 _4385_/X
 _4386_/X
 _4387_/X
 _4388_/X
 _4389_/X
 _4390_/X
 _4391_/X
 _4392_/X
 _4393_/X
 _4394_/X
 _4395_/X
 _4396_/X
 _4397_/X
 _4398_/X
 _4399_/X
 _4400_/X
 _4401_/X
 _4402_/X
 _4403_/X
 _4404_/X
 _4405_/X
 _4406_/X
 _4407_/X
 _4408_/X
 _4409_/X
 _4410_/Y
 _4411_/X
 _4412_/X
 _4413_/X
 _4414_/X
 _4415_/Y
 _4416_/X
 _4417_/X
 _4418_/X
 _4419_/X
 _4420_/X
 _4421_/Y
 _4422_/X
 _4423_/X
 _4424_/Y
 _4425_/X
 _4426_/Y
 _4427_/X
 _4428_/X
 _4429_/Y
 _4430_/X
 _4431_/Y
 _4432_/X
 _4433_/X
 _4434_/X
 _4435_/Y
 _4436_/X
 _4437_/Y
 _4438_/X
 _4439_/X
 _4440_/X
 _4441_/X
 _4442_/Y
 _4443_/X
 _4444_/X
 _4445_/X
 _4446_/X
 _4447_/X
 _4448_/Y
 _4449_/X
 _4450_/Y
 _4451_/Y
 _4452_/Y
 _4453_/X
 _4454_/X
 _4455_/X
 _4456_/Y
 _4457_/X
 _4458_/X
 _4459_/X
 _4460_/X
 _4461_/X
 _4462_/X
 _4463_/X
 _4464_/X
 _4465_/X
 _4466_/X
 _4467_/X
 _4468_/X
 _4469_/X
 _4470_/X
 _4471_/X
 _4472_/X
 _4473_/X
 _4474_/Y
 _4475_/X
 _4476_/Y
 _4477_/Y
 _4478_/Y
 _4479_/Y
 _4480_/Y
 _4481_/X
 _4482_/X
 _4483_/Y
 _4484_/Y
 _4485_/Y
 _4486_/Y
 _4487_/Y
 _4488_/X
 _4489_/Y
 _4490_/Y
 _4491_/Y
 _4492_/X
 _4493_/Y
 _4494_/Y
 _4495_/X
 _4496_/Y
 _4497_/X
 _4498_/Y
 _4499_/Y
 _4500_/X
 _4501_/Y
 _4502_/X
 _4503_/X
 _4504_/Y
 _4505_/X
 _4506_/Y
 _4507_/Y
 _4508_/X
 _4509_/X
 _4510_/Y
 _4511_/Y
 _4512_/X
 _4513_/X
 _4514_/X
 _4515_/X
 _4516_/Y
 _4517_/X
 _4518_/Y
 _4519_/X
 _4520_/X
 _4521_/Y
 _4522_/X
 _4523_/Y
 _4524_/X
 _4525_/Y
 _4526_/Y
 _4527_/Y
 _4528_/Y
 _4529_/Y
 _4530_/X
 _4531_/Y
 _4532_/Y
 _4533_/X
 _4534_/X
 _4535_/Y
 _4536_/Y
 _4537_/Y
 _4538_/Y
 _4539_/X
 _4540_/X
 _4541_/X
 _4542_/X
 _4543_/Y
 _4544_/Y
 _4545_/Y
 _4546_/Y
 _4547_/Y
 _4548_/X
 _4549_/X
 _4550_/Y
 _4551_/X
 _4552_/X
 _4553_/Y
 _4554_/Y
 _4555_/Y
 _4556_/X
 _4557_/X
 _4558_/Y
 _4559_/Y
 _4560_/X
 _4561_/Y
 _4562_/Y
 _4563_/X
 _4564_/Y
 _4565_/X
 _4566_/Y
 _4567_/Y
 _4568_/Y
 _4569_/X
 _4570_/X
 _4571_/Y
 _4572_/X
 _4573_/X
 _4574_/X
 _4575_/Y
 _4576_/X
 _4577_/X
 _4578_/Y
 _4579_/Y
 _4580_/X
 _4581_/X
 _4582_/Y
 _4583_/Y
 _4584_/Y
 _4585_/X
 _4586_/Y
 _4587_/Y
 _4588_/Y
 _4589_/X
 _4590_/Y
 _4591_/Y
 _4592_/X
 _4593_/X
 _4594_/Y
 _4595_/X
 _4596_/X
 _4597_/Y
 _4598_/X
 _4599_/Y
 _4600_/Y
 _4601_/X
 _4602_/Y
 _4603_/X
 _4604_/Y
 _4605_/X
 _4606_/Y
 _4607_/X
 _4608_/Y
 _4609_/Y
 _4610_/Y
 _4611_/X
 _4612_/Y
 _4613_/X
 _4614_/Y
 _4615_/X
 _4616_/Y
 _4617_/X
 _4618_/Y
 _4619_/Y
 _4620_/X
 _4621_/Y
 _4622_/Y
 _4623_/Y
 _4624_/X
 _4625_/X
 _4626_/Y
 _4627_/Y
 _4628_/Y
 _4629_/Y
 _4630_/X
 _4631_/X
 _4632_/X
 _4633_/Y
 _4634_/X
 _4635_/Y
 _4636_/X
 _4637_/X
 _4638_/X
 _4639_/X
 _4640_/X
 _4641_/Y
 _4642_/X
 _4643_/X
 _4644_/X
 _4645_/X
 _4646_/X
 _4647_/X
 _4648_/X
 _4649_/X
 _4650_/X
 _4651_/X
 _4652_/X
 _4653_/X
 _4654_/X
 _4655_/X
 _4656_/X
 _4657_/X
 _4658_/X
 _4659_/X
 _4660_/X
 _4661_/X
 _4662_/X
 _4663_/X
 _4664_/X
 _4665_/X
 _4666_/X
 _4667_/X
 _4668_/X
 _4669_/X
 _4670_/X
 _4671_/X
 _4672_/X
 _4673_/X
 _4674_/X
 _4675_/X
 _4676_/X
 _4677_/X
 _4678_/Y
 _4679_/X
 _4680_/X
 _4681_/X
 _4682_/X
 _4683_/X
 _4684_/Y
 _4685_/X
 _4686_/X
 _4687_/Y
 _4688_/Y
 _4689_/X
 _4690_/X
 _4691_/X
 _4692_/Y
 _4693_/X
 _4694_/X
 _4695_/Y
 _4696_/X
 _4697_/X
 _4698_/X
 _4699_/X
 _4700_/X
 _4701_/X
 _4702_/X
 _4703_/X
 _4704_/X
 _4705_/X
 _4706_/X
 _4707_/X
 _4708_/X
 _4709_/X
 _4710_/X
 _4711_/Y
 _4712_/Y
 _4713_/X
 _4714_/X
 _4715_/X
 _4716_/X
 _4717_/X
 _4718_/X
 _4719_/X
 _4720_/X
 _4721_/X
 _4722_/X
 _4723_/X
 _4724_/X
 _4725_/X
 _4726_/X
 _4727_/X
 _4728_/X
 _4729_/X
 _4730_/X
 _4731_/X
 _4732_/X
 _4733_/X
 _4734_/X
 _4735_/X
 _4736_/X
 _4737_/X
 _4738_/X
 _4739_/X
 _4740_/X
 _4741_/X
 _4742_/X
 _4743_/X
 _4744_/X
 _4745_/X
 _4746_/X
 _4747_/X
 _4748_/X
 _4749_/X
 _4750_/X
 _4751_/X
 _4752_/X
 _4753_/X
 _4754_/X
 _4755_/X
 _4756_/X
 _4757_/Y
 _4758_/X
 _4759_/X
 _4760_/X
 _4761_/X
 _4762_/X
 _4763_/X
 _4764_/X
 _4765_/X
 _4766_/X
 _4767_/X
 _4768_/Y
 _4769_/Y
 _4770_/X
 _4771_/Y
 _4772_/Y
 _4773_/X
 _4774_/X
 _4775_/X
 _4776_/X
 _4777_/X
 _4778_/X
 _4779_/X
 _4780_/X
 _4781_/X
 _4782_/X
 _4783_/X
 _4784_/X
 _4785_/X
 _4786_/X
 _4787_/X
 _4788_/X
 _4789_/X
 _4790_/X
 _4791_/X
 _4792_/X
 _4793_/X
 _4794_/X
 _4795_/X
 _4796_/Y
 _4797_/X
 _4798_/X
 _4799_/X
 _4800_/X
 _4801_/X
 _4802_/Y
 _4803_/X
 _4804_/Y
 _4805_/X
 _4806_/X
 _4807_/X
 _4808_/X
 _4809_/X
 _4810_/X
 _4811_/X
 _4812_/X
 _4813_/X
 _4814_/X
 _4815_/X
 _4816_/X
 _4817_/X
 _4818_/X
 _4819_/X
 _4820_/X
 _4821_/X
 _4822_/X
 _4823_/X
 _4824_/X
 _4825_/X
 _4826_/X
 _4827_/X
 _4828_/X
 _4829_/X
 _4830_/X
 _4831_/X
 _4832_/X
 _4833_/X
 _4834_/X
 _4835_/Y
 _4836_/Y
 _4837_/X
 _4838_/X
 _4839_/X
 _4840_/X
 _4841_/X
 _4842_/X
 _4843_/X
 _4844_/Y
 _4845_/Y
 _4846_/X
 _4847_/X
 _4848_/X
 _4849_/X
 _4850_/X
 _4851_/X
 _4852_/Y
 _4853_/X
 _4854_/X
 _4855_/X
 _4856_/Y
 _4857_/X
 _4858_/X
 _4859_/X
 _4860_/X
 _4861_/X
 _4862_/Y
 _4863_/X
 _4864_/X
 _4865_/X
 _4866_/Y
 _4867_/X
 _4868_/X
 _4869_/X
 _4870_/X
 _4871_/X
 _4872_/X
 _4873_/Y
 _4874_/X
 _4875_/X
 _4876_/X
 _4877_/X
 _4878_/X
 _4879_/X
 _4880_/X
 _4881_/X
 _4882_/X
 _4883_/X
 _4884_/X
 _4885_/X
 _4886_/X
 _4887_/X
 _4888_/X
 _4889_/Y
 _4890_/Y
 _4891_/X
 _4892_/X
 _4893_/X
 _4894_/Y
 _4895_/X
 _4896_/X
 _4897_/X
 _4898_/Y
 _4899_/X
 _4900_/X
 _4901_/X
 _4902_/X
 _4903_/X
 _4904_/Y
 _4905_/X
 _4906_/X
 _4907_/X
 _4908_/Y
 _4909_/X
 _4910_/X
 _4911_/X
 _4912_/X
 _4913_/X
 _4914_/X
 _4915_/X
 _4916_/X
 _4917_/X
 _4918_/X
 _4919_/X
 _4920_/X
 _4921_/X
 _4922_/X
 _4923_/X
 _4924_/X
 _4925_/X
 _4926_/X
 _4927_/Y
 _4928_/Y
 _4929_/X
 _4930_/X
 _4931_/X
 _4932_/X
 _4933_/X
 _4934_/X
 _4935_/X
 _4936_/X
 _4937_/X
 _4938_/X
 _4939_/X
 _4940_/X
 _4941_/X
 _4942_/X
 _4943_/X
 _4944_/Y
 _4945_/X
 _4946_/X
 _4947_/X
 _4948_/X
 _4949_/X
 _4950_/Y
 _4951_/X
 _4952_/Y
 _4953_/Y
 _4954_/Y
 _4955_/X
 _4956_/Y
 _4957_/Y
 _4958_/X
 _4959_/X
 _4960_/X
 _4961_/X
 _4962_/X
 _4963_/X
 _4964_/X
 _4965_/X
 _4966_/Y
 _4967_/X
 _4968_/X
 _4969_/X
 _4970_/X
 _4971_/Y
 _4972_/X
 _4973_/X
 _4974_/X
 _4975_/X
 _4976_/X
 _4977_/X
 _4978_/X
 _4979_/X
 _4980_/X
 _4981_/X
 _4982_/X
 _4983_/X
 _4984_/X
 _4985_/Y
 _4986_/X
 _4987_/X
 _4988_/X
 _4989_/X
 _4990_/X
 _4991_/X
 _4992_/X
 _4993_/X
 _4994_/X
 _4995_/X
 _4996_/Y
 _4997_/X
 _4998_/X
 _4999_/X
 _5000_/X
 _5001_/X
 _5002_/X
 _5003_/X
 _5004_/X
 _5005_/X
 _5006_/Y
 _5007_/X
 _5008_/X
 _5009_/X
 _5010_/X
 _5011_/X
 _5012_/X
 _5013_/X
 _5014_/X
 _5015_/X
 _5016_/X
 _5017_/X
 _5018_/X
 _5019_/X
 _5020_/X
 _5021_/X
 _5022_/X
 _5023_/X
 _5024_/X
 _5025_/X
 _5026_/X
 _5027_/X
 _5028_/X
 _5029_/X
 _5030_/X
 _5031_/X
 _5032_/X
 _5033_/Y
 _5034_/Y
 _5035_/Y
 _5036_/X
 _5037_/Y
 _5038_/X
 _5039_/X
 _5040_/Y
 _5041_/X
 _5042_/X
 _5043_/X
 _5044_/X
 _5045_/X
 _5046_/X
 _5047_/X
 _5048_/X
 _5049_/X
 _5050_/X
 _5051_/X
 _5052_/X
 _5053_/X
 _5054_/X
 _5055_/X
 _5056_/X
 _5057_/X
 _5058_/X
 _5059_/Y
 _5060_/Y
 _5061_/X
 _5062_/X
 _5063_/X
 _5064_/X
 _5065_/X
 _5066_/X
 _5067_/X
 _5068_/X
 _5069_/X
 _5070_/X
 _5071_/X
 _5072_/X
 _5073_/X
 _5074_/X
 _5075_/X
 _5076_/X
 _5077_/X
 _5078_/X
 _5079_/X
 _5080_/X
 _5081_/X
 _5082_/X
 _5083_/X
 _5084_/X
 _5085_/X
 _5086_/X
 _5087_/X
 _5088_/X
 _5089_/X
 _5090_/X
 _5091_/X
 _5092_/X
 _5093_/X
 _5094_/X
 _5095_/X
 _5096_/X
 _5097_/X
 _5098_/X
 _5099_/X
 _5100_/X
 _5101_/X
 _5102_/X
 _5103_/X
 _5104_/Y
 _5105_/Y
 _5106_/X
 _5107_/X
 _5108_/X
 _5109_/X
 _5110_/X
 _5111_/Y
 _5112_/Y
 _5113_/X
 _5114_/X
 _5115_/X
 _5116_/X
 _5117_/Y
 _5118_/Y
 _5119_/Y
 _5120_/X
 _5121_/X
 _5122_/X
 _5123_/X
 _5124_/Y
 _5125_/X
 _5126_/X
 _5127_/X
 _5128_/X
 _5129_/X
 _5130_/X
 _5131_/X
 _5132_/X
 _5133_/X
 _5134_/Y
 _5135_/Y
 _5136_/X
 _5137_/Y
 _5138_/Y
 _5139_/X
 _5140_/Y
 _5141_/Y
 _5142_/Y
 _5143_/Y
 _5144_/X
 _5145_/X
 _5146_/X
 _5147_/Y
 _5148_/Y
 _5149_/Y
 _5150_/Y
 _5151_/X
 _5152_/Y
 _5153_/Y
 _5154_/Y
 _5155_/Y
 _5156_/X
 _5157_/X
 _5158_/X
 _5159_/Y
 _5160_/Y
 _5161_/Y
 _5162_/X
 _5163_/X
 _5164_/X
 _5165_/Y
 _5166_/Y
 _5167_/X
 _5168_/X
 _5169_/X
 _5170_/Y
 _5171_/X
 _5172_/X
 _5173_/X
 _5174_/X
 _5175_/X
 _5176_/X
 _5177_/X
 _5178_/X
 _5179_/X
 _5180_/X
 _5181_/X
 _5182_/X
 _5183_/X
 _5184_/X
 _5185_/Y
 _5186_/X
 _5187_/Y
 _5188_/X
 _5189_/Y
 _5190_/X
 _5191_/X
 _5192_/Y
 _5193_/X
 _5194_/Y
 _5195_/X
 _5196_/X
 _5197_/X
 _5198_/X
 _5199_/X
 _5200_/X
 _5201_/X
 _5202_/X
 _5203_/X
 _5204_/Y
 _5205_/X
 _5206_/X
 _5207_/Y
 _5208_/X
 _5209_/X
 _5210_/Y
 _5211_/X
 _5212_/X
 _5213_/Y
 _5214_/X
 _5215_/Y
 _5216_/X
 _5217_/X
 _5218_/X
 _5219_/Y
 _5220_/X
 _5221_/Y
 _5222_/X
 _5223_/X
 _5224_/Y
 _5225_/X
 _5226_/Y
 _5227_/X
 _5228_/X
 _5229_/X
 _5230_/X
 _5231_/X
 _5232_/X
 _5233_/X
 _5234_/X
 _5235_/X
 _5236_/X
 _5237_/X
 _5238_/X
 _5239_/X
 _5240_/X
 _5241_/X
 _5242_/X
 _5243_/X
 _5244_/X
 _5245_/X
 _5246_/X
 _5247_/X
 _5248_/X
 _5249_/X
 _5250_/X
 _5251_/X
 _5252_/Y
 _5253_/X
 _5254_/X
 _5255_/X
 _5256_/X
 _5257_/X
 _5258_/X
 _5259_/X
 _5260_/X
 _5261_/X
 _5262_/X
 _5263_/X
 _5264_/X
 _5265_/X
 _5266_/X
 _5267_/X
 _5268_/X
 _5269_/X
 _5270_/X
 _5271_/Y
 _5272_/X
 _5273_/X
 _5274_/X
 _5275_/X
 _5276_/X
 _5277_/X
 _5278_/X
 _5279_/X
 _5280_/X
 _5281_/X
 _5282_/X
 _5283_/Y
 _5284_/X
 _5285_/X
 _5286_/X
 _5287_/X
 _5288_/X
 _5289_/X
 _5290_/X
 _5291_/X
 _5292_/X
 _5293_/X
 _5294_/X
 _5295_/X
 _5296_/X
 _5297_/X
 _5298_/X
 _5299_/X
 _5300_/X
 _5301_/X
 _5302_/X
 _5303_/X
 _5304_/X
 _5305_/X
 _5306_/Y
 _5307_/X
 _5308_/X
 _5309_/X
 _5310_/X
 _5311_/X
 _5312_/X
 _5313_/X
 _5314_/X
 _5315_/X
 _5316_/X
 _5317_/Y
 _5318_/X
 _5319_/X
 _5320_/Y
 _5321_/Y
 _5322_/X
 _5323_/X
 _5324_/Y
 _5325_/Y
 _5326_/Y
 _5327_/Y
 _5328_/X
 _5329_/Y
 _5330_/Y
 _5331_/Y
 _5332_/Y
 _5333_/X
 _5334_/Y
 _5335_/X
 _5336_/Y
 _5337_/Y
 _5338_/Y
 _5339_/X
 _5340_/X
 _5341_/Y
 _5342_/X
 _5343_/X
 _5344_/Y
 _5345_/X
 _5346_/Y
 _5347_/Y
 _5348_/Y
 _5349_/X
 _5350_/X
 _5351_/Y
 _5352_/X
 _5353_/X
 _5354_/X
 _5355_/X
 _5356_/X
 _5357_/X
 _5358_/X
 _5359_/X
 _5360_/X
 _5361_/X
 _5362_/Y
 _5363_/X
 _5364_/X
 _5365_/Y
 _5366_/X
 _5367_/Y
 _5368_/X
 _5369_/X
 _5370_/X
 _5371_/Y
 _5372_/X
 _5373_/X
 _5374_/X
 _5375_/Y
 _5376_/X
 _5377_/Y
 _5378_/X
 _5379_/Y
 _5380_/Y
 _5381_/X
 _5382_/Y
 _5383_/Y
 _5384_/X
 _5385_/X
 _5386_/X
 _5387_/Y
 _5388_/X
 _5389_/Y
 _5390_/Y
 _5391_/X
 _5392_/Y
 _5393_/X
 _5394_/Y
 _5395_/Y
 _5396_/Y
 _5397_/Y
 _5398_/Y
 _5399_/X
 _5400_/Y
 _5401_/X
 _5402_/X
 _5403_/Y
 _5404_/X
 _5405_/Y
 _5406_/Y
 _5407_/Y
 _5408_/Y
 _5409_/X
 _5410_/Y
 _5411_/Y
 _5412_/Y
 _5413_/Y
 _5414_/Y
 _5415_/Y
 _5416_/X
 _5417_/X
 _5418_/Y
 _5419_/X
 _5420_/Y
 _5421_/X
 _5422_/X
 _5423_/X
 _5424_/Y
 _5425_/X
 _5426_/X
 _5427_/X
 _5428_/Y
 _5429_/X
 _5430_/X
 _5431_/X
 _5432_/Y
 _5433_/Y
 _5434_/Y
 _5435_/Y
 _5436_/Y
 _5437_/Y
 _5438_/X
 _5439_/X
 _5440_/X
 _5441_/X
 _5442_/X
 _5443_/Y
 _5444_/Y
 _5445_/X
 _5446_/X
 _5447_/X
 _5448_/Y
 _5449_/X
 _5450_/Y
 _5451_/Y
 _5452_/X
 _5453_/Y
 _5454_/X
 _5455_/X
 _5456_/X
 _5457_/Y
 _5458_/X
 _5459_/X
 _5460_/X
 _5461_/X
 _5462_/Y
 _5463_/X
 _5464_/X
 _5465_/Y
 _5466_/X
 _5467_/Y
 _5468_/X
 _5469_/X
 _5470_/Y
 _5471_/X
 _5472_/Y
 _5473_/Y
 _5474_/Y
 _5475_/Y
 _5476_/X
 _5477_/X
 _5478_/X
 _5479_/Y
 _5480_/X
 _5481_/Y
 _5482_/X
 _5483_/Y
 _5484_/Y
 _5485_/X
 _5486_/X
 _5487_/X
 _5488_/X
 _5489_/Y
 _5490_/X
 _5491_/X
 _5492_/X
 _5493_/X
 _5494_/X
 _5495_/X
 _5496_/Y
 _5497_/X
 _5498_/Y
 _5499_/X
 _5500_/X
 _5501_/Y
 _5502_/X
 _5503_/Y
 _5504_/X
 _5505_/X
 _5506_/X
 _5507_/Y
 _5508_/X
 _5509_/Y
 _5510_/X
 _5511_/X
 _5512_/Y
 _5513_/X
 _5514_/Y
 _5515_/X
 _5516_/X
 _5517_/X
 _5518_/X
 _5519_/X
 _5520_/X
 _5521_/X
 _5522_/X
 _5523_/X
 _5524_/Y
 _5525_/X
 _5526_/X
 _5527_/X
 _5528_/X
 _5529_/Y
 _5530_/X
 _5531_/Y
 _5532_/X
 _5533_/X
 _5534_/Y
 _5535_/X
 _5536_/Y
 _5537_/X
 _5538_/X
 _5539_/X
 _5540_/X
 _5541_/Y
 _5542_/Y
 _5543_/X
 _5544_/X
 _5545_/Y
 _5546_/Y
 _5547_/X
 _5548_/X
 _5549_/X
 _5550_/Y
 _5551_/X
 _5552_/Y
 _5553_/X
 _5554_/X
 _5555_/Y
 _5556_/X
 _5557_/Y
 _5558_/X
 _5559_/X
 _5560_/X
 _5561_/Y
 _5562_/X
 _5563_/Y
 _5564_/X
 _5565_/X
 _5566_/Y
 _5567_/X
 _5568_/Y
 _5569_/X
 _5570_/X
 _5571_/X
 _5572_/X
 _5573_/X
 _5574_/Y
 _5575_/Y
 _5576_/X
 _5577_/X
 _5578_/Y
 _5579_/X
 _5580_/X
 _5581_/X
 _5582_/Y
 _5583_/X
 _5584_/X
 _5585_/X
 _5586_/Y
 _5587_/Y
 _5588_/Y
 _5589_/Y
 _5590_/X
 _5591_/Y
 _5592_/X
 _5593_/X
 _5594_/Y
 _5595_/X
 _5596_/X
 _5597_/X
 _5598_/X
 _5599_/Y
 _5600_/X
 _5601_/X
 _5602_/X
 _5603_/X
 _5604_/X
 _5605_/X
 _5606_/X
 _5607_/X
 _5608_/Y
 _5609_/X
 _5610_/X
 _5611_/X
 _5612_/X
 _5613_/X
 _5614_/Y
 _5615_/Y
 _5616_/Y
 _5617_/Y
 _5618_/X
 _5619_/X
 _5620_/Y
 _5621_/Y
 _5622_/X
 _5623_/X
 _5624_/Y
 _5625_/Y
 _5626_/X
 _5627_/X
 _5628_/X
 _5629_/X
 _5630_/X
 _5631_/X
 _5632_/X
 _5633_/X
 _5634_/X
 _5635_/X
 _5636_/X
 _5637_/Y
 _5638_/X
 _5639_/Y
 _5640_/X
 _5641_/Y
 _5642_/X
 _5643_/X
 _5644_/X
 _5645_/Y
 _5646_/Y
 _5647_/X
 _5648_/X
 _5649_/X
 _5650_/X
 _5651_/X
 _5652_/X
 _5653_/X
 _5654_/X
 _5655_/X
 _5656_/X
 _5657_/X
 _5658_/X
 _5659_/X
 _5660_/X
 _5661_/X
 _5662_/X
 _5663_/X
 _5664_/X
 _5665_/Y
 _5666_/Y
 _5667_/X
 _5668_/X
 _5669_/X
 _5670_/X
 _5671_/X
 _5672_/X
 _5673_/X
 _5674_/X
 _5675_/X
 _5676_/X
 _5677_/X
 _5678_/X
 _5679_/X
 _5680_/X
 _5681_/X
 _5682_/X
 _5683_/X
 _5684_/X
 _5685_/Y
 _5686_/X
 _5687_/Y
 _5688_/X
 _5689_/Y
 _5690_/X
 _5691_/X
 _5692_/X
 _5693_/X
 _5694_/X
 _5695_/X
 _5696_/X
 _5697_/X
 _5698_/X
 _5699_/X
 _5700_/Y
 _5701_/Y
 _5702_/X
 _5703_/X
 _5704_/X
 _5705_/X
 _5706_/X
 _5707_/Y
 _5708_/Y
 _5709_/Y
 _5710_/Y
 _5711_/Y
 _5712_/Y
 _5713_/X
 _5714_/X
 _5715_/X
 _5716_/X
 _5717_/X
 _5718_/X
 _5719_/X
 _5720_/X
 _5721_/X
 _5722_/X
 _5723_/X
 _5724_/X
 _5725_/X
 _5726_/X
 _5727_/X
 _5728_/X
 _5729_/Y
 _5730_/Y
 _5731_/Y
 _5732_/Y
 _5733_/X
 _5734_/Y
 _5735_/Y
 _5736_/X
 _5737_/X
 _5738_/Y
 _5739_/X
 _5740_/X
 _5741_/Y
 _5742_/X
 _5743_/X
 _5744_/X
 _5745_/X
 _5746_/X
 _5747_/X
 _5748_/X
 _5749_/X
 _5750_/Y
 _5751_/Y
 _5752_/X
 _5753_/X
 _5754_/X
 _5755_/X
 _5756_/X
 _5757_/X
 _5758_/Y
 _5759_/X
 _5760_/X
 _5761_/X
 _5762_/X
 _5763_/X
 _5764_/X
 _5765_/X
 _5766_/Y
 _5767_/Y
 _5768_/Y
 _5769_/X
 _5770_/Y
 _5771_/Y
 _5772_/Y
 _5773_/Y
 _5774_/X
 _5775_/X
 _5776_/Y
 _5777_/Y
 _5778_/Y
 _5779_/Y
 _5780_/X
 _5781_/Y
 _5782_/X
 _5783_/X
 _5784_/Y
 _5785_/X
 _5786_/Y
 _5787_/X
 _5788_/X
 _5789_/Y
 _5790_/Y
 _5791_/Y
 _5792_/Y
 _5793_/X
 _5794_/Y
 _5795_/Y
 _5796_/Y
 _5797_/Y
 _5798_/X
 _5799_/X
 _5800_/Y
 _5801_/X
 _5802_/X
 _5803_/X
 _5804_/Y
 _5805_/Y
 _5806_/Y
 _5807_/Y
 _5808_/X
 _5809_/Y
 _5810_/X
 _5811_/X
 _5812_/X
 _5813_/X
 _5814_/Y
 _5815_/X
 _5816_/X
 _5817_/X
 _5818_/Y
 _5819_/X
 _5820_/X
 _5821_/X
 _5822_/Y
 _5823_/Y
 _5824_/X
 _5825_/X
 _5826_/X
 _5827_/Y
 _5828_/Y
 _5829_/X
 _5830_/X
 _5831_/X
 _5832_/X
 _5833_/X
 _5834_/Y
 _5835_/Y
 _5836_/X
 _5837_/X
 _5838_/X
 _5839_/Y
 _5840_/X
 _5841_/X
 _5842_/X
 _5843_/X
 _5844_/Y
 _5845_/X
 _5846_/Y
 _5847_/X
 _5848_/Y
 _5849_/X
 _5850_/X
 _5851_/X
 _5852_/X
 _5853_/X
 _5854_/X
 _5855_/X
 _5856_/X
 _5857_/X
 _5858_/Y
 _5859_/X
 _5860_/X
 _5861_/X
 _5862_/X
 _5863_/X
 _5864_/X
 _5865_/X
 _5866_/X
 _5867_/X
 _5868_/X
 _5869_/X
 _5870_/X
 _5871_/X
 _5872_/X
 _5873_/X
 _5874_/X
 _5875_/X
 _5876_/X
 _5877_/X
 _5878_/X
 _5879_/X
 _5880_/X
 _5881_/X
 _5882_/X
 _5883_/Y
 _5884_/Y
 _5885_/X
 _5886_/X
 _5887_/X
 _5888_/Y
 _5889_/X
 _5890_/X
 _5891_/X
 _5892_/Y
 _5893_/Y
 _5894_/X
 _5895_/X
 _5896_/Y
 _5897_/Y
 _5898_/X
 _5899_/X
 _5900_/X
 _5901_/X
 _5902_/X
 _5903_/Y
 _5904_/Y
 _5905_/Y
 _5906_/X
 _5907_/X
 _5908_/X
 _5909_/X
 _5910_/X
 _5911_/Y
 _5912_/X
 _5913_/X
 _5914_/X
 _5915_/X
 _5916_/Y
 _5917_/Y
 _5918_/X
 _5919_/X
 _5920_/X
 _5921_/Y
 _5922_/X
 _5923_/X
 _5924_/X
 _5925_/Y
 _5926_/X
 _5927_/X
 _5928_/Y
 _5929_/X
 _5930_/X
 _5931_/Y
 _5932_/Y
 _5933_/X
 _5934_/X
 _5935_/X
 _5936_/Y
 _5937_/X
 _5938_/X
 _5939_/X
 _5940_/X
 _5941_/X
 _5942_/X
 _5943_/X
 _5944_/X
 _5945_/X
 _5946_/X
 _5947_/X
 _5948_/X
 _5949_/X
 _5950_/X
 _5951_/X
 _5952_/X
 _5953_/X
 _5954_/X
 _5955_/X
 _5956_/X
 _5957_/X
 _5958_/X
 _5959_/Y
 _5960_/X
 _5961_/X
 _5962_/X
 _5963_/X
 _5964_/X
 _5965_/X
 _5966_/X
 _5967_/X
 _5968_/X
 _5969_/X
 _5970_/X
 _5971_/Y
 _5972_/Y
 _5973_/X
 _5974_/Y
 _5975_/X
 _5976_/X
 _5977_/Y
 _5978_/X
 _5979_/X
 _5980_/X
 _5981_/X
 _5982_/X
 _5983_/Y
 _5984_/X
 _5985_/X
 _5986_/X
 _5987_/Y
 _5988_/Y
 _5989_/Y
 _5990_/X
 _5991_/X
 _5992_/X
 _5993_/X
 _5994_/X
 _5995_/X
 _5996_/X
 _5997_/Y
 _5998_/X
 _5999_/Y
 _6000_/X
 _6001_/X
 _6002_/X
 _6003_/X
 _6004_/Y
 _6005_/X
 _6006_/X
 _6007_/Y
 _6008_/X
 _6009_/X
 _6010_/X
 _6011_/X
 _6012_/X
 _6013_/X
 _6014_/X
 _6015_/X
 _6016_/X
 _6017_/X
 _6018_/X
 _6019_/Y
 _6020_/X
 _6021_/X
 _6022_/X
 _6023_/X
 _6024_/X
 _6025_/X
 _6026_/X
 _6027_/X
 _6028_/Y
 _6029_/Y
 _6030_/X
 _6031_/X
 _6032_/X
 _6033_/X
 _6034_/X
 _6035_/Y
 _6036_/X
 _6037_/X
 _6038_/Y
 _6039_/Y
 _6040_/Y
 _6041_/X
 _6042_/X
 _6043_/X
 _6044_/X
 _6045_/X
 _6046_/X
 _6047_/X
 _6048_/X
 _6049_/X
 _6050_/X
 _6051_/X
 _6052_/X
 _6053_/X
 _6054_/X
 _6055_/X
 _6056_/X
 _6057_/X
 _6058_/X
 _6059_/X
 _6060_/X
 _6061_/X
 _6062_/X
 _6063_/X
 _6064_/X
 _6065_/X
 _6066_/X
 _6067_/X
 _6068_/X
 _6069_/X
 _6070_/X
 _6071_/Y
 _6072_/Y
 _6073_/X
 _6074_/X
 _6075_/X
 _6076_/X
 _6077_/X
 _6078_/X
 _6079_/X
 _6080_/X
 _6081_/X
 _6082_/X
 _6083_/Y
 _6084_/Y
 _6085_/Y
 _6086_/Y
 _6087_/X
 _6088_/X
 _6089_/Y
 _6090_/X
 _6091_/X
 _6092_/X
 _6093_/X
 _6094_/X
 _6095_/X
 _6096_/X
 _6097_/X
 _6098_/X
 _6099_/X
 _6100_/X
 _6101_/X
 _6102_/X
 _6103_/Y
 _6104_/X
 _6105_/X
 _6106_/Y
 _6107_/Y
 _6108_/Y
 _6109_/X
 _6110_/Y
 _6111_/Y
 _6112_/X
 _6113_/Y
 _6114_/Y
 _6115_/Y
 _6116_/Y
 _6117_/X
 _6118_/X
 _6119_/X
 _6120_/X
 _6121_/Y
 _6122_/X
 _6123_/Y
 _6124_/Y
 _6125_/Y
 _6126_/X
 _6127_/Y
 _6128_/X
 _6129_/X
 _6130_/X
 _6131_/X
 _6132_/X
 _6133_/Y
 _6134_/X
 _6135_/X
 _6136_/X
 _6137_/X
 _6138_/X
 _6139_/X
 _6140_/X
 _6141_/Y
 _6142_/X
 _6143_/X
 _6144_/X
 _6145_/X
 _6146_/X
 _6147_/X
 _6148_/Y
 _6149_/X
 _6150_/X
 _6151_/X
 _6152_/X
 _6153_/Y
 _6154_/X
 _6155_/X
 _6156_/Y
 _6157_/X
 _6158_/X
 _6159_/X
 _6160_/X
 _6161_/X
 _6162_/Y
 _6163_/Y
 _6164_/X
 _6165_/X
 _6166_/X
 _6167_/X
 _6168_/X
 _6169_/X
 _6170_/X
 _6171_/X
 _6172_/X
 _6173_/Y
 _6174_/Y
 _6175_/X
 _6176_/Y
 _6177_/Y
 _6178_/X
 _6179_/X
 _6180_/X
 _6181_/Y
 _6182_/X
 _6183_/X
 _6184_/X
 _6185_/Y
 _6186_/X
 _6187_/Y
 _6188_/Y
 _6189_/X
 _6190_/Y
 _6191_/X
 _6192_/X
 _6193_/X
 _6194_/Y
 _6195_/Y
 _6196_/Y
 _6197_/X
 _6198_/X
 _6199_/X
 _6200_/Y
 _6201_/Y
 _6202_/Y
 _6203_/X
 _6204_/X
 _6205_/X
 _6206_/X
 _6207_/Y
 _6208_/X
 _6209_/X
 _6210_/X
 _6211_/Y
 _6212_/X
 _6213_/X
 _6214_/Y
 _6215_/X
 _6216_/X
 _6217_/X
 _6218_/X
 _6219_/Y
 _6220_/X
 _6221_/Y
 _6222_/X
 _6223_/X
 _6224_/Y
 _6225_/X
 _6226_/X
 _6227_/X
 _6228_/X
 _6229_/X
 _6230_/X
 _6231_/X
 _6232_/X
 _6233_/X
 _6234_/X
 _6235_/X
 _6236_/Y
 _6237_/Y
 _6238_/X
 _6239_/X
 _6240_/Y
 _6241_/X
 _6242_/Y
 _6243_/X
 _6244_/Y
 _6245_/Y
 _6246_/Y
 _6247_/X
 _6248_/X
 _6249_/Y
 _6250_/X
 _6251_/Y
 _6252_/X
 _6253_/Y
 _6254_/X
 _6255_/X
 _6256_/Y
 _6257_/X
 _6258_/X
 _6259_/X
 _6260_/X
 _6261_/X
 _6262_/X
 _6263_/X
 _6264_/X
 _6265_/Y
 _6266_/Y
 _6267_/Y
 _6268_/Y
 _6269_/X
 _6270_/Y
 _6271_/Y
 _6272_/X
 _6273_/X
 _6274_/Y
 _6275_/Y
 _6276_/X
 _6277_/X
 _6278_/X
 _6279_/X
 _6280_/X
 _6281_/X
 _6282_/Y
 _6283_/X
 _6284_/X
 _6285_/X
 _6286_/X
 _6287_/X
 _6288_/X
 _6289_/X
 _6290_/X
 _6291_/X
 _6292_/X
 _6293_/Y
 _6294_/X
 _6295_/X
 _6296_/X
 _6297_/X
 _6298_/X
 _6299_/X
 _6300_/X
 _6301_/X
 _6302_/X
 _6303_/X
 _6304_/X
 _6305_/X
 _6306_/Y
 _6307_/X
 _6308_/X
 _6309_/X
 _6310_/Y
 _6311_/X
 _6312_/X
 _6313_/Y
 _6314_/Y
 _6315_/X
 _6316_/X
 _6317_/Y
 _6318_/Y
 _6319_/X
 _6320_/X
 _6321_/X
 _6322_/X
 _6323_/Y
 _6324_/Y
 _6325_/X
 _6326_/X
 _6327_/Y
 _6328_/Y
 _6329_/Y
 _6330_/X
 _6331_/X
 _6332_/Y
 _6333_/X
 _6334_/X
 _6335_/X
 _6336_/X
 _6337_/Y
 _6338_/Y
 _6339_/X
 _6340_/X
 _6341_/Y
 _6342_/X
 _6343_/Y
 _6344_/X
 _6345_/X
 _6346_/X
 _6347_/Y
 _6348_/X
 _6349_/X
 _6350_/X
 _6351_/X
 _6352_/X
 _6353_/X
 _6354_/X
 _6355_/X
 _6356_/X
 _6357_/X
 _6358_/X
 _6359_/Y
 _6360_/X
 _6361_/Y
 _6362_/X
 _6363_/X
 _6364_/X
 _6365_/X
 _6366_/X
 _6367_/X
 _6368_/X
 _6369_/X
 _6370_/X
 _6371_/X
 _6372_/X
 _6373_/X
 _6374_/X
 _6375_/Y
 _6376_/Y
 _6377_/X
 _6378_/X
 _6379_/X
 _6380_/X
 _6381_/X
 _6382_/X
 _6383_/X
 _6384_/X
 _6385_/X
 _6386_/X
 _6387_/X
 _6388_/Y
 _6389_/Y
 _6390_/X
 _6391_/X
 _6392_/X
 _6393_/X
 _6394_/X
 _6395_/Y
 _6396_/Y
 _6397_/X
 _6398_/X
 _6399_/X
 _6400_/X
 _6401_/Y
 _6402_/X
 _6403_/Y
 _6404_/Y
 _6405_/X
 _6406_/X
 _6407_/Y
 _6408_/X
 _6409_/X
 _6410_/X
 _6411_/X
 _6412_/X
 _6413_/X
 _6414_/X
 _6415_/X
 _6416_/X
 _6417_/X
 _6418_/X
 _6419_/X
 _6420_/X
 _6421_/X
 _6422_/X
 _6423_/X
 _6424_/Y
 _6425_/X
 _6426_/Y
 _6427_/X
 _6428_/X
 _6429_/X
 _6430_/Y
 _6431_/X
 _6432_/X
 _6433_/X
 _6434_/X
 _6435_/Y
 _6436_/X
 _6437_/X
 _6438_/X
 _6439_/X
 _6440_/X
 _6441_/X
 _6442_/Y
 _6443_/X
 _6444_/Y
 _6445_/X
 _6446_/X
 _6447_/Y
 _6448_/X
 _6449_/Y
 _6450_/X
 _6451_/X
 _6452_/X
 _6453_/Y
 _6454_/X
 _6455_/Y
 _6456_/X
 _6457_/Y
 _6458_/Y
 _6459_/X
 _6460_/X
 _6461_/Y
 _6462_/X
 _6463_/X
 _6464_/X
 _6465_/Y
 _6466_/X
 _6467_/Y
 _6468_/X
 _6469_/X
 _6470_/X
 _6471_/X
 _6472_/X
 _6473_/X
 _6474_/X
 _6475_/Y
 _6476_/X
 _6477_/X
 _6478_/Y
 _6479_/X
 _6480_/X
 _6481_/X
 _6482_/Y
 _6483_/Y
 _6484_/X
 _6485_/X
 _6486_/Y
 _6487_/X
 _6488_/X
 _6489_/Y
 _6490_/Y
 _6491_/X
 _6492_/X
 _6493_/X
 _6494_/X
 _6495_/Y
 _6496_/Y
 _6497_/X
 _6498_/X
 _6499_/X
 _6500_/X
 _6501_/X
 _6502_/X
 _6503_/X
 _6504_/Y
 _6505_/X
 _6506_/Y
 _6507_/Y
 _6508_/X
 _6509_/X
 _6510_/Y
 _6511_/X
 _6512_/X
 _6513_/X
 _6514_/X
 _6515_/X
 _6516_/Y
 _6517_/X
 _6518_/X
 _6519_/X
 _6520_/X
 _6521_/X
 _6522_/Y
 _6523_/X
 _6524_/X
 _6525_/Y
 _6526_/X
 _6527_/Y
 _6528_/X
 _6529_/Y
 _6530_/X
 _6531_/X
 _6532_/X
 _6533_/X
 _6534_/X
 _6535_/Y
 _6536_/Y
 _6537_/X
 _6538_/Y
 _6539_/X
 _6540_/X
 _6541_/X
 _6542_/X
 _6543_/X
 _6544_/X
 _6545_/X
 _6546_/Y
 _6547_/X
 _6548_/X
 _6549_/X
 _6550_/X
 _6551_/X
 _6552_/X
 _6553_/X
 _6554_/Y
 _6555_/X
 _6556_/X
 _6557_/X
 _6558_/X
 _6559_/X
 _6560_/Y
 _6561_/Y
 _6562_/X
 _6563_/X
 _6564_/X
 _6565_/Y
 _6566_/X
 _6567_/X
 _6568_/X
 _6569_/Y
 _6570_/X
 _6571_/Y
 _6572_/X
 _6573_/X
 _6574_/Y
 _6575_/X
 _6576_/Y
 _6577_/X
 _6578_/X
 _6579_/X
 _6580_/X
 _6581_/Y
 _6582_/X
 _6583_/X
 _6584_/X
 _6585_/Y
 _6586_/X
 _6587_/X
 _6588_/X
 _6589_/X
 _6590_/Y
 _6591_/Y
 _6592_/X
 _6593_/X
 _6594_/X
 _6595_/Y
 _6596_/X
 _6597_/X
 _6598_/X
 _6599_/X
 _6600_/X
 _6601_/Y
 _6602_/X
 _6603_/Y
 _6604_/Y
 _6605_/X
 _6606_/Y
 _6607_/X
 _6608_/Y
 _6609_/X
 _6610_/Y
 _6611_/X
 _6612_/X
 _6613_/X
 _6614_/X
 _6615_/Y
 _6616_/X
 _6617_/X
 _6618_/X
 _6619_/Y
 _6620_/X
 _6621_/X
 _6622_/X
 _6623_/X
 _6624_/Y
 _6625_/Y
 _6626_/Y
 _6627_/X
 _6628_/Y
 _6629_/X
 _6630_/Y
 _6631_/X
 _6632_/X
 _6633_/Y
 _6634_/Y
 _6635_/X
 _6636_/Y
 _6637_/X
 _6638_/X
 _6639_/X
 _6640_/Y
 _6641_/X
 _6642_/X
 _6643_/X
 _6644_/Y
 _6645_/X
 _6646_/Y
 _6647_/Y
 _6648_/X
 _6649_/Y
 _6650_/X
 _6651_/X
 _6652_/X
 _6653_/Y
 _6654_/Y
 _6655_/Y
 _6656_/Y
 _6657_/X
 _6658_/X
 _6659_/Y
 _6660_/Y
 _6661_/X
 _6662_/X
 _6663_/Y
 _6664_/X
 _6665_/Y
 _6666_/X
 _6667_/X
 _6668_/X
 _6669_/Y
 _6670_/Y
 _6671_/Y
 _6672_/X
 _6673_/X
 _6674_/Y
 _6675_/Y
 _6676_/Y
 _6677_/Y
 _6678_/Y
 _6679_/X
 _6680_/Y
 _6681_/Y
 _6682_/X
 _6683_/X
 _6684_/X
 _6685_/X
 _6686_/X
 _6687_/X
 _6688_/X
 _6689_/X
 _6690_/Y
 _6691_/X
 _6692_/X
 _6693_/Y
 _6694_/Y
 _6695_/X
 _6696_/X
 _6697_/X
 _6698_/X
 _6699_/Y
 _6700_/X
 _6701_/X
 _6702_/Y
 _6703_/X
 _6704_/Y
 _6705_/Y
 _6706_/Y
 _6707_/X
 _6708_/X
 _6709_/Y
 _6710_/Y
 _6711_/Y
 _6712_/Y
 _6713_/Y
 _6714_/X
 _6715_/X
 _6716_/X
 _6717_/Y
 _6718_/Y
 _6719_/X
 _6720_/X
 _6721_/Y
 _6722_/Y
 _6723_/X
 _6724_/Y
 _6725_/Y
 _6726_/X
 _6727_/X
 _6728_/Y
 _6729_/Y
 _6730_/X
 _6731_/X
 _6732_/Y
 _6733_/X
 _6734_/X
 _6735_/X
 _6736_/X
 _6737_/Y
 _6738_/X
 _6739_/X
 _6740_/Y
 _6741_/X
 _6742_/X
 _6743_/X
 _6744_/Y
 _6745_/X
 _6746_/Y
 _6747_/X
 _6748_/Y
 _6749_/Y
 _6750_/X
 _6751_/X
 _6752_/Y
 _6753_/X
 _6754_/X
 _6755_/Y
 _6756_/X
 _6757_/X
 _6758_/Y
 _6759_/X
 _6760_/Y
 _6761_/Y
 _6762_/Y
 _6763_/X
 _6764_/X
 _6765_/X
 _6766_/X
 _6767_/X
 _6768_/X
 _6769_/Y
 _6770_/X
 _6771_/X
 _6772_/Y
 _6773_/Y
 _6774_/X
 _6775_/X
 _6776_/Y
 _6777_/X
 _6778_/Y
 _6779_/X
 _6780_/X
 _6781_/Y
 _6782_/X
 _6783_/Y
 _6784_/X
 _6785_/Y
 _6786_/Y
 _6787_/X
 _6788_/X
 _6789_/X
 _6790_/X
 _6791_/X
 _6792_/Y
 _6793_/X
 _6794_/X
 _6795_/Y
 _6796_/Y
 _6797_/X
 _6798_/X
 _6799_/X
 _6800_/X
 _6801_/X
 _6802_/Y
 _6803_/X
 _6804_/X
 _6805_/X
 _6806_/Y
 _6807_/X
 _6808_/X
 _6809_/X
 _6810_/Y
 _6811_/X
 _6812_/X
 _6813_/X
 _6814_/X
 _6815_/X
 _6816_/X
 _6817_/X
 _6818_/Y
 _6819_/X
 _6820_/Y
 _6821_/Y
 _6822_/X
 _6823_/X
 _6824_/Y
 _6825_/X
 _6826_/Y
 _6827_/Y
 _6828_/X
 _6829_/X
 _6830_/X
 _6831_/Y
 _6832_/X
 _6833_/X
 _6834_/X
 _6835_/Y
 _6836_/Y
 _6837_/X
 _6838_/X
 _6839_/Y
 _6840_/X
 _6841_/X
 _6842_/Y
 _6843_/X
 _6844_/Y
 _6845_/X
 _6846_/X
 _6847_/X
 _6848_/Y
 _6849_/Y
 _6850_/Y
 _6851_/X
 _6852_/Y
 _6853_/X
 _6854_/Y
 _6855_/X
 _6856_/Y
 _6857_/X
 _6858_/X
 _6859_/Y
 _6860_/X
 _6861_/X
 _6862_/X
 _6863_/X
 _6864_/X
 _6865_/X
 _6866_/Y
 _6867_/X
 _6868_/X
 _6869_/Y
 _6870_/X
 _6871_/X
 _6872_/X
 _6873_/X
 _6874_/X
 _6875_/X
 _6876_/X
 _6877_/X
 _6878_/Y
 _6879_/X
 _6880_/X
 _6881_/X
 _6882_/X
 _6883_/X
 _6884_/X
 _6885_/X
 _6886_/Y
 _6887_/Y
 _6888_/X
 _6889_/Y
 _6890_/X
 _6891_/X
 _6892_/X
 _6893_/X
 _6894_/Y
 _6895_/X
 _6896_/Y
 _6897_/Y
 _6898_/X
 _6899_/X
 _6900_/Y
 _6901_/X
 _6902_/X
 _6903_/Y
 _6904_/X
 _6905_/X
 _6906_/X
 _6907_/X
 _6908_/Y
 _6909_/X
 _6910_/Y
 _6911_/X
 _6912_/Y
 _6913_/X
 _6914_/X
 _6915_/X
 _6916_/Y
 _6917_/X
 _6918_/Y
 _6919_/X
 _6920_/X
 _6921_/Y
 _6922_/X
 _6923_/Y
 _6924_/X
 _6925_/X
 _6926_/X
 _6927_/Y
 _6928_/X
 _6929_/X
 _6930_/Y
 _6931_/X
 _6932_/Y
 _6933_/Y
 _6934_/X
 _6935_/X
 _6936_/X
 _6937_/X
 _6938_/X
 _6939_/X
 _6940_/Y
 _6941_/X
 _6942_/X
 _6943_/X
 _6944_/X
 _6945_/Y
 _6946_/X
 _6947_/X
 _6948_/X
 _6949_/X
 _6950_/Y
 _6951_/X
 _6952_/X
 _6953_/X
 _6954_/X
 _6955_/Y
 _6956_/X
 _6957_/X
 _6958_/Y
 _6959_/Y
 _6960_/X
 _6961_/X
 _6962_/X
 _6963_/X
 _6964_/X
 _6965_/Y
 _6966_/Y
 _6967_/X
 _6968_/X
 _6969_/X
 _6970_/X
 _6971_/X
 _6972_/X
 _6973_/X
 _6974_/X
 _6975_/X
 _6976_/Y
 _6977_/X
 _6978_/X
 _6979_/X
 _6980_/X
 _6981_/Y
 _6982_/X
 _6983_/X
 _6984_/X
 _6985_/X
 _6986_/X
 _6987_/X
 _6988_/X
 _6989_/X
 _6990_/X
 _6991_/Y
 _6992_/X
 _6993_/X
 _6994_/X
 _6995_/Y
 _6996_/X
 _6997_/X
 _6998_/X
 _6999_/Y
 _7000_/X
 _7001_/X
 _7002_/X
 _7003_/X
 _7004_/X
 _7005_/Y
 _7006_/Y
 _7007_/X
 _7008_/X
 _7009_/X
 _7010_/Y
 _7011_/X
 _7012_/Y
 _7013_/Y
 _7014_/X
 _7015_/X
 _7016_/X
 _7017_/X
 _7018_/X
 _7019_/X
 _7020_/Y
 _7021_/X
 _7022_/Y
 _7023_/X
 _7024_/Y
 _7025_/Y
 _7026_/X
 _7027_/Y
 _7028_/X
 _7029_/X
 _7030_/Y
 _7031_/X
 _7032_/X
 _7033_/Y
 _7034_/X
 _7035_/X
 _7036_/Y
 _7037_/X
 _7038_/X
 _7039_/Y
 _7040_/X
 _7041_/Y
 _7042_/Y
 _7043_/Y
 _7044_/X
 _7045_/X
 _7046_/X
 _7047_/Y
 _7048_/Y
 _7049_/Y
 _7050_/X
 _7051_/Y
 _7052_/Y
 _7053_/Y
 _7054_/X
 _7055_/X
 _7056_/X
 _7057_/X
 _7058_/Y
 _7059_/Y
 _7060_/Y
 _7061_/Y
 _7062_/X
 _7063_/Y
 _7064_/Y
 _7065_/Y
 _7066_/X
 _7067_/X
 _7068_/X
 _7069_/X
 _7070_/X
 _7071_/X
 _7072_/X
 _7073_/X
 _7074_/Y
 _7075_/Y
 _7076_/X
 _7077_/Y
 _7078_/X
 _7079_/Y
 _7080_/X
 _7081_/X
 _7082_/Y
 _7083_/X
 _7084_/Y
 _7085_/X
 _7086_/Y
 _7087_/X
 _7088_/Y
 _7089_/X
 _7090_/X
 _7091_/Y
 _7092_/X
 _7093_/X
 _7094_/X
 _7095_/X
 _7096_/X
 _7097_/Y
 _7098_/X
 _7099_/X
 _7100_/Y
 _7101_/X
 _7102_/X
 _7103_/X
 _7104_/X
 _7105_/X
 _7106_/X
 _7107_/Y
 _7108_/X
 _7109_/X
 _7110_/X
 _7111_/Y
 _7112_/X
 _7113_/Y
 _7114_/X
 _7115_/X
 _7116_/Y
 _7117_/X
 _7118_/X
 _7119_/Y
 _7120_/X
 _7121_/X
 _7122_/X
 _7123_/X
 _7124_/X
 _7125_/X
 _7126_/Y
 _7127_/X
 _7128_/X
 _7129_/X
 _7130_/Y
 _7131_/Y
 _7132_/X
 _7133_/X
 _7134_/Y
 _7135_/Y
 _7136_/X
 _7137_/X
 _7138_/Y
 _7139_/X
 _7140_/Y
 _7141_/X
 _7142_/Y
 _7143_/Y
 _7144_/X
 _7145_/Y
 _7146_/X
 _7147_/Y
 _7148_/X
 _7149_/Y
 _7150_/X
 _7151_/X
 _7152_/X
 _7153_/X
 _7154_/X
 _7155_/X
 _7156_/X
 _7157_/Y
 _7158_/Y
 _7159_/X
 _7160_/X
 _7161_/X
 _7162_/Y
 _7163_/X
 _7164_/Y
 _7165_/X
 _7166_/X
 _7167_/X
 _7168_/X
 _7169_/X
 _7170_/X
 _7171_/Y
 _7172_/X
 _7173_/X
 _7174_/X
 _7175_/X
 _7176_/X
 _7177_/X
 _7178_/X
 _7179_/X
 _7180_/X
 _7181_/Y
 _7182_/Y
 _7183_/X
 _7184_/X
 _7185_/X
 _7186_/Y
 _7187_/X
 _7188_/X
 _7189_/Y
 _7190_/X
 _7191_/Y
 _7192_/Y
 _7193_/X
 _7194_/X
 _7195_/X
 _7196_/Y
 _7197_/X
 _7198_/X
 _7199_/X
 _7200_/Y
 _7201_/X
 _7202_/Y
 _7203_/X
 _7204_/X
 _7205_/X
 _7206_/X
 _7207_/X
 _7208_/Y
 _7209_/Y
 _7210_/X
 _7211_/X
 _7212_/X
 _7213_/Y
 _7214_/X
 _7215_/X
 _7216_/X
 _7217_/Y
 _7218_/X
 _7219_/X
 _7220_/X
 _7221_/X
 _7222_/X
 _7223_/X
 _7224_/Y
 _7225_/X
 _7226_/Y
 _7227_/X
 _7228_/X
 _7229_/Y
 _7230_/X
 _7231_/Y
 _7232_/X
 _7233_/X
 _7234_/X
 _7235_/X
 _7236_/Y
 _7237_/X
 _7238_/X
 _7239_/X
 _7240_/X
 _7241_/Y
 _7242_/X
 _7243_/Y
 _7244_/X
 _7245_/X
 _7246_/X
 _7247_/Y
 _7248_/X
 _7249_/X
 _7250_/X
 _7251_/X
 _7252_/X
 _7253_/Y
 _7254_/X
 _7255_/X
 _7256_/X
 _7257_/X
 _7258_/Y
 _7259_/X
 _7260_/X
 _7261_/X
 _7262_/X
 _7263_/X
 _7264_/X
 _7265_/X
 _7266_/X
 _7267_/Y
 _7268_/X
 _7269_/X
 _7270_/X
 _7271_/X
 _7272_/Y
 _7273_/X
 _7274_/X
 _7275_/X
 _7276_/Y
 _7277_/Y
 _7278_/Y
 _7279_/X
 _7280_/X
 _7281_/X
 _7282_/X
 _7283_/X
 _7284_/Y
 _7285_/X
 _7286_/X
 _7287_/X
 _7288_/X
 _7289_/X
 _7290_/X
 _7291_/X
 _7292_/Y
 _7293_/X
 _7294_/X
 _7295_/X
 _7296_/Y
 _7297_/Y
 _7298_/X
 _7299_/Y
 _7300_/X
 _7301_/X
 _7302_/Y
 _7303_/X
 _7304_/X
 _7305_/X
 _7306_/X
 _7307_/X
 _7308_/Y
 _7309_/X
 _7310_/X
 _7311_/X
 _7312_/X
 _7313_/X
 _7314_/X
 _7315_/X
 _7316_/X
 _7317_/X
 _7318_/Y
 _7319_/X
 _7320_/X
 _7321_/X
 _7322_/X
 _7323_/X
 _7324_/X
 _7325_/Y
 _7326_/X
 _7327_/Y
 _7328_/X
 _7329_/Y
 _7330_/X
 _7331_/X
 _7332_/X
 _7333_/X
 _7334_/Y
 _7335_/X
 _7336_/Y
 _7337_/Y
 _7338_/X
 _7339_/X
 _7340_/X
 _7341_/Y
 _7342_/X
 _7343_/X
 _7344_/Y
 _7345_/X
 _7346_/X
 _7347_/Y
 _7348_/X
 _7349_/X
 _7350_/X
 _7351_/X
 _7352_/X
 _7353_/X
 _7354_/X
 _7355_/X
 _7356_/Y
 _7357_/Y
 _7358_/X
 _7359_/X
 _7360_/Y
 _7361_/X
 _7362_/Y
 _7363_/X
 _7364_/Y
 _7365_/X
 _7366_/X
 _7367_/Y
 _7368_/X
 _7369_/Y
 _7370_/X
 _7371_/X
 _7372_/X
 _7373_/X
 _7374_/X
 _7375_/X
 _7376_/Y
 _7377_/X
 _7378_/X
 _7379_/X
 _7380_/X
 _7381_/X
 _7382_/X
 _7383_/Y
 _7384_/X
 _7385_/Y
 _7386_/X
 _7387_/Y
 _7388_/Y
 _7389_/X
 _7390_/Y
 _7391_/X
 _7392_/Y
 _7393_/X
 _7394_/X
 _7395_/Y
 _7396_/X
 _7397_/Y
 _7398_/Y
 _7399_/X
 _7400_/X
 _7401_/X
 _7402_/Y
 _7403_/X
 _7404_/X
 _7405_/X
 _7406_/Y
 _7407_/X
 _7408_/X
 _7409_/X
 _7410_/X
 _7411_/X
 _7412_/Y
 _7413_/X
 _7414_/Y
 _7415_/X
 _7416_/Y
 _7417_/Y
 _7418_/Y
 _7419_/X
 _7420_/X
 _7421_/Y
 _7422_/X
 _7423_/X
 _7424_/X
 _7425_/X
 _7426_/X
 _7427_/Y
 _7428_/Y
 _7429_/Y
 _7430_/X
 _7431_/X
 _7432_/X
 _7433_/X
 _7434_/Y
 _7435_/Y
 _7436_/X
 _7437_/X
 _7438_/Y
 _7439_/X
 _7440_/X
 _7441_/Y
 _7442_/X
 _7443_/Y
 _7444_/X
 _7445_/X
 _7446_/Y
 _7447_/X
 _7448_/Y
 _7449_/X
 _7450_/X
 _7451_/X
 _7452_/X
 _7453_/Y
 _7454_/X
 _7455_/Y
 _7456_/X
 _7457_/X
 _7458_/Y
 _7459_/X
 _7460_/X
 _7461_/Y
 _7462_/X
 _7463_/X
 _7464_/X
 _7465_/X
 _7466_/Y
 _7467_/X
 _7468_/X
 _7469_/Y
 _7470_/Y
 _7471_/Y
 _7472_/X
 _7473_/Y
 _7474_/X
 _7475_/Y
 _7476_/X
 _7477_/Y
 _7478_/X
 _7479_/Y
 _7480_/Y
 _7481_/X
 _7482_/Y
 _7483_/X
 _7484_/Y
 _7485_/Y
 _7486_/Y
 _7487_/Y
 _7488_/X
 _7489_/Y
 _7490_/Y
 _7491_/Y
 _7492_/X
 _7493_/X
 _7494_/X
 _7495_/X
 _7496_/X
 _7497_/Y
 _7498_/X
 _7499_/Y
 _7500_/Y
 _7501_/X
 _7502_/Y
 _7503_/X
 _7504_/X
 _7505_/Y
 _7506_/X
 _7507_/X
 _7508_/Y
 _7509_/X
 _7510_/X
 _7511_/Y
 _7512_/Y
 _7513_/X
 _7514_/X
 _7515_/X
 _7516_/X
 _7517_/X
 _7518_/X
 _7519_/X
 _7520_/X
 _7521_/X
 _7522_/X
 _7523_/X
 _7524_/X
 _7525_/X
 _7526_/Y
 _7527_/X
 _7528_/X
 _7529_/X
 _7530_/Y
 _7531_/X
 _7532_/X
 _7533_/Y
 _7534_/X
 _7535_/X
 _7536_/Y
 _7537_/X
 _7538_/X
 _7539_/Y
 _7540_/Y
 _7541_/X
 _7542_/X
 _7543_/Y
 _7544_/X
 _7545_/X
 _7546_/X
 _7547_/Y
 _7548_/X
 _7549_/X
 _7550_/Y
 _7551_/X
 _7552_/X
 _7553_/X
 _7554_/X
 _7555_/X
 _7556_/X
 _7557_/Y
 _7558_/Y
 _7559_/X
 _7560_/X
 _7561_/X
 _7562_/X
 _7563_/Y
 _7564_/X
 _7565_/X
 _7566_/X
 _7567_/Y
 _7568_/X
 _7569_/Y
 _7570_/X
 _7571_/X
 _7572_/X
 _7573_/X
 _7574_/X
 _7575_/X
 _7576_/X
 _7577_/X
 _7578_/Y
 _7579_/X
 _7580_/X
 _7581_/X
 _7582_/X
 _7583_/X
 _7584_/X
 _7585_/Y
 _7586_/Y
 _7587_/Y
 _7588_/X
 _7589_/X
 _7590_/X
 _7591_/X
 _7592_/X
 _7593_/X
 _7594_/X
 _7595_/X
 _7596_/X
 _7597_/X
 _7598_/X
 _7599_/X
 _7600_/X
 _7601_/X
 _7602_/X
 _7603_/X
 _7604_/X
 _7605_/X
 _7606_/X
 _7607_/X
 _7608_/X
 _7609_/X
 _7610_/X
 _7611_/X
 _7612_/X
 _7613_/X
 _7614_/X
 _7615_/X
 _7616_/X
 _7617_/X
 _7618_/X
 _7619_/X
 _7620_/X
 _7621_/X
 _7622_/X
 _7623_/Y
 _7624_/Y
 _7625_/X
 _7626_/X
 _7627_/Y
 _7628_/X
 _7629_/X
 _7630_/X
 _7631_/X
 _7632_/X
 _7633_/Y
 _7634_/X
 _7635_/X
 _7636_/Y
 _7637_/X
 _7638_/X
 _7639_/Y
 _7640_/X
 _7641_/X
 _7642_/X
 _7643_/X
 _7644_/X
 _7645_/Q
 _7646_/Q
 _7647_/Q
 _7648_/Q
 _7649_/Q
 _7650_/Q
 _7651_/Q
 _7652_/Q
 _7653_/Q
 _7654_/Q
 _7655_/Q
 _7656_/Q
 _7657_/Q
 _7658_/Q
 _7659_/Q
 _7660_/Q
 _7661_/Q
 _7662_/Q
 _7663_/Q
 _7664_/Q
 _7665_/Q
 _7666_/Q
 _7667_/Q
 _7668_/Q
 _7669_/Q
 _7670_/Q
 _7671_/Q
 _7672_/Q
 _7673_/Q
 _7674_/Q
 _7675_/Q
 _7676_/Q
 _7677_/Q
 _7678_/Q
 _7679_/Q
 _7680_/Q
 _7681_/Q
 _7682_/Q
 _7683_/Q
 _7684_/Q
 _7685_/Q
 _7686_/Q
 _7687_/Q
 _7688_/Q
 _7689_/Q
 _7690_/Q
 _7691_/Q
 _7692_/Q
 _7693_/Q
 _7694_/Q
 _7695_/Q
 _7696_/Q
 _7697_/Q
 _7698_/Q
 _7699_/Q
 _7700_/Q
 _7701_/Q
 _7702_/Q
 _7703_/Q
 _7704_/Q
 _7705_/Q
 _7706_/Q
 _7707_/Q
 _7708_/Q
 _7709_/Q
 _7710_/Q
 _7711_/Q
 _7712_/Q
 _7713_/HI
 _7713_/LO
 _7714_/X
Found 0 partially unannotated drivers.

===========================================================================
max slew violation count 69
max fanout violation count 1
max cap violation count 0
============================================================================

===========================================================================
check_setup -verbose -unconstrained_endpoints -multiple_clock -no_clock -no_input_delay -loops -generated_clocks
===========================================================================
Warning: There is 1 unconstrained endpoint.
  _7646_/D
