
===========================================================================
report_checks -unconstrained
===========================================================================
======================= Fastest Corner ===================================

Startpoint: rst_n (input port clocked by clk)
Endpoint: _7664_ (recovery check against rising-edge clock clk)
Path Group: asynchronous
Path Type: max
Corner: Fastest

Fanout     Cap    Slew   Delay    Time   Description
-----------------------------------------------------------------------------
                          0.00    0.00   clock clk (rise edge)
                          0.00    0.00   clock network delay (propagated)
                          2.00    2.00 ^ input external delay
                  0.02    0.01    2.01 ^ rst_n (in)
     1    0.00                           rst_n (net)
                  0.02    0.00    2.01 ^ input203/A (sky130_fd_sc_hd__buf_1)
                  0.17    0.15    2.16 ^ input203/X (sky130_fd_sc_hd__buf_1)
     1    0.02                           net203 (net)
                  0.17    0.00    2.16 ^ fanout289/A (sky130_fd_sc_hd__clkbuf_8)
                  0.18    0.22    2.39 ^ fanout289/X (sky130_fd_sc_hd__clkbuf_8)
     8    0.14                           net289 (net)
                  0.19    0.03    2.42 ^ fanout288/A (sky130_fd_sc_hd__buf_2)
                  0.17    0.20    2.63 ^ fanout288/X (sky130_fd_sc_hd__buf_2)
     7    0.05                           net288 (net)
                  0.17    0.01    2.63 ^ fanout285/A (sky130_fd_sc_hd__buf_2)
                  0.17    0.20    2.83 ^ fanout285/X (sky130_fd_sc_hd__buf_2)
     6    0.05                           net285 (net)
                  0.17    0.01    2.84 ^ fanout283/A (sky130_fd_sc_hd__clkbuf_4)
                  0.13    0.20    3.04 ^ fanout283/X (sky130_fd_sc_hd__clkbuf_4)
    10    0.06                           net283 (net)
                  0.13    0.00    3.04 ^ fanout282/A (sky130_fd_sc_hd__clkbuf_2)
                  0.12    0.16    3.20 ^ fanout282/X (sky130_fd_sc_hd__clkbuf_2)
     5    0.03                           net282 (net)
                  0.12    0.00    3.20 ^ fanout281/A (sky130_fd_sc_hd__clkbuf_4)
                  0.12    0.18    3.38 ^ fanout281/X (sky130_fd_sc_hd__clkbuf_4)
    10    0.05                           net281 (net)
                  0.12    0.00    3.38 ^ _7664_/RESET_B (sky130_fd_sc_hd__dfrtp_4)
                                  3.38   data arrival time

                         10.00   10.00   clock clk (rise edge)
                          0.00   10.00   clock source latency
                  0.21    0.14   10.14 ^ clk (in)
     1    0.06                           clk (net)
                  0.21    0.00   10.14 ^ clkbuf_0_clk/A (sky130_fd_sc_hd__clkbuf_16)
                  0.14    0.18   10.32 ^ clkbuf_0_clk/X (sky130_fd_sc_hd__clkbuf_16)
     8    0.16                           clknet_0_clk (net)
                  0.14    0.02   10.34 ^ clkbuf_3_1__f_clk/A (sky130_fd_sc_hd__clkbuf_16)
                  0.04    0.11   10.45 ^ clkbuf_3_1__f_clk/X (sky130_fd_sc_hd__clkbuf_16)
     7    0.02                           clknet_3_1__leaf_clk (net)
                  0.04    0.00   10.45 ^ _7664_/CLK (sky130_fd_sc_hd__dfrtp_4)
                         -0.25   10.20   clock uncertainty
                          0.00   10.20   clock reconvergence pessimism
                          0.10   10.31   library recovery time
                                 10.31   data required time
-----------------------------------------------------------------------------
                                 10.31   data required time
                                 -3.38   data arrival time
-----------------------------------------------------------------------------
                                  6.93   slack (MET)


Startpoint: LZA_CNT_s3[11] (input port clocked by clk)
Endpoint: _7693_ (rising edge-triggered flip-flop clocked by clk)
Path Group: clk
Path Type: max
Corner: Fastest

Fanout     Cap    Slew   Delay    Time   Description
-----------------------------------------------------------------------------
                          0.00    0.00   clock clk (rise edge)
                          0.00    0.00   clock network delay (propagated)
                          2.00    2.00 v input external delay
                  0.01    0.01    2.01 v LZA_CNT_s3[11] (in)
     1    0.01                           LZA_CNT_s3[11] (net)
                  0.01    0.00    2.01 v input166/A (sky130_fd_sc_hd__buf_8)
                  0.04    0.09    2.10 v input166/X (sky130_fd_sc_hd__buf_8)
     2    0.05                           net166 (net)
                  0.04    0.01    2.11 v _4232_/A (sky130_fd_sc_hd__buf_8)
                  0.04    0.10    2.21 v _4232_/X (sky130_fd_sc_hd__buf_8)
     6    0.05                           _3500_ (net)
                  0.04    0.01    2.21 v _4233_/A1 (sky130_fd_sc_hd__o41a_1)
                  0.08    0.31    2.53 v _4233_/X (sky130_fd_sc_hd__o41a_1)
     2    0.01                           _3501_ (net)
                  0.08    0.00    2.53 v _4236_/A2 (sky130_fd_sc_hd__o21ai_4)
                  0.21    0.21    2.74 ^ _4236_/Y (sky130_fd_sc_hd__o21ai_4)
     4    0.04                           _3504_ (net)
                  0.21    0.01    2.74 ^ _4237_/A (sky130_fd_sc_hd__nand2_4)
                  0.07    0.06    2.80 v _4237_/Y (sky130_fd_sc_hd__nand2_4)
     4    0.02                           _3505_ (net)
                  0.07    0.00    2.80 v rebuffer4/A (sky130_fd_sc_hd__buf_6)
                  0.03    0.11    2.91 v rebuffer4/X (sky130_fd_sc_hd__buf_6)
     5    0.03                           net321 (net)
                  0.03    0.00    2.91 v rebuffer5/A (sky130_fd_sc_hd__buf_6)
                  0.02    0.08    2.99 v rebuffer5/X (sky130_fd_sc_hd__buf_6)
     1    0.01                           net322 (net)
                  0.02    0.00    2.99 v _4315_/A (sky130_fd_sc_hd__buf_12)
                  0.04    0.10    3.08 v _4315_/X (sky130_fd_sc_hd__buf_12)
     6    0.08                           _3583_ (net)
                  0.04    0.00    3.09 v split8/A (sky130_fd_sc_hd__buf_8)
                  0.04    0.11    3.19 v split8/X (sky130_fd_sc_hd__buf_8)
     5    0.06                           net324 (net)
                  0.04    0.01    3.20 v _4393_/S (sky130_fd_sc_hd__mux2_4)
                  0.04    0.20    3.40 v _4393_/X (sky130_fd_sc_hd__mux2_4)
     2    0.01                           _3661_ (net)
                  0.04    0.00    3.40 v _4395_/A0 (sky130_fd_sc_hd__mux2_4)
                  0.05    0.18    3.58 v _4395_/X (sky130_fd_sc_hd__mux2_4)
     2    0.01                           _3663_ (net)
                  0.05    0.00    3.58 v _4399_/A0 (sky130_fd_sc_hd__mux2_4)
                  0.06    0.19    3.77 v _4399_/X (sky130_fd_sc_hd__mux2_4)
     3    0.02                           _3667_ (net)
                  0.06    0.00    3.78 v _4409_/A2 (sky130_fd_sc_hd__o211a_4)
                  0.04    0.17    3.95 v _4409_/X (sky130_fd_sc_hd__o211a_4)
     2    0.01                           _3677_ (net)
                  0.04    0.00    3.95 v _4410_/B1 (sky130_fd_sc_hd__a211oi_4)
                  0.29    0.22    4.17 ^ _4410_/Y (sky130_fd_sc_hd__a211oi_4)
     2    0.03                           _3678_ (net)
                  0.29    0.00    4.17 ^ _4456_/A1 (sky130_fd_sc_hd__o21ai_2)
                  0.06    0.06    4.23 v _4456_/Y (sky130_fd_sc_hd__o21ai_2)
     2    0.01                           _3724_ (net)
                  0.06    0.00    4.23 v _4475_/A3 (sky130_fd_sc_hd__a32o_2)
                  0.09    0.22    4.45 v _4475_/X (sky130_fd_sc_hd__a32o_2)
     5    0.05                           _3743_ (net)
                  0.09    0.00    4.46 v _4487_/A2 (sky130_fd_sc_hd__a21oi_4)
                  0.16    0.19    4.65 ^ _4487_/Y (sky130_fd_sc_hd__a21oi_4)
     4    0.02                           _3755_ (net)
                  0.16    0.00    4.65 ^ _5384_/A (sky130_fd_sc_hd__and4_1)
                  0.15    0.21    4.86 ^ _5384_/X (sky130_fd_sc_hd__and4_1)
     4    0.02                           _0863_ (net)
                  0.15    0.00    4.86 ^ _5389_/B (sky130_fd_sc_hd__nand4_2)
                  0.11    0.10    4.97 v _5389_/Y (sky130_fd_sc_hd__nand4_2)
     3    0.01                           _0868_ (net)
                  0.11    0.00    4.97 v _5394_/A (sky130_fd_sc_hd__nor4b_1)
                  0.17    0.22    5.19 ^ _5394_/Y (sky130_fd_sc_hd__nor4b_1)
     1    0.00                           _0873_ (net)
                  0.17    0.00    5.19 ^ wire277/A (sky130_fd_sc_hd__buf_1)
                  0.07    0.09    5.29 ^ wire277/X (sky130_fd_sc_hd__buf_1)
     3    0.01                           net277 (net)
                  0.07    0.00    5.29 ^ max_cap276/A (sky130_fd_sc_hd__clkbuf_1)
                  0.05    0.08    5.37 ^ max_cap276/X (sky130_fd_sc_hd__clkbuf_1)
     1    0.01                           net276 (net)
                  0.05    0.00    5.37 ^ _5398_/A (sky130_fd_sc_hd__inv_2)
                  0.02    0.02    5.39 v _5398_/Y (sky130_fd_sc_hd__inv_2)
     1    0.01                           _0877_ (net)
                  0.02    0.00    5.39 v _5400_/A (sky130_fd_sc_hd__nor2_1)
                  0.16    0.14    5.53 ^ _5400_/Y (sky130_fd_sc_hd__nor2_1)
     3    0.01                           _0879_ (net)
                  0.16    0.00    5.53 ^ _5437_/A (sky130_fd_sc_hd__nand2_1)
                  0.04    0.03    5.57 v _5437_/Y (sky130_fd_sc_hd__nand2_1)
     1    0.00                           _0916_ (net)
                  0.04    0.00    5.57 v _5438_/D (sky130_fd_sc_hd__or4_4)
                  0.07    0.28    5.84 v _5438_/X (sky130_fd_sc_hd__or4_4)
     2    0.01                           _0917_ (net)
                  0.07    0.00    5.84 v _5587_/A (sky130_fd_sc_hd__xnor2_2)
                  0.19    0.20    6.04 ^ _5587_/Y (sky130_fd_sc_hd__xnor2_2)
     4    0.02                           _1066_ (net)
                  0.19    0.00    6.05 ^ _7437_/B1 (sky130_fd_sc_hd__o21a_1)
                  0.07    0.10    6.14 ^ _7437_/X (sky130_fd_sc_hd__o21a_1)
     2    0.01                           _3027_ (net)
                  0.07    0.00    6.14 ^ _7438_/B (sky130_fd_sc_hd__nand2_1)
                  0.07    0.05    6.20 v _7438_/Y (sky130_fd_sc_hd__nand2_1)
     3    0.01                           _3028_ (net)
                  0.07    0.00    6.20 v _7439_/B (sky130_fd_sc_hd__or2_1)
                  0.07    0.18    6.38 v _7439_/X (sky130_fd_sc_hd__or2_1)
     3    0.02                           _3029_ (net)
                  0.07    0.00    6.38 v _7584_/A (sky130_fd_sc_hd__or2_1)
                  0.04    0.16    6.55 v _7584_/X (sky130_fd_sc_hd__or2_1)
     1    0.01                           _3154_ (net)
                  0.04    0.00    6.55 v _7586_/A1 (sky130_fd_sc_hd__a21oi_2)
                  0.47    0.39    6.94 ^ _7586_/Y (sky130_fd_sc_hd__a21oi_2)
     3    0.05                           u_out_fmt.Result_out[44] (net)
                  0.47    0.00    6.95 ^ _7693_/D (sky130_fd_sc_hd__dfrtp_2)
                                  6.95   data arrival time

                         10.00   10.00   clock clk (rise edge)
                          0.00   10.00   clock source latency
                  0.21    0.14   10.14 ^ clk (in)
     1    0.06                           clk (net)
                  0.21    0.00   10.14 ^ clkbuf_0_clk/A (sky130_fd_sc_hd__clkbuf_16)
                  0.14    0.18   10.32 ^ clkbuf_0_clk/X (sky130_fd_sc_hd__clkbuf_16)
     8    0.16                           clknet_0_clk (net)
                  0.14    0.01   10.34 ^ clkbuf_3_3__f_clk/A (sky130_fd_sc_hd__clkbuf_16)
                  0.08    0.14   10.47 ^ clkbuf_3_3__f_clk/X (sky130_fd_sc_hd__clkbuf_16)
     6    0.08                           clknet_3_3__leaf_clk (net)
                  0.08    0.00   10.48 ^ _7693_/CLK (sky130_fd_sc_hd__dfrtp_2)
                         -0.25   10.23   clock uncertainty
                          0.00   10.23   clock reconvergence pessimism
                         -0.08   10.15   library setup time
                                 10.15   data required time
-----------------------------------------------------------------------------
                                 10.15   data required time
                                 -6.95   data arrival time
-----------------------------------------------------------------------------
                                  3.20   slack (MET)



======================= Slowest Corner ===================================

Startpoint: rst_n (input port clocked by clk)
Endpoint: _7664_ (recovery check against rising-edge clock clk)
Path Group: asynchronous
Path Type: max
Corner: Slowest

Fanout     Cap    Slew   Delay    Time   Description
-----------------------------------------------------------------------------
                          0.00    0.00   clock clk (rise edge)
                          0.00    0.00   clock network delay (propagated)
                          2.00    2.00 ^ input external delay
                  0.04    0.02    2.02 ^ rst_n (in)
     1    0.00                           rst_n (net)
                  0.04    0.00    2.02 ^ input203/A (sky130_fd_sc_hd__buf_1)
                  0.37    0.37    2.39 ^ input203/X (sky130_fd_sc_hd__buf_1)
     1    0.02                           net203 (net)
                  0.37    0.00    2.39 ^ fanout289/A (sky130_fd_sc_hd__clkbuf_8)
                  0.36    0.60    3.00 ^ fanout289/X (sky130_fd_sc_hd__clkbuf_8)
     8    0.13                           net289 (net)
                  0.37    0.03    3.03 ^ fanout288/A (sky130_fd_sc_hd__buf_2)
                  0.35    0.55    3.58 ^ fanout288/X (sky130_fd_sc_hd__buf_2)
     7    0.04                           net288 (net)
                  0.35    0.01    3.59 ^ fanout285/A (sky130_fd_sc_hd__buf_2)
                  0.36    0.55    4.13 ^ fanout285/X (sky130_fd_sc_hd__buf_2)
     6    0.05                           net285 (net)
                  0.36    0.01    4.14 ^ fanout283/A (sky130_fd_sc_hd__clkbuf_4)
                  0.26    0.54    4.68 ^ fanout283/X (sky130_fd_sc_hd__clkbuf_4)
    10    0.05                           net283 (net)
                  0.26    0.00    4.68 ^ fanout282/A (sky130_fd_sc_hd__clkbuf_2)
                  0.23    0.41    5.09 ^ fanout282/X (sky130_fd_sc_hd__clkbuf_2)
     5    0.03                           net282 (net)
                  0.23    0.00    5.09 ^ fanout281/A (sky130_fd_sc_hd__clkbuf_4)
                  0.23    0.46    5.55 ^ fanout281/X (sky130_fd_sc_hd__clkbuf_4)
    10    0.05                           net281 (net)
                  0.23    0.00    5.56 ^ _7664_/RESET_B (sky130_fd_sc_hd__dfrtp_4)
                                  5.56   data arrival time

                         10.00   10.00   clock clk (rise edge)
                          0.00   10.00   clock source latency
                  0.44    0.30   10.30 ^ clk (in)
     1    0.06                           clk (net)
                  0.44    0.00   10.30 ^ clkbuf_0_clk/A (sky130_fd_sc_hd__clkbuf_16)
                  0.27    0.51   10.80 ^ clkbuf_0_clk/X (sky130_fd_sc_hd__clkbuf_16)
     8    0.16                           clknet_0_clk (net)
                  0.27    0.02   10.83 ^ clkbuf_3_1__f_clk/A (sky130_fd_sc_hd__clkbuf_16)
                  0.07    0.30   11.13 ^ clkbuf_3_1__f_clk/X (sky130_fd_sc_hd__clkbuf_16)
     7    0.02                           clknet_3_1__leaf_clk (net)
                  0.07    0.00   11.13 ^ _7664_/CLK (sky130_fd_sc_hd__dfrtp_4)
                         -0.25   10.88   clock uncertainty
                          0.00   10.88   clock reconvergence pessimism
                          0.37   11.25   library recovery time
                                 11.25   data required time
-----------------------------------------------------------------------------
                                 11.25   data required time
                                 -5.56   data arrival time
-----------------------------------------------------------------------------
                                  5.69   slack (MET)


Startpoint: LZA_CNT_s3[11] (input port clocked by clk)
Endpoint: _7693_ (rising edge-triggered flip-flop clocked by clk)
Path Group: clk
Path Type: max
Corner: Slowest

Fanout     Cap    Slew   Delay    Time   Description
-----------------------------------------------------------------------------
                          0.00    0.00   clock clk (rise edge)
                          0.00    0.00   clock network delay (propagated)
                          2.00    2.00 v input external delay
                  0.04    0.03    2.03 v LZA_CNT_s3[11] (in)
     1    0.01                           LZA_CNT_s3[11] (net)
                  0.04    0.00    2.03 v input166/A (sky130_fd_sc_hd__buf_8)
                  0.09    0.25    2.28 v input166/X (sky130_fd_sc_hd__buf_8)
     2    0.05                           net166 (net)
                  0.09    0.01    2.28 v _4232_/A (sky130_fd_sc_hd__buf_8)
                  0.08    0.28    2.56 v _4232_/X (sky130_fd_sc_hd__buf_8)
     6    0.05                           _3500_ (net)
                  0.08    0.01    2.57 v _4233_/A1 (sky130_fd_sc_hd__o41a_1)
                  0.22    0.98    3.54 v _4233_/X (sky130_fd_sc_hd__o41a_1)
     2    0.01                           _3501_ (net)
                  0.22    0.00    3.54 v _4236_/A2 (sky130_fd_sc_hd__o21ai_4)
                  0.44    0.50    4.04 ^ _4236_/Y (sky130_fd_sc_hd__o21ai_4)
     4    0.03                           _3504_ (net)
                  0.44    0.01    4.05 ^ _4237_/A (sky130_fd_sc_hd__nand2_4)
                  0.16    0.27    4.31 v _4237_/Y (sky130_fd_sc_hd__nand2_4)
     4    0.02                           _3505_ (net)
                  0.16    0.00    4.31 v rebuffer4/A (sky130_fd_sc_hd__buf_6)
                  0.07    0.29    4.61 v rebuffer4/X (sky130_fd_sc_hd__buf_6)
     5    0.03                           net321 (net)
                  0.07    0.00    4.61 v _4343_/A (sky130_fd_sc_hd__buf_6)
                  0.15    0.32    4.93 v _4343_/X (sky130_fd_sc_hd__buf_6)
    10    0.09                           _3611_ (net)
                  0.16    0.01    4.94 v _4445_/S (sky130_fd_sc_hd__mux2_1)
                  0.20    0.88    5.82 v _4445_/X (sky130_fd_sc_hd__mux2_1)
     2    0.01                           _3713_ (net)
                  0.20    0.00    5.82 v _4446_/B (sky130_fd_sc_hd__or2_2)
                  0.19    0.83    6.65 v _4446_/X (sky130_fd_sc_hd__or2_2)
     2    0.02                           _3714_ (net)
                  0.19    0.00    6.65 v _4452_/A3 (sky130_fd_sc_hd__a311oi_4)
                  0.55    0.74    7.38 ^ _4452_/Y (sky130_fd_sc_hd__a311oi_4)
     2    0.02                           _3720_ (net)
                  0.55    0.00    7.38 ^ _4453_/B1 (sky130_fd_sc_hd__a311o_1)
                  0.19    0.47    7.85 ^ _4453_/X (sky130_fd_sc_hd__a311o_1)
     2    0.01                           _3721_ (net)
                  0.19    0.00    7.85 ^ _4454_/B1 (sky130_fd_sc_hd__o311a_1)
                  0.44    0.68    8.54 ^ _4454_/X (sky130_fd_sc_hd__o311a_1)
     2    0.03                           _3722_ (net)
                  0.44    0.00    8.54 ^ _4456_/A2 (sky130_fd_sc_hd__o21ai_2)
                  0.14    0.25    8.79 v _4456_/Y (sky130_fd_sc_hd__o21ai_2)
     2    0.01                           _3724_ (net)
                  0.14    0.00    8.79 v _4475_/A3 (sky130_fd_sc_hd__a32o_2)
                  0.25    0.72    9.50 v _4475_/X (sky130_fd_sc_hd__a32o_2)
     5    0.05                           _3743_ (net)
                  0.25    0.00    9.51 v _4487_/A2 (sky130_fd_sc_hd__a21oi_4)
                  0.32    0.46    9.97 ^ _4487_/Y (sky130_fd_sc_hd__a21oi_4)
     4    0.02                           _3755_ (net)
                  0.32    0.00    9.97 ^ _5384_/A (sky130_fd_sc_hd__and4_1)
                  0.32    0.67   10.64 ^ _5384_/X (sky130_fd_sc_hd__and4_1)
     4    0.02                           _0863_ (net)
                  0.32    0.00   10.64 ^ _5389_/B (sky130_fd_sc_hd__nand4_2)
                  0.31    0.42   11.06 v _5389_/Y (sky130_fd_sc_hd__nand4_2)
     3    0.01                           _0868_ (net)
                  0.31    0.00   11.06 v _5394_/A (sky130_fd_sc_hd__nor4b_1)
                  0.42    0.64   11.69 ^ _5394_/Y (sky130_fd_sc_hd__nor4b_1)
     1    0.00                           _0873_ (net)
                  0.42    0.00   11.69 ^ wire277/A (sky130_fd_sc_hd__buf_1)
                  0.16    0.35   12.04 ^ wire277/X (sky130_fd_sc_hd__buf_1)
     3    0.01                           net277 (net)
                  0.16    0.00   12.04 ^ max_cap276/A (sky130_fd_sc_hd__clkbuf_1)
                  0.12    0.23   12.27 ^ max_cap276/X (sky130_fd_sc_hd__clkbuf_1)
     1    0.01                           net276 (net)
                  0.12    0.00   12.27 ^ _5398_/A (sky130_fd_sc_hd__inv_2)
                  0.04    0.08   12.36 v _5398_/Y (sky130_fd_sc_hd__inv_2)
     1    0.01                           _0877_ (net)
                  0.04    0.00   12.36 v _5400_/A (sky130_fd_sc_hd__nor2_1)
                  0.36    0.35   12.70 ^ _5400_/Y (sky130_fd_sc_hd__nor2_1)
     3    0.01                           _0879_ (net)
                  0.36    0.00   12.70 ^ _5437_/A (sky130_fd_sc_hd__nand2_1)
                  0.11    0.21   12.91 v _5437_/Y (sky130_fd_sc_hd__nand2_1)
     1    0.00                           _0916_ (net)
                  0.11    0.00   12.91 v _5438_/D (sky130_fd_sc_hd__or4_4)
                  0.18    0.95   13.87 v _5438_/X (sky130_fd_sc_hd__or4_4)
     2    0.01                           _0917_ (net)
                  0.18    0.00   13.87 v _5439_/B1 (sky130_fd_sc_hd__o31a_1)
                  0.16    0.32   14.19 v _5439_/X (sky130_fd_sc_hd__o31a_1)
     3    0.01                           _0918_ (net)
                  0.16    0.00   14.19 v _5440_/C1 (sky130_fd_sc_hd__a221o_2)
                  0.19    0.77   14.96 v _5440_/X (sky130_fd_sc_hd__a221o_2)
     5    0.02                           _0919_ (net)
                  0.19    0.00   14.96 v _7439_/A (sky130_fd_sc_hd__or2_1)
                  0.20    0.70   15.66 v _7439_/X (sky130_fd_sc_hd__or2_1)
     3    0.02                           _3029_ (net)
                  0.20    0.00   15.66 v _7584_/A (sky130_fd_sc_hd__or2_1)
                  0.13    0.62   16.28 v _7584_/X (sky130_fd_sc_hd__or2_1)
     1    0.01                           _3154_ (net)
                  0.13    0.00   16.28 v _7586_/A1 (sky130_fd_sc_hd__a21oi_2)
                  1.04    0.94   17.22 ^ _7586_/Y (sky130_fd_sc_hd__a21oi_2)
     3    0.05                           u_out_fmt.Result_out[44] (net)
                  1.04    0.00   17.22 ^ _7693_/D (sky130_fd_sc_hd__dfrtp_2)
                                 17.22   data arrival time

                         10.00   10.00   clock clk (rise edge)
                          0.00   10.00   clock source latency
                  0.44    0.30   10.30 ^ clk (in)
     1    0.06                           clk (net)
                  0.44    0.00   10.30 ^ clkbuf_0_clk/A (sky130_fd_sc_hd__clkbuf_16)
                  0.27    0.51   10.80 ^ clkbuf_0_clk/X (sky130_fd_sc_hd__clkbuf_16)
     8    0.16                           clknet_0_clk (net)
                  0.27    0.01   10.82 ^ clkbuf_3_3__f_clk/A (sky130_fd_sc_hd__clkbuf_16)
                  0.15    0.36   11.18 ^ clkbuf_3_3__f_clk/X (sky130_fd_sc_hd__clkbuf_16)
     6    0.08                           clknet_3_3__leaf_clk (net)
                  0.15    0.00   11.18 ^ _7693_/CLK (sky130_fd_sc_hd__dfrtp_2)
                         -0.25   10.93   clock uncertainty
                          0.00   10.93   clock reconvergence pessimism
                         -0.37   10.56   library setup time
                                 10.56   data required time
-----------------------------------------------------------------------------
                                 10.56   data required time
                                -17.22   data arrival time
-----------------------------------------------------------------------------
                                 -6.66   slack (VIOLATED)



======================= Typical Corner ===================================

Startpoint: rst_n (input port clocked by clk)
Endpoint: _7664_ (recovery check against rising-edge clock clk)
Path Group: asynchronous
Path Type: max
Corner: Typical

Fanout     Cap    Slew   Delay    Time   Description
-----------------------------------------------------------------------------
                          0.00    0.00   clock clk (rise edge)
                          0.00    0.00   clock network delay (propagated)
                          2.00    2.00 ^ input external delay
                  0.02    0.01    2.01 ^ rst_n (in)
     1    0.00                           rst_n (net)
                  0.02    0.00    2.01 ^ input203/A (sky130_fd_sc_hd__buf_1)
                  0.23    0.21    2.23 ^ input203/X (sky130_fd_sc_hd__buf_1)
     1    0.02                           net203 (net)
                  0.23    0.00    2.23 ^ fanout289/A (sky130_fd_sc_hd__clkbuf_8)
                  0.24    0.34    2.57 ^ fanout289/X (sky130_fd_sc_hd__clkbuf_8)
     8    0.14                           net289 (net)
                  0.25    0.03    2.60 ^ fanout288/A (sky130_fd_sc_hd__buf_2)
                  0.23    0.31    2.92 ^ fanout288/X (sky130_fd_sc_hd__buf_2)
     7    0.05                           net288 (net)
                  0.23    0.01    2.92 ^ fanout285/A (sky130_fd_sc_hd__buf_2)
                  0.23    0.31    3.23 ^ fanout285/X (sky130_fd_sc_hd__buf_2)
     6    0.05                           net285 (net)
                  0.23    0.01    3.24 ^ fanout283/A (sky130_fd_sc_hd__clkbuf_4)
                  0.17    0.30    3.54 ^ fanout283/X (sky130_fd_sc_hd__clkbuf_4)
    10    0.06                           net283 (net)
                  0.17    0.00    3.54 ^ fanout282/A (sky130_fd_sc_hd__clkbuf_2)
                  0.15    0.23    3.78 ^ fanout282/X (sky130_fd_sc_hd__clkbuf_2)
     5    0.03                           net282 (net)
                  0.15    0.00    3.78 ^ fanout281/A (sky130_fd_sc_hd__clkbuf_4)
                  0.16    0.27    4.05 ^ fanout281/X (sky130_fd_sc_hd__clkbuf_4)
    10    0.05                           net281 (net)
                  0.16    0.00    4.05 ^ _7664_/RESET_B (sky130_fd_sc_hd__dfrtp_4)
                                  4.05   data arrival time

                         10.00   10.00   clock clk (rise edge)
                          0.00   10.00   clock source latency
                  0.28    0.19   10.19 ^ clk (in)
     1    0.06                           clk (net)
                  0.28    0.00   10.19 ^ clkbuf_0_clk/A (sky130_fd_sc_hd__clkbuf_16)
                  0.18    0.28   10.47 ^ clkbuf_0_clk/X (sky130_fd_sc_hd__clkbuf_16)
     8    0.16                           clknet_0_clk (net)
                  0.18    0.02   10.49 ^ clkbuf_3_1__f_clk/A (sky130_fd_sc_hd__clkbuf_16)
                  0.05    0.17   10.66 ^ clkbuf_3_1__f_clk/X (sky130_fd_sc_hd__clkbuf_16)
     7    0.02                           clknet_3_1__leaf_clk (net)
                  0.05    0.00   10.66 ^ _7664_/CLK (sky130_fd_sc_hd__dfrtp_4)
                         -0.25   10.41   clock uncertainty
                          0.00   10.41   clock reconvergence pessimism
                          0.18   10.59   library recovery time
                                 10.59   data required time
-----------------------------------------------------------------------------
                                 10.59   data required time
                                 -4.05   data arrival time
-----------------------------------------------------------------------------
                                  6.54   slack (MET)


Startpoint: LZA_CNT_s3[11] (input port clocked by clk)
Endpoint: _7693_ (rising edge-triggered flip-flop clocked by clk)
Path Group: clk
Path Type: max
Corner: Typical

Fanout     Cap    Slew   Delay    Time   Description
-----------------------------------------------------------------------------
                          0.00    0.00   clock clk (rise edge)
                          0.00    0.00   clock network delay (propagated)
                          2.00    2.00 v input external delay
                  0.02    0.01    2.01 v LZA_CNT_s3[11] (in)
     1    0.01                           LZA_CNT_s3[11] (net)
                  0.02    0.00    2.01 v input166/A (sky130_fd_sc_hd__buf_8)
                  0.05    0.13    2.15 v input166/X (sky130_fd_sc_hd__buf_8)
     2    0.05                           net166 (net)
                  0.05    0.01    2.16 v _4232_/A (sky130_fd_sc_hd__buf_8)
                  0.05    0.15    2.31 v _4232_/X (sky130_fd_sc_hd__buf_8)
     6    0.05                           _3500_ (net)
                  0.05    0.01    2.32 v _4233_/A1 (sky130_fd_sc_hd__o41a_1)
                  0.12    0.50    2.82 v _4233_/X (sky130_fd_sc_hd__o41a_1)
     2    0.01                           _3501_ (net)
                  0.12    0.00    2.82 v _4236_/A2 (sky130_fd_sc_hd__o21ai_4)
                  0.28    0.29    3.11 ^ _4236_/Y (sky130_fd_sc_hd__o21ai_4)
     4    0.04                           _3504_ (net)
                  0.28    0.01    3.12 ^ _4237_/A (sky130_fd_sc_hd__nand2_4)
                  0.09    0.12    3.24 v _4237_/Y (sky130_fd_sc_hd__nand2_4)
     4    0.02                           _3505_ (net)
                  0.09    0.00    3.24 v rebuffer4/A (sky130_fd_sc_hd__buf_6)
                  0.04    0.16    3.40 v rebuffer4/X (sky130_fd_sc_hd__buf_6)
     5    0.03                           net321 (net)
                  0.04    0.00    3.40 v rebuffer5/A (sky130_fd_sc_hd__buf_6)
                  0.03    0.12    3.52 v rebuffer5/X (sky130_fd_sc_hd__buf_6)
     1    0.01                           net322 (net)
                  0.03    0.00    3.52 v _4315_/A (sky130_fd_sc_hd__buf_12)
                  0.05    0.15    3.67 v _4315_/X (sky130_fd_sc_hd__buf_12)
     6    0.08                           _3583_ (net)
                  0.05    0.00    3.67 v split8/A (sky130_fd_sc_hd__buf_8)
                  0.05    0.16    3.83 v split8/X (sky130_fd_sc_hd__buf_8)
     5    0.06                           net324 (net)
                  0.06    0.01    3.83 v _4393_/S (sky130_fd_sc_hd__mux2_4)
                  0.06    0.32    4.15 v _4393_/X (sky130_fd_sc_hd__mux2_4)
     2    0.01                           _3661_ (net)
                  0.06    0.00    4.15 v _4395_/A0 (sky130_fd_sc_hd__mux2_4)
                  0.06    0.30    4.46 v _4395_/X (sky130_fd_sc_hd__mux2_4)
     2    0.01                           _3663_ (net)
                  0.06    0.00    4.46 v _4399_/A0 (sky130_fd_sc_hd__mux2_4)
                  0.08    0.33    4.79 v _4399_/X (sky130_fd_sc_hd__mux2_4)
     3    0.02                           _3667_ (net)
                  0.08    0.00    4.79 v _4409_/A2 (sky130_fd_sc_hd__o211a_4)
                  0.05    0.27    5.06 v _4409_/X (sky130_fd_sc_hd__o211a_4)
     2    0.01                           _3677_ (net)
                  0.05    0.00    5.06 v _4410_/B1 (sky130_fd_sc_hd__a211oi_4)
                  0.39    0.40    5.46 ^ _4410_/Y (sky130_fd_sc_hd__a211oi_4)
     2    0.03                           _3678_ (net)
                  0.39    0.00    5.46 ^ _4456_/A1 (sky130_fd_sc_hd__o21ai_2)
                  0.08    0.14    5.60 v _4456_/Y (sky130_fd_sc_hd__o21ai_2)
     2    0.01                           _3724_ (net)
                  0.08    0.00    5.60 v _4475_/A3 (sky130_fd_sc_hd__a32o_2)
                  0.13    0.40    5.99 v _4475_/X (sky130_fd_sc_hd__a32o_2)
     5    0.05                           _3743_ (net)
                  0.13    0.00    6.00 v _4487_/A2 (sky130_fd_sc_hd__a21oi_4)
                  0.21    0.27    6.27 ^ _4487_/Y (sky130_fd_sc_hd__a21oi_4)
     4    0.02                           _3755_ (net)
                  0.21    0.00    6.27 ^ _5384_/A (sky130_fd_sc_hd__and4_1)
                  0.20    0.34    6.62 ^ _5384_/X (sky130_fd_sc_hd__and4_1)
     4    0.02                           _0863_ (net)
                  0.20    0.00    6.62 ^ _5389_/B (sky130_fd_sc_hd__nand4_2)
                  0.16    0.18    6.80 v _5389_/Y (sky130_fd_sc_hd__nand4_2)
     3    0.01                           _0868_ (net)
                  0.16    0.00    6.80 v _5394_/A (sky130_fd_sc_hd__nor4b_1)
                  0.24    0.34    7.15 ^ _5394_/Y (sky130_fd_sc_hd__nor4b_1)
     1    0.00                           _0873_ (net)
                  0.24    0.00    7.15 ^ wire277/A (sky130_fd_sc_hd__buf_1)
                  0.10    0.17    7.31 ^ wire277/X (sky130_fd_sc_hd__buf_1)
     3    0.01                           net277 (net)
                  0.10    0.00    7.31 ^ max_cap276/A (sky130_fd_sc_hd__clkbuf_1)
                  0.07    0.12    7.43 ^ max_cap276/X (sky130_fd_sc_hd__clkbuf_1)
     1    0.01                           net276 (net)
                  0.07    0.00    7.44 ^ _5398_/A (sky130_fd_sc_hd__inv_2)
                  0.02    0.04    7.47 v _5398_/Y (sky130_fd_sc_hd__inv_2)
     1    0.01                           _0877_ (net)
                  0.02    0.00    7.48 v _5400_/A (sky130_fd_sc_hd__nor2_1)
                  0.22    0.20    7.68 ^ _5400_/Y (sky130_fd_sc_hd__nor2_1)
     3    0.01                           _0879_ (net)
                  0.22    0.00    7.68 ^ _5437_/A (sky130_fd_sc_hd__nand2_1)
                  0.06    0.08    7.76 v _5437_/Y (sky130_fd_sc_hd__nand2_1)
     1    0.00                           _0916_ (net)
                  0.06    0.00    7.76 v _5438_/D (sky130_fd_sc_hd__or4_4)
                  0.10    0.47    8.23 v _5438_/X (sky130_fd_sc_hd__or4_4)
     2    0.01                           _0917_ (net)
                  0.10    0.00    8.23 v _5439_/B1 (sky130_fd_sc_hd__o31a_1)
                  0.08    0.17    8.40 v _5439_/X (sky130_fd_sc_hd__o31a_1)
     3    0.01                           _0918_ (net)
                  0.08    0.00    8.40 v _5440_/C1 (sky130_fd_sc_hd__a221o_2)
                  0.11    0.40    8.80 v _5440_/X (sky130_fd_sc_hd__a221o_2)
     5    0.02                           _0919_ (net)
                  0.11    0.00    8.80 v _7439_/A (sky130_fd_sc_hd__or2_1)
                  0.10    0.32    9.12 v _7439_/X (sky130_fd_sc_hd__or2_1)
     3    0.02                           _3029_ (net)
                  0.10    0.00    9.12 v _7584_/A (sky130_fd_sc_hd__or2_1)
                  0.06    0.27    9.40 v _7584_/X (sky130_fd_sc_hd__or2_1)
     1    0.01                           _3154_ (net)
                  0.06    0.00    9.40 v _7586_/A1 (sky130_fd_sc_hd__a21oi_2)
                  0.64    0.56    9.96 ^ _7586_/Y (sky130_fd_sc_hd__a21oi_2)
     3    0.05                           u_out_fmt.Result_out[44] (net)
                  0.64    0.00    9.96 ^ _7693_/D (sky130_fd_sc_hd__dfrtp_2)
                                  9.96   data arrival time

                         10.00   10.00   clock clk (rise edge)
                          0.00   10.00   clock source latency
                  0.28    0.19   10.19 ^ clk (in)
     1    0.06                           clk (net)
                  0.28    0.00   10.19 ^ clkbuf_0_clk/A (sky130_fd_sc_hd__clkbuf_16)
                  0.18    0.28   10.47 ^ clkbuf_0_clk/X (sky130_fd_sc_hd__clkbuf_16)
     8    0.16                           clknet_0_clk (net)
                  0.18    0.01   10.48 ^ clkbuf_3_3__f_clk/A (sky130_fd_sc_hd__clkbuf_16)
                  0.10    0.20   10.69 ^ clkbuf_3_3__f_clk/X (sky130_fd_sc_hd__clkbuf_16)
     6    0.08                           clknet_3_3__leaf_clk (net)
                  0.10    0.00   10.69 ^ _7693_/CLK (sky130_fd_sc_hd__dfrtp_2)
                         -0.25   10.44   clock uncertainty
                          0.00   10.44   clock reconvergence pessimism
                         -0.17   10.27   library setup time
                                 10.27   data required time
-----------------------------------------------------------------------------
                                 10.27   data required time
                                 -9.96   data arrival time
-----------------------------------------------------------------------------
                                  0.31   slack (MET)




===========================================================================
report_checks --slack_max -0.01
============================================================================
======================= Fastest Corner ===================================

No paths found.

======================= Slowest Corner ===================================

Startpoint: LZA_CNT_s3[11] (input port clocked by clk)
Endpoint: _7693_ (rising edge-triggered flip-flop clocked by clk)
Path Group: clk
Path Type: max
Corner: Slowest

Fanout     Cap    Slew   Delay    Time   Description
-----------------------------------------------------------------------------
                          0.00    0.00   clock clk (rise edge)
                          0.00    0.00   clock network delay (propagated)
                          2.00    2.00 v input external delay
                  0.04    0.03    2.03 v LZA_CNT_s3[11] (in)
     1    0.01                           LZA_CNT_s3[11] (net)
                  0.04    0.00    2.03 v input166/A (sky130_fd_sc_hd__buf_8)
                  0.09    0.25    2.28 v input166/X (sky130_fd_sc_hd__buf_8)
     2    0.05                           net166 (net)
                  0.09    0.01    2.28 v _4232_/A (sky130_fd_sc_hd__buf_8)
                  0.08    0.28    2.56 v _4232_/X (sky130_fd_sc_hd__buf_8)
     6    0.05                           _3500_ (net)
                  0.08    0.01    2.57 v _4233_/A1 (sky130_fd_sc_hd__o41a_1)
                  0.22    0.98    3.54 v _4233_/X (sky130_fd_sc_hd__o41a_1)
     2    0.01                           _3501_ (net)
                  0.22    0.00    3.54 v _4236_/A2 (sky130_fd_sc_hd__o21ai_4)
                  0.44    0.50    4.04 ^ _4236_/Y (sky130_fd_sc_hd__o21ai_4)
     4    0.03                           _3504_ (net)
                  0.44    0.01    4.05 ^ _4237_/A (sky130_fd_sc_hd__nand2_4)
                  0.16    0.27    4.31 v _4237_/Y (sky130_fd_sc_hd__nand2_4)
     4    0.02                           _3505_ (net)
                  0.16    0.00    4.31 v rebuffer4/A (sky130_fd_sc_hd__buf_6)
                  0.07    0.29    4.61 v rebuffer4/X (sky130_fd_sc_hd__buf_6)
     5    0.03                           net321 (net)
                  0.07    0.00    4.61 v _4343_/A (sky130_fd_sc_hd__buf_6)
                  0.15    0.32    4.93 v _4343_/X (sky130_fd_sc_hd__buf_6)
    10    0.09                           _3611_ (net)
                  0.16    0.01    4.94 v _4445_/S (sky130_fd_sc_hd__mux2_1)
                  0.20    0.88    5.82 v _4445_/X (sky130_fd_sc_hd__mux2_1)
     2    0.01                           _3713_ (net)
                  0.20    0.00    5.82 v _4446_/B (sky130_fd_sc_hd__or2_2)
                  0.19    0.83    6.65 v _4446_/X (sky130_fd_sc_hd__or2_2)
     2    0.02                           _3714_ (net)
                  0.19    0.00    6.65 v _4452_/A3 (sky130_fd_sc_hd__a311oi_4)
                  0.55    0.74    7.38 ^ _4452_/Y (sky130_fd_sc_hd__a311oi_4)
     2    0.02                           _3720_ (net)
                  0.55    0.00    7.38 ^ _4453_/B1 (sky130_fd_sc_hd__a311o_1)
                  0.19    0.47    7.85 ^ _4453_/X (sky130_fd_sc_hd__a311o_1)
     2    0.01                           _3721_ (net)
                  0.19    0.00    7.85 ^ _4454_/B1 (sky130_fd_sc_hd__o311a_1)
                  0.44    0.68    8.54 ^ _4454_/X (sky130_fd_sc_hd__o311a_1)
     2    0.03                           _3722_ (net)
                  0.44    0.00    8.54 ^ _4456_/A2 (sky130_fd_sc_hd__o21ai_2)
                  0.14    0.25    8.79 v _4456_/Y (sky130_fd_sc_hd__o21ai_2)
     2    0.01                           _3724_ (net)
                  0.14    0.00    8.79 v _4475_/A3 (sky130_fd_sc_hd__a32o_2)
                  0.25    0.72    9.50 v _4475_/X (sky130_fd_sc_hd__a32o_2)
     5    0.05                           _3743_ (net)
                  0.25    0.00    9.51 v _4487_/A2 (sky130_fd_sc_hd__a21oi_4)
                  0.32    0.46    9.97 ^ _4487_/Y (sky130_fd_sc_hd__a21oi_4)
     4    0.02                           _3755_ (net)
                  0.32    0.00    9.97 ^ _5384_/A (sky130_fd_sc_hd__and4_1)
                  0.32    0.67   10.64 ^ _5384_/X (sky130_fd_sc_hd__and4_1)
     4    0.02                           _0863_ (net)
                  0.32    0.00   10.64 ^ _5389_/B (sky130_fd_sc_hd__nand4_2)
                  0.31    0.42   11.06 v _5389_/Y (sky130_fd_sc_hd__nand4_2)
     3    0.01                           _0868_ (net)
                  0.31    0.00   11.06 v _5394_/A (sky130_fd_sc_hd__nor4b_1)
                  0.42    0.64   11.69 ^ _5394_/Y (sky130_fd_sc_hd__nor4b_1)
     1    0.00                           _0873_ (net)
                  0.42    0.00   11.69 ^ wire277/A (sky130_fd_sc_hd__buf_1)
                  0.16    0.35   12.04 ^ wire277/X (sky130_fd_sc_hd__buf_1)
     3    0.01                           net277 (net)
                  0.16    0.00   12.04 ^ max_cap276/A (sky130_fd_sc_hd__clkbuf_1)
                  0.12    0.23   12.27 ^ max_cap276/X (sky130_fd_sc_hd__clkbuf_1)
     1    0.01                           net276 (net)
                  0.12    0.00   12.27 ^ _5398_/A (sky130_fd_sc_hd__inv_2)
                  0.04    0.08   12.36 v _5398_/Y (sky130_fd_sc_hd__inv_2)
     1    0.01                           _0877_ (net)
                  0.04    0.00   12.36 v _5400_/A (sky130_fd_sc_hd__nor2_1)
                  0.36    0.35   12.70 ^ _5400_/Y (sky130_fd_sc_hd__nor2_1)
     3    0.01                           _0879_ (net)
                  0.36    0.00   12.70 ^ _5437_/A (sky130_fd_sc_hd__nand2_1)
                  0.11    0.21   12.91 v _5437_/Y (sky130_fd_sc_hd__nand2_1)
     1    0.00                           _0916_ (net)
                  0.11    0.00   12.91 v _5438_/D (sky130_fd_sc_hd__or4_4)
                  0.18    0.95   13.87 v _5438_/X (sky130_fd_sc_hd__or4_4)
     2    0.01                           _0917_ (net)
                  0.18    0.00   13.87 v _5439_/B1 (sky130_fd_sc_hd__o31a_1)
                  0.16    0.32   14.19 v _5439_/X (sky130_fd_sc_hd__o31a_1)
     3    0.01                           _0918_ (net)
                  0.16    0.00   14.19 v _5440_/C1 (sky130_fd_sc_hd__a221o_2)
                  0.19    0.77   14.96 v _5440_/X (sky130_fd_sc_hd__a221o_2)
     5    0.02                           _0919_ (net)
                  0.19    0.00   14.96 v _7439_/A (sky130_fd_sc_hd__or2_1)
                  0.20    0.70   15.66 v _7439_/X (sky130_fd_sc_hd__or2_1)
     3    0.02                           _3029_ (net)
                  0.20    0.00   15.66 v _7584_/A (sky130_fd_sc_hd__or2_1)
                  0.13    0.62   16.28 v _7584_/X (sky130_fd_sc_hd__or2_1)
     1    0.01                           _3154_ (net)
                  0.13    0.00   16.28 v _7586_/A1 (sky130_fd_sc_hd__a21oi_2)
                  1.04    0.94   17.22 ^ _7586_/Y (sky130_fd_sc_hd__a21oi_2)
     3    0.05                           u_out_fmt.Result_out[44] (net)
                  1.04    0.00   17.22 ^ _7693_/D (sky130_fd_sc_hd__dfrtp_2)
                                 17.22   data arrival time

                         10.00   10.00   clock clk (rise edge)
                          0.00   10.00   clock source latency
                  0.44    0.30   10.30 ^ clk (in)
     1    0.06                           clk (net)
                  0.44    0.00   10.30 ^ clkbuf_0_clk/A (sky130_fd_sc_hd__clkbuf_16)
                  0.27    0.51   10.80 ^ clkbuf_0_clk/X (sky130_fd_sc_hd__clkbuf_16)
     8    0.16                           clknet_0_clk (net)
                  0.27    0.01   10.82 ^ clkbuf_3_3__f_clk/A (sky130_fd_sc_hd__clkbuf_16)
                  0.15    0.36   11.18 ^ clkbuf_3_3__f_clk/X (sky130_fd_sc_hd__clkbuf_16)
     6    0.08                           clknet_3_3__leaf_clk (net)
                  0.15    0.00   11.18 ^ _7693_/CLK (sky130_fd_sc_hd__dfrtp_2)
                         -0.25   10.93   clock uncertainty
                          0.00   10.93   clock reconvergence pessimism
                         -0.37   10.56   library setup time
                                 10.56   data required time
-----------------------------------------------------------------------------
                                 10.56   data required time
                                -17.22   data arrival time
-----------------------------------------------------------------------------
                                 -6.66   slack (VIOLATED)



======================= Typical Corner ===================================

No paths found.


===========================================================================
 report_check_types -max_slew -max_cap -max_fanout -violators
============================================================================
======================= Fastest Corner ===================================

max fanout

Pin                                   Limit Fanout  Slack
---------------------------------------------------------
clkbuf_3_4__f_clk/X                      10     13     -3 (VIOLATED)
_3798_/X                                 10     11        (VIOLATED)
_4318_/X                                 10     11        (VIOLATED)
_5107_/X                                 10     11        (VIOLATED)
clkbuf_3_5__f_clk/X                      10     11        (VIOLATED)


======================= Slowest Corner ===================================

max slew

Pin                                    Limit    Slew   Slack
------------------------------------------------------------
_7647_/D                                0.75    1.06   -0.31 (VIOLATED)
_3804_/Y                                0.75    1.06   -0.31 (VIOLATED)
_7693_/D                                0.75    1.04   -0.29 (VIOLATED)
ANTENNA_5/DIODE                         0.75    1.04   -0.29 (VIOLATED)
ANTENNA_4/DIODE                         0.75    1.04   -0.29 (VIOLATED)
_7586_/Y                                0.75    1.04   -0.29 (VIOLATED)
_7085_/A0                               0.75    1.00   -0.25 (VIOLATED)
_7380_/A1                               0.75    1.00   -0.25 (VIOLATED)
_7079_/Y                                0.75    1.00   -0.25 (VIOLATED)
_6734_/A0                               0.75    0.99   -0.24 (VIOLATED)
_6107_/B                                0.75    0.99   -0.24 (VIOLATED)
_6757_/A1                               0.75    0.99   -0.24 (VIOLATED)
_6106_/Y                                0.75    0.99   -0.24 (VIOLATED)
_6944_/B1                               0.75    0.98   -0.23 (VIOLATED)
_7072_/A0                               0.75    0.98   -0.23 (VIOLATED)
_6939_/X                                0.75    0.98   -0.23 (VIOLATED)
_4475_/B1                               0.75    0.98   -0.23 (VIOLATED)
_5037_/B1                               0.75    0.98   -0.23 (VIOLATED)
_5725_/B1                               0.75    0.98   -0.23 (VIOLATED)
_4474_/Y                                0.75    0.98   -0.23 (VIOLATED)
wire278/A                               0.75    0.95   -0.20 (VIOLATED)
_4010_/Y                                0.75    0.95   -0.20 (VIOLATED)
_6822_/A3                               0.75    0.94   -0.19 (VIOLATED)
_6820_/Y                                0.75    0.94   -0.19 (VIOLATED)
_4708_/A                                0.75    0.93   -0.18 (VIOLATED)
_6666_/A                                0.75    0.93   -0.18 (VIOLATED)
_6307_/S                                0.75    0.93   -0.18 (VIOLATED)
_4697_/A                                0.75    0.93   -0.18 (VIOLATED)
_6707_/S                                0.75    0.93   -0.18 (VIOLATED)
_4352_/C1                               0.75    0.93   -0.18 (VIOLATED)
_4453_/C1                               0.75    0.93   -0.18 (VIOLATED)
_6780_/S                                0.75    0.93   -0.18 (VIOLATED)
_4410_/A1                               0.75    0.93   -0.18 (VIOLATED)
_4328_/C1                               0.75    0.93   -0.18 (VIOLATED)
_4327_/Y                                0.75    0.93   -0.18 (VIOLATED)
_6749_/B                                0.75    0.85   -0.10 (VIOLATED)
_6785_/B                                0.75    0.85   -0.10 (VIOLATED)
_6748_/Y                                0.75    0.85   -0.10 (VIOLATED)
_7026_/A2                               0.75    0.82   -0.07 (VIOLATED)
_7025_/Y                                0.75    0.82   -0.07 (VIOLATED)
_4528_/B                                0.75    0.80   -0.05 (VIOLATED)
_4529_/B                                0.75    0.80   -0.05 (VIOLATED)
_4547_/B                                0.75    0.80   -0.05 (VIOLATED)
_4569_/A2                               0.75    0.80   -0.05 (VIOLATED)
_4571_/B                                0.75    0.80   -0.05 (VIOLATED)
_4570_/B                                0.75    0.80   -0.05 (VIOLATED)
_4192_/A                                0.75    0.80   -0.05 (VIOLATED)
_3792_/A                                0.75    0.80   -0.05 (VIOLATED)
_3791_/Y                                0.75    0.80   -0.05 (VIOLATED)
_7308_/A                                0.75    0.80   -0.05 (VIOLATED)
_7495_/B1                               0.75    0.80   -0.05 (VIOLATED)
_7298_/X                                0.75    0.80   -0.05 (VIOLATED)
_5605_/A1                               0.75    0.79   -0.04 (VIOLATED)
_5151_/A0                               0.75    0.79   -0.04 (VIOLATED)
_5148_/Y                                0.75    0.79   -0.04 (VIOLATED)
_7056_/B2                               0.75    0.76   -0.01 (VIOLATED)
_6709_/A                                0.75    0.76   -0.01 (VIOLATED)
_6705_/Y                                0.75    0.76   -0.01 (VIOLATED)
_6599_/A2                               0.75    0.75   -0.00 (VIOLATED)
_6625_/B                                0.75    0.75   -0.00 (VIOLATED)
_6545_/A0                               0.75    0.75   -0.00 (VIOLATED)
_6468_/D                                0.75    0.75   -0.00 (VIOLATED)
_6467_/Y                                0.75    0.75   -0.00 (VIOLATED)

max fanout

Pin                                   Limit Fanout  Slack
---------------------------------------------------------
clkbuf_3_4__f_clk/X                      10     13     -3 (VIOLATED)
_3798_/X                                 10     11        (VIOLATED)
_4318_/X                                 10     11        (VIOLATED)
_5107_/X                                 10     11        (VIOLATED)
clkbuf_3_5__f_clk/X                      10     11        (VIOLATED)


======================= Typical Corner ===================================

max fanout

Pin                                   Limit Fanout  Slack
---------------------------------------------------------
clkbuf_3_4__f_clk/X                      10     13     -3 (VIOLATED)
_3798_/X                                 10     11        (VIOLATED)
_4318_/X                                 10     11        (VIOLATED)
_5107_/X                                 10     11        (VIOLATED)
clkbuf_3_5__f_clk/X                      10     11        (VIOLATED)



===========================================================================
report_parasitic_annotation -report_unannotated
============================================================================
Found 22 unannotated drivers.
 Cvt_s3
 MaxExp_s3[0]
 MaxExp_s3[10]
 MaxExp_s3[11]
 MaxExp_s3[12]
 MaxExp_s3[13]
 MaxExp_s3[14]
 MaxExp_s3[15]
 MaxExp_s3[1]
 MaxExp_s3[2]
 MaxExp_s3[3]
 MaxExp_s3[4]
 MaxExp_s3[5]
 MaxExp_s3[6]
 MaxExp_s3[7]
 MaxExp_s3[8]
 MaxExp_s3[9]
 Valid_s3[0]
 Valid_s3[1]
 Valid_s3[2]
 Valid_s3[3]
 _7646__290/LO
Found 0 partially unannotated drivers.

===========================================================================
max slew violation count 63
max fanout violation count 5
max cap violation count 0
============================================================================

===========================================================================
check_setup -verbose -unconstrained_endpoints -multiple_clock -no_clock -no_input_delay -loops -generated_clocks
===========================================================================
Warning: There is 1 unconstrained endpoint.
  _7646_/D
