
===========================================================================
 report_power
============================================================================
======================= Fastest Corner ===================================

Group                  Internal  Switching    Leakage      Total
                          Power      Power      Power      Power (Watts)
----------------------------------------------------------------
Sequential             3.52e-04   1.45e-04   3.37e-07   4.98e-04   9.3%
Combinational          1.68e-03   3.15e-03   3.81e-08   4.83e-03  90.7%
Macro                  0.00e+00   0.00e+00   0.00e+00   0.00e+00   0.0%
Pad                    0.00e+00   0.00e+00   0.00e+00   0.00e+00   0.0%
----------------------------------------------------------------
Total                  2.04e-03   3.29e-03   3.76e-07   5.33e-03 100.0%
                          38.2%      61.8%       0.0%

======================= Slowest Corner ===================================

Group                  Internal  Switching    Leakage      Total
                          Power      Power      Power      Power (Watts)
----------------------------------------------------------------
Sequential             2.34e-04   9.79e-05   1.35e-06   3.33e-04   9.1%
Combinational          1.23e-03   2.08e-03   2.15e-05   3.33e-03  90.9%
Macro                  0.00e+00   0.00e+00   0.00e+00   0.00e+00   0.0%
Pad                    0.00e+00   0.00e+00   0.00e+00   0.00e+00   0.0%
----------------------------------------------------------------
Total                  1.46e-03   2.18e-03   2.29e-05   3.66e-03 100.0%
                          39.8%      59.6%       0.6%

======================= Typical Corner ===================================

Group                  Internal  Switching    Leakage      Total
                          Power      Power      Power      Power (Watts)
----------------------------------------------------------------
Sequential             3.03e-04   1.24e-04   3.37e-07   4.28e-04   9.3%
Combinational          1.51e-03   2.66e-03   2.44e-08   4.17e-03  90.7%
Macro                  0.00e+00   0.00e+00   0.00e+00   0.00e+00   0.0%
Pad                    0.00e+00   0.00e+00   0.00e+00   0.00e+00   0.0%
----------------------------------------------------------------
Total                  1.82e-03   2.78e-03   3.61e-07   4.60e-03 100.0%
                          39.5%      60.5%       0.0%

