
===========================================================================
report_checks -unconstrained
===========================================================================
======================= Typical Corner ===================================

Startpoint: rst_n (input port clocked by clk)
Endpoint: _5808_ (recovery check against rising-edge clock clk)
Path Group: asynchronous
Path Type: max

Fanout     Cap    Slew   Delay    Time   Description
-----------------------------------------------------------------------------
                          0.00    0.00   clock clk (rise edge)
                          0.00    0.00   clock network delay (propagated)
                          2.00    2.00 ^ input external delay
                  0.02    0.01    2.01 ^ rst_n (in)
     1    0.00                           rst_n (net)
                  0.02    0.00    2.01 ^ input501/A (sky130_fd_sc_hd__dlymetal6s2s_1)
                  0.05    0.09    2.09 ^ input501/X (sky130_fd_sc_hd__dlymetal6s2s_1)
     1    0.00                           net501 (net)
                  0.05    0.00    2.09 ^ fanout720/A (sky130_fd_sc_hd__buf_4)
                  0.06    0.13    2.23 ^ fanout720/X (sky130_fd_sc_hd__buf_4)
     5    0.02                           net720 (net)
                  0.06    0.00    2.23 ^ fanout719/A (sky130_fd_sc_hd__buf_4)
                  0.04    0.12    2.35 ^ fanout719/X (sky130_fd_sc_hd__buf_4)
     5    0.01                           net719 (net)
                  0.04    0.00    2.35 ^ fanout718/A (sky130_fd_sc_hd__clkbuf_4)
                  0.05    0.14    2.49 ^ fanout718/X (sky130_fd_sc_hd__clkbuf_4)
     5    0.01                           net718 (net)
                  0.05    0.00    2.49 ^ fanout717/A (sky130_fd_sc_hd__clkbuf_4)
                  0.10    0.18    2.68 ^ fanout717/X (sky130_fd_sc_hd__clkbuf_4)
     8    0.03                           net717 (net)
                  0.10    0.00    2.68 ^ fanout716/A (sky130_fd_sc_hd__clkbuf_2)
                  0.10    0.17    2.85 ^ fanout716/X (sky130_fd_sc_hd__clkbuf_2)
     5    0.02                           net716 (net)
                  0.10    0.00    2.85 ^ fanout715/A (sky130_fd_sc_hd__clkbuf_4)
                  0.12    0.22    3.07 ^ fanout715/X (sky130_fd_sc_hd__clkbuf_4)
    10    0.04                           net715 (net)
                  0.12    0.00    3.07 ^ _5808_/RESET_B (sky130_fd_sc_hd__dfrtp_4)
                                  3.07   data arrival time

                         10.00   10.00   clock clk (rise edge)
                          0.00   10.00   clock source latency
                  0.04    0.03   10.03 ^ clk (in)
     1    0.01                           clk (net)
                  0.04    0.00   10.03 ^ clkbuf_0_clk/A (sky130_fd_sc_hd__clkbuf_16)
                  0.09    0.15   10.18 ^ clkbuf_0_clk/X (sky130_fd_sc_hd__clkbuf_16)
    18    0.07                           clknet_0_clk (net)
                  0.09    0.00   10.18 ^ clkbuf_4_14_0_clk/A (sky130_fd_sc_hd__clkbuf_8)
                  0.05    0.14   10.32 ^ clkbuf_4_14_0_clk/X (sky130_fd_sc_hd__clkbuf_8)
    11    0.02                           clknet_4_14_0_clk (net)
                  0.05    0.00   10.32 ^ _5808_/CLK (sky130_fd_sc_hd__dfrtp_4)
                         -0.25   10.07   clock uncertainty
                          0.00   10.07   clock reconvergence pessimism
                          0.20   10.27   library recovery time
                                 10.27   data required time
-----------------------------------------------------------------------------
                                 10.27   data required time
                                 -3.07   data arrival time
-----------------------------------------------------------------------------
                                  7.20   slack (MET)


Startpoint: Carry_s2[0] (input port clocked by clk)
Endpoint: _5937_ (rising edge-triggered flip-flop clocked by clk)
Path Group: clk
Path Type: max

Fanout     Cap    Slew   Delay    Time   Description
-----------------------------------------------------------------------------
                          0.00    0.00   clock clk (rise edge)
                          0.00    0.00   clock network delay (propagated)
                          2.00    2.00 v input external delay
                  0.01    0.01    2.01 v Carry_s2[0] (in)
     1    0.00                           Carry_s2[0] (net)
                  0.01    0.00    2.01 v input164/A (sky130_fd_sc_hd__buf_6)
                  0.03    0.12    2.12 v input164/X (sky130_fd_sc_hd__buf_6)
     2    0.02                           net164 (net)
                  0.03    0.00    2.12 v _2877_/A (sky130_fd_sc_hd__xor2_4)
                  0.24    0.26    2.38 ^ _2877_/X (sky130_fd_sc_hd__xor2_4)
     2    0.03                           _2553_ (net)
                  0.24    0.00    2.38 ^ _2878_/B (sky130_fd_sc_hd__xnor2_4)
                  0.20    0.18    2.56 ^ _2878_/Y (sky130_fd_sc_hd__xnor2_4)
     2    0.02                           _2554_ (net)
                  0.20    0.00    2.56 ^ _2879_/B (sky130_fd_sc_hd__xnor2_4)
                  0.25    0.19    2.74 ^ _2879_/Y (sky130_fd_sc_hd__xnor2_4)
     2    0.03                           _2555_ (net)
                  0.25    0.00    2.74 ^ _2881_/A2 (sky130_fd_sc_hd__o21ai_4)
                  0.08    0.11    2.86 v _2881_/Y (sky130_fd_sc_hd__o21ai_4)
     2    0.02                           _2557_ (net)
                  0.08    0.00    2.86 v _2888_/A1 (sky130_fd_sc_hd__a21o_4)
                  0.06    0.25    3.11 v _2888_/X (sky130_fd_sc_hd__a21o_4)
     3    0.02                           _2564_ (net)
                  0.06    0.00    3.11 v _2898_/A2 (sky130_fd_sc_hd__a31o_4)
                  0.05    0.26    3.36 v _2898_/X (sky130_fd_sc_hd__a31o_4)
     3    0.01                           _2574_ (net)
                  0.05    0.00    3.36 v _2933_/A1 (sky130_fd_sc_hd__a31o_4)
                  0.05    0.24    3.61 v _2933_/X (sky130_fd_sc_hd__a31o_4)
     4    0.01                           _2609_ (net)
                  0.05    0.00    3.61 v _3001_/A1 (sky130_fd_sc_hd__a211oi_4)
                  0.30    0.31    3.92 ^ _3001_/Y (sky130_fd_sc_hd__a211oi_4)
     5    0.02                           _2677_ (net)
                  0.30    0.00    3.92 ^ _3080_/A2 (sky130_fd_sc_hd__o31ai_4)
                  0.10    0.15    4.07 v _3080_/Y (sky130_fd_sc_hd__o31ai_4)
     6    0.02                           _2756_ (net)
                  0.10    0.00    4.07 v _3359_/A1 (sky130_fd_sc_hd__a31o_4)
                  0.06    0.27    4.34 v _3359_/X (sky130_fd_sc_hd__a31o_4)
     5    0.02                           _0246_ (net)
                  0.06    0.00    4.34 v _3934_/A1 (sky130_fd_sc_hd__a31oi_4)
                  0.23    0.22    4.56 ^ _3934_/Y (sky130_fd_sc_hd__a31oi_4)
     6    0.02                           _0821_ (net)
                  0.23    0.00    4.56 ^ _4251_/A1 (sky130_fd_sc_hd__o31ai_4)
                  0.09    0.12    4.68 v _4251_/Y (sky130_fd_sc_hd__o31ai_4)
     3    0.01                           _1138_ (net)
                  0.09    0.00    4.68 v _4258_/A2 (sky130_fd_sc_hd__a31o_1)
                  0.06    0.26    4.94 v _4258_/X (sky130_fd_sc_hd__a31o_1)
     2    0.01                           _1145_ (net)
                  0.06    0.00    4.94 v _4260_/A2 (sky130_fd_sc_hd__a21oi_2)
                  0.14    0.18    5.12 ^ _4260_/Y (sky130_fd_sc_hd__a21oi_2)
     1    0.01                           _1147_ (net)
                  0.14    0.00    5.12 ^ _4261_/B (sky130_fd_sc_hd__xnor2_2)
                  0.07    0.10    5.22 v _4261_/Y (sky130_fd_sc_hd__xnor2_2)
     2    0.01                           _1148_ (net)
                  0.07    0.00    5.22 v _4263_/A2 (sky130_fd_sc_hd__o21ai_4)
                  0.31    0.29    5.51 ^ _4263_/Y (sky130_fd_sc_hd__o21ai_4)
     5    0.04                           _1150_ (net)
                  0.31    0.00    5.51 ^ _4796_/A (sky130_fd_sc_hd__buf_8)
                  0.08    0.19    5.69 ^ _4796_/X (sky130_fd_sc_hd__buf_8)
     6    0.04                           _1680_ (net)
                  0.08    0.00    5.69 ^ split1/A (sky130_fd_sc_hd__buf_12)
                  0.08    0.14    5.84 ^ split1/X (sky130_fd_sc_hd__buf_12)
     5    0.05                           net724 (net)
                  0.08    0.00    5.84 ^ _4866_/A (sky130_fd_sc_hd__xnor2_4)
                  0.06    0.08    5.91 v _4866_/Y (sky130_fd_sc_hd__xnor2_4)
     3    0.01                           _1749_ (net)
                  0.06    0.00    5.91 v _4870_/C (sky130_fd_sc_hd__or4b_4)
                  0.08    0.50    6.41 v _4870_/X (sky130_fd_sc_hd__or4b_4)
     2    0.00                           _1753_ (net)
                  0.08    0.00    6.41 v _4885_/C (sky130_fd_sc_hd__or4_4)
                  0.09    0.52    6.93 v _4885_/X (sky130_fd_sc_hd__or4_4)
     2    0.01                           _1768_ (net)
                  0.09    0.00    6.93 v _4892_/B (sky130_fd_sc_hd__or4b_4)
                  0.09    0.56    7.49 v _4892_/X (sky130_fd_sc_hd__or4b_4)
     4    0.01                           _1775_ (net)
                  0.09    0.00    7.49 v _4918_/A (sky130_fd_sc_hd__or4b_4)
                  0.10    0.60    8.09 v _4918_/X (sky130_fd_sc_hd__or4b_4)
     5    0.01                           _1801_ (net)
                  0.10    0.00    8.09 v _4919_/D (sky130_fd_sc_hd__or4_4)
                  0.10    0.47    8.56 v _4919_/X (sky130_fd_sc_hd__or4_4)
     5    0.01                           _1802_ (net)
                  0.10    0.00    8.56 v _4920_/D (sky130_fd_sc_hd__or4_4)
                  0.11    0.49    9.05 v _4920_/X (sky130_fd_sc_hd__or4_4)
     5    0.02                           _1803_ (net)
                  0.11    0.00    9.05 v _4921_/D (sky130_fd_sc_hd__or4_4)
                  0.10    0.48    9.53 v _4921_/X (sky130_fd_sc_hd__or4_4)
     6    0.01                           _1804_ (net)
                  0.10    0.00    9.53 v _4922_/D (sky130_fd_sc_hd__or4_4)
                  0.09    0.46    9.98 v _4922_/X (sky130_fd_sc_hd__or4_4)
     4    0.01                           _1805_ (net)
                  0.09    0.00    9.98 v _4925_/C (sky130_fd_sc_hd__or4b_4)
                  0.10    0.53   10.52 v _4925_/X (sky130_fd_sc_hd__or4b_4)
     5    0.01                           _1808_ (net)
                  0.10    0.00   10.52 v _4926_/D (sky130_fd_sc_hd__or4_4)
                  0.10    0.48   11.00 v _4926_/X (sky130_fd_sc_hd__or4_4)
     4    0.01                           _1809_ (net)
                  0.10    0.00   11.00 v _4933_/B (sky130_fd_sc_hd__or4b_4)
                  0.10    0.57   11.57 v _4933_/X (sky130_fd_sc_hd__or4b_4)
     5    0.01                           _1816_ (net)
                  0.10    0.00   11.57 v _4934_/D (sky130_fd_sc_hd__or4_4)
                  0.09    0.46   12.03 v _4934_/X (sky130_fd_sc_hd__or4_4)
     4    0.01                           _1817_ (net)
                  0.09    0.00   12.03 v _4937_/C (sky130_fd_sc_hd__or4b_4)
                  0.09    0.52   12.56 v _4937_/X (sky130_fd_sc_hd__or4b_4)
     1    0.01                           _1820_ (net)
                  0.09    0.00   12.56 v _4938_/A (sky130_fd_sc_hd__buf_8)
                  0.03    0.15   12.71 v _4938_/X (sky130_fd_sc_hd__buf_8)
     6    0.02                           _1821_ (net)
                  0.03    0.00   12.71 v _4939_/D (sky130_fd_sc_hd__or4_4)
                  0.11    0.48   13.19 v _4939_/X (sky130_fd_sc_hd__or4_4)
     3    0.02                           _1822_ (net)
                  0.11    0.00   13.19 v _4940_/B (sky130_fd_sc_hd__or2_4)
                  0.06    0.28   13.47 v _4940_/X (sky130_fd_sc_hd__or2_4)
     4    0.01                           _1823_ (net)
                  0.06    0.00   13.47 v _4941_/D (sky130_fd_sc_hd__or4_4)
                  0.10    0.46   13.92 v _4941_/X (sky130_fd_sc_hd__or4_4)
     6    0.01                           _1824_ (net)
                  0.10    0.00   13.92 v _4942_/D (sky130_fd_sc_hd__or4_4)
                  0.10    0.48   14.41 v _4942_/X (sky130_fd_sc_hd__or4_4)
     6    0.01                           _1825_ (net)
                  0.10    0.00   14.41 v _4943_/D (sky130_fd_sc_hd__or4_4)
                  0.10    0.47   14.88 v _4943_/X (sky130_fd_sc_hd__or4_4)
     6    0.01                           _1826_ (net)
                  0.10    0.00   14.88 v _4944_/D (sky130_fd_sc_hd__or4_4)
                  0.10    0.48   15.36 v _4944_/X (sky130_fd_sc_hd__or4_4)
     6    0.01                           _1827_ (net)
                  0.10    0.00   15.36 v _4945_/D (sky130_fd_sc_hd__or4_4)
                  0.10    0.47   15.83 v _4945_/X (sky130_fd_sc_hd__or4_4)
     6    0.01                           _1828_ (net)
                  0.10    0.00   15.83 v _4946_/D (sky130_fd_sc_hd__or4_4)
                  0.10    0.47   16.30 v _4946_/X (sky130_fd_sc_hd__or4_4)
     5    0.01                           _1829_ (net)
                  0.10    0.00   16.30 v _4947_/D (sky130_fd_sc_hd__or4_4)
                  0.10    0.47   16.77 v _4947_/X (sky130_fd_sc_hd__or4_4)
     6    0.01                           _1830_ (net)
                  0.10    0.00   16.77 v _4948_/D (sky130_fd_sc_hd__or4_4)
                  0.10    0.47   17.25 v _4948_/X (sky130_fd_sc_hd__or4_4)
     6    0.01                           _1831_ (net)
                  0.10    0.00   17.25 v _4949_/D (sky130_fd_sc_hd__or4_4)
                  0.10    0.47   17.72 v _4949_/X (sky130_fd_sc_hd__or4_4)
     6    0.01                           _1832_ (net)
                  0.10    0.00   17.72 v _4950_/D (sky130_fd_sc_hd__or4_4)
                  0.10    0.47   18.19 v _4950_/X (sky130_fd_sc_hd__or4_4)
     6    0.01                           _1833_ (net)
                  0.10    0.00   18.19 v _4951_/D (sky130_fd_sc_hd__or4_4)
                  0.11    0.49   18.68 v _4951_/X (sky130_fd_sc_hd__or4_4)
     5    0.02                           _1834_ (net)
                  0.11    0.00   18.68 v _4952_/D (sky130_fd_sc_hd__nor4_4)
                  0.20    0.16   18.83 ^ _4952_/Y (sky130_fd_sc_hd__nor4_4)
     2    0.00                           _1835_ (net)
                  0.20    0.00   18.83 ^ max_cap690/A (sky130_fd_sc_hd__clkbuf_2)
                  0.04    0.15   18.99 ^ max_cap690/X (sky130_fd_sc_hd__clkbuf_2)
     3    0.00                           net690 (net)
                  0.04    0.00   18.99 ^ _4953_/C_N (sky130_fd_sc_hd__or3b_4)
                  0.07    0.38   19.37 v _4953_/X (sky130_fd_sc_hd__or3b_4)
     2    0.00                           _1836_ (net)
                  0.07    0.00   19.37 v _4954_/B (sky130_fd_sc_hd__or2_4)
                  0.06    0.26   19.63 v _4954_/X (sky130_fd_sc_hd__or2_4)
     3    0.01                           _1837_ (net)
                  0.06    0.00   19.63 v _4955_/B (sky130_fd_sc_hd__nor2_4)
                  0.09    0.10   19.73 ^ _4955_/Y (sky130_fd_sc_hd__nor2_4)
     3    0.01                           _1838_ (net)
                  0.09    0.00   19.73 ^ _4956_/A (sky130_fd_sc_hd__nand2_2)
                  0.05    0.05   19.78 v _4956_/Y (sky130_fd_sc_hd__nand2_2)
     2    0.00                           _1839_ (net)
                  0.05    0.00   19.78 v _4957_/B (sky130_fd_sc_hd__or2_4)
                  0.06    0.25   20.03 v _4957_/X (sky130_fd_sc_hd__or2_4)
     3    0.01                           _1840_ (net)
                  0.06    0.00   20.03 v _4958_/B (sky130_fd_sc_hd__nor2_4)
                  0.08    0.09   20.12 ^ _4958_/Y (sky130_fd_sc_hd__nor2_4)
     2    0.01                           _1841_ (net)
                  0.08    0.00   20.12 ^ _4959_/A (sky130_fd_sc_hd__nand2_2)
                  0.05    0.06   20.18 v _4959_/Y (sky130_fd_sc_hd__nand2_2)
     3    0.01                           _1842_ (net)
                  0.05    0.00   20.18 v _4960_/B (sky130_fd_sc_hd__or2_4)
                  0.06    0.26   20.44 v _4960_/X (sky130_fd_sc_hd__or2_4)
     3    0.01                           _1843_ (net)
                  0.06    0.00   20.44 v _4961_/B (sky130_fd_sc_hd__nor2_4)
                  0.09    0.10   20.53 ^ _4961_/Y (sky130_fd_sc_hd__nor2_4)
     3    0.01                           _1844_ (net)
                  0.09    0.00   20.53 ^ _4962_/A (sky130_fd_sc_hd__nand2_2)
                  0.05    0.06   20.59 v _4962_/Y (sky130_fd_sc_hd__nand2_2)
     3    0.01                           _1845_ (net)
                  0.05    0.00   20.59 v _4963_/B (sky130_fd_sc_hd__or2_4)
                  0.05    0.23   20.83 v _4963_/X (sky130_fd_sc_hd__or2_4)
     2    0.00                           _1846_ (net)
                  0.05    0.00   20.83 v _4964_/C (sky130_fd_sc_hd__or3_4)
                  0.09    0.38   21.21 v _4964_/X (sky130_fd_sc_hd__or3_4)
     3    0.02                           _1847_ (net)
                  0.09    0.00   21.21 v _4967_/B (sky130_fd_sc_hd__nor3b_2)
                  0.13    0.18   21.39 ^ _4967_/Y (sky130_fd_sc_hd__nor3b_2)
     2    0.00                           _1850_ (net)
                  0.13    0.00   21.39 ^ max_cap689/A (sky130_fd_sc_hd__buf_2)
                  0.06    0.16   21.55 ^ max_cap689/X (sky130_fd_sc_hd__buf_2)
     2    0.01                           net689 (net)
                  0.06    0.00   21.55 ^ _4968_/B (sky130_fd_sc_hd__xnor2_2)
                  0.12    0.11   21.66 ^ _4968_/Y (sky130_fd_sc_hd__xnor2_2)
     1    0.00                           _1851_ (net)
                  0.12    0.00   21.66 ^ _4969_/B (sky130_fd_sc_hd__xnor2_1)
                  0.15    0.15   21.81 ^ _4969_/Y (sky130_fd_sc_hd__xnor2_1)
     2    0.00                           _1852_ (net)
                  0.15    0.00   21.81 ^ _5119_/A1 (sky130_fd_sc_hd__o21ba_1)
                  0.04    0.15   21.96 ^ _5119_/X (sky130_fd_sc_hd__o21ba_1)
     1    0.00                           _1949_ (net)
                  0.04    0.00   21.96 ^ _5120_/B (sky130_fd_sc_hd__nor2_1)
                  0.04    0.03   22.00 v _5120_/Y (sky130_fd_sc_hd__nor2_1)
     1    0.00                           _1950_ (net)
                  0.04    0.00   22.00 v _5121_/A2 (sky130_fd_sc_hd__o21ai_1)
                  0.09    0.11   22.11 ^ _5121_/Y (sky130_fd_sc_hd__o21ai_1)
     1    0.00                           _1951_ (net)
                  0.09    0.00   22.11 ^ _5122_/A2 (sky130_fd_sc_hd__a21o_1)
                  0.06    0.14   22.24 ^ _5122_/X (sky130_fd_sc_hd__a21o_1)
     1    0.01                           _1952_ (net)
                  0.06    0.00   22.24 ^ _5123_/A2 (sky130_fd_sc_hd__a21oi_2)
                  0.04    0.05   22.29 v _5123_/Y (sky130_fd_sc_hd__a21oi_2)
     1    0.00                           _1953_ (net)
                  0.04    0.00   22.29 v _5124_/A2 (sky130_fd_sc_hd__o21ba_1)
                  0.03    0.16   22.46 v _5124_/X (sky130_fd_sc_hd__o21ba_1)
     1    0.00                           _1954_ (net)
                  0.03    0.00   22.46 v _5125_/A2 (sky130_fd_sc_hd__o21ba_1)
                  0.03    0.16   22.62 v _5125_/X (sky130_fd_sc_hd__o21ba_1)
     1    0.00                           _1955_ (net)
                  0.03    0.00   22.62 v _5126_/A2 (sky130_fd_sc_hd__o21ba_1)
                  0.03    0.16   22.78 v _5126_/X (sky130_fd_sc_hd__o21ba_1)
     1    0.00                           _1956_ (net)
                  0.03    0.00   22.78 v _5127_/A2 (sky130_fd_sc_hd__o21ba_1)
                  0.03    0.16   22.95 v _5127_/X (sky130_fd_sc_hd__o21ba_1)
     1    0.00                           _1957_ (net)
                  0.03    0.00   22.95 v _5128_/A2 (sky130_fd_sc_hd__o21ba_1)
                  0.03    0.16   23.11 v _5128_/X (sky130_fd_sc_hd__o21ba_1)
     1    0.00                           _1958_ (net)
                  0.03    0.00   23.11 v _5129_/A2 (sky130_fd_sc_hd__o21ba_1)
                  0.03    0.16   23.27 v _5129_/X (sky130_fd_sc_hd__o21ba_1)
     1    0.00                           _1959_ (net)
                  0.03    0.00   23.27 v _5130_/A2 (sky130_fd_sc_hd__o21ba_1)
                  0.03    0.16   23.43 v _5130_/X (sky130_fd_sc_hd__o21ba_1)
     1    0.00                           _1960_ (net)
                  0.03    0.00   23.43 v _5131_/A2 (sky130_fd_sc_hd__o21ba_1)
                  0.03    0.16   23.59 v _5131_/X (sky130_fd_sc_hd__o21ba_1)
     1    0.00                           _1961_ (net)
                  0.03    0.00   23.59 v _5132_/A2 (sky130_fd_sc_hd__o21ba_1)
                  0.03    0.16   23.76 v _5132_/X (sky130_fd_sc_hd__o21ba_1)
     1    0.00                           _1962_ (net)
                  0.03    0.00   23.76 v _5133_/A2 (sky130_fd_sc_hd__o21ba_1)
                  0.03    0.16   23.92 v _5133_/X (sky130_fd_sc_hd__o21ba_1)
     1    0.00                           _1963_ (net)
                  0.03    0.00   23.92 v _5134_/A2 (sky130_fd_sc_hd__o21ba_1)
                  0.03    0.16   24.08 v _5134_/X (sky130_fd_sc_hd__o21ba_1)
     1    0.00                           _1964_ (net)
                  0.03    0.00   24.08 v _5135_/A2 (sky130_fd_sc_hd__o21ba_1)
                  0.03    0.16   24.24 v _5135_/X (sky130_fd_sc_hd__o21ba_1)
     1    0.00                           _1965_ (net)
                  0.03    0.00   24.24 v _5136_/A2 (sky130_fd_sc_hd__o21ai_1)
                  0.09    0.11   24.35 ^ _5136_/Y (sky130_fd_sc_hd__o21ai_1)
     1    0.00                           _1966_ (net)
                  0.09    0.00   24.35 ^ _5137_/A2 (sky130_fd_sc_hd__a21oi_1)
                  0.06    0.07   24.42 v _5137_/Y (sky130_fd_sc_hd__a21oi_1)
     1    0.00                           _1967_ (net)
                  0.06    0.00   24.42 v _5138_/A2 (sky130_fd_sc_hd__o21ba_1)
                  0.03    0.17   24.60 v _5138_/X (sky130_fd_sc_hd__o21ba_1)
     1    0.00                           _1968_ (net)
                  0.03    0.00   24.60 v _5139_/A2 (sky130_fd_sc_hd__o21ai_1)
                  0.09    0.11   24.70 ^ _5139_/Y (sky130_fd_sc_hd__o21ai_1)
     1    0.00                           _1969_ (net)
                  0.09    0.00   24.70 ^ _5140_/A2 (sky130_fd_sc_hd__a21oi_1)
                  0.05    0.07   24.78 v _5140_/Y (sky130_fd_sc_hd__a21oi_1)
     1    0.00                           _1970_ (net)
                  0.05    0.00   24.78 v _5141_/A2 (sky130_fd_sc_hd__o21ba_1)
                  0.03    0.17   24.94 v _5141_/X (sky130_fd_sc_hd__o21ba_1)
     1    0.00                           _1971_ (net)
                  0.03    0.00   24.94 v _5142_/A2 (sky130_fd_sc_hd__o21ai_1)
                  0.09    0.11   25.05 ^ _5142_/Y (sky130_fd_sc_hd__o21ai_1)
     1    0.00                           _1972_ (net)
                  0.09    0.00   25.05 ^ _5143_/A2 (sky130_fd_sc_hd__a21oi_1)
                  0.04    0.07   25.12 v _5143_/Y (sky130_fd_sc_hd__a21oi_1)
     1    0.00                           _1973_ (net)
                  0.04    0.00   25.12 v _5144_/A2 (sky130_fd_sc_hd__o21ba_1)
                  0.03    0.16   25.28 v _5144_/X (sky130_fd_sc_hd__o21ba_1)
     1    0.00                           _1974_ (net)
                  0.03    0.00   25.28 v _5145_/B (sky130_fd_sc_hd__or2_1)
                  0.04    0.20   25.48 v _5145_/X (sky130_fd_sc_hd__or2_1)
     1    0.00                           _1975_ (net)
                  0.04    0.00   25.48 v _5146_/A (sky130_fd_sc_hd__clkbuf_1)
                  0.02    0.09   25.57 v _5146_/X (sky130_fd_sc_hd__clkbuf_1)
     1    0.00                           u_stage3_reg.LZA_CNT_in[8] (net)
                  0.02    0.00   25.57 v _5937_/D (sky130_fd_sc_hd__dfrtp_4)
                                 25.57   data arrival time

                         10.00   10.00   clock clk (rise edge)
                          0.00   10.00   clock source latency
                  0.04    0.03   10.03 ^ clk (in)
     1    0.01                           clk (net)
                  0.04    0.00   10.03 ^ clkbuf_0_clk/A (sky130_fd_sc_hd__clkbuf_16)
                  0.09    0.15   10.18 ^ clkbuf_0_clk/X (sky130_fd_sc_hd__clkbuf_16)
    18    0.07                           clknet_0_clk (net)
                  0.09    0.00   10.18 ^ clkbuf_4_6_0_clk/A (sky130_fd_sc_hd__clkbuf_8)
                  0.04    0.13   10.31 ^ clkbuf_4_6_0_clk/X (sky130_fd_sc_hd__clkbuf_8)
     7    0.01                           clknet_4_6_0_clk (net)
                  0.04    0.00   10.31 ^ _5937_/CLK (sky130_fd_sc_hd__dfrtp_4)
                         -0.25   10.06   clock uncertainty
                          0.00   10.06   clock reconvergence pessimism
                         -0.11    9.96   library setup time
                                  9.96   data required time
-----------------------------------------------------------------------------
                                  9.96   data required time
                                -25.57   data arrival time
-----------------------------------------------------------------------------
                                -15.61   slack (VIOLATED)




===========================================================================
report_checks --slack_max -0.01
============================================================================
======================= Typical Corner ===================================

Startpoint: Carry_s2[0] (input port clocked by clk)
Endpoint: _5937_ (rising edge-triggered flip-flop clocked by clk)
Path Group: clk
Path Type: max

Fanout     Cap    Slew   Delay    Time   Description
-----------------------------------------------------------------------------
                          0.00    0.00   clock clk (rise edge)
                          0.00    0.00   clock network delay (propagated)
                          2.00    2.00 v input external delay
                  0.01    0.01    2.01 v Carry_s2[0] (in)
     1    0.00                           Carry_s2[0] (net)
                  0.01    0.00    2.01 v input164/A (sky130_fd_sc_hd__buf_6)
                  0.03    0.12    2.12 v input164/X (sky130_fd_sc_hd__buf_6)
     2    0.02                           net164 (net)
                  0.03    0.00    2.12 v _2877_/A (sky130_fd_sc_hd__xor2_4)
                  0.24    0.26    2.38 ^ _2877_/X (sky130_fd_sc_hd__xor2_4)
     2    0.03                           _2553_ (net)
                  0.24    0.00    2.38 ^ _2878_/B (sky130_fd_sc_hd__xnor2_4)
                  0.20    0.18    2.56 ^ _2878_/Y (sky130_fd_sc_hd__xnor2_4)
     2    0.02                           _2554_ (net)
                  0.20    0.00    2.56 ^ _2879_/B (sky130_fd_sc_hd__xnor2_4)
                  0.25    0.19    2.74 ^ _2879_/Y (sky130_fd_sc_hd__xnor2_4)
     2    0.03                           _2555_ (net)
                  0.25    0.00    2.74 ^ _2881_/A2 (sky130_fd_sc_hd__o21ai_4)
                  0.08    0.11    2.86 v _2881_/Y (sky130_fd_sc_hd__o21ai_4)
     2    0.02                           _2557_ (net)
                  0.08    0.00    2.86 v _2888_/A1 (sky130_fd_sc_hd__a21o_4)
                  0.06    0.25    3.11 v _2888_/X (sky130_fd_sc_hd__a21o_4)
     3    0.02                           _2564_ (net)
                  0.06    0.00    3.11 v _2898_/A2 (sky130_fd_sc_hd__a31o_4)
                  0.05    0.26    3.36 v _2898_/X (sky130_fd_sc_hd__a31o_4)
     3    0.01                           _2574_ (net)
                  0.05    0.00    3.36 v _2933_/A1 (sky130_fd_sc_hd__a31o_4)
                  0.05    0.24    3.61 v _2933_/X (sky130_fd_sc_hd__a31o_4)
     4    0.01                           _2609_ (net)
                  0.05    0.00    3.61 v _3001_/A1 (sky130_fd_sc_hd__a211oi_4)
                  0.30    0.31    3.92 ^ _3001_/Y (sky130_fd_sc_hd__a211oi_4)
     5    0.02                           _2677_ (net)
                  0.30    0.00    3.92 ^ _3080_/A2 (sky130_fd_sc_hd__o31ai_4)
                  0.10    0.15    4.07 v _3080_/Y (sky130_fd_sc_hd__o31ai_4)
     6    0.02                           _2756_ (net)
                  0.10    0.00    4.07 v _3359_/A1 (sky130_fd_sc_hd__a31o_4)
                  0.06    0.27    4.34 v _3359_/X (sky130_fd_sc_hd__a31o_4)
     5    0.02                           _0246_ (net)
                  0.06    0.00    4.34 v _3934_/A1 (sky130_fd_sc_hd__a31oi_4)
                  0.23    0.22    4.56 ^ _3934_/Y (sky130_fd_sc_hd__a31oi_4)
     6    0.02                           _0821_ (net)
                  0.23    0.00    4.56 ^ _4251_/A1 (sky130_fd_sc_hd__o31ai_4)
                  0.09    0.12    4.68 v _4251_/Y (sky130_fd_sc_hd__o31ai_4)
     3    0.01                           _1138_ (net)
                  0.09    0.00    4.68 v _4258_/A2 (sky130_fd_sc_hd__a31o_1)
                  0.06    0.26    4.94 v _4258_/X (sky130_fd_sc_hd__a31o_1)
     2    0.01                           _1145_ (net)
                  0.06    0.00    4.94 v _4260_/A2 (sky130_fd_sc_hd__a21oi_2)
                  0.14    0.18    5.12 ^ _4260_/Y (sky130_fd_sc_hd__a21oi_2)
     1    0.01                           _1147_ (net)
                  0.14    0.00    5.12 ^ _4261_/B (sky130_fd_sc_hd__xnor2_2)
                  0.07    0.10    5.22 v _4261_/Y (sky130_fd_sc_hd__xnor2_2)
     2    0.01                           _1148_ (net)
                  0.07    0.00    5.22 v _4263_/A2 (sky130_fd_sc_hd__o21ai_4)
                  0.31    0.29    5.51 ^ _4263_/Y (sky130_fd_sc_hd__o21ai_4)
     5    0.04                           _1150_ (net)
                  0.31    0.00    5.51 ^ _4796_/A (sky130_fd_sc_hd__buf_8)
                  0.08    0.19    5.69 ^ _4796_/X (sky130_fd_sc_hd__buf_8)
     6    0.04                           _1680_ (net)
                  0.08    0.00    5.69 ^ split1/A (sky130_fd_sc_hd__buf_12)
                  0.08    0.14    5.84 ^ split1/X (sky130_fd_sc_hd__buf_12)
     5    0.05                           net724 (net)
                  0.08    0.00    5.84 ^ _4866_/A (sky130_fd_sc_hd__xnor2_4)
                  0.06    0.08    5.91 v _4866_/Y (sky130_fd_sc_hd__xnor2_4)
     3    0.01                           _1749_ (net)
                  0.06    0.00    5.91 v _4870_/C (sky130_fd_sc_hd__or4b_4)
                  0.08    0.50    6.41 v _4870_/X (sky130_fd_sc_hd__or4b_4)
     2    0.00                           _1753_ (net)
                  0.08    0.00    6.41 v _4885_/C (sky130_fd_sc_hd__or4_4)
                  0.09    0.52    6.93 v _4885_/X (sky130_fd_sc_hd__or4_4)
     2    0.01                           _1768_ (net)
                  0.09    0.00    6.93 v _4892_/B (sky130_fd_sc_hd__or4b_4)
                  0.09    0.56    7.49 v _4892_/X (sky130_fd_sc_hd__or4b_4)
     4    0.01                           _1775_ (net)
                  0.09    0.00    7.49 v _4918_/A (sky130_fd_sc_hd__or4b_4)
                  0.10    0.60    8.09 v _4918_/X (sky130_fd_sc_hd__or4b_4)
     5    0.01                           _1801_ (net)
                  0.10    0.00    8.09 v _4919_/D (sky130_fd_sc_hd__or4_4)
                  0.10    0.47    8.56 v _4919_/X (sky130_fd_sc_hd__or4_4)
     5    0.01                           _1802_ (net)
                  0.10    0.00    8.56 v _4920_/D (sky130_fd_sc_hd__or4_4)
                  0.11    0.49    9.05 v _4920_/X (sky130_fd_sc_hd__or4_4)
     5    0.02                           _1803_ (net)
                  0.11    0.00    9.05 v _4921_/D (sky130_fd_sc_hd__or4_4)
                  0.10    0.48    9.53 v _4921_/X (sky130_fd_sc_hd__or4_4)
     6    0.01                           _1804_ (net)
                  0.10    0.00    9.53 v _4922_/D (sky130_fd_sc_hd__or4_4)
                  0.09    0.46    9.98 v _4922_/X (sky130_fd_sc_hd__or4_4)
     4    0.01                           _1805_ (net)
                  0.09    0.00    9.98 v _4925_/C (sky130_fd_sc_hd__or4b_4)
                  0.10    0.53   10.52 v _4925_/X (sky130_fd_sc_hd__or4b_4)
     5    0.01                           _1808_ (net)
                  0.10    0.00   10.52 v _4926_/D (sky130_fd_sc_hd__or4_4)
                  0.10    0.48   11.00 v _4926_/X (sky130_fd_sc_hd__or4_4)
     4    0.01                           _1809_ (net)
                  0.10    0.00   11.00 v _4933_/B (sky130_fd_sc_hd__or4b_4)
                  0.10    0.57   11.57 v _4933_/X (sky130_fd_sc_hd__or4b_4)
     5    0.01                           _1816_ (net)
                  0.10    0.00   11.57 v _4934_/D (sky130_fd_sc_hd__or4_4)
                  0.09    0.46   12.03 v _4934_/X (sky130_fd_sc_hd__or4_4)
     4    0.01                           _1817_ (net)
                  0.09    0.00   12.03 v _4937_/C (sky130_fd_sc_hd__or4b_4)
                  0.09    0.52   12.56 v _4937_/X (sky130_fd_sc_hd__or4b_4)
     1    0.01                           _1820_ (net)
                  0.09    0.00   12.56 v _4938_/A (sky130_fd_sc_hd__buf_8)
                  0.03    0.15   12.71 v _4938_/X (sky130_fd_sc_hd__buf_8)
     6    0.02                           _1821_ (net)
                  0.03    0.00   12.71 v _4939_/D (sky130_fd_sc_hd__or4_4)
                  0.11    0.48   13.19 v _4939_/X (sky130_fd_sc_hd__or4_4)
     3    0.02                           _1822_ (net)
                  0.11    0.00   13.19 v _4940_/B (sky130_fd_sc_hd__or2_4)
                  0.06    0.28   13.47 v _4940_/X (sky130_fd_sc_hd__or2_4)
     4    0.01                           _1823_ (net)
                  0.06    0.00   13.47 v _4941_/D (sky130_fd_sc_hd__or4_4)
                  0.10    0.46   13.92 v _4941_/X (sky130_fd_sc_hd__or4_4)
     6    0.01                           _1824_ (net)
                  0.10    0.00   13.92 v _4942_/D (sky130_fd_sc_hd__or4_4)
                  0.10    0.48   14.41 v _4942_/X (sky130_fd_sc_hd__or4_4)
     6    0.01                           _1825_ (net)
                  0.10    0.00   14.41 v _4943_/D (sky130_fd_sc_hd__or4_4)
                  0.10    0.47   14.88 v _4943_/X (sky130_fd_sc_hd__or4_4)
     6    0.01                           _1826_ (net)
                  0.10    0.00   14.88 v _4944_/D (sky130_fd_sc_hd__or4_4)
                  0.10    0.48   15.36 v _4944_/X (sky130_fd_sc_hd__or4_4)
     6    0.01                           _1827_ (net)
                  0.10    0.00   15.36 v _4945_/D (sky130_fd_sc_hd__or4_4)
                  0.10    0.47   15.83 v _4945_/X (sky130_fd_sc_hd__or4_4)
     6    0.01                           _1828_ (net)
                  0.10    0.00   15.83 v _4946_/D (sky130_fd_sc_hd__or4_4)
                  0.10    0.47   16.30 v _4946_/X (sky130_fd_sc_hd__or4_4)
     5    0.01                           _1829_ (net)
                  0.10    0.00   16.30 v _4947_/D (sky130_fd_sc_hd__or4_4)
                  0.10    0.47   16.77 v _4947_/X (sky130_fd_sc_hd__or4_4)
     6    0.01                           _1830_ (net)
                  0.10    0.00   16.77 v _4948_/D (sky130_fd_sc_hd__or4_4)
                  0.10    0.47   17.25 v _4948_/X (sky130_fd_sc_hd__or4_4)
     6    0.01                           _1831_ (net)
                  0.10    0.00   17.25 v _4949_/D (sky130_fd_sc_hd__or4_4)
                  0.10    0.47   17.72 v _4949_/X (sky130_fd_sc_hd__or4_4)
     6    0.01                           _1832_ (net)
                  0.10    0.00   17.72 v _4950_/D (sky130_fd_sc_hd__or4_4)
                  0.10    0.47   18.19 v _4950_/X (sky130_fd_sc_hd__or4_4)
     6    0.01                           _1833_ (net)
                  0.10    0.00   18.19 v _4951_/D (sky130_fd_sc_hd__or4_4)
                  0.11    0.49   18.68 v _4951_/X (sky130_fd_sc_hd__or4_4)
     5    0.02                           _1834_ (net)
                  0.11    0.00   18.68 v _4952_/D (sky130_fd_sc_hd__nor4_4)
                  0.20    0.16   18.83 ^ _4952_/Y (sky130_fd_sc_hd__nor4_4)
     2    0.00                           _1835_ (net)
                  0.20    0.00   18.83 ^ max_cap690/A (sky130_fd_sc_hd__clkbuf_2)
                  0.04    0.15   18.99 ^ max_cap690/X (sky130_fd_sc_hd__clkbuf_2)
     3    0.00                           net690 (net)
                  0.04    0.00   18.99 ^ _4953_/C_N (sky130_fd_sc_hd__or3b_4)
                  0.07    0.38   19.37 v _4953_/X (sky130_fd_sc_hd__or3b_4)
     2    0.00                           _1836_ (net)
                  0.07    0.00   19.37 v _4954_/B (sky130_fd_sc_hd__or2_4)
                  0.06    0.26   19.63 v _4954_/X (sky130_fd_sc_hd__or2_4)
     3    0.01                           _1837_ (net)
                  0.06    0.00   19.63 v _4955_/B (sky130_fd_sc_hd__nor2_4)
                  0.09    0.10   19.73 ^ _4955_/Y (sky130_fd_sc_hd__nor2_4)
     3    0.01                           _1838_ (net)
                  0.09    0.00   19.73 ^ _4956_/A (sky130_fd_sc_hd__nand2_2)
                  0.05    0.05   19.78 v _4956_/Y (sky130_fd_sc_hd__nand2_2)
     2    0.00                           _1839_ (net)
                  0.05    0.00   19.78 v _4957_/B (sky130_fd_sc_hd__or2_4)
                  0.06    0.25   20.03 v _4957_/X (sky130_fd_sc_hd__or2_4)
     3    0.01                           _1840_ (net)
                  0.06    0.00   20.03 v _4958_/B (sky130_fd_sc_hd__nor2_4)
                  0.08    0.09   20.12 ^ _4958_/Y (sky130_fd_sc_hd__nor2_4)
     2    0.01                           _1841_ (net)
                  0.08    0.00   20.12 ^ _4959_/A (sky130_fd_sc_hd__nand2_2)
                  0.05    0.06   20.18 v _4959_/Y (sky130_fd_sc_hd__nand2_2)
     3    0.01                           _1842_ (net)
                  0.05    0.00   20.18 v _4960_/B (sky130_fd_sc_hd__or2_4)
                  0.06    0.26   20.44 v _4960_/X (sky130_fd_sc_hd__or2_4)
     3    0.01                           _1843_ (net)
                  0.06    0.00   20.44 v _4961_/B (sky130_fd_sc_hd__nor2_4)
                  0.09    0.10   20.53 ^ _4961_/Y (sky130_fd_sc_hd__nor2_4)
     3    0.01                           _1844_ (net)
                  0.09    0.00   20.53 ^ _4962_/A (sky130_fd_sc_hd__nand2_2)
                  0.05    0.06   20.59 v _4962_/Y (sky130_fd_sc_hd__nand2_2)
     3    0.01                           _1845_ (net)
                  0.05    0.00   20.59 v _4963_/B (sky130_fd_sc_hd__or2_4)
                  0.05    0.23   20.83 v _4963_/X (sky130_fd_sc_hd__or2_4)
     2    0.00                           _1846_ (net)
                  0.05    0.00   20.83 v _4964_/C (sky130_fd_sc_hd__or3_4)
                  0.09    0.38   21.21 v _4964_/X (sky130_fd_sc_hd__or3_4)
     3    0.02                           _1847_ (net)
                  0.09    0.00   21.21 v _4967_/B (sky130_fd_sc_hd__nor3b_2)
                  0.13    0.18   21.39 ^ _4967_/Y (sky130_fd_sc_hd__nor3b_2)
     2    0.00                           _1850_ (net)
                  0.13    0.00   21.39 ^ max_cap689/A (sky130_fd_sc_hd__buf_2)
                  0.06    0.16   21.55 ^ max_cap689/X (sky130_fd_sc_hd__buf_2)
     2    0.01                           net689 (net)
                  0.06    0.00   21.55 ^ _4968_/B (sky130_fd_sc_hd__xnor2_2)
                  0.12    0.11   21.66 ^ _4968_/Y (sky130_fd_sc_hd__xnor2_2)
     1    0.00                           _1851_ (net)
                  0.12    0.00   21.66 ^ _4969_/B (sky130_fd_sc_hd__xnor2_1)
                  0.15    0.15   21.81 ^ _4969_/Y (sky130_fd_sc_hd__xnor2_1)
     2    0.00                           _1852_ (net)
                  0.15    0.00   21.81 ^ _5119_/A1 (sky130_fd_sc_hd__o21ba_1)
                  0.04    0.15   21.96 ^ _5119_/X (sky130_fd_sc_hd__o21ba_1)
     1    0.00                           _1949_ (net)
                  0.04    0.00   21.96 ^ _5120_/B (sky130_fd_sc_hd__nor2_1)
                  0.04    0.03   22.00 v _5120_/Y (sky130_fd_sc_hd__nor2_1)
     1    0.00                           _1950_ (net)
                  0.04    0.00   22.00 v _5121_/A2 (sky130_fd_sc_hd__o21ai_1)
                  0.09    0.11   22.11 ^ _5121_/Y (sky130_fd_sc_hd__o21ai_1)
     1    0.00                           _1951_ (net)
                  0.09    0.00   22.11 ^ _5122_/A2 (sky130_fd_sc_hd__a21o_1)
                  0.06    0.14   22.24 ^ _5122_/X (sky130_fd_sc_hd__a21o_1)
     1    0.01                           _1952_ (net)
                  0.06    0.00   22.24 ^ _5123_/A2 (sky130_fd_sc_hd__a21oi_2)
                  0.04    0.05   22.29 v _5123_/Y (sky130_fd_sc_hd__a21oi_2)
     1    0.00                           _1953_ (net)
                  0.04    0.00   22.29 v _5124_/A2 (sky130_fd_sc_hd__o21ba_1)
                  0.03    0.16   22.46 v _5124_/X (sky130_fd_sc_hd__o21ba_1)
     1    0.00                           _1954_ (net)
                  0.03    0.00   22.46 v _5125_/A2 (sky130_fd_sc_hd__o21ba_1)
                  0.03    0.16   22.62 v _5125_/X (sky130_fd_sc_hd__o21ba_1)
     1    0.00                           _1955_ (net)
                  0.03    0.00   22.62 v _5126_/A2 (sky130_fd_sc_hd__o21ba_1)
                  0.03    0.16   22.78 v _5126_/X (sky130_fd_sc_hd__o21ba_1)
     1    0.00                           _1956_ (net)
                  0.03    0.00   22.78 v _5127_/A2 (sky130_fd_sc_hd__o21ba_1)
                  0.03    0.16   22.95 v _5127_/X (sky130_fd_sc_hd__o21ba_1)
     1    0.00                           _1957_ (net)
                  0.03    0.00   22.95 v _5128_/A2 (sky130_fd_sc_hd__o21ba_1)
                  0.03    0.16   23.11 v _5128_/X (sky130_fd_sc_hd__o21ba_1)
     1    0.00                           _1958_ (net)
                  0.03    0.00   23.11 v _5129_/A2 (sky130_fd_sc_hd__o21ba_1)
                  0.03    0.16   23.27 v _5129_/X (sky130_fd_sc_hd__o21ba_1)
     1    0.00                           _1959_ (net)
                  0.03    0.00   23.27 v _5130_/A2 (sky130_fd_sc_hd__o21ba_1)
                  0.03    0.16   23.43 v _5130_/X (sky130_fd_sc_hd__o21ba_1)
     1    0.00                           _1960_ (net)
                  0.03    0.00   23.43 v _5131_/A2 (sky130_fd_sc_hd__o21ba_1)
                  0.03    0.16   23.59 v _5131_/X (sky130_fd_sc_hd__o21ba_1)
     1    0.00                           _1961_ (net)
                  0.03    0.00   23.59 v _5132_/A2 (sky130_fd_sc_hd__o21ba_1)
                  0.03    0.16   23.76 v _5132_/X (sky130_fd_sc_hd__o21ba_1)
     1    0.00                           _1962_ (net)
                  0.03    0.00   23.76 v _5133_/A2 (sky130_fd_sc_hd__o21ba_1)
                  0.03    0.16   23.92 v _5133_/X (sky130_fd_sc_hd__o21ba_1)
     1    0.00                           _1963_ (net)
                  0.03    0.00   23.92 v _5134_/A2 (sky130_fd_sc_hd__o21ba_1)
                  0.03    0.16   24.08 v _5134_/X (sky130_fd_sc_hd__o21ba_1)
     1    0.00                           _1964_ (net)
                  0.03    0.00   24.08 v _5135_/A2 (sky130_fd_sc_hd__o21ba_1)
                  0.03    0.16   24.24 v _5135_/X (sky130_fd_sc_hd__o21ba_1)
     1    0.00                           _1965_ (net)
                  0.03    0.00   24.24 v _5136_/A2 (sky130_fd_sc_hd__o21ai_1)
                  0.09    0.11   24.35 ^ _5136_/Y (sky130_fd_sc_hd__o21ai_1)
     1    0.00                           _1966_ (net)
                  0.09    0.00   24.35 ^ _5137_/A2 (sky130_fd_sc_hd__a21oi_1)
                  0.06    0.07   24.42 v _5137_/Y (sky130_fd_sc_hd__a21oi_1)
     1    0.00                           _1967_ (net)
                  0.06    0.00   24.42 v _5138_/A2 (sky130_fd_sc_hd__o21ba_1)
                  0.03    0.17   24.60 v _5138_/X (sky130_fd_sc_hd__o21ba_1)
     1    0.00                           _1968_ (net)
                  0.03    0.00   24.60 v _5139_/A2 (sky130_fd_sc_hd__o21ai_1)
                  0.09    0.11   24.70 ^ _5139_/Y (sky130_fd_sc_hd__o21ai_1)
     1    0.00                           _1969_ (net)
                  0.09    0.00   24.70 ^ _5140_/A2 (sky130_fd_sc_hd__a21oi_1)
                  0.05    0.07   24.78 v _5140_/Y (sky130_fd_sc_hd__a21oi_1)
     1    0.00                           _1970_ (net)
                  0.05    0.00   24.78 v _5141_/A2 (sky130_fd_sc_hd__o21ba_1)
                  0.03    0.17   24.94 v _5141_/X (sky130_fd_sc_hd__o21ba_1)
     1    0.00                           _1971_ (net)
                  0.03    0.00   24.94 v _5142_/A2 (sky130_fd_sc_hd__o21ai_1)
                  0.09    0.11   25.05 ^ _5142_/Y (sky130_fd_sc_hd__o21ai_1)
     1    0.00                           _1972_ (net)
                  0.09    0.00   25.05 ^ _5143_/A2 (sky130_fd_sc_hd__a21oi_1)
                  0.04    0.07   25.12 v _5143_/Y (sky130_fd_sc_hd__a21oi_1)
     1    0.00                           _1973_ (net)
                  0.04    0.00   25.12 v _5144_/A2 (sky130_fd_sc_hd__o21ba_1)
                  0.03    0.16   25.28 v _5144_/X (sky130_fd_sc_hd__o21ba_1)
     1    0.00                           _1974_ (net)
                  0.03    0.00   25.28 v _5145_/B (sky130_fd_sc_hd__or2_1)
                  0.04    0.20   25.48 v _5145_/X (sky130_fd_sc_hd__or2_1)
     1    0.00                           _1975_ (net)
                  0.04    0.00   25.48 v _5146_/A (sky130_fd_sc_hd__clkbuf_1)
                  0.02    0.09   25.57 v _5146_/X (sky130_fd_sc_hd__clkbuf_1)
     1    0.00                           u_stage3_reg.LZA_CNT_in[8] (net)
                  0.02    0.00   25.57 v _5937_/D (sky130_fd_sc_hd__dfrtp_4)
                                 25.57   data arrival time

                         10.00   10.00   clock clk (rise edge)
                          0.00   10.00   clock source latency
                  0.04    0.03   10.03 ^ clk (in)
     1    0.01                           clk (net)
                  0.04    0.00   10.03 ^ clkbuf_0_clk/A (sky130_fd_sc_hd__clkbuf_16)
                  0.09    0.15   10.18 ^ clkbuf_0_clk/X (sky130_fd_sc_hd__clkbuf_16)
    18    0.07                           clknet_0_clk (net)
                  0.09    0.00   10.18 ^ clkbuf_4_6_0_clk/A (sky130_fd_sc_hd__clkbuf_8)
                  0.04    0.13   10.31 ^ clkbuf_4_6_0_clk/X (sky130_fd_sc_hd__clkbuf_8)
     7    0.01                           clknet_4_6_0_clk (net)
                  0.04    0.00   10.31 ^ _5937_/CLK (sky130_fd_sc_hd__dfrtp_4)
                         -0.25   10.06   clock uncertainty
                          0.00   10.06   clock reconvergence pessimism
                         -0.11    9.96   library setup time
                                  9.96   data required time
-----------------------------------------------------------------------------
                                  9.96   data required time
                                -25.57   data arrival time
-----------------------------------------------------------------------------
                                -15.61   slack (VIOLATED)




===========================================================================
 report_check_types -max_slew -max_cap -max_fanout -violators
============================================================================
======================= Typical Corner ===================================

max fanout

Pin                                   Limit Fanout  Slack
---------------------------------------------------------
clkbuf_4_9_0_clk/X                       10     22    -12 (VIOLATED)
clkbuf_0_clk/X                           10     18     -8 (VIOLATED)
clkbuf_4_8_0_clk/X                       10     16     -6 (VIOLATED)
clkbuf_4_15_0_clk/X                      10     15     -5 (VIOLATED)
clkbuf_4_11_0_clk/X                      10     14     -4 (VIOLATED)
input355/X                               10     14     -4 (VIOLATED)
clkbuf_4_10_0_clk/X                      10     13     -3 (VIOLATED)
clkbuf_4_2_0_clk/X                       10     13     -3 (VIOLATED)
clkbuf_4_12_0_clk/X                      10     12     -2 (VIOLATED)
clkbuf_4_14_0_clk/X                      10     11        (VIOLATED)



===========================================================================
report_parasitic_annotation -report_unannotated
============================================================================
Found 4423 unannotated drivers.
 Aligned_C_s2[0]
 Aligned_C_s2[100]
 Aligned_C_s2[101]
 Aligned_C_s2[102]
 Aligned_C_s2[103]
 Aligned_C_s2[104]
 Aligned_C_s2[105]
 Aligned_C_s2[106]
 Aligned_C_s2[107]
 Aligned_C_s2[108]
 Aligned_C_s2[109]
 Aligned_C_s2[10]
 Aligned_C_s2[110]
 Aligned_C_s2[111]
 Aligned_C_s2[112]
 Aligned_C_s2[113]
 Aligned_C_s2[114]
 Aligned_C_s2[115]
 Aligned_C_s2[116]
 Aligned_C_s2[117]
 Aligned_C_s2[118]
 Aligned_C_s2[119]
 Aligned_C_s2[11]
 Aligned_C_s2[120]
 Aligned_C_s2[121]
 Aligned_C_s2[122]
 Aligned_C_s2[123]
 Aligned_C_s2[124]
 Aligned_C_s2[125]
 Aligned_C_s2[126]
 Aligned_C_s2[127]
 Aligned_C_s2[128]
 Aligned_C_s2[129]
 Aligned_C_s2[12]
 Aligned_C_s2[130]
 Aligned_C_s2[131]
 Aligned_C_s2[132]
 Aligned_C_s2[133]
 Aligned_C_s2[134]
 Aligned_C_s2[135]
 Aligned_C_s2[136]
 Aligned_C_s2[137]
 Aligned_C_s2[138]
 Aligned_C_s2[139]
 Aligned_C_s2[13]
 Aligned_C_s2[140]
 Aligned_C_s2[141]
 Aligned_C_s2[142]
 Aligned_C_s2[143]
 Aligned_C_s2[144]
 Aligned_C_s2[145]
 Aligned_C_s2[146]
 Aligned_C_s2[147]
 Aligned_C_s2[148]
 Aligned_C_s2[149]
 Aligned_C_s2[14]
 Aligned_C_s2[150]
 Aligned_C_s2[151]
 Aligned_C_s2[152]
 Aligned_C_s2[153]
 Aligned_C_s2[154]
 Aligned_C_s2[155]
 Aligned_C_s2[156]
 Aligned_C_s2[157]
 Aligned_C_s2[158]
 Aligned_C_s2[159]
 Aligned_C_s2[15]
 Aligned_C_s2[160]
 Aligned_C_s2[161]
 Aligned_C_s2[162]
 Aligned_C_s2[16]
 Aligned_C_s2[17]
 Aligned_C_s2[18]
 Aligned_C_s2[19]
 Aligned_C_s2[1]
 Aligned_C_s2[20]
 Aligned_C_s2[21]
 Aligned_C_s2[22]
 Aligned_C_s2[23]
 Aligned_C_s2[24]
 Aligned_C_s2[25]
 Aligned_C_s2[26]
 Aligned_C_s2[27]
 Aligned_C_s2[28]
 Aligned_C_s2[29]
 Aligned_C_s2[2]
 Aligned_C_s2[30]
 Aligned_C_s2[31]
 Aligned_C_s2[32]
 Aligned_C_s2[33]
 Aligned_C_s2[34]
 Aligned_C_s2[35]
 Aligned_C_s2[36]
 Aligned_C_s2[37]
 Aligned_C_s2[38]
 Aligned_C_s2[39]
 Aligned_C_s2[3]
 Aligned_C_s2[40]
 Aligned_C_s2[41]
 Aligned_C_s2[42]
 Aligned_C_s2[43]
 Aligned_C_s2[44]
 Aligned_C_s2[45]
 Aligned_C_s2[46]
 Aligned_C_s2[47]
 Aligned_C_s2[48]
 Aligned_C_s2[49]
 Aligned_C_s2[4]
 Aligned_C_s2[50]
 Aligned_C_s2[51]
 Aligned_C_s2[52]
 Aligned_C_s2[53]
 Aligned_C_s2[54]
 Aligned_C_s2[55]
 Aligned_C_s2[56]
 Aligned_C_s2[57]
 Aligned_C_s2[58]
 Aligned_C_s2[59]
 Aligned_C_s2[5]
 Aligned_C_s2[60]
 Aligned_C_s2[61]
 Aligned_C_s2[62]
 Aligned_C_s2[63]
 Aligned_C_s2[64]
 Aligned_C_s2[65]
 Aligned_C_s2[66]
 Aligned_C_s2[67]
 Aligned_C_s2[68]
 Aligned_C_s2[69]
 Aligned_C_s2[6]
 Aligned_C_s2[70]
 Aligned_C_s2[71]
 Aligned_C_s2[72]
 Aligned_C_s2[73]
 Aligned_C_s2[74]
 Aligned_C_s2[75]
 Aligned_C_s2[76]
 Aligned_C_s2[77]
 Aligned_C_s2[78]
 Aligned_C_s2[79]
 Aligned_C_s2[7]
 Aligned_C_s2[80]
 Aligned_C_s2[81]
 Aligned_C_s2[82]
 Aligned_C_s2[83]
 Aligned_C_s2[84]
 Aligned_C_s2[85]
 Aligned_C_s2[86]
 Aligned_C_s2[87]
 Aligned_C_s2[88]
 Aligned_C_s2[89]
 Aligned_C_s2[8]
 Aligned_C_s2[90]
 Aligned_C_s2[91]
 Aligned_C_s2[92]
 Aligned_C_s2[93]
 Aligned_C_s2[94]
 Aligned_C_s2[95]
 Aligned_C_s2[96]
 Aligned_C_s2[97]
 Aligned_C_s2[98]
 Aligned_C_s2[99]
 Aligned_C_s2[9]
 Carry_s2[0]
 Carry_s2[100]
 Carry_s2[101]
 Carry_s2[102]
 Carry_s2[103]
 Carry_s2[104]
 Carry_s2[105]
 Carry_s2[106]
 Carry_s2[107]
 Carry_s2[108]
 Carry_s2[109]
 Carry_s2[10]
 Carry_s2[110]
 Carry_s2[111]
 Carry_s2[112]
 Carry_s2[113]
 Carry_s2[114]
 Carry_s2[115]
 Carry_s2[116]
 Carry_s2[117]
 Carry_s2[118]
 Carry_s2[119]
 Carry_s2[11]
 Carry_s2[120]
 Carry_s2[121]
 Carry_s2[122]
 Carry_s2[123]
 Carry_s2[124]
 Carry_s2[125]
 Carry_s2[126]
 Carry_s2[127]
 Carry_s2[128]
 Carry_s2[129]
 Carry_s2[12]
 Carry_s2[130]
 Carry_s2[131]
 Carry_s2[132]
 Carry_s2[133]
 Carry_s2[134]
 Carry_s2[135]
 Carry_s2[136]
 Carry_s2[137]
 Carry_s2[138]
 Carry_s2[139]
 Carry_s2[13]
 Carry_s2[140]
 Carry_s2[141]
 Carry_s2[142]
 Carry_s2[143]
 Carry_s2[144]
 Carry_s2[145]
 Carry_s2[146]
 Carry_s2[147]
 Carry_s2[148]
 Carry_s2[149]
 Carry_s2[14]
 Carry_s2[150]
 Carry_s2[151]
 Carry_s2[152]
 Carry_s2[153]
 Carry_s2[154]
 Carry_s2[155]
 Carry_s2[156]
 Carry_s2[157]
 Carry_s2[158]
 Carry_s2[159]
 Carry_s2[15]
 Carry_s2[160]
 Carry_s2[161]
 Carry_s2[162]
 Carry_s2[16]
 Carry_s2[17]
 Carry_s2[18]
 Carry_s2[19]
 Carry_s2[1]
 Carry_s2[20]
 Carry_s2[21]
 Carry_s2[22]
 Carry_s2[23]
 Carry_s2[24]
 Carry_s2[25]
 Carry_s2[26]
 Carry_s2[27]
 Carry_s2[28]
 Carry_s2[29]
 Carry_s2[2]
 Carry_s2[30]
 Carry_s2[31]
 Carry_s2[32]
 Carry_s2[33]
 Carry_s2[34]
 Carry_s2[35]
 Carry_s2[36]
 Carry_s2[37]
 Carry_s2[38]
 Carry_s2[39]
 Carry_s2[3]
 Carry_s2[40]
 Carry_s2[41]
 Carry_s2[42]
 Carry_s2[43]
 Carry_s2[44]
 Carry_s2[45]
 Carry_s2[46]
 Carry_s2[47]
 Carry_s2[48]
 Carry_s2[49]
 Carry_s2[4]
 Carry_s2[50]
 Carry_s2[51]
 Carry_s2[52]
 Carry_s2[53]
 Carry_s2[54]
 Carry_s2[55]
 Carry_s2[56]
 Carry_s2[57]
 Carry_s2[58]
 Carry_s2[59]
 Carry_s2[5]
 Carry_s2[60]
 Carry_s2[61]
 Carry_s2[62]
 Carry_s2[63]
 Carry_s2[64]
 Carry_s2[65]
 Carry_s2[66]
 Carry_s2[67]
 Carry_s2[68]
 Carry_s2[69]
 Carry_s2[6]
 Carry_s2[70]
 Carry_s2[71]
 Carry_s2[72]
 Carry_s2[73]
 Carry_s2[74]
 Carry_s2[75]
 Carry_s2[76]
 Carry_s2[77]
 Carry_s2[78]
 Carry_s2[79]
 Carry_s2[7]
 Carry_s2[80]
 Carry_s2[81]
 Carry_s2[82]
 Carry_s2[83]
 Carry_s2[84]
 Carry_s2[85]
 Carry_s2[86]
 Carry_s2[87]
 Carry_s2[88]
 Carry_s2[89]
 Carry_s2[8]
 Carry_s2[90]
 Carry_s2[91]
 Carry_s2[92]
 Carry_s2[93]
 Carry_s2[94]
 Carry_s2[95]
 Carry_s2[96]
 Carry_s2[97]
 Carry_s2[98]
 Carry_s2[99]
 Carry_s2[9]
 PD_mode_s2
 Prec_s2[0]
 Prec_s2[1]
 Prec_s2[2]
 Sign_AB_s2[0]
 Sign_AB_s2[1]
 Sign_AB_s2[2]
 Sign_AB_s2[3]
 Sign_C_s2[0]
 Sign_C_s2[1]
 Sign_C_s2[2]
 Sign_C_s2[3]
 Sticky_C_s2[0]
 Sticky_C_s2[1]
 Sum_s2[0]
 Sum_s2[100]
 Sum_s2[101]
 Sum_s2[102]
 Sum_s2[103]
 Sum_s2[104]
 Sum_s2[105]
 Sum_s2[106]
 Sum_s2[107]
 Sum_s2[108]
 Sum_s2[109]
 Sum_s2[10]
 Sum_s2[110]
 Sum_s2[111]
 Sum_s2[112]
 Sum_s2[113]
 Sum_s2[114]
 Sum_s2[115]
 Sum_s2[116]
 Sum_s2[117]
 Sum_s2[118]
 Sum_s2[119]
 Sum_s2[11]
 Sum_s2[120]
 Sum_s2[121]
 Sum_s2[122]
 Sum_s2[123]
 Sum_s2[124]
 Sum_s2[125]
 Sum_s2[126]
 Sum_s2[127]
 Sum_s2[128]
 Sum_s2[129]
 Sum_s2[12]
 Sum_s2[130]
 Sum_s2[131]
 Sum_s2[132]
 Sum_s2[133]
 Sum_s2[134]
 Sum_s2[135]
 Sum_s2[136]
 Sum_s2[137]
 Sum_s2[138]
 Sum_s2[139]
 Sum_s2[13]
 Sum_s2[140]
 Sum_s2[141]
 Sum_s2[142]
 Sum_s2[143]
 Sum_s2[144]
 Sum_s2[145]
 Sum_s2[146]
 Sum_s2[147]
 Sum_s2[148]
 Sum_s2[149]
 Sum_s2[14]
 Sum_s2[150]
 Sum_s2[151]
 Sum_s2[152]
 Sum_s2[153]
 Sum_s2[154]
 Sum_s2[155]
 Sum_s2[156]
 Sum_s2[157]
 Sum_s2[158]
 Sum_s2[159]
 Sum_s2[15]
 Sum_s2[160]
 Sum_s2[161]
 Sum_s2[162]
 Sum_s2[16]
 Sum_s2[17]
 Sum_s2[18]
 Sum_s2[19]
 Sum_s2[1]
 Sum_s2[20]
 Sum_s2[21]
 Sum_s2[22]
 Sum_s2[23]
 Sum_s2[24]
 Sum_s2[25]
 Sum_s2[26]
 Sum_s2[27]
 Sum_s2[28]
 Sum_s2[29]
 Sum_s2[2]
 Sum_s2[30]
 Sum_s2[31]
 Sum_s2[32]
 Sum_s2[33]
 Sum_s2[34]
 Sum_s2[35]
 Sum_s2[36]
 Sum_s2[37]
 Sum_s2[38]
 Sum_s2[39]
 Sum_s2[3]
 Sum_s2[40]
 Sum_s2[41]
 Sum_s2[42]
 Sum_s2[43]
 Sum_s2[44]
 Sum_s2[45]
 Sum_s2[46]
 Sum_s2[47]
 Sum_s2[48]
 Sum_s2[49]
 Sum_s2[4]
 Sum_s2[50]
 Sum_s2[51]
 Sum_s2[52]
 Sum_s2[53]
 Sum_s2[54]
 Sum_s2[55]
 Sum_s2[56]
 Sum_s2[57]
 Sum_s2[58]
 Sum_s2[59]
 Sum_s2[5]
 Sum_s2[60]
 Sum_s2[61]
 Sum_s2[62]
 Sum_s2[63]
 Sum_s2[64]
 Sum_s2[65]
 Sum_s2[66]
 Sum_s2[67]
 Sum_s2[68]
 Sum_s2[69]
 Sum_s2[6]
 Sum_s2[70]
 Sum_s2[71]
 Sum_s2[72]
 Sum_s2[73]
 Sum_s2[74]
 Sum_s2[75]
 Sum_s2[76]
 Sum_s2[77]
 Sum_s2[78]
 Sum_s2[79]
 Sum_s2[7]
 Sum_s2[80]
 Sum_s2[81]
 Sum_s2[82]
 Sum_s2[83]
 Sum_s2[84]
 Sum_s2[85]
 Sum_s2[86]
 Sum_s2[87]
 Sum_s2[88]
 Sum_s2[89]
 Sum_s2[8]
 Sum_s2[90]
 Sum_s2[91]
 Sum_s2[92]
 Sum_s2[93]
 Sum_s2[94]
 Sum_s2[95]
 Sum_s2[96]
 Sum_s2[97]
 Sum_s2[98]
 Sum_s2[99]
 Sum_s2[9]
 Valid_s2[0]
 Valid_s2[1]
 Valid_s2[2]
 Valid_s2[3]
 clk
 rst_n
 valid_s1
 Stage3_Top_721/HI
 Stage3_Top_721/LO
 Stage3_Top_722/HI
 Stage3_Top_722/LO
 Stage3_Top_723/HI
 Stage3_Top_723/LO
 _2789_/Y
 _2790_/X
 _2791_/Y
 _2792_/X
 _2793_/Y
 _2794_/X
 _2795_/X
 _2796_/X
 _2797_/Y
 _2798_/Y
 _2799_/Y
 _2800_/X
 _2801_/Y
 _2802_/X
 _2803_/Y
 _2804_/X
 _2805_/Y
 _2806_/Y
 _2807_/Y
 _2808_/X
 _2809_/X
 _2810_/Y
 _2811_/X
 _2812_/Y
 _2813_/X
 _2814_/X
 _2815_/Y
 _2816_/Y
 _2817_/Y
 _2818_/X
 _2819_/X
 _2820_/Y
 _2821_/Y
 _2822_/X
 _2823_/Y
 _2824_/X
 _2825_/Y
 _2826_/X
 _2827_/Y
 _2828_/X
 _2829_/X
 _2830_/Y
 _2831_/Y
 _2832_/Y
 _2833_/X
 _2834_/Y
 _2835_/X
 _2836_/X
 _2837_/Y
 _2838_/X
 _2839_/X
 _2840_/Y
 _2841_/Y
 _2842_/Y
 _2843_/X
 _2844_/X
 _2845_/Y
 _2846_/Y
 _2847_/X
 _2848_/X
 _2849_/Y
 _2850_/X
 _2851_/X
 _2852_/Y
 _2853_/Y
 _2854_/X
 _2855_/X
 _2856_/Y
 _2857_/Y
 _2858_/Y
 _2859_/X
 _2860_/Y
 _2861_/X
 _2862_/X
 _2863_/Y
 _2864_/Y
 _2865_/Y
 _2866_/X
 _2867_/Y
 _2868_/X
 _2869_/Y
 _2870_/X
 _2871_/Y
 _2872_/Y
 _2873_/Y
 _2874_/Y
 _2875_/Y
 _2876_/Y
 _2877_/X
 _2878_/Y
 _2879_/Y
 _2880_/X
 _2881_/Y
 _2882_/Y
 _2883_/X
 _2884_/X
 _2885_/Y
 _2886_/Y
 _2887_/Y
 _2888_/X
 _2889_/Y
 _2890_/X
 _2891_/Y
 _2892_/X
 _2893_/X
 _2894_/Y
 _2895_/Y
 _2896_/Y
 _2897_/X
 _2898_/X
 _2899_/Y
 _2900_/X
 _2901_/Y
 _2902_/X
 _2903_/Y
 _2904_/Y
 _2905_/Y
 _2906_/X
 _2907_/X
 _2908_/Y
 _2909_/X
 _2910_/Y
 _2911_/Y
 _2912_/Y
 _2913_/Y
 _2914_/Y
 _2915_/X
 _2916_/Y
 _2917_/X
 _2918_/Y
 _2919_/Y
 _2920_/Y
 _2921_/X
 _2922_/X
 _2923_/Y
 _2924_/X
 _2925_/Y
 _2926_/X
 _2927_/Y
 _2928_/Y
 _2929_/Y
 _2930_/Y
 _2931_/X
 _2932_/X
 _2933_/X
 _2934_/X
 _2935_/Y
 _2936_/X
 _2937_/Y
 _2938_/Y
 _2939_/Y
 _2940_/Y
 _2941_/X
 _2942_/X
 _2943_/X
 _2944_/Y
 _2945_/Y
 _2946_/X
 _2947_/Y
 _2948_/X
 _2949_/Y
 _2950_/X
 _2951_/X
 _2952_/X
 _2953_/X
 _2954_/X
 _2955_/X
 _2956_/Y
 _2957_/Y
 _2958_/Y
 _2959_/Y
 _2960_/Y
 _2961_/Y
 _2962_/X
 _2963_/Y
 _2964_/X
 _2965_/X
 _2966_/Y
 _2967_/Y
 _2968_/Y
 _2969_/X
 _2970_/X
 _2971_/Y
 _2972_/Y
 _2973_/Y
 _2974_/X
 _2975_/Y
 _2976_/X
 _2977_/Y
 _2978_/X
 _2979_/Y
 _2980_/Y
 _2981_/X
 _2982_/X
 _2983_/Y
 _2984_/Y
 _2985_/Y
 _2986_/Y
 _2987_/Y
 _2988_/X
 _2989_/Y
 _2990_/Y
 _2991_/X
 _2992_/X
 _2993_/Y
 _2994_/Y
 _2995_/Y
 _2996_/Y
 _2997_/X
 _2998_/Y
 _2999_/X
 _3000_/X
 _3001_/Y
 _3002_/Y
 _3003_/X
 _3004_/X
 _3005_/Y
 _3006_/Y
 _3007_/Y
 _3008_/X
 _3009_/X
 _3010_/Y
 _3011_/Y
 _3012_/X
 _3013_/X
 _3014_/X
 _3015_/Y
 _3016_/X
 _3017_/X
 _3018_/Y
 _3019_/Y
 _3020_/X
 _3021_/X
 _3022_/Y
 _3023_/X
 _3024_/Y
 _3025_/Y
 _3026_/X
 _3027_/Y
 _3028_/X
 _3029_/Y
 _3030_/X
 _3031_/X
 _3032_/Y
 _3033_/Y
 _3034_/Y
 _3035_/X
 _3036_/X
 _3037_/Y
 _3038_/Y
 _3039_/X
 _3040_/X
 _3041_/Y
 _3042_/X
 _3043_/Y
 _3044_/Y
 _3045_/X
 _3046_/X
 _3047_/Y
 _3048_/Y
 _3049_/Y
 _3050_/Y
 _3051_/Y
 _3052_/Y
 _3053_/Y
 _3054_/X
 _3055_/X
 _3056_/X
 _3057_/Y
 _3058_/Y
 _3059_/Y
 _3060_/Y
 _3061_/X
 _3062_/X
 _3063_/X
 _3064_/Y
 _3065_/X
 _3066_/Y
 _3067_/Y
 _3068_/Y
 _3069_/X
 _3070_/X
 _3071_/X
 _3072_/Y
 _3073_/Y
 _3074_/Y
 _3075_/Y
 _3076_/X
 _3077_/Y
 _3078_/Y
 _3079_/X
 _3080_/Y
 _3081_/X
 _3082_/Y
 _3083_/X
 _3084_/X
 _3085_/Y
 _3086_/Y
 _3087_/Y
 _3088_/Y
 _3089_/Y
 _3090_/X
 _3091_/X
 _3092_/Y
 _3093_/Y
 _3094_/X
 _3095_/X
 _3096_/X
 _3097_/Y
 _3098_/X
 _3099_/Y
 _3100_/X
 _3101_/Y
 _3102_/X
 _3103_/X
 _3104_/Y
 _3105_/Y
 _3106_/X
 _3107_/X
 _3108_/Y
 _3109_/X
 _3110_/Y
 _3111_/X
 _3112_/X
 _3113_/Y
 _3114_/X
 _3115_/X
 _3116_/Y
 _3117_/Y
 _3118_/Y
 _3119_/X
 _3120_/X
 _3121_/Y
 _3122_/Y
 _3123_/X
 _3124_/X
 _3125_/Y
 _3126_/X
 _3127_/X
 _3128_/Y
 _3129_/Y
 _3130_/X
 _3131_/X
 _3132_/Y
 _3133_/Y
 _3134_/Y
 _3135_/X
 _3136_/Y
 _3137_/X
 _3138_/X
 _3139_/Y
 _3140_/Y
 _3141_/X
 _3142_/X
 _3143_/Y
 _3144_/Y
 _3145_/Y
 _3146_/X
 _3147_/X
 _3148_/Y
 _3149_/Y
 _3150_/X
 _3151_/X
 _3152_/X
 _3153_/X
 _3154_/Y
 _3155_/Y
 _3156_/Y
 _3157_/X
 _3158_/X
 _3159_/Y
 _3160_/Y
 _3161_/X
 _3162_/X
 _3163_/Y
 _3164_/Y
 _3165_/Y
 _3166_/X
 _3167_/Y
 _3168_/X
 _3169_/Y
 _3170_/X
 _3171_/X
 _3172_/Y
 _3173_/Y
 _3174_/Y
 _3175_/X
 _3176_/X
 _3177_/Y
 _3178_/Y
 _3179_/X
 _3180_/X
 _3181_/Y
 _3182_/X
 _3183_/X
 _3184_/Y
 _3185_/Y
 _3186_/X
 _3187_/X
 _3188_/Y
 _3189_/Y
 _3190_/Y
 _3191_/X
 _3192_/Y
 _3193_/X
 _3194_/X
 _3195_/Y
 _3196_/X
 _3197_/Y
 _3198_/X
 _3199_/Y
 _3200_/Y
 _3201_/Y
 _3202_/Y
 _3203_/Y
 _3204_/X
 _3205_/Y
 _3206_/Y
 _3207_/Y
 _3208_/Y
 _3209_/X
 _3210_/X
 _3211_/X
 _3212_/Y
 _3213_/Y
 _3214_/Y
 _3215_/X
 _3216_/Y
 _3217_/Y
 _3218_/Y
 _3219_/Y
 _3220_/X
 _3221_/X
 _3222_/Y
 _3223_/Y
 _3224_/Y
 _3225_/X
 _3226_/Y
 _3227_/X
 _3228_/Y
 _3229_/X
 _3230_/Y
 _3231_/Y
 _3232_/Y
 _3233_/Y
 _3234_/Y
 _3235_/Y
 _3236_/Y
 _3237_/X
 _3238_/Y
 _3239_/Y
 _3240_/Y
 _3241_/Y
 _3242_/X
 _3243_/X
 _3244_/X
 _3245_/Y
 _3246_/Y
 _3247_/Y
 _3248_/X
 _3249_/X
 _3250_/Y
 _3251_/Y
 _3252_/X
 _3253_/X
 _3254_/Y
 _3255_/Y
 _3256_/Y
 _3257_/X
 _3258_/Y
 _3259_/X
 _3260_/Y
 _3261_/Y
 _3262_/X
 _3263_/X
 _3264_/Y
 _3265_/Y
 _3266_/Y
 _3267_/X
 _3268_/X
 _3269_/Y
 _3270_/Y
 _3271_/X
 _3272_/Y
 _3273_/X
 _3274_/X
 _3275_/Y
 _3276_/Y
 _3277_/Y
 _3278_/X
 _3279_/Y
 _3280_/Y
 _3281_/X
 _3282_/Y
 _3283_/Y
 _3284_/X
 _3285_/X
 _3286_/Y
 _3287_/Y
 _3288_/Y
 _3289_/X
 _3290_/X
 _3291_/Y
 _3292_/Y
 _3293_/X
 _3294_/X
 _3295_/Y
 _3296_/X
 _3297_/Y
 _3298_/Y
 _3299_/X
 _3300_/X
 _3301_/Y
 _3302_/Y
 _3303_/Y
 _3304_/Y
 _3305_/Y
 _3306_/Y
 _3307_/Y
 _3308_/Y
 _3309_/X
 _3310_/Y
 _3311_/Y
 _3312_/X
 _3313_/Y
 _3314_/X
 _3315_/X
 _3316_/Y
 _3317_/Y
 _3318_/Y
 _3319_/Y
 _3320_/Y
 _3321_/X
 _3322_/Y
 _3323_/Y
 _3324_/Y
 _3325_/Y
 _3326_/X
 _3327_/X
 _3328_/Y
 _3329_/Y
 _3330_/Y
 _3331_/X
 _3332_/X
 _3333_/Y
 _3334_/X
 _3335_/Y
 _3336_/Y
 _3337_/Y
 _3338_/Y
 _3339_/X
 _3340_/X
 _3341_/Y
 _3342_/Y
 _3343_/X
 _3344_/X
 _3345_/Y
 _3346_/Y
 _3347_/Y
 _3348_/Y
 _3349_/X
 _3350_/Y
 _3351_/Y
 _3352_/Y
 _3353_/Y
 _3354_/X
 _3355_/Y
 _3356_/X
 _3357_/X
 _3358_/X
 _3359_/X
 _3360_/Y
 _3361_/X
 _3362_/Y
 _3363_/X
 _3364_/Y
 _3365_/Y
 _3366_/Y
 _3367_/Y
 _3368_/Y
 _3369_/X
 _3370_/X
 _3371_/Y
 _3372_/X
 _3373_/Y
 _3374_/Y
 _3375_/Y
 _3376_/X
 _3377_/X
 _3378_/Y
 _3379_/X
 _3380_/Y
 _3381_/X
 _3382_/Y
 _3383_/X
 _3384_/X
 _3385_/Y
 _3386_/Y
 _3387_/X
 _3388_/X
 _3389_/Y
 _3390_/X
 _3391_/X
 _3392_/Y
 _3393_/X
 _3394_/X
 _3395_/Y
 _3396_/X
 _3397_/X
 _3398_/Y
 _3399_/Y
 _3400_/Y
 _3401_/X
 _3402_/X
 _3403_/Y
 _3404_/Y
 _3405_/X
 _3406_/Y
 _3407_/Y
 _3408_/X
 _3409_/Y
 _3410_/Y
 _3411_/Y
 _3412_/Y
 _3413_/Y
 _3414_/Y
 _3415_/X
 _3416_/X
 _3417_/Y
 _3418_/Y
 _3419_/X
 _3420_/X
 _3421_/X
 _3422_/Y
 _3423_/Y
 _3424_/X
 _3425_/X
 _3426_/Y
 _3427_/Y
 _3428_/Y
 _3429_/X
 _3430_/X
 _3431_/Y
 _3432_/Y
 _3433_/X
 _3434_/Y
 _3435_/X
 _3436_/Y
 _3437_/X
 _3438_/Y
 _3439_/X
 _3440_/X
 _3441_/Y
 _3442_/Y
 _3443_/Y
 _3444_/X
 _3445_/Y
 _3446_/X
 _3447_/X
 _3448_/Y
 _3449_/X
 _3450_/X
 _3451_/Y
 _3452_/Y
 _3453_/Y
 _3454_/X
 _3455_/X
 _3456_/Y
 _3457_/Y
 _3458_/X
 _3459_/Y
 _3460_/X
 _3461_/X
 _3462_/Y
 _3463_/Y
 _3464_/X
 _3465_/X
 _3466_/Y
 _3467_/Y
 _3468_/Y
 _3469_/Y
 _3470_/Y
 _3471_/Y
 _3472_/Y
 _3473_/X
 _3474_/Y
 _3475_/Y
 _3476_/X
 _3477_/X
 _3478_/Y
 _3479_/Y
 _3480_/Y
 _3481_/X
 _3482_/X
 _3483_/Y
 _3484_/Y
 _3485_/X
 _3486_/X
 _3487_/Y
 _3488_/X
 _3489_/X
 _3490_/Y
 _3491_/Y
 _3492_/X
 _3493_/X
 _3494_/Y
 _3495_/Y
 _3496_/Y
 _3497_/X
 _3498_/Y
 _3499_/X
 _3500_/X
 _3501_/Y
 _3502_/X
 _3503_/X
 _3504_/Y
 _3505_/Y
 _3506_/Y
 _3507_/X
 _3508_/Y
 _3509_/X
 _3510_/X
 _3511_/Y
 _3512_/Y
 _3513_/X
 _3514_/X
 _3515_/Y
 _3516_/X
 _3517_/Y
 _3518_/X
 _3519_/Y
 _3520_/X
 _3521_/X
 _3522_/Y
 _3523_/Y
 _3524_/Y
 _3525_/X
 _3526_/Y
 _3527_/X
 _3528_/X
 _3529_/Y
 _3530_/Y
 _3531_/Y
 _3532_/X
 _3533_/X
 _3534_/Y
 _3535_/Y
 _3536_/Y
 _3537_/Y
 _3538_/Y
 _3539_/X
 _3540_/X
 _3541_/Y
 _3542_/Y
 _3543_/Y
 _3544_/Y
 _3545_/X
 _3546_/Y
 _3547_/X
 _3548_/X
 _3549_/Y
 _3550_/Y
 _3551_/X
 _3552_/X
 _3553_/Y
 _3554_/X
 _3555_/Y
 _3556_/Y
 _3557_/X
 _3558_/Y
 _3559_/X
 _3560_/Y
 _3561_/X
 _3562_/X
 _3563_/Y
 _3564_/Y
 _3565_/Y
 _3566_/X
 _3567_/X
 _3568_/Y
 _3569_/Y
 _3570_/X
 _3571_/Y
 _3572_/Y
 _3573_/X
 _3574_/Y
 _3575_/Y
 _3576_/Y
 _3577_/Y
 _3578_/Y
 _3579_/Y
 _3580_/X
 _3581_/Y
 _3582_/Y
 _3583_/X
 _3584_/X
 _3585_/X
 _3586_/Y
 _3587_/X
 _3588_/X
 _3589_/Y
 _3590_/Y
 _3591_/Y
 _3592_/X
 _3593_/X
 _3594_/Y
 _3595_/Y
 _3596_/Y
 _3597_/X
 _3598_/X
 _3599_/Y
 _3600_/Y
 _3601_/X
 _3602_/X
 _3603_/X
 _3604_/X
 _3605_/Y
 _3606_/Y
 _3607_/Y
 _3608_/X
 _3609_/X
 _3610_/Y
 _3611_/Y
 _3612_/X
 _3613_/X
 _3614_/Y
 _3615_/Y
 _3616_/Y
 _3617_/X
 _3618_/Y
 _3619_/X
 _3620_/Y
 _3621_/X
 _3622_/X
 _3623_/Y
 _3624_/X
 _3625_/Y
 _3626_/Y
 _3627_/Y
 _3628_/X
 _3629_/X
 _3630_/Y
 _3631_/Y
 _3632_/X
 _3633_/X
 _3634_/X
 _3635_/Y
 _3636_/X
 _3637_/X
 _3638_/Y
 _3639_/Y
 _3640_/Y
 _3641_/X
 _3642_/X
 _3643_/Y
 _3644_/Y
 _3645_/Y
 _3646_/Y
 _3647_/Y
 _3648_/Y
 _3649_/X
 _3650_/Y
 _3651_/Y
 _3652_/X
 _3653_/Y
 _3654_/X
 _3655_/Y
 _3656_/Y
 _3657_/Y
 _3658_/Y
 _3659_/Y
 _3660_/Y
 _3661_/X
 _3662_/Y
 _3663_/X
 _3664_/Y
 _3665_/Y
 _3666_/Y
 _3667_/X
 _3668_/X
 _3669_/X
 _3670_/Y
 _3671_/X
 _3672_/Y
 _3673_/X
 _3674_/Y
 _3675_/X
 _3676_/Y
 _3677_/Y
 _3678_/Y
 _3679_/Y
 _3680_/X
 _3681_/X
 _3682_/Y
 _3683_/X
 _3684_/X
 _3685_/Y
 _3686_/X
 _3687_/X
 _3688_/Y
 _3689_/X
 _3690_/Y
 _3691_/Y
 _3692_/Y
 _3693_/Y
 _3694_/Y
 _3695_/X
 _3696_/Y
 _3697_/X
 _3698_/Y
 _3699_/Y
 _3700_/Y
 _3701_/X
 _3702_/X
 _3703_/X
 _3704_/Y
 _3705_/X
 _3706_/Y
 _3707_/X
 _3708_/Y
 _3709_/X
 _3710_/X
 _3711_/Y
 _3712_/Y
 _3713_/X
 _3714_/X
 _3715_/Y
 _3716_/X
 _3717_/X
 _3718_/Y
 _3719_/X
 _3720_/X
 _3721_/Y
 _3722_/Y
 _3723_/X
 _3724_/X
 _3725_/Y
 _3726_/Y
 _3727_/Y
 _3728_/Y
 _3729_/Y
 _3730_/X
 _3731_/X
 _3732_/Y
 _3733_/Y
 _3734_/X
 _3735_/X
 _3736_/X
 _3737_/Y
 _3738_/X
 _3739_/Y
 _3740_/X
 _3741_/Y
 _3742_/X
 _3743_/X
 _3744_/Y
 _3745_/Y
 _3746_/X
 _3747_/X
 _3748_/Y
 _3749_/X
 _3750_/Y
 _3751_/X
 _3752_/X
 _3753_/Y
 _3754_/X
 _3755_/X
 _3756_/Y
 _3757_/X
 _3758_/Y
 _3759_/Y
 _3760_/Y
 _3761_/X
 _3762_/X
 _3763_/Y
 _3764_/Y
 _3765_/X
 _3766_/X
 _3767_/X
 _3768_/Y
 _3769_/X
 _3770_/X
 _3771_/Y
 _3772_/X
 _3773_/X
 _3774_/Y
 _3775_/Y
 _3776_/X
 _3777_/X
 _3778_/Y
 _3779_/Y
 _3780_/Y
 _3781_/Y
 _3782_/Y
 _3783_/Y
 _3784_/X
 _3785_/Y
 _3786_/X
 _3787_/Y
 _3788_/X
 _3789_/X
 _3790_/Y
 _3791_/Y
 _3792_/Y
 _3793_/Y
 _3794_/Y
 _3795_/X
 _3796_/X
 _3797_/Y
 _3798_/Y
 _3799_/X
 _3800_/X
 _3801_/X
 _3802_/Y
 _3803_/X
 _3804_/X
 _3805_/Y
 _3806_/Y
 _3807_/Y
 _3808_/X
 _3809_/X
 _3810_/Y
 _3811_/Y
 _3812_/X
 _3813_/Y
 _3814_/X
 _3815_/X
 _3816_/Y
 _3817_/X
 _3818_/X
 _3819_/Y
 _3820_/Y
 _3821_/Y
 _3822_/Y
 _3823_/Y
 _3824_/X
 _3825_/X
 _3826_/Y
 _3827_/Y
 _3828_/X
 _3829_/X
 _3830_/Y
 _3831_/X
 _3832_/Y
 _3833_/Y
 _3834_/Y
 _3835_/X
 _3836_/Y
 _3837_/Y
 _3838_/Y
 _3839_/Y
 _3840_/Y
 _3841_/Y
 _3842_/Y
 _3843_/Y
 _3844_/X
 _3845_/Y
 _3846_/Y
 _3847_/Y
 _3848_/Y
 _3849_/X
 _3850_/Y
 _3851_/Y
 _3852_/Y
 _3853_/X
 _3854_/X
 _3855_/X
 _3856_/Y
 _3857_/Y
 _3858_/X
 _3859_/X
 _3860_/Y
 _3861_/Y
 _3862_/Y
 _3863_/Y
 _3864_/Y
 _3865_/X
 _3866_/Y
 _3867_/Y
 _3868_/X
 _3869_/Y
 _3870_/Y
 _3871_/Y
 _3872_/Y
 _3873_/Y
 _3874_/X
 _3875_/X
 _3876_/Y
 _3877_/X
 _3878_/Y
 _3879_/X
 _3880_/Y
 _3881_/Y
 _3882_/Y
 _3883_/Y
 _3884_/Y
 _3885_/X
 _3886_/Y
 _3887_/X
 _3888_/Y
 _3889_/Y
 _3890_/Y
 _3891_/Y
 _3892_/Y
 _3893_/Y
 _3894_/X
 _3895_/Y
 _3896_/Y
 _3897_/Y
 _3898_/Y
 _3899_/Y
 _3900_/Y
 _3901_/Y
 _3902_/Y
 _3903_/Y
 _3904_/X
 _3905_/Y
 _3906_/Y
 _3907_/Y
 _3908_/X
 _3909_/Y
 _3910_/Y
 _3911_/Y
 _3912_/Y
 _3913_/X
 _3914_/X
 _3915_/Y
 _3916_/Y
 _3917_/Y
 _3918_/X
 _3919_/Y
 _3920_/Y
 _3921_/Y
 _3922_/X
 _3923_/Y
 _3924_/Y
 _3925_/X
 _3926_/X
 _3927_/Y
 _3928_/X
 _3929_/Y
 _3930_/X
 _3931_/X
 _3932_/X
 _3933_/X
 _3934_/Y
 _3935_/Y
 _3936_/X
 _3937_/Y
 _3938_/Y
 _3939_/X
 _3940_/Y
 _3941_/Y
 _3942_/X
 _3943_/X
 _3944_/Y
 _3945_/X
 _3946_/Y
 _3947_/Y
 _3948_/Y
 _3949_/X
 _3950_/X
 _3951_/X
 _3952_/Y
 _3953_/X
 _3954_/Y
 _3955_/X
 _3956_/Y
 _3957_/X
 _3958_/Y
 _3959_/Y
 _3960_/Y
 _3961_/X
 _3962_/X
 _3963_/Y
 _3964_/X
 _3965_/Y
 _3966_/Y
 _3967_/Y
 _3968_/Y
 _3969_/X
 _3970_/Y
 _3971_/X
 _3972_/Y
 _3973_/Y
 _3974_/X
 _3975_/Y
 _3976_/Y
 _3977_/X
 _3978_/X
 _3979_/Y
 _3980_/X
 _3981_/Y
 _3982_/Y
 _3983_/Y
 _3984_/X
 _3985_/X
 _3986_/X
 _3987_/Y
 _3988_/X
 _3989_/Y
 _3990_/X
 _3991_/Y
 _3992_/X
 _3993_/Y
 _3994_/Y
 _3995_/Y
 _3996_/Y
 _3997_/X
 _3998_/X
 _3999_/Y
 _4000_/X
 _4001_/Y
 _4002_/Y
 _4003_/Y
 _4004_/Y
 _4005_/X
 _4006_/Y
 _4007_/Y
 _4008_/Y
 _4009_/X
 _4010_/Y
 _4011_/Y
 _4012_/X
 _4013_/X
 _4014_/X
 _4015_/X
 _4016_/Y
 _4017_/X
 _4018_/Y
 _4019_/Y
 _4020_/Y
 _4021_/Y
 _4022_/Y
 _4023_/Y
 _4024_/X
 _4025_/Y
 _4026_/X
 _4027_/Y
 _4028_/X
 _4029_/Y
 _4030_/X
 _4031_/Y
 _4032_/Y
 _4033_/Y
 _4034_/Y
 _4035_/X
 _4036_/X
 _4037_/Y
 _4038_/X
 _4039_/X
 _4040_/Y
 _4041_/X
 _4042_/X
 _4043_/Y
 _4044_/X
 _4045_/Y
 _4046_/Y
 _4047_/Y
 _4048_/Y
 _4049_/Y
 _4050_/X
 _4051_/Y
 _4052_/X
 _4053_/Y
 _4054_/Y
 _4055_/Y
 _4056_/X
 _4057_/X
 _4058_/Y
 _4059_/X
 _4060_/Y
 _4061_/X
 _4062_/Y
 _4063_/X
 _4064_/Y
 _4065_/Y
 _4066_/Y
 _4067_/Y
 _4068_/X
 _4069_/X
 _4070_/Y
 _4071_/X
 _4072_/Y
 _4073_/Y
 _4074_/Y
 _4075_/Y
 _4076_/X
 _4077_/Y
 _4078_/Y
 _4079_/Y
 _4080_/X
 _4081_/Y
 _4082_/Y
 _4083_/Y
 _4084_/Y
 _4085_/X
 _4086_/X
 _4087_/Y
 _4088_/X
 _4089_/Y
 _4090_/Y
 _4091_/Y
 _4092_/X
 _4093_/X
 _4094_/X
 _4095_/Y
 _4096_/X
 _4097_/Y
 _4098_/X
 _4099_/Y
 _4100_/X
 _4101_/Y
 _4102_/Y
 _4103_/Y
 _4104_/X
 _4105_/Y
 _4106_/Y
 _4107_/Y
 _4108_/X
 _4109_/Y
 _4110_/X
 _4111_/Y
 _4112_/X
 _4113_/Y
 _4114_/X
 _4115_/Y
 _4116_/Y
 _4117_/Y
 _4118_/Y
 _4119_/X
 _4120_/X
 _4121_/Y
 _4122_/X
 _4123_/Y
 _4124_/Y
 _4125_/Y
 _4126_/X
 _4127_/X
 _4128_/X
 _4129_/Y
 _4130_/X
 _4131_/Y
 _4132_/X
 _4133_/Y
 _4134_/X
 _4135_/Y
 _4136_/Y
 _4137_/Y
 _4138_/Y
 _4139_/X
 _4140_/X
 _4141_/Y
 _4142_/X
 _4143_/X
 _4144_/Y
 _4145_/X
 _4146_/X
 _4147_/Y
 _4148_/Y
 _4149_/X
 _4150_/Y
 _4151_/Y
 _4152_/Y
 _4153_/Y
 _4154_/Y
 _4155_/Y
 _4156_/Y
 _4157_/X
 _4158_/Y
 _4159_/Y
 _4160_/Y
 _4161_/Y
 _4162_/X
 _4163_/X
 _4164_/X
 _4165_/Y
 _4166_/X
 _4167_/Y
 _4168_/X
 _4169_/Y
 _4170_/X
 _4171_/Y
 _4172_/Y
 _4173_/Y
 _4174_/X
 _4175_/Y
 _4176_/Y
 _4177_/Y
 _4178_/Y
 _4179_/X
 _4180_/Y
 _4181_/X
 _4182_/Y
 _4183_/X
 _4184_/Y
 _4185_/Y
 _4186_/Y
 _4187_/X
 _4188_/Y
 _4189_/Y
 _4190_/Y
 _4191_/X
 _4192_/Y
 _4193_/Y
 _4194_/Y
 _4195_/Y
 _4196_/Y
 _4197_/Y
 _4198_/X
 _4199_/Y
 _4200_/X
 _4201_/X
 _4202_/Y
 _4203_/X
 _4204_/Y
 _4205_/Y
 _4206_/Y
 _4207_/X
 _4208_/X
 _4209_/Y
 _4210_/Y
 _4211_/Y
 _4212_/Y
 _4213_/Y
 _4214_/X
 _4215_/Y
 _4216_/Y
 _4217_/Y
 _4218_/Y
 _4219_/Y
 _4220_/Y
 _4221_/X
 _4222_/Y
 _4223_/X
 _4224_/Y
 _4225_/Y
 _4226_/Y
 _4227_/X
 _4228_/Y
 _4229_/X
 _4230_/Y
 _4231_/X
 _4232_/X
 _4233_/Y
 _4234_/X
 _4235_/X
 _4236_/Y
 _4237_/Y
 _4238_/Y
 _4239_/X
 _4240_/X
 _4241_/Y
 _4242_/Y
 _4243_/X
 _4244_/X
 _4245_/Y
 _4246_/X
 _4247_/X
 _4248_/X
 _4249_/X
 _4250_/Y
 _4251_/Y
 _4252_/X
 _4253_/Y
 _4254_/X
 _4255_/Y
 _4256_/Y
 _4257_/X
 _4258_/X
 _4259_/Y
 _4260_/Y
 _4261_/Y
 _4262_/Y
 _4263_/Y
 _4264_/X
 _4265_/X
 _4266_/X
 _4267_/X
 _4268_/X
 _4269_/X
 _4270_/X
 _4271_/X
 _4272_/X
 _4273_/X
 _4274_/X
 _4275_/X
 _4276_/X
 _4277_/Y
 _4278_/Y
 _4279_/Y
 _4280_/X
 _4281_/X
 _4282_/Y
 _4283_/Y
 _4284_/X
 _4285_/Y
 _4286_/X
 _4287_/X
 _4288_/X
 _4289_/X
 _4290_/X
 _4291_/X
 _4292_/X
 _4293_/X
 _4294_/Y
 _4295_/Y
 _4296_/X
 _4297_/Y
 _4298_/Y
 _4299_/X
 _4300_/Y
 _4301_/X
 _4302_/Y
 _4303_/Y
 _4304_/X
 _4305_/Y
 _4306_/Y
 _4307_/X
 _4308_/Y
 _4309_/Y
 _4310_/X
 _4311_/Y
 _4312_/Y
 _4313_/Y
 _4314_/Y
 _4315_/X
 _4316_/Y
 _4317_/Y
 _4318_/Y
 _4319_/Y
 _4320_/Y
 _4321_/X
 _4322_/Y
 _4323_/Y
 _4324_/X
 _4325_/X
 _4326_/Y
 _4327_/X
 _4328_/Y
 _4329_/Y
 _4330_/X
 _4331_/X
 _4332_/Y
 _4333_/Y
 _4334_/X
 _4335_/Y
 _4336_/Y
 _4337_/Y
 _4338_/Y
 _4339_/Y
 _4340_/X
 _4341_/Y
 _4342_/Y
 _4343_/Y
 _4344_/Y
 _4345_/X
 _4346_/Y
 _4347_/Y
 _4348_/X
 _4349_/Y
 _4350_/Y
 _4351_/X
 _4352_/Y
 _4353_/Y
 _4354_/X
 _4355_/Y
 _4356_/Y
 _4357_/Y
 _4358_/X
 _4359_/X
 _4360_/X
 _4361_/X
 _4362_/Y
 _4363_/X
 _4364_/Y
 _4365_/X
 _4366_/Y
 _4367_/Y
 _4368_/Y
 _4369_/Y
 _4370_/X
 _4371_/X
 _4372_/Y
 _4373_/Y
 _4374_/Y
 _4375_/Y
 _4376_/X
 _4377_/Y
 _4378_/Y
 _4379_/X
 _4380_/Y
 _4381_/Y
 _4382_/Y
 _4383_/X
 _4384_/Y
 _4385_/X
 _4386_/Y
 _4387_/Y
 _4388_/X
 _4389_/X
 _4390_/X
 _4391_/Y
 _4392_/X
 _4393_/Y
 _4394_/X
 _4395_/Y
 _4396_/Y
 _4397_/Y
 _4398_/Y
 _4399_/X
 _4400_/X
 _4401_/X
 _4402_/X
 _4403_/Y
 _4404_/X
 _4405_/Y
 _4406_/Y
 _4407_/X
 _4408_/Y
 _4409_/Y
 _4410_/Y
 _4411_/X
 _4412_/Y
 _4413_/X
 _4414_/Y
 _4415_/Y
 _4416_/Y
 _4417_/Y
 _4418_/Y
 _4419_/X
 _4420_/Y
 _4421_/Y
 _4422_/X
 _4423_/X
 _4424_/Y
 _4425_/Y
 _4426_/X
 _4427_/Y
 _4428_/Y
 _4429_/X
 _4430_/Y
 _4431_/Y
 _4432_/X
 _4433_/Y
 _4434_/Y
 _4435_/Y
 _4436_/Y
 _4437_/X
 _4438_/X
 _4439_/Y
 _4440_/Y
 _4441_/X
 _4442_/Y
 _4443_/Y
 _4444_/X
 _4445_/Y
 _4446_/Y
 _4447_/X
 _4448_/Y
 _4449_/Y
 _4450_/X
 _4451_/Y
 _4452_/Y
 _4453_/X
 _4454_/X
 _4455_/Y
 _4456_/Y
 _4457_/X
 _4458_/Y
 _4459_/Y
 _4460_/X
 _4461_/Y
 _4462_/Y
 _4463_/X
 _4464_/Y
 _4465_/Y
 _4466_/Y
 _4467_/Y
 _4468_/X
 _4469_/X
 _4470_/Y
 _4471_/Y
 _4472_/X
 _4473_/Y
 _4474_/Y
 _4475_/X
 _4476_/Y
 _4477_/Y
 _4478_/X
 _4479_/Y
 _4480_/Y
 _4481_/Y
 _4482_/Y
 _4483_/X
 _4484_/X
 _4485_/Y
 _4486_/X
 _4487_/Y
 _4488_/Y
 _4489_/Y
 _4490_/Y
 _4491_/X
 _4492_/Y
 _4493_/Y
 _4494_/Y
 _4495_/X
 _4496_/X
 _4497_/Y
 _4498_/Y
 _4499_/X
 _4500_/Y
 _4501_/Y
 _4502_/Y
 _4503_/Y
 _4504_/Y
 _4505_/X
 _4506_/X
 _4507_/Y
 _4508_/Y
 _4509_/Y
 _4510_/X
 _4511_/Y
 _4512_/X
 _4513_/Y
 _4514_/Y
 _4515_/X
 _4516_/X
 _4517_/Y
 _4518_/Y
 _4519_/X
 _4520_/Y
 _4521_/Y
 _4522_/Y
 _4523_/Y
 _4524_/X
 _4525_/Y
 _4526_/Y
 _4527_/X
 _4528_/X
 _4529_/Y
 _4530_/Y
 _4531_/X
 _4532_/Y
 _4533_/Y
 _4534_/Y
 _4535_/Y
 _4536_/Y
 _4537_/X
 _4538_/Y
 _4539_/Y
 _4540_/X
 _4541_/X
 _4542_/Y
 _4543_/Y
 _4544_/X
 _4545_/Y
 _4546_/Y
 _4547_/X
 _4548_/Y
 _4549_/Y
 _4550_/Y
 _4551_/Y
 _4552_/X
 _4553_/Y
 _4554_/X
 _4555_/X
 _4556_/Y
 _4557_/Y
 _4558_/X
 _4559_/Y
 _4560_/Y
 _4561_/X
 _4562_/X
 _4563_/X
 _4564_/Y
 _4565_/X
 _4566_/X
 _4567_/Y
 _4568_/Y
 _4569_/Y
 _4570_/X
 _4571_/Y
 _4572_/Y
 _4573_/Y
 _4574_/X
 _4575_/Y
 _4576_/X
 _4577_/Y
 _4578_/X
 _4579_/Y
 _4580_/Y
 _4581_/X
 _4582_/X
 _4583_/Y
 _4584_/X
 _4585_/Y
 _4586_/X
 _4587_/X
 _4588_/Y
 _4589_/Y
 _4590_/Y
 _4591_/Y
 _4592_/Y
 _4593_/X
 _4594_/X
 _4595_/Y
 _4596_/X
 _4597_/Y
 _4598_/Y
 _4599_/X
 _4600_/Y
 _4601_/X
 _4602_/X
 _4603_/Y
 _4604_/Y
 _4605_/Y
 _4606_/Y
 _4607_/Y
 _4608_/Y
 _4609_/Y
 _4610_/Y
 _4611_/X
 _4612_/X
 _4613_/X
 _4614_/X
 _4615_/Y
 _4616_/Y
 _4617_/X
 _4618_/Y
 _4619_/Y
 _4620_/Y
 _4621_/Y
 _4622_/X
 _4623_/Y
 _4624_/Y
 _4625_/X
 _4626_/X
 _4627_/Y
 _4628_/Y
 _4629_/X
 _4630_/X
 _4631_/Y
 _4632_/X
 _4633_/X
 _4634_/Y
 _4635_/Y
 _4636_/X
 _4637_/Y
 _4638_/Y
 _4639_/X
 _4640_/Y
 _4641_/Y
 _4642_/X
 _4643_/Y
 _4644_/Y
 _4645_/X
 _4646_/X
 _4647_/Y
 _4648_/X
 _4649_/Y
 _4650_/X
 _4651_/Y
 _4652_/Y
 _4653_/X
 _4654_/X
 _4655_/Y
 _4656_/Y
 _4657_/Y
 _4658_/Y
 _4659_/Y
 _4660_/Y
 _4661_/Y
 _4662_/X
 _4663_/X
 _4664_/Y
 _4665_/Y
 _4666_/X
 _4667_/X
 _4668_/Y
 _4669_/X
 _4670_/Y
 _4671_/Y
 _4672_/Y
 _4673_/X
 _4674_/Y
 _4675_/X
 _4676_/Y
 _4677_/Y
 _4678_/Y
 _4679_/Y
 _4680_/Y
 _4681_/Y
 _4682_/X
 _4683_/Y
 _4684_/Y
 _4685_/Y
 _4686_/Y
 _4687_/Y
 _4688_/X
 _4689_/X
 _4690_/X
 _4691_/Y
 _4692_/X
 _4693_/Y
 _4694_/Y
 _4695_/Y
 _4696_/X
 _4697_/Y
 _4698_/X
 _4699_/Y
 _4700_/X
 _4701_/Y
 _4702_/Y
 _4703_/Y
 _4704_/Y
 _4705_/Y
 _4706_/Y
 _4707_/X
 _4708_/Y
 _4709_/X
 _4710_/X
 _4711_/Y
 _4712_/X
 _4713_/Y
 _4714_/X
 _4715_/Y
 _4716_/X
 _4717_/Y
 _4718_/Y
 _4719_/Y
 _4720_/Y
 _4721_/X
 _4722_/Y
 _4723_/Y
 _4724_/X
 _4725_/X
 _4726_/X
 _4727_/Y
 _4728_/Y
 _4729_/Y
 _4730_/X
 _4731_/X
 _4732_/X
 _4733_/X
 _4734_/X
 _4735_/Y
 _4736_/X
 _4737_/Y
 _4738_/X
 _4739_/Y
 _4740_/Y
 _4741_/Y
 _4742_/Y
 _4743_/Y
 _4744_/X
 _4745_/Y
 _4746_/Y
 _4747_/Y
 _4748_/Y
 _4749_/Y
 _4750_/X
 _4751_/Y
 _4752_/Y
 _4753_/Y
 _4754_/Y
 _4755_/Y
 _4756_/X
 _4757_/X
 _4758_/Y
 _4759_/X
 _4760_/X
 _4761_/Y
 _4762_/X
 _4763_/X
 _4764_/X
 _4765_/Y
 _4766_/Y
 _4767_/Y
 _4768_/Y
 _4769_/X
 _4770_/Y
 _4771_/Y
 _4772_/Y
 _4773_/Y
 _4774_/X
 _4775_/X
 _4776_/Y
 _4777_/Y
 _4778_/X
 _4779_/X
 _4780_/Y
 _4781_/Y
 _4782_/Y
 _4783_/Y
 _4784_/Y
 _4785_/X
 _4786_/Y
 _4787_/Y
 _4788_/Y
 _4789_/X
 _4790_/X
 _4791_/Y
 _4792_/Y
 _4793_/X
 _4794_/Y
 _4795_/Y
 _4796_/X
 _4797_/X
 _4798_/Y
 _4799_/Y
 _4800_/Y
 _4801_/Y
 _4802_/X
 _4803_/Y
 _4804_/X
 _4805_/Y
 _4806_/Y
 _4807_/Y
 _4808_/Y
 _4809_/Y
 _4810_/X
 _4811_/X
 _4812_/X
 _4813_/Y
 _4814_/Y
 _4815_/Y
 _4816_/X
 _4817_/X
 _4818_/X
 _4819_/Y
 _4820_/Y
 _4821_/Y
 _4822_/X
 _4823_/Y
 _4824_/X
 _4825_/Y
 _4826_/Y
 _4827_/X
 _4828_/Y
 _4829_/X
 _4830_/Y
 _4831_/Y
 _4832_/Y
 _4833_/Y
 _4834_/Y
 _4835_/Y
 _4836_/Y
 _4837_/X
 _4838_/Y
 _4839_/X
 _4840_/Y
 _4841_/Y
 _4842_/Y
 _4843_/X
 _4844_/Y
 _4845_/Y
 _4846_/Y
 _4847_/X
 _4848_/Y
 _4849_/Y
 _4850_/Y
 _4851_/Y
 _4852_/X
 _4853_/X
 _4854_/Y
 _4855_/X
 _4856_/Y
 _4857_/Y
 _4858_/X
 _4859_/Y
 _4860_/Y
 _4861_/X
 _4862_/X
 _4863_/Y
 _4864_/X
 _4865_/Y
 _4866_/Y
 _4867_/Y
 _4868_/Y
 _4869_/Y
 _4870_/X
 _4871_/X
 _4872_/Y
 _4873_/Y
 _4874_/X
 _4875_/Y
 _4876_/Y
 _4877_/Y
 _4878_/Y
 _4879_/Y
 _4880_/X
 _4881_/Y
 _4882_/Y
 _4883_/X
 _4884_/X
 _4885_/X
 _4886_/X
 _4887_/Y
 _4888_/Y
 _4889_/X
 _4890_/X
 _4891_/Y
 _4892_/X
 _4893_/Y
 _4894_/Y
 _4895_/Y
 _4896_/X
 _4897_/Y
 _4898_/X
 _4899_/Y
 _4900_/Y
 _4901_/Y
 _4902_/X
 _4903_/Y
 _4904_/Y
 _4905_/Y
 _4906_/X
 _4907_/Y
 _4908_/Y
 _4909_/X
 _4910_/X
 _4911_/Y
 _4912_/Y
 _4913_/Y
 _4914_/Y
 _4915_/X
 _4916_/Y
 _4917_/X
 _4918_/X
 _4919_/X
 _4920_/X
 _4921_/X
 _4922_/X
 _4923_/X
 _4924_/X
 _4925_/X
 _4926_/X
 _4927_/X
 _4928_/Y
 _4929_/Y
 _4930_/X
 _4931_/X
 _4932_/Y
 _4933_/X
 _4934_/X
 _4935_/Y
 _4936_/Y
 _4937_/X
 _4938_/X
 _4939_/X
 _4940_/X
 _4941_/X
 _4942_/X
 _4943_/X
 _4944_/X
 _4945_/X
 _4946_/X
 _4947_/X
 _4948_/X
 _4949_/X
 _4950_/X
 _4951_/X
 _4952_/Y
 _4953_/X
 _4954_/X
 _4955_/Y
 _4956_/Y
 _4957_/X
 _4958_/Y
 _4959_/Y
 _4960_/X
 _4961_/Y
 _4962_/Y
 _4963_/X
 _4964_/X
 _4965_/Y
 _4966_/Y
 _4967_/Y
 _4968_/Y
 _4969_/Y
 _4970_/Y
 _4971_/X
 _4972_/Y
 _4973_/X
 _4974_/Y
 _4975_/Y
 _4976_/X
 _4977_/Y
 _4978_/Y
 _4979_/Y
 _4980_/Y
 _4981_/X
 _4982_/Y
 _4983_/Y
 _4984_/X
 _4985_/Y
 _4986_/Y
 _4987_/Y
 _4988_/Y
 _4989_/X
 _4990_/X
 _4991_/X
 _4992_/X
 _4993_/Y
 _4994_/Y
 _4995_/X
 _4996_/X
 _4997_/X
 _4998_/X
 _4999_/X
 _5000_/X
 _5001_/Y
 _5002_/Y
 _5003_/X
 _5004_/X
 _5005_/X
 _5006_/Y
 _5007_/X
 _5008_/Y
 _5009_/X
 _5010_/Y
 _5011_/Y
 _5012_/Y
 _5013_/X
 _5014_/Y
 _5015_/X
 _5016_/Y
 _5017_/X
 _5018_/X
 _5019_/Y
 _5020_/X
 _5021_/X
 _5022_/Y
 _5023_/X
 _5024_/Y
 _5025_/X
 _5026_/Y
 _5027_/X
 _5028_/X
 _5029_/Y
 _5030_/X
 _5031_/X
 _5032_/Y
 _5033_/X
 _5034_/Y
 _5035_/X
 _5036_/Y
 _5037_/X
 _5038_/X
 _5039_/Y
 _5040_/X
 _5041_/X
 _5042_/Y
 _5043_/X
 _5044_/Y
 _5045_/X
 _5046_/Y
 _5047_/X
 _5048_/X
 _5049_/Y
 _5050_/X
 _5051_/X
 _5052_/Y
 _5053_/X
 _5054_/Y
 _5055_/Y
 _5056_/X
 _5057_/X
 _5058_/Y
 _5059_/Y
 _5060_/X
 _5061_/Y
 _5062_/X
 _5063_/Y
 _5064_/Y
 _5065_/Y
 _5066_/Y
 _5067_/Y
 _5068_/Y
 _5069_/Y
 _5070_/X
 _5071_/Y
 _5072_/X
 _5073_/Y
 _5074_/X
 _5075_/X
 _5076_/Y
 _5077_/X
 _5078_/X
 _5079_/Y
 _5080_/X
 _5081_/Y
 _5082_/X
 _5083_/Y
 _5084_/Y
 _5085_/Y
 _5086_/Y
 _5087_/Y
 _5088_/Y
 _5089_/Y
 _5090_/X
 _5091_/Y
 _5092_/X
 _5093_/Y
 _5094_/X
 _5095_/X
 _5096_/Y
 _5097_/X
 _5098_/X
 _5099_/Y
 _5100_/X
 _5101_/Y
 _5102_/X
 _5103_/Y
 _5104_/Y
 _5105_/Y
 _5106_/Y
 _5107_/Y
 _5108_/Y
 _5109_/Y
 _5110_/X
 _5111_/Y
 _5112_/Y
 _5113_/X
 _5114_/X
 _5115_/Y
 _5116_/Y
 _5117_/X
 _5118_/Y
 _5119_/X
 _5120_/Y
 _5121_/Y
 _5122_/X
 _5123_/Y
 _5124_/X
 _5125_/X
 _5126_/X
 _5127_/X
 _5128_/X
 _5129_/X
 _5130_/X
 _5131_/X
 _5132_/X
 _5133_/X
 _5134_/X
 _5135_/X
 _5136_/Y
 _5137_/Y
 _5138_/X
 _5139_/Y
 _5140_/Y
 _5141_/X
 _5142_/Y
 _5143_/Y
 _5144_/X
 _5145_/X
 _5146_/X
 _5147_/X
 _5148_/X
 _5149_/X
 _5150_/Y
 _5151_/Y
 _5152_/Y
 _5153_/Y
 _5154_/X
 _5155_/X
 _5156_/Y
 _5157_/X
 _5158_/Y
 _5159_/X
 _5160_/Y
 _5161_/Y
 _5162_/Y
 _5163_/X
 _5164_/X
 _5165_/Y
 _5166_/X
 _5167_/Y
 _5168_/Y
 _5169_/Y
 _5170_/X
 _5171_/Y
 _5172_/X
 _5173_/Y
 _5174_/X
 _5175_/Y
 _5176_/X
 _5177_/X
 _5178_/Y
 _5179_/X
 _5180_/X
 _5181_/X
 _5182_/X
 _5183_/X
 _5184_/X
 _5185_/Y
 _5186_/X
 _5187_/X
 _5188_/X
 _5189_/X
 _5190_/X
 _5191_/Y
 _5192_/Y
 _5193_/Y
 _5194_/Y
 _5195_/X
 _5196_/Y
 _5197_/Y
 _5198_/Y
 _5199_/X
 _5200_/Y
 _5201_/Y
 _5202_/X
 _5203_/X
 _5204_/X
 _5205_/Y
 _5206_/X
 _5207_/X
 _5208_/X
 _5209_/X
 _5210_/Y
 _5211_/X
 _5212_/Y
 _5213_/X
 _5214_/Y
 _5215_/X
 _5216_/Y
 _5217_/X
 _5218_/X
 _5219_/Y
 _5220_/X
 _5221_/X
 _5222_/X
 _5223_/X
 _5224_/X
 _5225_/X
 _5226_/X
 _5227_/Y
 _5228_/Y
 _5229_/Y
 _5230_/X
 _5231_/X
 _5232_/X
 _5233_/Y
 _5234_/Y
 _5235_/Y
 _5236_/Y
 _5237_/Y
 _5238_/Y
 _5239_/X
 _5240_/Y
 _5241_/Y
 _5242_/X
 _5243_/Y
 _5244_/Y
 _5245_/Y
 _5246_/Y
 _5247_/Y
 _5248_/Y
 _5249_/X
 _5250_/Y
 _5251_/Y
 _5252_/Y
 _5253_/Y
 _5254_/X
 _5255_/X
 _5256_/X
 _5257_/X
 _5258_/X
 _5259_/X
 _5260_/Y
 _5261_/X
 _5262_/X
 _5263_/Y
 _5264_/Y
 _5265_/X
 _5266_/Y
 _5267_/Y
 _5268_/Y
 _5269_/Y
 _5270_/X
 _5271_/X
 _5272_/X
 _5273_/X
 _5274_/X
 _5275_/X
 _5276_/Y
 _5277_/X
 _5278_/Y
 _5279_/X
 _5280_/X
 _5281_/X
 _5282_/X
 _5283_/Y
 _5284_/Y
 _5285_/X
 _5286_/Y
 _5287_/Y
 _5288_/X
 _5289_/Y
 _5290_/Y
 _5291_/X
 _5292_/Y
 _5293_/Y
 _5294_/X
 _5295_/Y
 _5296_/X
 _5297_/X
 _5298_/Y
 _5299_/Y
 _5300_/X
 _5301_/X
 _5302_/X
 _5303_/Y
 _5304_/Y
 _5305_/X
 _5306_/Y
 _5307_/Y
 _5308_/X
 _5309_/X
 _5310_/X
 _5311_/X
 _5312_/X
 _5313_/X
 _5314_/Y
 _5315_/Y
 _5316_/X
 _5317_/X
 _5318_/X
 _5319_/X
 _5320_/X
 _5321_/X
 _5322_/Y
 _5323_/Y
 _5324_/Y
 _5325_/Y
 _5326_/X
 _5327_/X
 _5328_/X
 _5329_/Y
 _5330_/X
 _5331_/X
 _5332_/Y
 _5333_/X
 _5334_/X
 _5335_/Y
 _5336_/Y
 _5337_/X
 _5338_/Y
 _5339_/Y
 _5340_/X
 _5341_/X
 _5342_/Y
 _5343_/Y
 _5344_/X
 _5345_/Y
 _5346_/X
 _5347_/X
 _5348_/Y
 _5349_/Y
 _5350_/Y
 _5351_/X
 _5352_/X
 _5353_/Y
 _5354_/Y
 _5355_/Y
 _5356_/X
 _5357_/X
 _5358_/Y
 _5359_/Y
 _5360_/Y
 _5361_/X
 _5362_/X
 _5363_/Y
 _5364_/Y
 _5365_/Y
 _5366_/X
 _5367_/Y
 _5368_/X
 _5369_/Y
 _5370_/X
 _5371_/Y
 _5372_/Y
 _5373_/X
 _5374_/Y
 _5375_/Y
 _5376_/Y
 _5377_/X
 _5378_/Y
 _5379_/Y
 _5380_/Y
 _5381_/Y
 _5382_/X
 _5383_/Y
 _5384_/Y
 _5385_/X
 _5386_/Y
 _5387_/Y
 _5388_/X
 _5389_/X
 _5390_/Y
 _5391_/Y
 _5392_/Y
 _5393_/Y
 _5394_/Y
 _5395_/Y
 _5396_/X
 _5397_/Y
 _5398_/X
 _5399_/X
 _5400_/Y
 _5401_/Y
 _5402_/X
 _5403_/X
 _5404_/X
 _5405_/X
 _5406_/X
 _5407_/X
 _5408_/Y
 _5409_/Y
 _5410_/Y
 _5411_/Y
 _5412_/X
 _5413_/X
 _5414_/X
 _5415_/X
 _5416_/Y
 _5417_/Y
 _5418_/X
 _5419_/X
 _5420_/X
 _5421_/X
 _5422_/X
 _5423_/Y
 _5424_/X
 _5425_/X
 _5426_/Y
 _5427_/X
 _5428_/X
 _5429_/X
 _5430_/X
 _5431_/X
 _5432_/X
 _5433_/Y
 _5434_/Y
 _5435_/Y
 _5436_/X
 _5437_/X
 _5438_/X
 _5439_/Y
 _5440_/Y
 _5441_/Y
 _5442_/Y
 _5443_/X
 _5444_/X
 _5445_/Y
 _5446_/X
 _5447_/X
 _5448_/X
 _5449_/Y
 _5450_/Y
 _5451_/X
 _5452_/Y
 _5453_/Y
 _5454_/Y
 _5455_/Y
 _5456_/X
 _5457_/X
 _5458_/X
 _5459_/X
 _5460_/X
 _5461_/X
 _5462_/X
 _5463_/Y
 _5464_/Y
 _5465_/X
 _5466_/X
 _5467_/X
 _5468_/X
 _5469_/Y
 _5470_/Y
 _5471_/X
 _5472_/X
 _5473_/X
 _5474_/Y
 _5475_/X
 _5476_/X
 _5477_/X
 _5478_/Y
 _5479_/X
 _5480_/Y
 _5481_/Y
 _5482_/X
 _5483_/X
 _5484_/Y
 _5485_/Y
 _5486_/X
 _5487_/Y
 _5488_/Y
 _5489_/X
 _5490_/X
 _5491_/X
 _5492_/X
 _5493_/X
 _5494_/X
 _5495_/Y
 _5496_/Y
 _5497_/X
 _5498_/X
 _5499_/X
 _5500_/X
 _5501_/Y
 _5502_/Y
 _5503_/Y
 _5504_/Y
 _5505_/X
 _5506_/X
 _5507_/Y
 _5508_/X
 _5509_/X
 _5510_/X
 _5511_/Y
 _5512_/Y
 _5513_/X
 _5514_/Y
 _5515_/Y
 _5516_/Y
 _5517_/X
 _5518_/X
 _5519_/X
 _5520_/X
 _5521_/Y
 _5522_/Y
 _5523_/Y
 _5524_/Y
 _5525_/X
 _5526_/X
 _5527_/X
 _5528_/X
 _5529_/Y
 _5530_/Y
 _5531_/Y
 _5532_/Y
 _5533_/X
 _5534_/X
 _5535_/Y
 _5536_/X
 _5537_/X
 _5538_/X
 _5539_/Y
 _5540_/Y
 _5541_/X
 _5542_/Y
 _5543_/X
 _5544_/Y
 _5545_/X
 _5546_/Y
 _5547_/Y
 _5548_/Y
 _5549_/X
 _5550_/Y
 _5551_/Y
 _5552_/X
 _5553_/Y
 _5554_/Y
 _5555_/X
 _5556_/X
 _5557_/X
 _5558_/X
 _5559_/X
 _5560_/X
 _5561_/X
 _5562_/X
 _5563_/X
 _5564_/X
 _5565_/X
 _5566_/X
 _5567_/X
 _5568_/X
 _5569_/X
 _5570_/X
 _5571_/X
 _5572_/X
 _5573_/X
 _5574_/X
 _5575_/Y
 _5576_/Y
 _5577_/X
 _5578_/X
 _5579_/Y
 _5580_/Y
 _5581_/X
 _5582_/X
 _5583_/X
 _5584_/X
 _5585_/X
 _5586_/X
 _5587_/Y
 _5588_/Y
 _5589_/Y
 _5590_/Y
 _5591_/X
 _5592_/X
 _5593_/X
 _5594_/X
 _5595_/X
 _5596_/X
 _5597_/Y
 _5598_/Y
 _5599_/X
 _5600_/X
 _5601_/X
 _5602_/X
 _5603_/X
 _5604_/X
 _5605_/Y
 _5606_/Y
 _5607_/X
 _5608_/Y
 _5609_/Y
 _5610_/Y
 _5611_/Y
 _5612_/X
 _5613_/X
 _5614_/Y
 _5615_/X
 _5616_/X
 _5617_/Y
 _5618_/X
 _5619_/X
 _5620_/X
 _5621_/X
 _5622_/X
 _5623_/Y
 _5624_/X
 _5625_/Y
 _5626_/X
 _5627_/X
 _5628_/X
 _5629_/Y
 _5630_/Y
 _5631_/X
 _5632_/Y
 _5633_/X
 _5634_/X
 _5635_/Y
 _5636_/Y
 _5637_/X
 _5638_/Y
 _5639_/Y
 _5640_/X
 _5641_/Y
 _5642_/Y
 _5643_/X
 _5644_/Y
 _5645_/X
 _5646_/X
 _5647_/X
 _5648_/X
 _5649_/Y
 _5650_/Y
 _5651_/X
 _5652_/Y
 _5653_/X
 _5654_/Y
 _5655_/X
 _5656_/X
 _5657_/Y
 _5658_/Y
 _5659_/Y
 _5660_/X
 _5661_/Y
 _5662_/X
 _5663_/Y
 _5664_/X
 _5665_/X
 _5666_/Y
 _5667_/Y
 _5668_/X
 _5669_/Y
 _5670_/X
 _5671_/Y
 _5672_/X
 _5673_/Y
 _5674_/X
 _5675_/X
 _5676_/Y
 _5677_/Y
 _5678_/Y
 _5679_/Y
 _5680_/X
 _5681_/X
 _5682_/Y
 _5683_/Y
 _5684_/X
 _5685_/X
 _5686_/Y
 _5687_/Y
 _5688_/Y
 _5689_/Y
 _5690_/Y
 _5691_/Y
 _5692_/X
 _5693_/Y
 _5694_/X
 _5695_/X
 _5696_/Y
 _5697_/X
 _5698_/X
 _5699_/X
 _5700_/X
 _5701_/Y
 _5702_/Y
 _5703_/X
 _5704_/Y
 _5705_/Y
 _5706_/X
 _5707_/Y
 _5708_/X
 _5709_/Y
 _5710_/X
 _5711_/X
 _5712_/Y
 _5713_/X
 _5714_/X
 _5715_/Y
 _5716_/Y
 _5717_/Y
 _5718_/Y
 _5719_/X
 _5720_/X
 _5721_/X
 _5722_/X
 _5723_/Y
 _5724_/X
 _5725_/X
 _5726_/X
 _5727_/X
 _5728_/X
 _5729_/X
 _5730_/X
 _5731_/X
 _5732_/Y
 _5733_/Y
 _5734_/X
 _5735_/Y
 _5736_/X
 _5737_/Y
 _5738_/X
 _5739_/Y
 _5740_/X
 _5741_/Y
 _5742_/X
 _5743_/Y
 _5744_/Y
 _5745_/X
 _5746_/Y
 _5747_/X
 _5748_/X
 _5749_/Y
 _5750_/X
 _5751_/X
 _5752_/X
 _5753_/Y
 _5754_/X
 _5755_/Y
 _5756_/X
 _5757_/Q
 _5758_/Q
 _5759_/Q
 _5760_/Q
 _5761_/Q
 _5762_/Q
 _5763_/Q
 _5764_/Q
 _5765_/Q
 _5766_/Q
 _5767_/Q
 _5768_/Q
 _5769_/Q
 _5770_/Q
 _5771_/Q
 _5772_/Q
 _5773_/Q
 _5774_/Q
 _5775_/Q
 _5776_/Q
 _5777_/Q
 _5778_/Q
 _5779_/Q
 _5780_/Q
 _5781_/Q
 _5782_/Q
 _5783_/Q
 _5784_/Q
 _5785_/Q
 _5786_/Q
 _5787_/Q
 _5788_/Q
 _5789_/Q
 _5790_/Q
 _5791_/Q
 _5792_/Q
 _5793_/Q
 _5794_/Q
 _5795_/Q
 _5796_/Q
 _5797_/Q
 _5798_/Q
 _5799_/Q
 _5800_/Q
 _5801_/Q
 _5802_/Q
 _5803_/Q
 _5804_/Q
 _5805_/Q
 _5806_/Q
 _5807_/Q
 _5808_/Q
 _5809_/Q
 _5810_/Q
 _5811_/Q
 _5812_/Q
 _5813_/Q
 _5814_/Q
 _5815_/Q
 _5816_/Q
 _5817_/Q
 _5818_/Q
 _5819_/Q
 _5820_/Q
 _5821_/Q
 _5822_/Q
 _5823_/Q
 _5824_/Q
 _5825_/Q
 _5826_/Q
 _5827_/Q
 _5828_/Q
 _5829_/Q
 _5830_/Q
 _5831_/Q
 _5832_/Q
 _5833_/Q
 _5834_/Q
 _5835_/Q
 _5836_/Q
 _5837_/Q
 _5838_/Q
 _5839_/Q
 _5840_/Q
 _5841_/Q
 _5842_/Q
 _5843_/Q
 _5844_/Q
 _5845_/Q
 _5846_/Q
 _5847_/Q
 _5848_/Q
 _5849_/Q
 _5850_/Q
 _5851_/Q
 _5852_/Q
 _5853_/Q
 _5854_/Q
 _5855_/Q
 _5856_/Q
 _5857_/Q
 _5858_/Q
 _5859_/Q
 _5860_/Q
 _5861_/Q
 _5862_/Q
 _5863_/Q
 _5864_/Q
 _5865_/Q
 _5866_/Q
 _5867_/Q
 _5868_/Q
 _5869_/Q
 _5870_/Q
 _5871_/Q
 _5872_/Q
 _5873_/Q
 _5874_/Q
 _5875_/Q
 _5876_/Q
 _5877_/Q
 _5878_/Q
 _5879_/Q
 _5880_/Q
 _5881_/Q
 _5882_/Q
 _5883_/Q
 _5884_/Q
 _5885_/Q
 _5886_/Q
 _5887_/Q
 _5888_/Q
 _5889_/Q
 _5890_/Q
 _5891_/Q
 _5892_/Q
 _5893_/Q
 _5894_/Q
 _5895_/Q
 _5896_/Q
 _5897_/Q
 _5898_/Q
 _5899_/Q
 _5900_/Q
 _5901_/Q
 _5902_/Q
 _5903_/Q
 _5904_/Q
 _5905_/Q
 _5906_/Q
 _5907_/Q
 _5908_/Q
 _5909_/Q
 _5910_/Q
 _5911_/Q
 _5912_/Q
 _5913_/Q
 _5914_/Q
 _5915_/Q
 _5916_/Q
 _5917_/Q
 _5918_/Q
 _5919_/Q
 _5920_/Q
 _5921_/Q
 _5922_/Q
 _5923_/Q
 _5924_/Q
 _5925_/Q
 _5926_/Q
 _5927_/Q
 _5928_/Q
 _5929_/Q
 _5930_/Q
 _5931_/Q
 _5932_/Q
 _5933_/Q
 _5934_/Q
 _5935_/Q
 _5936_/Q
 _5937_/Q
 _5938_/Q
 _5939_/Q
 _5940_/Q
 _5941_/Q
 _5942_/Q
 _5946_/X
 clkbuf_0_clk/X
 clkbuf_4_0_0_clk/X
 clkbuf_4_10_0_clk/X
 clkbuf_4_11_0_clk/X
 clkbuf_4_12_0_clk/X
 clkbuf_4_13_0_clk/X
 clkbuf_4_14_0_clk/X
 clkbuf_4_15_0_clk/X
 clkbuf_4_1_0_clk/X
 clkbuf_4_2_0_clk/X
 clkbuf_4_3_0_clk/X
 clkbuf_4_4_0_clk/X
 clkbuf_4_5_0_clk/X
 clkbuf_4_6_0_clk/X
 clkbuf_4_7_0_clk/X
 clkbuf_4_8_0_clk/X
 clkbuf_4_9_0_clk/X
 fanout695/X
 fanout696/X
 fanout697/X
 fanout698/X
 fanout699/X
 fanout700/X
 fanout701/X
 fanout702/X
 fanout703/X
 fanout704/X
 fanout705/X
 fanout706/X
 fanout707/X
 fanout708/X
 fanout709/X
 fanout710/X
 fanout711/X
 fanout712/X
 fanout713/X
 fanout714/X
 fanout715/X
 fanout716/X
 fanout717/X
 fanout718/X
 fanout719/X
 fanout720/X
 input1/X
 input10/X
 input100/X
 input101/X
 input102/X
 input103/X
 input104/X
 input105/X
 input106/X
 input107/X
 input108/X
 input109/X
 input11/X
 input110/X
 input111/X
 input112/X
 input113/X
 input114/X
 input115/X
 input116/X
 input117/X
 input118/X
 input119/X
 input12/X
 input120/X
 input121/X
 input122/X
 input123/X
 input124/X
 input125/X
 input126/X
 input127/X
 input128/X
 input129/X
 input13/X
 input130/X
 input131/X
 input132/X
 input133/X
 input134/X
 input135/X
 input136/X
 input137/X
 input138/X
 input139/X
 input14/X
 input140/X
 input141/X
 input142/X
 input143/X
 input144/X
 input145/X
 input146/X
 input147/X
 input148/X
 input149/X
 input15/X
 input150/X
 input151/X
 input152/X
 input153/X
 input154/X
 input155/X
 input156/X
 input157/X
 input158/X
 input159/X
 input16/X
 input160/X
 input161/X
 input162/X
 input163/X
 input164/X
 input165/X
 input166/X
 input167/X
 input168/X
 input169/X
 input17/X
 input170/X
 input171/X
 input172/X
 input173/X
 input174/X
 input175/X
 input176/X
 input177/X
 input178/X
 input179/X
 input18/X
 input180/X
 input181/X
 input182/X
 input183/X
 input184/X
 input185/X
 input186/X
 input187/X
 input188/X
 input189/X
 input19/X
 input190/X
 input191/X
 input192/X
 input193/X
 input194/X
 input195/X
 input196/X
 input197/X
 input198/X
 input199/X
 input2/X
 input20/X
 input200/X
 input201/X
 input202/X
 input203/X
 input204/X
 input205/X
 input206/X
 input207/X
 input208/X
 input209/X
 input21/X
 input210/X
 input211/X
 input212/X
 input213/X
 input214/X
 input215/X
 input216/X
 input217/X
 input218/X
 input219/X
 input22/X
 input220/X
 input221/X
 input222/X
 input223/X
 input224/X
 input225/X
 input226/X
 input227/X
 input228/X
 input229/X
 input23/X
 input230/X
 input231/X
 input232/X
 input233/X
 input234/X
 input235/X
 input236/X
 input237/X
 input238/X
 input239/X
 input24/X
 input240/X
 input241/X
 input242/X
 input243/X
 input244/X
 input245/X
 input246/X
 input247/X
 input248/X
 input249/X
 input25/X
 input250/X
 input251/X
 input252/X
 input253/X
 input254/X
 input255/X
 input256/X
 input257/X
 input258/X
 input259/X
 input26/X
 input260/X
 input261/X
 input262/X
 input263/X
 input264/X
 input265/X
 input266/X
 input267/X
 input268/X
 input269/X
 input27/X
 input270/X
 input271/X
 input272/X
 input273/X
 input274/X
 input275/X
 input276/X
 input277/X
 input278/X
 input279/X
 input28/X
 input280/X
 input281/X
 input282/X
 input283/X
 input284/X
 input285/X
 input286/X
 input287/X
 input288/X
 input289/X
 input29/X
 input290/X
 input291/X
 input292/X
 input293/X
 input294/X
 input295/X
 input296/X
 input297/X
 input298/X
 input299/X
 input3/X
 input30/X
 input300/X
 input301/X
 input302/X
 input303/X
 input304/X
 input305/X
 input306/X
 input307/X
 input308/X
 input309/X
 input31/X
 input310/X
 input311/X
 input312/X
 input313/X
 input314/X
 input315/X
 input316/X
 input317/X
 input318/X
 input319/X
 input32/X
 input320/X
 input321/X
 input322/X
 input323/X
 input324/X
 input325/X
 input326/X
 input327/X
 input328/X
 input329/X
 input33/X
 input330/X
 input331/X
 input332/X
 input333/X
 input334/X
 input335/X
 input336/X
 input337/X
 input338/X
 input339/X
 input34/X
 input340/X
 input341/X
 input342/X
 input343/X
 input344/X
 input345/X
 input346/X
 input347/X
 input348/X
 input349/X
 input35/X
 input350/X
 input351/X
 input352/X
 input353/X
 input354/X
 input355/X
 input356/X
 input357/X
 input358/X
 input359/X
 input36/X
 input360/X
 input361/X
 input362/X
 input363/X
 input364/X
 input365/X
 input366/X
 input367/X
 input368/X
 input369/X
 input37/X
 input370/X
 input371/X
 input372/X
 input373/X
 input374/X
 input375/X
 input376/X
 input377/X
 input378/X
 input379/X
 input38/X
 input380/X
 input381/X
 input382/X
 input383/X
 input384/X
 input385/X
 input386/X
 input387/X
 input388/X
 input389/X
 input39/X
 input390/X
 input391/X
 input392/X
 input393/X
 input394/X
 input395/X
 input396/X
 input397/X
 input398/X
 input399/X
 input4/X
 input40/X
 input400/X
 input401/X
 input402/X
 input403/X
 input404/X
 input405/X
 input406/X
 input407/X
 input408/X
 input409/X
 input41/X
 input410/X
 input411/X
 input412/X
 input413/X
 input414/X
 input415/X
 input416/X
 input417/X
 input418/X
 input419/X
 input42/X
 input420/X
 input421/X
 input422/X
 input423/X
 input424/X
 input425/X
 input426/X
 input427/X
 input428/X
 input429/X
 input43/X
 input430/X
 input431/X
 input432/X
 input433/X
 input434/X
 input435/X
 input436/X
 input437/X
 input438/X
 input439/X
 input44/X
 input440/X
 input441/X
 input442/X
 input443/X
 input444/X
 input445/X
 input446/X
 input447/X
 input448/X
 input449/X
 input45/X
 input450/X
 input451/X
 input452/X
 input453/X
 input454/X
 input455/X
 input456/X
 input457/X
 input458/X
 input459/X
 input46/X
 input460/X
 input461/X
 input462/X
 input463/X
 input464/X
 input465/X
 input466/X
 input467/X
 input468/X
 input469/X
 input47/X
 input470/X
 input471/X
 input472/X
 input473/X
 input474/X
 input475/X
 input476/X
 input477/X
 input478/X
 input479/X
 input48/X
 input480/X
 input481/X
 input482/X
 input483/X
 input484/X
 input485/X
 input486/X
 input487/X
 input488/X
 input489/X
 input49/X
 input490/X
 input491/X
 input492/X
 input493/X
 input494/X
 input495/X
 input496/X
 input497/X
 input498/X
 input499/X
 input5/X
 input50/X
 input500/X
 input501/X
 input51/X
 input52/X
 input53/X
 input54/X
 input55/X
 input56/X
 input57/X
 input58/X
 input59/X
 input6/X
 input60/X
 input61/X
 input62/X
 input63/X
 input64/X
 input65/X
 input66/X
 input67/X
 input68/X
 input69/X
 input7/X
 input70/X
 input71/X
 input72/X
 input73/X
 input74/X
 input75/X
 input76/X
 input77/X
 input78/X
 input79/X
 input8/X
 input80/X
 input81/X
 input82/X
 input83/X
 input84/X
 input85/X
 input86/X
 input87/X
 input88/X
 input89/X
 input9/X
 input90/X
 input91/X
 input92/X
 input93/X
 input94/X
 input95/X
 input96/X
 input97/X
 input98/X
 input99/X
 max_cap689/X
 max_cap690/X
 max_cap691/X
 max_cap692/X
 output502/X
 output503/X
 output504/X
 output505/X
 output506/X
 output507/X
 output508/X
 output509/X
 output510/X
 output511/X
 output512/X
 output513/X
 output514/X
 output515/X
 output516/X
 output517/X
 output518/X
 output519/X
 output520/X
 output521/X
 output522/X
 output523/X
 output524/X
 output525/X
 output526/X
 output527/X
 output528/X
 output529/X
 output530/X
 output531/X
 output532/X
 output533/X
 output534/X
 output535/X
 output536/X
 output537/X
 output538/X
 output539/X
 output540/X
 output541/X
 output542/X
 output543/X
 output544/X
 output545/X
 output546/X
 output547/X
 output548/X
 output549/X
 output550/X
 output551/X
 output552/X
 output553/X
 output554/X
 output555/X
 output556/X
 output557/X
 output558/X
 output559/X
 output560/X
 output561/X
 output562/X
 output563/X
 output564/X
 output565/X
 output566/X
 output567/X
 output568/X
 output569/X
 output570/X
 output571/X
 output572/X
 output573/X
 output574/X
 output575/X
 output576/X
 output577/X
 output578/X
 output579/X
 output580/X
 output581/X
 output582/X
 output583/X
 output584/X
 output585/X
 output586/X
 output587/X
 output588/X
 output589/X
 output590/X
 output591/X
 output592/X
 output593/X
 output594/X
 output595/X
 output596/X
 output597/X
 output598/X
 output599/X
 output600/X
 output601/X
 output602/X
 output603/X
 output604/X
 output605/X
 output606/X
 output607/X
 output608/X
 output609/X
 output610/X
 output611/X
 output612/X
 output613/X
 output614/X
 output615/X
 output616/X
 output617/X
 output618/X
 output619/X
 output620/X
 output621/X
 output622/X
 output623/X
 output624/X
 output625/X
 output626/X
 output627/X
 output628/X
 output629/X
 output630/X
 output631/X
 output632/X
 output633/X
 output634/X
 output635/X
 output636/X
 output637/X
 output638/X
 output639/X
 output640/X
 output641/X
 output642/X
 output643/X
 output644/X
 output645/X
 output646/X
 output647/X
 output648/X
 output649/X
 output650/X
 output651/X
 output652/X
 output653/X
 output654/X
 output655/X
 output656/X
 output657/X
 output658/X
 output659/X
 output660/X
 output661/X
 output662/X
 output663/X
 output664/X
 output665/X
 output666/X
 output667/X
 output668/X
 output669/X
 output670/X
 output671/X
 output672/X
 output673/X
 output674/X
 output675/X
 output676/X
 output677/X
 output678/X
 output679/X
 output680/X
 output681/X
 output682/X
 output683/X
 output684/X
 output685/X
 output686/X
 output687/X
 output688/X
 rebuffer1/X
 rebuffer10/X
 rebuffer11/X
 rebuffer12/X
 rebuffer13/X
 rebuffer14/X
 rebuffer2/X
 rebuffer3/X
 rebuffer4/X
 rebuffer5/X
 rebuffer6/X
 rebuffer7/X
 rebuffer8/X
 rebuffer9/X
 split1/X
 wire693/X
 wire694/X
Found 0 partially unannotated drivers.

===========================================================================
max slew violation count 0
max fanout violation count 10
max cap violation count 0
============================================================================

===========================================================================
check_setup -verbose -unconstrained_endpoints -multiple_clock -no_clock -no_input_delay -loops -generated_clocks
===========================================================================
Warning: There are 3 unconstrained endpoints.
  LZA_CNT_s3[14]
  LZA_CNT_s3[15]
  LZA_CNT_s3[7]
