Partial/Required:  8.89, Required:    400.0, Partial:  3555.38, Net: net509, Pin: output509/A, Layer: met1
Partial/Required:  8.76, Required:    400.0, Partial:  3504.75, Net: net580, Pin: output580/A, Layer: met1
Partial/Required:  7.09, Required:    400.0, Partial:  2836.35, Net: net535, Pin: output535/A, Layer: met1
Partial/Required:  6.91, Required:    400.0, Partial:  2764.31, Net: net433, Pin: output433/A, Layer: met1
Partial/Required:  6.79, Required:    400.0, Partial:  2714.49, Net: net545, Pin: output545/A, Layer: met1
Partial/Required:  6.71, Required:    400.0, Partial:  2683.67, Net: net394, Pin: _6787_/A, Layer: met1
Partial/Required:  6.60, Required:    400.0, Partial:  2640.01, Net: net578, Pin: output578/A, Layer: met1
Partial/Required:  6.00, Required:    400.0, Partial:  2401.16, Net: net95, Pin: _7198_/A, Layer: met1
Partial/Required:  5.74, Required:    400.0, Partial:  2297.12, Net: net467, Pin: output467/A, Layer: met1
Partial/Required:  5.42, Required:    400.0, Partial:  2168.75, Net: net450, Pin: output450/A, Layer: met1
Partial/Required:  5.37, Required:    400.0, Partial:   2147.9, Net: net534, Pin: output534/A, Layer: met1
Partial/Required:  5.16, Required:    400.0, Partial:  2065.33, Net: net403, Pin: _6852_/A, Layer: met1
Partial/Required:  4.67, Required:    400.0, Partial:  1869.43, Net: net705, Pin: output705/A, Layer: met1
Partial/Required:  4.59, Required:    400.0, Partial:  1836.17, Net: net452, Pin: output452/A, Layer: met1
Partial/Required:  4.55, Required:    400.0, Partial:  1818.03, Net: net695, Pin: output695/A, Layer: met1
Partial/Required:  4.53, Required:    400.0, Partial:  1810.34, Net: net574, Pin: output574/A, Layer: met1
Partial/Required:  4.47, Required:    400.0, Partial:  1787.66, Net: net630, Pin: output630/A, Layer: met1
Partial/Required:  4.45, Required:    400.0, Partial:   1781.0, Net: net418, Pin: _3507_/A, Layer: met1
Partial/Required:  4.32, Required:    400.0, Partial:  1726.67, Net: net679, Pin: output679/A, Layer: met1
Partial/Required:  4.08, Required:    400.0, Partial:   1633.6, Net: net601, Pin: output601/A, Layer: met1
Partial/Required:  4.05, Required:    400.0, Partial:  1618.48, Net: net503, Pin: output503/A, Layer: met1
Partial/Required:  3.98, Required:    400.0, Partial:  1592.78, Net: net446, Pin: output446/A, Layer: met1
Partial/Required:  3.92, Required:    400.0, Partial:  1567.08, Net: net461, Pin: output461/A, Layer: met1
Partial/Required:  3.85, Required:    400.0, Partial:  1540.35, Net: net657, Pin: output657/A, Layer: met1
Partial/Required:  3.85, Required:    400.0, Partial:  1540.07, Net: net573, Pin: output573/A, Layer: met1
Partial/Required:  3.85, Required:    400.0, Partial:  1538.59, Net: net185, Pin: _5936_/B1, Layer: met1
Partial/Required:  3.74, Required:    400.0, Partial:  1496.03, Net: net629, Pin: output629/A, Layer: met1
Partial/Required:  3.73, Required:    400.0, Partial:  1493.77, Net: net713, Pin: output713/A, Layer: met1
Partial/Required:  3.73, Required:    400.0, Partial:  1492.15, Net: net541, Pin: output541/A, Layer: met1
Partial/Required:  3.69, Required:    400.0, Partial:  1474.86, Net: net111, Pin: _7212_/A, Layer: met1
Partial/Required:  3.46, Required:    400.0, Partial:  1382.65, Net: net652, Pin: output652/A, Layer: met1
Partial/Required:  3.45, Required:    400.0, Partial:  1379.86, Net: net72, Pin: _7177_/A, Layer: met1
Partial/Required:  3.40, Required:    400.0, Partial:  1359.84, Net: net646, Pin: output646/A, Layer: met1
Partial/Required:  3.33, Required:    400.0, Partial:  1331.25, Net: net656, Pin: output656/A, Layer: met1
Partial/Required:  3.31, Required:    400.0, Partial:  1325.22, Net: net28, Pin: _7284_/A, Layer: met1
Partial/Required:  3.24, Required:    400.0, Partial:  1296.65, Net: net266, Pin: _5369_/A2, Layer: met1
Partial/Required:  3.20, Required:    400.0, Partial:  1281.36, Net: net607, Pin: output607/A, Layer: met1
Partial/Required:  3.12, Required:    400.0, Partial:   1248.1, Net: net678, Pin: output678/A, Layer: met1
Partial/Required:  3.07, Required:    400.0, Partial:  1229.96, Net: net585, Pin: output585/A, Layer: met1
Partial/Required:  3.07, Required:    400.0, Partial:  1226.94, Net: net702, Pin: output702/A, Layer: met1
Partial/Required:  2.92, Required:    400.0, Partial:  1167.92, Net: net597, Pin: output597/A, Layer: met1
Partial/Required:  2.69, Required:    400.0, Partial:  1077.22, Net: net258, Pin: _5275_/B, Layer: met1
Partial/Required:  2.58, Required:    400.0, Partial:  1032.98, Net: net661, Pin: output661/A, Layer: met1
Partial/Required:  2.45, Required:    400.0, Partial:   980.93, Net: net79, Pin: _7183_/A, Layer: met1
Partial/Required:  2.42, Required:    400.0, Partial:   968.43, Net: net77, Pin: _7181_/A, Layer: met1
Partial/Required:  2.37, Required:    400.0, Partial:   948.74, Net: net308, Pin: _4979_/B, Layer: met1
Partial/Required:  2.37, Required:    400.0, Partial:   948.74, Net: net308, Pin: _4980_/B, Layer: met1
Partial/Required:  2.30, Required:    400.0, Partial:   920.04, Net: net271, Pin: _6695_/B, Layer: met1
Partial/Required:  2.28, Required:    400.0, Partial:   910.99, Net: net603, Pin: output603/A, Layer: met1
Partial/Required:  1.98, Required:    400.0, Partial:   790.51, Net: net624, Pin: output624/A, Layer: met1
Partial/Required:  1.95, Required:    400.0, Partial:   780.98, Net: net519, Pin: output519/A, Layer: met1
Partial/Required:  1.83, Required:    400.0, Partial:   731.52, Net: net420, Pin: _4979_/A, Layer: met1
Partial/Required:  1.83, Required:    400.0, Partial:   731.52, Net: net420, Pin: _4980_/A, Layer: met1
Partial/Required:  1.81, Required:    400.0, Partial:    723.5, Net: net215, Pin: _3640_/B, Layer: met1
Partial/Required:  1.81, Required:    400.0, Partial:    723.5, Net: net215, Pin: _3625_/B, Layer: met1
Partial/Required:  1.76, Required:    400.0, Partial:    705.1, Net: net295, Pin: _6860_/B, Layer: met1
Partial/Required:  1.76, Required:    400.0, Partial:    705.1, Net: net295, Pin: _6859_/B, Layer: met1
Partial/Required:  1.76, Required:    400.0, Partial:   703.96, Net: net436, Pin: output436/A, Layer: met1
Partial/Required:  1.66, Required:    400.0, Partial:   663.46, Net: net492, Pin: output492/A, Layer: met1
Partial/Required:  1.58, Required:    400.0, Partial:   630.99, Net: net227, Pin: _5105_/B, Layer: met1
Partial/Required:  1.58, Required:    400.0, Partial:   630.99, Net: net227, Pin: _5075_/B, Layer: met1
Partial/Required:  1.49, Required:    400.0, Partial:   594.05, Net: net48, Pin: _7302_/A, Layer: met1
Partial/Required:  1.48, Required:    400.0, Partial:   590.43, Net: net464, Pin: output464/A, Layer: met1
Partial/Required:  1.46, Required:    400.0, Partial:   584.22, Net: net376, Pin: _4953_/A, Layer: met1
Partial/Required:  1.43, Required:    400.0, Partial:    572.9, Net: net84, Pin: _7188_/A, Layer: met1
Partial/Required:  1.37, Required:    400.0, Partial:   548.17, Net: _2451_, Pin: _4567_/A, Layer: met1
Partial/Required:  1.36, Required:    400.0, Partial:   545.37, Net: net374, Pin: _5330_/A, Layer: met1
Partial/Required:  1.36, Required:    400.0, Partial:   545.37, Net: net374, Pin: _5329_/A, Layer: met1
Partial/Required:  1.33, Required:    400.0, Partial:   531.84, Net: net5, Pin: _7263_/A, Layer: met1
Partial/Required:  1.30, Required:    400.0, Partial:   519.37, Net: net224, Pin: _5016_/B, Layer: met1
Partial/Required:  1.30, Required:    400.0, Partial:   519.37, Net: net224, Pin: _5007_/B, Layer: met1
Partial/Required:  1.25, Required:    400.0, Partial:   499.98, Net: net319, Pin: _4950_/B, Layer: met1
Partial/Required:  1.25, Required:    400.0, Partial:   499.98, Net: net319, Pin: _4949_/B, Layer: met1
Partial/Required:  1.23, Required:    400.0, Partial:   491.32, Net: net435, Pin: output435/A, Layer: met1
Partial/Required:  1.22, Required:    400.0, Partial:   486.97, Net: net58, Pin: _7311_/A, Layer: met1
Partial/Required:  1.19, Required:    400.0, Partial:   477.64, Net: net44, Pin: _7299_/A, Layer: met1
Partial/Required:  1.15, Required:    400.0, Partial:   459.78, Net: _2943_, Pin: _5131_/B, Layer: met1
Partial/Required:  1.14, Required:  3236.16, Partial:   3682.7, Net: net469, Pin: output469/A, Layer: met1
Partial/Required:  1.13, Required:    400.0, Partial:   453.43, Net: net281, Pin: _6778_/B, Layer: met1
Partial/Required:  1.11, Required:    400.0, Partial:   442.61, Net: net157, Pin: _7254_/A, Layer: met1
