
68. Executing CHECK pass (checking for obvious problems).
Checking module Stage3_Top...
Warning: Wire Stage3_Top.\Valid_s3 [3] is used but has no driver.
Warning: Wire Stage3_Top.\Valid_s3 [2] is used but has no driver.
Warning: Wire Stage3_Top.\Valid_s3 [1] is used but has no driver.
Warning: Wire Stage3_Top.\Valid_s3 [0] is used but has no driver.
Warning: Wire Stage3_Top.\Result_sign_s3 [3] is used but has no driver.
Warning: Wire Stage3_Top.\Result_sign_s3 [2] is used but has no driver.
Warning: Wire Stage3_Top.\Result_sign_s3 [1] is used but has no driver.
Warning: Wire Stage3_Top.\Result_sign_s3 [0] is used but has no driver.
Warning: Wire Stage3_Top.\Prec_s3 [2] is used but has no driver.
Warning: Wire Stage3_Top.\Prec_s3 [1] is used but has no driver.
Warning: Wire Stage3_Top.\Prec_s3 [0] is used but has no driver.
Warning: Wire Stage3_Top.\LZA_CNT_s3 [15] is used but has no driver.
Warning: Wire Stage3_Top.\LZA_CNT_s3 [14] is used but has no driver.
Warning: Wire Stage3_Top.\LZA_CNT_s3 [13] is used but has no driver.
Warning: Wire Stage3_Top.\LZA_CNT_s3 [12] is used but has no driver.
Warning: Wire Stage3_Top.\LZA_CNT_s3 [11] is used but has no driver.
Warning: Wire Stage3_Top.\LZA_CNT_s3 [10] is used but has no driver.
Warning: Wire Stage3_Top.\LZA_CNT_s3 [9] is used but has no driver.
Warning: Wire Stage3_Top.\LZA_CNT_s3 [8] is used but has no driver.
Warning: Wire Stage3_Top.\LZA_CNT_s3 [7] is used but has no driver.
Warning: Wire Stage3_Top.\LZA_CNT_s3 [6] is used but has no driver.
Warning: Wire Stage3_Top.\LZA_CNT_s3 [5] is used but has no driver.
Warning: Wire Stage3_Top.\LZA_CNT_s3 [4] is used but has no driver.
Warning: Wire Stage3_Top.\LZA_CNT_s3 [3] is used but has no driver.
Warning: Wire Stage3_Top.\LZA_CNT_s3 [2] is used but has no driver.
Warning: Wire Stage3_Top.\LZA_CNT_s3 [1] is used but has no driver.
Warning: Wire Stage3_Top.\LZA_CNT_s3 [0] is used but has no driver.
Warning: Wire Stage3_Top.\Add_Rslt_s3 [162] is used but has no driver.
Warning: Wire Stage3_Top.\Add_Rslt_s3 [161] is used but has no driver.
Warning: Wire Stage3_Top.\Add_Rslt_s3 [160] is used but has no driver.
Warning: Wire Stage3_Top.\Add_Rslt_s3 [159] is used but has no driver.
Warning: Wire Stage3_Top.\Add_Rslt_s3 [158] is used but has no driver.
Warning: Wire Stage3_Top.\Add_Rslt_s3 [157] is used but has no driver.
Warning: Wire Stage3_Top.\Add_Rslt_s3 [156] is used but has no driver.
Warning: Wire Stage3_Top.\Add_Rslt_s3 [155] is used but has no driver.
Warning: Wire Stage3_Top.\Add_Rslt_s3 [154] is used but has no driver.
Warning: Wire Stage3_Top.\Add_Rslt_s3 [153] is used but has no driver.
Warning: Wire Stage3_Top.\Add_Rslt_s3 [152] is used but has no driver.
Warning: Wire Stage3_Top.\Add_Rslt_s3 [151] is used but has no driver.
Warning: Wire Stage3_Top.\Add_Rslt_s3 [150] is used but has no driver.
Warning: Wire Stage3_Top.\Add_Rslt_s3 [149] is used but has no driver.
Warning: Wire Stage3_Top.\Add_Rslt_s3 [148] is used but has no driver.
Warning: Wire Stage3_Top.\Add_Rslt_s3 [147] is used but has no driver.
Warning: Wire Stage3_Top.\Add_Rslt_s3 [146] is used but has no driver.
Warning: Wire Stage3_Top.\Add_Rslt_s3 [145] is used but has no driver.
Warning: Wire Stage3_Top.\Add_Rslt_s3 [144] is used but has no driver.
Warning: Wire Stage3_Top.\Add_Rslt_s3 [143] is used but has no driver.
Warning: Wire Stage3_Top.\Add_Rslt_s3 [142] is used but has no driver.
Warning: Wire Stage3_Top.\Add_Rslt_s3 [141] is used but has no driver.
Warning: Wire Stage3_Top.\Add_Rslt_s3 [140] is used but has no driver.
Warning: Wire Stage3_Top.\Add_Rslt_s3 [139] is used but has no driver.
Warning: Wire Stage3_Top.\Add_Rslt_s3 [138] is used but has no driver.
Warning: Wire Stage3_Top.\Add_Rslt_s3 [137] is used but has no driver.
Warning: Wire Stage3_Top.\Add_Rslt_s3 [136] is used but has no driver.
Warning: Wire Stage3_Top.\Add_Rslt_s3 [135] is used but has no driver.
Warning: Wire Stage3_Top.\Add_Rslt_s3 [134] is used but has no driver.
Warning: Wire Stage3_Top.\Add_Rslt_s3 [133] is used but has no driver.
Warning: Wire Stage3_Top.\Add_Rslt_s3 [132] is used but has no driver.
Warning: Wire Stage3_Top.\Add_Rslt_s3 [131] is used but has no driver.
Warning: Wire Stage3_Top.\Add_Rslt_s3 [130] is used but has no driver.
Warning: Wire Stage3_Top.\Add_Rslt_s3 [129] is used but has no driver.
Warning: Wire Stage3_Top.\Add_Rslt_s3 [128] is used but has no driver.
Warning: Wire Stage3_Top.\Add_Rslt_s3 [127] is used but has no driver.
Warning: Wire Stage3_Top.\Add_Rslt_s3 [126] is used but has no driver.
Warning: Wire Stage3_Top.\Add_Rslt_s3 [125] is used but has no driver.
Warning: Wire Stage3_Top.\Add_Rslt_s3 [124] is used but has no driver.
Warning: Wire Stage3_Top.\Add_Rslt_s3 [123] is used but has no driver.
Warning: Wire Stage3_Top.\Add_Rslt_s3 [122] is used but has no driver.
Warning: Wire Stage3_Top.\Add_Rslt_s3 [121] is used but has no driver.
Warning: Wire Stage3_Top.\Add_Rslt_s3 [120] is used but has no driver.
Warning: Wire Stage3_Top.\Add_Rslt_s3 [119] is used but has no driver.
Warning: Wire Stage3_Top.\Add_Rslt_s3 [118] is used but has no driver.
Warning: Wire Stage3_Top.\Add_Rslt_s3 [117] is used but has no driver.
Warning: Wire Stage3_Top.\Add_Rslt_s3 [116] is used but has no driver.
Warning: Wire Stage3_Top.\Add_Rslt_s3 [115] is used but has no driver.
Warning: Wire Stage3_Top.\Add_Rslt_s3 [114] is used but has no driver.
Warning: Wire Stage3_Top.\Add_Rslt_s3 [113] is used but has no driver.
Warning: Wire Stage3_Top.\Add_Rslt_s3 [112] is used but has no driver.
Warning: Wire Stage3_Top.\Add_Rslt_s3 [111] is used but has no driver.
Warning: Wire Stage3_Top.\Add_Rslt_s3 [110] is used but has no driver.
Warning: Wire Stage3_Top.\Add_Rslt_s3 [109] is used but has no driver.
Warning: Wire Stage3_Top.\Add_Rslt_s3 [108] is used but has no driver.
Warning: Wire Stage3_Top.\Add_Rslt_s3 [107] is used but has no driver.
Warning: Wire Stage3_Top.\Add_Rslt_s3 [106] is used but has no driver.
Warning: Wire Stage3_Top.\Add_Rslt_s3 [105] is used but has no driver.
Warning: Wire Stage3_Top.\Add_Rslt_s3 [104] is used but has no driver.
Warning: Wire Stage3_Top.\Add_Rslt_s3 [103] is used but has no driver.
Warning: Wire Stage3_Top.\Add_Rslt_s3 [102] is used but has no driver.
Warning: Wire Stage3_Top.\Add_Rslt_s3 [101] is used but has no driver.
Warning: Wire Stage3_Top.\Add_Rslt_s3 [100] is used but has no driver.
Warning: Wire Stage3_Top.\Add_Rslt_s3 [99] is used but has no driver.
Warning: Wire Stage3_Top.\Add_Rslt_s3 [98] is used but has no driver.
Warning: Wire Stage3_Top.\Add_Rslt_s3 [97] is used but has no driver.
Warning: Wire Stage3_Top.\Add_Rslt_s3 [96] is used but has no driver.
Warning: Wire Stage3_Top.\Add_Rslt_s3 [95] is used but has no driver.
Warning: Wire Stage3_Top.\Add_Rslt_s3 [94] is used but has no driver.
Warning: Wire Stage3_Top.\Add_Rslt_s3 [93] is used but has no driver.
Warning: Wire Stage3_Top.\Add_Rslt_s3 [92] is used but has no driver.
Warning: Wire Stage3_Top.\Add_Rslt_s3 [91] is used but has no driver.
Warning: Wire Stage3_Top.\Add_Rslt_s3 [90] is used but has no driver.
Warning: Wire Stage3_Top.\Add_Rslt_s3 [89] is used but has no driver.
Warning: Wire Stage3_Top.\Add_Rslt_s3 [88] is used but has no driver.
Warning: Wire Stage3_Top.\Add_Rslt_s3 [87] is used but has no driver.
Warning: Wire Stage3_Top.\Add_Rslt_s3 [86] is used but has no driver.
Warning: Wire Stage3_Top.\Add_Rslt_s3 [85] is used but has no driver.
Warning: Wire Stage3_Top.\Add_Rslt_s3 [84] is used but has no driver.
Warning: Wire Stage3_Top.\Add_Rslt_s3 [83] is used but has no driver.
Warning: Wire Stage3_Top.\Add_Rslt_s3 [82] is used but has no driver.
Warning: Wire Stage3_Top.\Add_Rslt_s3 [81] is used but has no driver.
Warning: Wire Stage3_Top.\Add_Rslt_s3 [80] is used but has no driver.
Warning: Wire Stage3_Top.\Add_Rslt_s3 [79] is used but has no driver.
Warning: Wire Stage3_Top.\Add_Rslt_s3 [78] is used but has no driver.
Warning: Wire Stage3_Top.\Add_Rslt_s3 [77] is used but has no driver.
Warning: Wire Stage3_Top.\Add_Rslt_s3 [76] is used but has no driver.
Warning: Wire Stage3_Top.\Add_Rslt_s3 [75] is used but has no driver.
Warning: Wire Stage3_Top.\Add_Rslt_s3 [74] is used but has no driver.
Warning: Wire Stage3_Top.\Add_Rslt_s3 [73] is used but has no driver.
Warning: Wire Stage3_Top.\Add_Rslt_s3 [72] is used but has no driver.
Warning: Wire Stage3_Top.\Add_Rslt_s3 [71] is used but has no driver.
Warning: Wire Stage3_Top.\Add_Rslt_s3 [70] is used but has no driver.
Warning: Wire Stage3_Top.\Add_Rslt_s3 [69] is used but has no driver.
Warning: Wire Stage3_Top.\Add_Rslt_s3 [68] is used but has no driver.
Warning: Wire Stage3_Top.\Add_Rslt_s3 [67] is used but has no driver.
Warning: Wire Stage3_Top.\Add_Rslt_s3 [66] is used but has no driver.
Warning: Wire Stage3_Top.\Add_Rslt_s3 [65] is used but has no driver.
Warning: Wire Stage3_Top.\Add_Rslt_s3 [64] is used but has no driver.
Warning: Wire Stage3_Top.\Add_Rslt_s3 [63] is used but has no driver.
Warning: Wire Stage3_Top.\Add_Rslt_s3 [62] is used but has no driver.
Warning: Wire Stage3_Top.\Add_Rslt_s3 [61] is used but has no driver.
Warning: Wire Stage3_Top.\Add_Rslt_s3 [60] is used but has no driver.
Warning: Wire Stage3_Top.\Add_Rslt_s3 [59] is used but has no driver.
Warning: Wire Stage3_Top.\Add_Rslt_s3 [58] is used but has no driver.
Warning: Wire Stage3_Top.\Add_Rslt_s3 [57] is used but has no driver.
Warning: Wire Stage3_Top.\Add_Rslt_s3 [56] is used but has no driver.
Warning: Wire Stage3_Top.\Add_Rslt_s3 [55] is used but has no driver.
Warning: Wire Stage3_Top.\Add_Rslt_s3 [54] is used but has no driver.
Warning: Wire Stage3_Top.\Add_Rslt_s3 [53] is used but has no driver.
Warning: Wire Stage3_Top.\Add_Rslt_s3 [52] is used but has no driver.
Warning: Wire Stage3_Top.\Add_Rslt_s3 [51] is used but has no driver.
Warning: Wire Stage3_Top.\Add_Rslt_s3 [50] is used but has no driver.
Warning: Wire Stage3_Top.\Add_Rslt_s3 [49] is used but has no driver.
Warning: Wire Stage3_Top.\Add_Rslt_s3 [48] is used but has no driver.
Warning: Wire Stage3_Top.\Add_Rslt_s3 [47] is used but has no driver.
Warning: Wire Stage3_Top.\Add_Rslt_s3 [46] is used but has no driver.
Warning: Wire Stage3_Top.\Add_Rslt_s3 [45] is used but has no driver.
Warning: Wire Stage3_Top.\Add_Rslt_s3 [44] is used but has no driver.
Warning: Wire Stage3_Top.\Add_Rslt_s3 [43] is used but has no driver.
Warning: Wire Stage3_Top.\Add_Rslt_s3 [42] is used but has no driver.
Warning: Wire Stage3_Top.\Add_Rslt_s3 [41] is used but has no driver.
Warning: Wire Stage3_Top.\Add_Rslt_s3 [40] is used but has no driver.
Warning: Wire Stage3_Top.\Add_Rslt_s3 [39] is used but has no driver.
Warning: Wire Stage3_Top.\Add_Rslt_s3 [38] is used but has no driver.
Warning: Wire Stage3_Top.\Add_Rslt_s3 [37] is used but has no driver.
Warning: Wire Stage3_Top.\Add_Rslt_s3 [36] is used but has no driver.
Warning: Wire Stage3_Top.\Add_Rslt_s3 [35] is used but has no driver.
Warning: Wire Stage3_Top.\Add_Rslt_s3 [34] is used but has no driver.
Warning: Wire Stage3_Top.\Add_Rslt_s3 [33] is used but has no driver.
Warning: Wire Stage3_Top.\Add_Rslt_s3 [32] is used but has no driver.
Warning: Wire Stage3_Top.\Add_Rslt_s3 [31] is used but has no driver.
Warning: Wire Stage3_Top.\Add_Rslt_s3 [30] is used but has no driver.
Warning: Wire Stage3_Top.\Add_Rslt_s3 [29] is used but has no driver.
Warning: Wire Stage3_Top.\Add_Rslt_s3 [28] is used but has no driver.
Warning: Wire Stage3_Top.\Add_Rslt_s3 [27] is used but has no driver.
Warning: Wire Stage3_Top.\Add_Rslt_s3 [26] is used but has no driver.
Warning: Wire Stage3_Top.\Add_Rslt_s3 [25] is used but has no driver.
Warning: Wire Stage3_Top.\Add_Rslt_s3 [24] is used but has no driver.
Warning: Wire Stage3_Top.\Add_Rslt_s3 [23] is used but has no driver.
Warning: Wire Stage3_Top.\Add_Rslt_s3 [22] is used but has no driver.
Warning: Wire Stage3_Top.\Add_Rslt_s3 [21] is used but has no driver.
Warning: Wire Stage3_Top.\Add_Rslt_s3 [20] is used but has no driver.
Warning: Wire Stage3_Top.\Add_Rslt_s3 [19] is used but has no driver.
Warning: Wire Stage3_Top.\Add_Rslt_s3 [18] is used but has no driver.
Warning: Wire Stage3_Top.\Add_Rslt_s3 [17] is used but has no driver.
Warning: Wire Stage3_Top.\Add_Rslt_s3 [16] is used but has no driver.
Warning: Wire Stage3_Top.\Add_Rslt_s3 [15] is used but has no driver.
Warning: Wire Stage3_Top.\Add_Rslt_s3 [14] is used but has no driver.
Warning: Wire Stage3_Top.\Add_Rslt_s3 [13] is used but has no driver.
Warning: Wire Stage3_Top.\Add_Rslt_s3 [12] is used but has no driver.
Warning: Wire Stage3_Top.\Add_Rslt_s3 [11] is used but has no driver.
Warning: Wire Stage3_Top.\Add_Rslt_s3 [10] is used but has no driver.
Warning: Wire Stage3_Top.\Add_Rslt_s3 [9] is used but has no driver.
Warning: Wire Stage3_Top.\Add_Rslt_s3 [8] is used but has no driver.
Warning: Wire Stage3_Top.\Add_Rslt_s3 [7] is used but has no driver.
Warning: Wire Stage3_Top.\Add_Rslt_s3 [6] is used but has no driver.
Warning: Wire Stage3_Top.\Add_Rslt_s3 [5] is used but has no driver.
Warning: Wire Stage3_Top.\Add_Rslt_s3 [4] is used but has no driver.
Warning: Wire Stage3_Top.\Add_Rslt_s3 [3] is used but has no driver.
Warning: Wire Stage3_Top.\Add_Rslt_s3 [2] is used but has no driver.
Warning: Wire Stage3_Top.\Add_Rslt_s3 [1] is used but has no driver.
Warning: Wire Stage3_Top.\Add_Rslt_s3 [0] is used but has no driver.
Found and reported 190 problems.
