
68. Printing statistics.

=== Stage1_Module ===

   Number of wires:              13833
   Number of wire bits:          14540
   Number of public wires:         822
   Number of public wire bits:    1529
   Number of memories:               0
   Number of memory bits:            0
   Number of processes:              0
   Number of cells:              14341
     sky130_fd_sc_hd__a2111o_2      11
     sky130_fd_sc_hd__a2111o_4       1
     sky130_fd_sc_hd__a2111oi_2      5
     sky130_fd_sc_hd__a211o_2       60
     sky130_fd_sc_hd__a211oi_2      19
     sky130_fd_sc_hd__a211oi_4       1
     sky130_fd_sc_hd__a21bo_2       85
     sky130_fd_sc_hd__a21bo_4        1
     sky130_fd_sc_hd__a21boi_2      45
     sky130_fd_sc_hd__a21o_2       425
     sky130_fd_sc_hd__a21o_4        10
     sky130_fd_sc_hd__a21oi_2      429
     sky130_fd_sc_hd__a21oi_4        2
     sky130_fd_sc_hd__a221o_2      275
     sky130_fd_sc_hd__a221oi_2      17
     sky130_fd_sc_hd__a22o_2       342
     sky130_fd_sc_hd__a22oi_2       40
     sky130_fd_sc_hd__a2bb2o_2      89
     sky130_fd_sc_hd__a2bb2o_4       1
     sky130_fd_sc_hd__a311o_2        5
     sky130_fd_sc_hd__a311oi_2       2
     sky130_fd_sc_hd__a31o_2       113
     sky130_fd_sc_hd__a31oi_2        9
     sky130_fd_sc_hd__a32o_2        72
     sky130_fd_sc_hd__a32oi_2        2
     sky130_fd_sc_hd__a41o_2         1
     sky130_fd_sc_hd__and2_2       494
     sky130_fd_sc_hd__and2_4         4
     sky130_fd_sc_hd__and2b_2      228
     sky130_fd_sc_hd__and2b_4        1
     sky130_fd_sc_hd__and3_2       269
     sky130_fd_sc_hd__and3_4         2
     sky130_fd_sc_hd__and3b_2       16
     sky130_fd_sc_hd__and4_2        60
     sky130_fd_sc_hd__and4b_2       19
     sky130_fd_sc_hd__and4bb_2       7
     sky130_fd_sc_hd__buf_1       1154
     sky130_fd_sc_hd__buf_2         51
     sky130_fd_sc_hd__buf_4         11
     sky130_fd_sc_hd__buf_6          6
     sky130_fd_sc_hd__conb_1        49
     sky130_fd_sc_hd__dfrtp_2      802
     sky130_fd_sc_hd__inv_2        376
     sky130_fd_sc_hd__inv_4          2
     sky130_fd_sc_hd__inv_8          1
     sky130_fd_sc_hd__mux2_1         1
     sky130_fd_sc_hd__mux2_2       973
     sky130_fd_sc_hd__mux2_4         1
     sky130_fd_sc_hd__nand2_2     1195
     sky130_fd_sc_hd__nand2_4        1
     sky130_fd_sc_hd__nand2b_2      12
     sky130_fd_sc_hd__nand3_2      113
     sky130_fd_sc_hd__nand3b_2       3
     sky130_fd_sc_hd__nand4_2       13
     sky130_fd_sc_hd__nand4b_2       4
     sky130_fd_sc_hd__nand4bb_2      1
     sky130_fd_sc_hd__nor2_2      1222
     sky130_fd_sc_hd__nor2_4         2
     sky130_fd_sc_hd__nor2b_2       17
     sky130_fd_sc_hd__nor3_2        80
     sky130_fd_sc_hd__nor3b_2       10
     sky130_fd_sc_hd__nor3b_4        1
     sky130_fd_sc_hd__nor4_2         5
     sky130_fd_sc_hd__nor4b_2        1
     sky130_fd_sc_hd__nor4bb_2       1
     sky130_fd_sc_hd__o2111a_2      12
     sky130_fd_sc_hd__o2111ai_2      1
     sky130_fd_sc_hd__o211a_2       37
     sky130_fd_sc_hd__o211a_4        3
     sky130_fd_sc_hd__o211ai_2      13
     sky130_fd_sc_hd__o21a_2       336
     sky130_fd_sc_hd__o21ai_2      333
     sky130_fd_sc_hd__o21ba_2       84
     sky130_fd_sc_hd__o21bai_2      49
     sky130_fd_sc_hd__o221a_2      393
     sky130_fd_sc_hd__o221a_4        2
     sky130_fd_sc_hd__o221ai_2      19
     sky130_fd_sc_hd__o22a_2       427
     sky130_fd_sc_hd__o22ai_2       18
     sky130_fd_sc_hd__o2bb2a_2      50
     sky130_fd_sc_hd__o311a_2        3
     sky130_fd_sc_hd__o311a_4        3
     sky130_fd_sc_hd__o311ai_2       1
     sky130_fd_sc_hd__o31a_2        81
     sky130_fd_sc_hd__o31a_4         1
     sky130_fd_sc_hd__o31ai_2       21
     sky130_fd_sc_hd__o32a_2        58
     sky130_fd_sc_hd__o32ai_2        4
     sky130_fd_sc_hd__o41a_2         6
     sky130_fd_sc_hd__o41ai_2        1
     sky130_fd_sc_hd__or2_2        872
     sky130_fd_sc_hd__or2_4          6
     sky130_fd_sc_hd__or2b_2       219
     sky130_fd_sc_hd__or3_2        200
     sky130_fd_sc_hd__or3_4         14
     sky130_fd_sc_hd__or3b_2        49
     sky130_fd_sc_hd__or3b_4         2
     sky130_fd_sc_hd__or4_2         78
     sky130_fd_sc_hd__or4_4         10
     sky130_fd_sc_hd__or4b_2         8
     sky130_fd_sc_hd__or4bb_2        4
     sky130_fd_sc_hd__xnor2_2     1248
     sky130_fd_sc_hd__xor2_2       404
     sky130_fd_sc_hd__xor2_4         1

   Chip area for module '\Stage1_Module': 142778.185600

