
===========================================================================
 report_power
============================================================================
======================= Fastest Corner ===================================

Group                  Internal  Switching    Leakage      Total
                          Power      Power      Power      Power (Watts)
----------------------------------------------------------------
Sequential             5.05e-03   1.81e-03   3.89e-06   6.86e-03   6.8%
Combinational          3.18e-02   6.20e-02   1.61e-07   9.39e-02  93.2%
Macro                  0.00e+00   0.00e+00   0.00e+00   0.00e+00   0.0%
Pad                    0.00e+00   0.00e+00   0.00e+00   0.00e+00   0.0%
----------------------------------------------------------------
Total                  3.69e-02   6.38e-02   4.05e-06   1.01e-01 100.0%
                          36.6%      63.4%       0.0%

======================= Slowest Corner ===================================

Group                  Internal  Switching    Leakage      Total
                          Power      Power      Power      Power (Watts)
----------------------------------------------------------------
Sequential             3.33e-03   1.21e-03   1.55e-05   4.55e-03   6.6%
Combinational          2.24e-02   4.15e-02   7.03e-05   6.39e-02  93.4%
Macro                  0.00e+00   0.00e+00   0.00e+00   0.00e+00   0.0%
Pad                    0.00e+00   0.00e+00   0.00e+00   0.00e+00   0.0%
----------------------------------------------------------------
Total                  2.57e-02   4.27e-02   8.58e-05   6.85e-02 100.0%
                          37.5%      62.4%       0.1%

======================= Typical Corner ===================================

Group                  Internal  Switching    Leakage      Total
                          Power      Power      Power      Power (Watts)
----------------------------------------------------------------
Sequential             4.31e-03   1.54e-03   3.89e-06   5.85e-03   6.7%
Combinational          2.85e-02   5.27e-02   8.07e-08   8.12e-02  93.3%
Macro                  0.00e+00   0.00e+00   0.00e+00   0.00e+00   0.0%
Pad                    0.00e+00   0.00e+00   0.00e+00   0.00e+00   0.0%
----------------------------------------------------------------
Total                  3.28e-02   5.42e-02   3.97e-06   8.70e-02 100.0%
                          37.7%      62.3%       0.0%

