
===========================================================================
 report_power
============================================================================
======================= Fastest Corner ===================================

Group                  Internal  Switching    Leakage      Total
                          Power      Power      Power      Power (Watts)
----------------------------------------------------------------
Sequential             3.56e-04   1.24e-04   3.37e-07   4.80e-04   9.7%
Combinational          1.68e-03   2.77e-03   3.81e-08   4.45e-03  90.3%
Macro                  0.00e+00   0.00e+00   0.00e+00   0.00e+00   0.0%
Pad                    0.00e+00   0.00e+00   0.00e+00   0.00e+00   0.0%
----------------------------------------------------------------
Total                  2.03e-03   2.90e-03   3.76e-07   4.93e-03 100.0%
                          41.2%      58.8%       0.0%

======================= Slowest Corner ===================================

Group                  Internal  Switching    Leakage      Total
                          Power      Power      Power      Power (Watts)
----------------------------------------------------------------
Sequential             2.36e-04   8.39e-05   1.35e-06   3.21e-04   9.5%
Combinational          1.22e-03   1.83e-03   2.15e-05   3.08e-03  90.5%
Macro                  0.00e+00   0.00e+00   0.00e+00   0.00e+00   0.0%
Pad                    0.00e+00   0.00e+00   0.00e+00   0.00e+00   0.0%
----------------------------------------------------------------
Total                  1.46e-03   1.92e-03   2.29e-05   3.40e-03 100.0%
                          43.0%      56.4%       0.7%

======================= Typical Corner ===================================

Group                  Internal  Switching    Leakage      Total
                          Power      Power      Power      Power (Watts)
----------------------------------------------------------------
Sequential             3.06e-04   1.06e-04   3.37e-07   4.13e-04   9.7%
Combinational          1.51e-03   2.34e-03   2.44e-08   3.85e-03  90.3%
Macro                  0.00e+00   0.00e+00   0.00e+00   0.00e+00   0.0%
Pad                    0.00e+00   0.00e+00   0.00e+00   0.00e+00   0.0%
----------------------------------------------------------------
Total                  1.82e-03   2.44e-03   3.61e-07   4.26e-03 100.0%
                          42.6%      57.4%       0.0%

