Partial/Required:  4.65, Required:    400.0, Partial:   1859.0, Net: u_align.Aligned_C\[96\], Pin: _26762_/D, Layer: met1
Partial/Required:  4.46, Required:    400.0, Partial:  1784.33, Net: u_align.Aligned_C\[38\], Pin: _26704_/D, Layer: met1
Partial/Required:  3.89, Required:    400.0, Partial:   1555.0, Net: u_align.Aligned_C\[23\], Pin: _26689_/D, Layer: met1
Partial/Required:  3.58, Required:    400.0, Partial:  1431.11, Net: u_align.Aligned_C\[84\], Pin: _26750_/D, Layer: met1
Partial/Required:  2.87, Required:    400.0, Partial:   1147.0, Net: u_align.Aligned_C\[101\], Pin: _26767_/D, Layer: met1
Partial/Required:  2.75, Required:    400.0, Partial:  1098.22, Net: u_align.Aligned_C\[46\], Pin: _26712_/D, Layer: met1
Partial/Required:  2.69, Required:    400.0, Partial:  1076.94, Net: u_exp_compare.ProdASC\[18\], Pin: _26874_/D, Layer: met2
Partial/Required:  2.51, Required:    400.0, Partial:  1003.22, Net: u_multiplier.partial_sum\[67\], Pin: _26988_/D, Layer: met1
Partial/Required:  2.46, Required:    400.0, Partial:   982.44, Net: u_exp_compare.ProdASC\[41\], Pin: _26896_/D, Layer: met1
Partial/Required:  2.28, Required:    400.0, Partial:    910.1, Net: net97, Pin: _26302_/A1, Layer: met3
Partial/Required:  2.07, Required:    400.0, Partial:   826.09, Net: net610, Pin: output610/A, Layer: met1
Partial/Required:  2.06, Required:    400.0, Partial:    822.0, Net: net48, Pin: _26194_/A1, Layer: met1
Partial/Required:  2.04, Required:    400.0, Partial:   816.28, Net: u_exp_compare.ProdASC\[35\], Pin: _26890_/D, Layer: met2
Partial/Required:  1.98, Required:    400.0, Partial:   792.72, Net: _12682_, Pin: _22475_/B, Layer: met2
Partial/Required:  1.90, Required:    400.0, Partial:   760.22, Net: u_align.Aligned_C\[62\], Pin: _26728_/D, Layer: met1
Partial/Required:  1.88, Required:    400.0, Partial:   753.97, Net: net550, Pin: output550/A, Layer: met1
Partial/Required:  1.58, Required:    400.0, Partial:   633.67, Net: net401, Pin: _27344_/A, Layer: met1
Partial/Required:  1.49, Required:    400.0, Partial:   596.48, Net: net663, Pin: output663/A, Layer: met1
Partial/Required:  1.49, Required:    400.0, Partial:   594.67, Net: u_component_formatter.B_in\[47\], Pin: _14171_/D_N, Layer: met2
Partial/Required:  1.42, Required:    400.0, Partial:   569.17, Net: net58, Pin: _26212_/A1, Layer: met2
Partial/Required:  1.39, Required:    400.0, Partial:   557.44, Net: net50, Pin: _26198_/A1, Layer: met1
Partial/Required:  1.34, Required:    400.0, Partial:   534.89, Net: u_align.Aligned_C\[49\], Pin: _26715_/D, Layer: met1
Partial/Required:  1.29, Required:    400.0, Partial:   515.25, Net: u_exp_compare.ProdASC\[56\], Pin: _26910_/D, Layer: met1
Partial/Required:  1.24, Required:    400.0, Partial:   496.77, Net: _01973_, Pin: _23528_/A, Layer: met2
Partial/Required:  1.23, Required:    400.0, Partial:   492.67, Net: net32, Pin: _26164_/A1, Layer: met1
Partial/Required:  1.23, Required:    400.0, Partial:    491.0, Net: u_align.ExpDiff\[7\], Pin: _26641_/D, Layer: met1
Partial/Required:  1.21, Required:    400.0, Partial:   483.56, Net: _04505_, Pin: _13569_/A1, Layer: met3
Partial/Required:  1.20, Required:    400.0, Partial:   478.11, Net: _05117_, Pin: _13749_/B, Layer: met2
Partial/Required:  1.19, Required:    400.0, Partial:   476.89, Net: u_align.ExpDiff\[27\], Pin: _26661_/D, Layer: met1
Partial/Required:  1.18, Required:    400.0, Partial:   470.08, Net: net322, Pin: output322/A, Layer: met1
Partial/Required:  1.09, Required:    400.0, Partial:   437.78, Net: u_align.Aligned_C\[113\], Pin: _26779_/D, Layer: met1
Partial/Required:  1.07, Required:    400.0, Partial:   429.79, Net: net371, Pin: output371/A, Layer: met1
Partial/Required:  1.06, Required:    400.0, Partial:    425.9, Net: _01058_, Pin: _22465_/A, Layer: met1
Partial/Required:  1.04, Required:    400.0, Partial:   416.44, Net: net19, Pin: _26139_/A1, Layer: met1
Partial/Required:  1.04, Required:    400.0, Partial:   414.98, Net: net589, Pin: output589/A, Layer: met1
Partial/Required:  1.03, Required:    400.0, Partial:   411.85, Net: _05319_, Pin: _15910_/B, Layer: met2
Partial/Required:  1.03, Required:    400.0, Partial:   411.56, Net: u_exp_compare.ProdASC\[3\], Pin: _26860_/D, Layer: met1
Partial/Required:  1.03, Required:    400.0, Partial:    410.1, Net: _05117_, Pin: _16659_/A, Layer: met3
Partial/Required:  1.03, Required:    400.0, Partial:    410.1, Net: _05117_, Pin: _13749_/B, Layer: met3
Partial/Required:  1.02, Required:    400.0, Partial:   409.94, Net: net53, Pin: _26204_/A1, Layer: met2
Partial/Required:  1.02, Required:    400.0, Partial:   407.33, Net: u_component_formatter.B_in\[61\], Pin: _26348_/A0, Layer: met1
Partial/Required:  1.02, Required:    400.0, Partial:   406.22, Net: _05946_, Pin: _14585_/B, Layer: met1
Partial/Required:  1.02, Required:    400.0, Partial:   406.11, Net: _12537_, Pin: _21292_/A, Layer: met1
Partial/Required:  1.01, Required:    400.0, Partial:   405.33, Net: u_multiplier.partial_carry\[75\], Pin: _26608_/D, Layer: met1
Partial/Required:  1.00, Required:    400.0, Partial:    402.0, Net: u_multiplier.partial_carry\[40\], Pin: _26573_/D, Layer: met1
