
===========================================================================
 report_power
============================================================================
======================= Fastest Corner ===================================

Group                  Internal  Switching    Leakage      Total
                          Power      Power      Power      Power (Watts)
----------------------------------------------------------------
Sequential             8.10e-03   3.71e-03   6.18e-06   1.18e-02   9.2%
Combinational          4.42e-02   7.24e-02   2.14e-07   1.17e-01  90.8%
Macro                  0.00e+00   0.00e+00   0.00e+00   0.00e+00   0.0%
Pad                    0.00e+00   0.00e+00   0.00e+00   0.00e+00   0.0%
----------------------------------------------------------------
Total                  5.23e-02   7.61e-02   6.39e-06   1.28e-01 100.0%
                          40.7%      59.3%       0.0%

======================= Slowest Corner ===================================

Group                  Internal  Switching    Leakage      Total
                          Power      Power      Power      Power (Watts)
----------------------------------------------------------------
Sequential             5.41e-03   2.46e-03   2.47e-05   7.89e-03   9.0%
Combinational          3.16e-02   4.79e-02   1.06e-04   7.96e-02  91.0%
Macro                  0.00e+00   0.00e+00   0.00e+00   0.00e+00   0.0%
Pad                    0.00e+00   0.00e+00   0.00e+00   0.00e+00   0.0%
----------------------------------------------------------------
Total                  3.70e-02   5.04e-02   1.31e-04   8.75e-02 100.0%
                          42.3%      57.6%       0.1%

======================= Typical Corner ===================================

Group                  Internal  Switching    Leakage      Total
                          Power      Power      Power      Power (Watts)
----------------------------------------------------------------
Sequential             6.99e-03   3.13e-03   6.17e-06   1.01e-02   9.1%
Combinational          3.96e-02   6.12e-02   1.23e-07   1.01e-01  90.9%
Macro                  0.00e+00   0.00e+00   0.00e+00   0.00e+00   0.0%
Pad                    0.00e+00   0.00e+00   0.00e+00   0.00e+00   0.0%
----------------------------------------------------------------
Total                  4.66e-02   6.43e-02   6.30e-06   1.11e-01 100.0%
                          42.0%      58.0%       0.0%

